 
****************************************
check_design summary:
Version:     P-2019.03
Date:        Fri Jul 16 17:45:45 2021
****************************************

                   Name                                            Total
--------------------------------------------------------------------------------
Inputs/Outputs                                                    169
    Unconnected ports (LINT-28)                                   117
    Feedthrough (LINT-29)                                          24
    Shorted outputs (LINT-31)                                      18
    Constant outputs (LINT-52)                                     10

Cells                                                             117
    Cells do not drive (LINT-1)                                    24
    Connected to power or ground (LINT-32)                          4
    Nets connected to multiple pins on same cell (LINT-33)         43
    Hier pins without driver and load (LINT-60)                    46

Nets                                                               23
    Unloaded nets (LINT-2)                                          1
    Undriven nets (LINT-3)                                         22
--------------------------------------------------------------------------------

Warning: In design 'iso14443_4a_I_rx_iface_rx_interface__BY_BYTE_1I_tx_iface_tx_interface__BY_BYTE_1I_app_rx_iface_rx_interface_out_byte_BY_BYTE_1I_app_tx_iface_tx_interface_in_byte_BY_BYTE_1', cell 'C1327' does not drive any nets. (LINT-1)
Warning: In design 'iso14443_4a_I_rx_iface_rx_interface__BY_BYTE_1I_tx_iface_tx_interface__BY_BYTE_1I_app_rx_iface_rx_interface_out_byte_BY_BYTE_1I_app_tx_iface_tx_interface_in_byte_BY_BYTE_1', cell 'B_40' does not drive any nets. (LINT-1)
Warning: In design 'adapter_I_rx_iface_rx_interface__BY_BYTE_1I_tx_iface_tx_interface__BY_BYTE_1', cell 'C2176' does not drive any nets. (LINT-1)
Warning: In design 'adapter_I_rx_iface_rx_interface__BY_BYTE_1I_tx_iface_tx_interface__BY_BYTE_1', cell 'C2359' does not drive any nets. (LINT-1)
Warning: In design 'sequence_decode_I_out_iface_rx_interface_out_bit_BY_BYTE_0', cell 'B_14' does not drive any nets. (LINT-1)
Warning: In design 'sequence_decode_I_out_iface_rx_interface_out_bit_BY_BYTE_0', cell 'B_15' does not drive any nets. (LINT-1)
Warning: In design 'sequence_decode_I_out_iface_rx_interface_out_bit_BY_BYTE_0', cell 'B_16' does not drive any nets. (LINT-1)
Warning: In design 'sequence_decode_I_out_iface_rx_interface_out_bit_BY_BYTE_0', cell 'C425' does not drive any nets. (LINT-1)
Warning: In design 'initialisation_0_3_1dffd8e0_I_rx_iface_rx_interface__BY_BYTE_1I_rx_iface_bits_rx_interface__BY_BYTE_0I_tx_iface_tx_interface__BY_BYTE_1', cell 'C1911' does not drive any nets. (LINT-1)
Warning: In design 'initialisation_0_3_1dffd8e0_I_rx_iface_rx_interface__BY_BYTE_1I_rx_iface_bits_rx_interface__BY_BYTE_0I_tx_iface_tx_interface__BY_BYTE_1', cell 'C1987' does not drive any nets. (LINT-1)
Warning: In design 'initialisation_0_3_1dffd8e0_I_rx_iface_rx_interface__BY_BYTE_1I_rx_iface_bits_rx_interface__BY_BYTE_0I_tx_iface_tx_interface__BY_BYTE_1', cell 'C2004' does not drive any nets. (LINT-1)
Warning: In design 'initialisation_0_3_1dffd8e0_I_rx_iface_rx_interface__BY_BYTE_1I_rx_iface_bits_rx_interface__BY_BYTE_0I_tx_iface_tx_interface__BY_BYTE_1', cell 'C2012' does not drive any nets. (LINT-1)
Warning: In design 'signal_control', cell 'C1583' does not drive any nets. (LINT-1)
Warning: In design 'signal_control', cell 'C1655' does not drive any nets. (LINT-1)
Warning: In design 'signal_control', cell 'C1663' does not drive any nets. (LINT-1)
Warning: In design 'signal_control', cell 'C1666' does not drive any nets. (LINT-1)
Warning: In design 'subcarrier', cell 'C49' does not drive any nets. (LINT-1)
Warning: In design 'bit_encoder_I_in_iface_tx_interface__BY_BYTE_0', cell 'C91' does not drive any nets. (LINT-1)
Warning: In design 'frame_decode_I_in_iface_rx_interface_in_bit_BY_BYTE_0I_out_iface_rx_interface__BY_BYTE_0', cell 'C253' does not drive any nets. (LINT-1)
Warning: In design 'deserialiser_I_in_iface_rx_interface__BY_BYTE_0I_out_iface_rx_interface_out_byte_BY_BYTE_1', cell 'C160' does not drive any nets. (LINT-1)
Warning: In design 'fdt_TIMING_ADJUST6', cell 'C149' does not drive any nets. (LINT-1)
Warning: In design 'serialiser_I_in_iface_tx_interface_in_byte_BY_BYTE_1I_out_iface_tx_interface__BY_BYTE_0', cell 'C175' does not drive any nets. (LINT-1)
Warning: In design 'serialiser_I_in_iface_tx_interface_in_byte_BY_BYTE_1I_out_iface_tx_interface__BY_BYTE_0', cell 'C179' does not drive any nets. (LINT-1)
Warning: In design 'frame_encode_I_in_iface_tx_interface__BY_BYTE_0I_out_iface_tx_interface_out_bit_BY_BYTE_0', cell 'C541' does not drive any nets. (LINT-1)
Warning: In design 'radiation_sensor_digital_top', net 'adapter_inst/signals[padding]' driven by pin 'adapter_inst/signal_control_inst/signals[padding]' has no loads. (LINT-2)
Warning: In design 'radiation_sensor_digital_top', net 'app_tx_iface.last_bit_in_byte' has no drivers.  Logic 0 assumed. (LINT-3)
Warning: In design 'radiation_sensor_digital_top', net 'iso14443a_inst/part4_to_part3_tx_iface.last_bit_in_byte' has no drivers.  Logic 0 assumed. (LINT-3)
Warning: In design 'radiation_sensor_digital_top', net 'iso14443a_inst/part3_to_part2_tx_iface.data_bits[0]' has no drivers.  Logic 0 assumed. (LINT-3)
Warning: In design 'radiation_sensor_digital_top', net 'iso14443a_inst/part3_to_part2_tx_iface.data_bits[1]' has no drivers.  Logic 0 assumed. (LINT-3)
Warning: In design 'radiation_sensor_digital_top', net 'iso14443a_inst/part3_to_part2_tx_iface.data_bits[2]' has no drivers.  Logic 0 assumed. (LINT-3)
Warning: In design 'radiation_sensor_digital_top', net 'iso14443a_inst/part2_to_part3_rx_iface.data_bits[0]' has no drivers.  Logic 0 assumed. (LINT-3)
Warning: In design 'radiation_sensor_digital_top', net 'iso14443a_inst/part2_to_part3_rx_iface.data_bits[1]' has no drivers.  Logic 0 assumed. (LINT-3)
Warning: In design 'radiation_sensor_digital_top', net 'iso14443a_inst/part2_to_part3_rx_iface.data_bits[2]' has no drivers.  Logic 0 assumed. (LINT-3)
Warning: In design 'radiation_sensor_digital_top', net 'iso14443a_inst/part3/tx_iface_from_init.last_bit_in_byte' has no drivers.  Logic 0 assumed. (LINT-3)
Warning: In design 'radiation_sensor_digital_top', net 'iso14443a_inst/part3/tx_iface_from_routing.last_bit_in_byte' has no drivers.  Logic 0 assumed. (LINT-3)
Warning: In design 'radiation_sensor_digital_top', net 'iso14443a_inst/part3/rx_iface_bits_to_init.data_bits[0]' has no drivers.  Logic 0 assumed. (LINT-3)
Warning: In design 'radiation_sensor_digital_top', net 'iso14443a_inst/part3/rx_iface_bits_to_init.data_bits[1]' has no drivers.  Logic 0 assumed. (LINT-3)
Warning: In design 'radiation_sensor_digital_top', net 'iso14443a_inst/part3/rx_iface_bits_to_init.data_bits[2]' has no drivers.  Logic 0 assumed. (LINT-3)
Warning: In design 'radiation_sensor_digital_top', net 'iso14443a_inst/part2/tx_inst/be_iface.data_bits[0]' has no drivers.  Logic 0 assumed. (LINT-3)
Warning: In design 'radiation_sensor_digital_top', net 'iso14443a_inst/part2/tx_inst/be_iface.data_bits[1]' has no drivers.  Logic 0 assumed. (LINT-3)
Warning: In design 'radiation_sensor_digital_top', net 'iso14443a_inst/part2/tx_inst/be_iface.data_bits[2]' has no drivers.  Logic 0 assumed. (LINT-3)
Warning: In design 'radiation_sensor_digital_top', net 'iso14443a_inst/part3/framing_inst/tx_iface_bits.data_bits[0]' has no drivers.  Logic 0 assumed. (LINT-3)
Warning: In design 'radiation_sensor_digital_top', net 'iso14443a_inst/part3/framing_inst/tx_iface_bits.data_bits[1]' has no drivers.  Logic 0 assumed. (LINT-3)
Warning: In design 'radiation_sensor_digital_top', net 'iso14443a_inst/part3/framing_inst/tx_iface_bits.data_bits[2]' has no drivers.  Logic 0 assumed. (LINT-3)
Warning: In design 'radiation_sensor_digital_top', net 'iso14443a_inst/part3/framing_inst/rx_iface_bits.data_bits[0]' has no drivers.  Logic 0 assumed. (LINT-3)
Warning: In design 'radiation_sensor_digital_top', net 'iso14443a_inst/part3/framing_inst/rx_iface_bits.data_bits[1]' has no drivers.  Logic 0 assumed. (LINT-3)
Warning: In design 'radiation_sensor_digital_top', net 'iso14443a_inst/part3/framing_inst/rx_iface_bits.data_bits[2]' has no drivers.  Logic 0 assumed. (LINT-3)
Warning: In design 'iso14443_2a_I_rx_iface_rx_interface__BY_BYTE_0I_tx_iface_tx_interface__BY_BYTE_0', port 'rx_iface.clk' is not connected to any nets. (LINT-28)
Warning: In design 'iso14443_2a_I_rx_iface_rx_interface__BY_BYTE_0I_tx_iface_tx_interface__BY_BYTE_0', port 'rx_iface.rst_n' is not connected to any nets. (LINT-28)
Warning: In design 'iso14443_2a_I_rx_iface_rx_interface__BY_BYTE_0I_tx_iface_tx_interface__BY_BYTE_0', port 'rx_iface.data_bits[2]' is not connected to any nets. (LINT-28)
Warning: In design 'iso14443_2a_I_rx_iface_rx_interface__BY_BYTE_0I_tx_iface_tx_interface__BY_BYTE_0', port 'rx_iface.data_bits[1]' is not connected to any nets. (LINT-28)
Warning: In design 'iso14443_2a_I_rx_iface_rx_interface__BY_BYTE_0I_tx_iface_tx_interface__BY_BYTE_0', port 'rx_iface.data_bits[0]' is not connected to any nets. (LINT-28)
Warning: In design 'iso14443_2a_I_rx_iface_rx_interface__BY_BYTE_0I_tx_iface_tx_interface__BY_BYTE_0', port 'tx_iface.clk' is not connected to any nets. (LINT-28)
Warning: In design 'iso14443_2a_I_rx_iface_rx_interface__BY_BYTE_0I_tx_iface_tx_interface__BY_BYTE_0', port 'tx_iface.rst_n' is not connected to any nets. (LINT-28)
Warning: In design 'iso14443_2a_I_rx_iface_rx_interface__BY_BYTE_0I_tx_iface_tx_interface__BY_BYTE_0', port 'tx_iface.data_bits[2]' is not connected to any nets. (LINT-28)
Warning: In design 'iso14443_2a_I_rx_iface_rx_interface__BY_BYTE_0I_tx_iface_tx_interface__BY_BYTE_0', port 'tx_iface.data_bits[1]' is not connected to any nets. (LINT-28)
Warning: In design 'iso14443_2a_I_rx_iface_rx_interface__BY_BYTE_0I_tx_iface_tx_interface__BY_BYTE_0', port 'tx_iface.data_bits[0]' is not connected to any nets. (LINT-28)
Warning: In design 'iso14443_3a_0_3_1dffd8e0_5_I_rx_iface_from_14443_2a_rx_interface__BY_BYTE_0I_tx_iface_to_14443_2a_tx_interface__BY_BYTE_0I_rx_iface_to_14443_4a_rx_interface__BY_BYTE_1I_tx_iface_from_14443_4a_tx_interface__BY_BYTE_1', port 'rx_iface_from_14443_2a.clk' is not connected to any nets. (LINT-28)
Warning: In design 'iso14443_3a_0_3_1dffd8e0_5_I_rx_iface_from_14443_2a_rx_interface__BY_BYTE_0I_tx_iface_to_14443_2a_tx_interface__BY_BYTE_0I_rx_iface_to_14443_4a_rx_interface__BY_BYTE_1I_tx_iface_from_14443_4a_tx_interface__BY_BYTE_1', port 'rx_iface_from_14443_2a.rst_n' is not connected to any nets. (LINT-28)
Warning: In design 'iso14443_3a_0_3_1dffd8e0_5_I_rx_iface_from_14443_2a_rx_interface__BY_BYTE_0I_tx_iface_to_14443_2a_tx_interface__BY_BYTE_0I_rx_iface_to_14443_4a_rx_interface__BY_BYTE_1I_tx_iface_from_14443_4a_tx_interface__BY_BYTE_1', port 'rx_iface_from_14443_2a.data_bits[2]' is not connected to any nets. (LINT-28)
Warning: In design 'iso14443_3a_0_3_1dffd8e0_5_I_rx_iface_from_14443_2a_rx_interface__BY_BYTE_0I_tx_iface_to_14443_2a_tx_interface__BY_BYTE_0I_rx_iface_to_14443_4a_rx_interface__BY_BYTE_1I_tx_iface_from_14443_4a_tx_interface__BY_BYTE_1', port 'rx_iface_from_14443_2a.data_bits[1]' is not connected to any nets. (LINT-28)
Warning: In design 'iso14443_3a_0_3_1dffd8e0_5_I_rx_iface_from_14443_2a_rx_interface__BY_BYTE_0I_tx_iface_to_14443_2a_tx_interface__BY_BYTE_0I_rx_iface_to_14443_4a_rx_interface__BY_BYTE_1I_tx_iface_from_14443_4a_tx_interface__BY_BYTE_1', port 'rx_iface_from_14443_2a.data_bits[0]' is not connected to any nets. (LINT-28)
Warning: In design 'iso14443_3a_0_3_1dffd8e0_5_I_rx_iface_from_14443_2a_rx_interface__BY_BYTE_0I_tx_iface_to_14443_2a_tx_interface__BY_BYTE_0I_rx_iface_to_14443_4a_rx_interface__BY_BYTE_1I_tx_iface_from_14443_4a_tx_interface__BY_BYTE_1', port 'tx_iface_to_14443_2a.clk' is not connected to any nets. (LINT-28)
Warning: In design 'iso14443_3a_0_3_1dffd8e0_5_I_rx_iface_from_14443_2a_rx_interface__BY_BYTE_0I_tx_iface_to_14443_2a_tx_interface__BY_BYTE_0I_rx_iface_to_14443_4a_rx_interface__BY_BYTE_1I_tx_iface_from_14443_4a_tx_interface__BY_BYTE_1', port 'tx_iface_to_14443_2a.rst_n' is not connected to any nets. (LINT-28)
Warning: In design 'iso14443_3a_0_3_1dffd8e0_5_I_rx_iface_from_14443_2a_rx_interface__BY_BYTE_0I_tx_iface_to_14443_2a_tx_interface__BY_BYTE_0I_rx_iface_to_14443_4a_rx_interface__BY_BYTE_1I_tx_iface_from_14443_4a_tx_interface__BY_BYTE_1', port 'tx_iface_to_14443_2a.data_bits[2]' is not connected to any nets. (LINT-28)
Warning: In design 'iso14443_3a_0_3_1dffd8e0_5_I_rx_iface_from_14443_2a_rx_interface__BY_BYTE_0I_tx_iface_to_14443_2a_tx_interface__BY_BYTE_0I_rx_iface_to_14443_4a_rx_interface__BY_BYTE_1I_tx_iface_from_14443_4a_tx_interface__BY_BYTE_1', port 'tx_iface_to_14443_2a.data_bits[1]' is not connected to any nets. (LINT-28)
Warning: In design 'iso14443_3a_0_3_1dffd8e0_5_I_rx_iface_from_14443_2a_rx_interface__BY_BYTE_0I_tx_iface_to_14443_2a_tx_interface__BY_BYTE_0I_rx_iface_to_14443_4a_rx_interface__BY_BYTE_1I_tx_iface_from_14443_4a_tx_interface__BY_BYTE_1', port 'tx_iface_to_14443_2a.data_bits[0]' is not connected to any nets. (LINT-28)
Warning: In design 'iso14443_3a_0_3_1dffd8e0_5_I_rx_iface_from_14443_2a_rx_interface__BY_BYTE_0I_tx_iface_to_14443_2a_tx_interface__BY_BYTE_0I_rx_iface_to_14443_4a_rx_interface__BY_BYTE_1I_tx_iface_from_14443_4a_tx_interface__BY_BYTE_1', port 'rx_iface_to_14443_4a.clk' is not connected to any nets. (LINT-28)
Warning: In design 'iso14443_3a_0_3_1dffd8e0_5_I_rx_iface_from_14443_2a_rx_interface__BY_BYTE_0I_tx_iface_to_14443_2a_tx_interface__BY_BYTE_0I_rx_iface_to_14443_4a_rx_interface__BY_BYTE_1I_tx_iface_from_14443_4a_tx_interface__BY_BYTE_1', port 'rx_iface_to_14443_4a.rst_n' is not connected to any nets. (LINT-28)
Warning: In design 'iso14443_3a_0_3_1dffd8e0_5_I_rx_iface_from_14443_2a_rx_interface__BY_BYTE_0I_tx_iface_to_14443_2a_tx_interface__BY_BYTE_0I_rx_iface_to_14443_4a_rx_interface__BY_BYTE_1I_tx_iface_from_14443_4a_tx_interface__BY_BYTE_1', port 'tx_iface_from_14443_4a.clk' is not connected to any nets. (LINT-28)
Warning: In design 'iso14443_3a_0_3_1dffd8e0_5_I_rx_iface_from_14443_2a_rx_interface__BY_BYTE_0I_tx_iface_to_14443_2a_tx_interface__BY_BYTE_0I_rx_iface_to_14443_4a_rx_interface__BY_BYTE_1I_tx_iface_from_14443_4a_tx_interface__BY_BYTE_1', port 'tx_iface_from_14443_4a.rst_n' is not connected to any nets. (LINT-28)
Warning: In design 'iso14443_3a_0_3_1dffd8e0_5_I_rx_iface_from_14443_2a_rx_interface__BY_BYTE_0I_tx_iface_to_14443_2a_tx_interface__BY_BYTE_0I_rx_iface_to_14443_4a_rx_interface__BY_BYTE_1I_tx_iface_from_14443_4a_tx_interface__BY_BYTE_1', port 'tx_iface_from_14443_4a.last_bit_in_byte' is not connected to any nets. (LINT-28)
Warning: In design 'iso14443_4a_I_rx_iface_rx_interface__BY_BYTE_1I_tx_iface_tx_interface__BY_BYTE_1I_app_rx_iface_rx_interface_out_byte_BY_BYTE_1I_app_tx_iface_tx_interface_in_byte_BY_BYTE_1', port 'rx_iface.clk' is not connected to any nets. (LINT-28)
Warning: In design 'iso14443_4a_I_rx_iface_rx_interface__BY_BYTE_1I_tx_iface_tx_interface__BY_BYTE_1I_app_rx_iface_rx_interface_out_byte_BY_BYTE_1I_app_tx_iface_tx_interface_in_byte_BY_BYTE_1', port 'rx_iface.rst_n' is not connected to any nets. (LINT-28)
Warning: In design 'iso14443_4a_I_rx_iface_rx_interface__BY_BYTE_1I_tx_iface_tx_interface__BY_BYTE_1I_app_rx_iface_rx_interface_out_byte_BY_BYTE_1I_app_tx_iface_tx_interface_in_byte_BY_BYTE_1', port 'rx_iface.data_bits[2]' is not connected to any nets. (LINT-28)
Warning: In design 'iso14443_4a_I_rx_iface_rx_interface__BY_BYTE_1I_tx_iface_tx_interface__BY_BYTE_1I_app_rx_iface_rx_interface_out_byte_BY_BYTE_1I_app_tx_iface_tx_interface_in_byte_BY_BYTE_1', port 'rx_iface.data_bits[1]' is not connected to any nets. (LINT-28)
Warning: In design 'iso14443_4a_I_rx_iface_rx_interface__BY_BYTE_1I_tx_iface_tx_interface__BY_BYTE_1I_app_rx_iface_rx_interface_out_byte_BY_BYTE_1I_app_tx_iface_tx_interface_in_byte_BY_BYTE_1', port 'rx_iface.data_bits[0]' is not connected to any nets. (LINT-28)
Warning: In design 'iso14443_4a_I_rx_iface_rx_interface__BY_BYTE_1I_tx_iface_tx_interface__BY_BYTE_1I_app_rx_iface_rx_interface_out_byte_BY_BYTE_1I_app_tx_iface_tx_interface_in_byte_BY_BYTE_1', port 'tx_iface.clk' is not connected to any nets. (LINT-28)
Warning: In design 'iso14443_4a_I_rx_iface_rx_interface__BY_BYTE_1I_tx_iface_tx_interface__BY_BYTE_1I_app_rx_iface_rx_interface_out_byte_BY_BYTE_1I_app_tx_iface_tx_interface_in_byte_BY_BYTE_1', port 'tx_iface.rst_n' is not connected to any nets. (LINT-28)
Warning: In design 'iso14443_4a_I_rx_iface_rx_interface__BY_BYTE_1I_tx_iface_tx_interface__BY_BYTE_1I_app_rx_iface_rx_interface_out_byte_BY_BYTE_1I_app_tx_iface_tx_interface_in_byte_BY_BYTE_1', port 'tx_iface.last_bit_in_byte' is not connected to any nets. (LINT-28)
Warning: In design 'iso14443_4a_I_rx_iface_rx_interface__BY_BYTE_1I_tx_iface_tx_interface__BY_BYTE_1I_app_rx_iface_rx_interface_out_byte_BY_BYTE_1I_app_tx_iface_tx_interface_in_byte_BY_BYTE_1', port 'app_tx_iface.data_bits[2]' is not connected to any nets. (LINT-28)
Warning: In design 'iso14443_4a_I_rx_iface_rx_interface__BY_BYTE_1I_tx_iface_tx_interface__BY_BYTE_1I_app_rx_iface_rx_interface_out_byte_BY_BYTE_1I_app_tx_iface_tx_interface_in_byte_BY_BYTE_1', port 'app_tx_iface.data_bits[1]' is not connected to any nets. (LINT-28)
Warning: In design 'iso14443_4a_I_rx_iface_rx_interface__BY_BYTE_1I_tx_iface_tx_interface__BY_BYTE_1I_app_rx_iface_rx_interface_out_byte_BY_BYTE_1I_app_tx_iface_tx_interface_in_byte_BY_BYTE_1', port 'app_tx_iface.data_bits[0]' is not connected to any nets. (LINT-28)
Warning: In design 'adapter_I_rx_iface_rx_interface__BY_BYTE_1I_tx_iface_tx_interface__BY_BYTE_1', port 'rx_iface.clk' is not connected to any nets. (LINT-28)
Warning: In design 'adapter_I_rx_iface_rx_interface__BY_BYTE_1I_tx_iface_tx_interface__BY_BYTE_1', port 'rx_iface.rst_n' is not connected to any nets. (LINT-28)
Warning: In design 'adapter_I_rx_iface_rx_interface__BY_BYTE_1I_tx_iface_tx_interface__BY_BYTE_1', port 'rx_iface.data_bits[2]' is not connected to any nets. (LINT-28)
Warning: In design 'adapter_I_rx_iface_rx_interface__BY_BYTE_1I_tx_iface_tx_interface__BY_BYTE_1', port 'rx_iface.data_bits[1]' is not connected to any nets. (LINT-28)
Warning: In design 'adapter_I_rx_iface_rx_interface__BY_BYTE_1I_tx_iface_tx_interface__BY_BYTE_1', port 'rx_iface.data_bits[0]' is not connected to any nets. (LINT-28)
Warning: In design 'adapter_I_rx_iface_rx_interface__BY_BYTE_1I_tx_iface_tx_interface__BY_BYTE_1', port 'tx_iface.clk' is not connected to any nets. (LINT-28)
Warning: In design 'adapter_I_rx_iface_rx_interface__BY_BYTE_1I_tx_iface_tx_interface__BY_BYTE_1', port 'tx_iface.rst_n' is not connected to any nets. (LINT-28)
Warning: In design 'adapter_I_rx_iface_rx_interface__BY_BYTE_1I_tx_iface_tx_interface__BY_BYTE_1', port 'tx_iface.last_bit_in_byte' is not connected to any nets. (LINT-28)
Warning: In design 'framing_FDT_TIMING_ADJUST5_I_in_rx_iface_rx_interface_in_bit_BY_BYTE_0I_out_rx_iface_bytes_rx_interface__BY_BYTE_1I_out_rx_iface_bits_rx_interface__BY_BYTE_0I_in_tx_iface_tx_interface__BY_BYTE_1I_out_tx_iface_tx_interface_out_bit_BY_BYTE_0', port 'out_rx_iface_bytes.clk' is not connected to any nets. (LINT-28)
Warning: In design 'framing_FDT_TIMING_ADJUST5_I_in_rx_iface_rx_interface_in_bit_BY_BYTE_0I_out_rx_iface_bytes_rx_interface__BY_BYTE_1I_out_rx_iface_bits_rx_interface__BY_BYTE_0I_in_tx_iface_tx_interface__BY_BYTE_1I_out_tx_iface_tx_interface_out_bit_BY_BYTE_0', port 'out_rx_iface_bytes.rst_n' is not connected to any nets. (LINT-28)
Warning: In design 'framing_FDT_TIMING_ADJUST5_I_in_rx_iface_rx_interface_in_bit_BY_BYTE_0I_out_rx_iface_bytes_rx_interface__BY_BYTE_1I_out_rx_iface_bits_rx_interface__BY_BYTE_0I_in_tx_iface_tx_interface__BY_BYTE_1I_out_tx_iface_tx_interface_out_bit_BY_BYTE_0', port 'out_rx_iface_bits.clk' is not connected to any nets. (LINT-28)
Warning: In design 'framing_FDT_TIMING_ADJUST5_I_in_rx_iface_rx_interface_in_bit_BY_BYTE_0I_out_rx_iface_bytes_rx_interface__BY_BYTE_1I_out_rx_iface_bits_rx_interface__BY_BYTE_0I_in_tx_iface_tx_interface__BY_BYTE_1I_out_tx_iface_tx_interface_out_bit_BY_BYTE_0', port 'out_rx_iface_bits.rst_n' is not connected to any nets. (LINT-28)
Warning: In design 'framing_FDT_TIMING_ADJUST5_I_in_rx_iface_rx_interface_in_bit_BY_BYTE_0I_out_rx_iface_bytes_rx_interface__BY_BYTE_1I_out_rx_iface_bits_rx_interface__BY_BYTE_0I_in_tx_iface_tx_interface__BY_BYTE_1I_out_tx_iface_tx_interface_out_bit_BY_BYTE_0', port 'out_rx_iface_bits.data_bits[2]' is not connected to any nets. (LINT-28)
Warning: In design 'framing_FDT_TIMING_ADJUST5_I_in_rx_iface_rx_interface_in_bit_BY_BYTE_0I_out_rx_iface_bytes_rx_interface__BY_BYTE_1I_out_rx_iface_bits_rx_interface__BY_BYTE_0I_in_tx_iface_tx_interface__BY_BYTE_1I_out_tx_iface_tx_interface_out_bit_BY_BYTE_0', port 'out_rx_iface_bits.data_bits[1]' is not connected to any nets. (LINT-28)
Warning: In design 'framing_FDT_TIMING_ADJUST5_I_in_rx_iface_rx_interface_in_bit_BY_BYTE_0I_out_rx_iface_bytes_rx_interface__BY_BYTE_1I_out_rx_iface_bits_rx_interface__BY_BYTE_0I_in_tx_iface_tx_interface__BY_BYTE_1I_out_tx_iface_tx_interface_out_bit_BY_BYTE_0', port 'out_rx_iface_bits.data_bits[0]' is not connected to any nets. (LINT-28)
Warning: In design 'framing_FDT_TIMING_ADJUST5_I_in_rx_iface_rx_interface_in_bit_BY_BYTE_0I_out_rx_iface_bytes_rx_interface__BY_BYTE_1I_out_rx_iface_bits_rx_interface__BY_BYTE_0I_in_tx_iface_tx_interface__BY_BYTE_1I_out_tx_iface_tx_interface_out_bit_BY_BYTE_0', port 'in_tx_iface.clk' is not connected to any nets. (LINT-28)
Warning: In design 'framing_FDT_TIMING_ADJUST5_I_in_rx_iface_rx_interface_in_bit_BY_BYTE_0I_out_rx_iface_bytes_rx_interface__BY_BYTE_1I_out_rx_iface_bits_rx_interface__BY_BYTE_0I_in_tx_iface_tx_interface__BY_BYTE_1I_out_tx_iface_tx_interface_out_bit_BY_BYTE_0', port 'in_tx_iface.rst_n' is not connected to any nets. (LINT-28)
Warning: In design 'framing_FDT_TIMING_ADJUST5_I_in_rx_iface_rx_interface_in_bit_BY_BYTE_0I_out_rx_iface_bytes_rx_interface__BY_BYTE_1I_out_rx_iface_bits_rx_interface__BY_BYTE_0I_in_tx_iface_tx_interface__BY_BYTE_1I_out_tx_iface_tx_interface_out_bit_BY_BYTE_0', port 'in_tx_iface.last_bit_in_byte' is not connected to any nets. (LINT-28)
Warning: In design 'routing_I_in_rx_iface_rx_interface__BY_BYTE_1I_out_rx_iface_init_rx_interface__BY_BYTE_1I_out_rx_iface_14443_4_rx_interface_out_byte_BY_BYTE_1I_in_tx_iface_init_tx_interface__BY_BYTE_1I_in_tx_iface_14443_4_tx_interface_in_byte_BY_BYTE_1I_out_tx_iface_tx_interface__BY_BYTE_1', port 'in_rx_iface.clk' is not connected to any nets. (LINT-28)
Warning: In design 'routing_I_in_rx_iface_rx_interface__BY_BYTE_1I_out_rx_iface_init_rx_interface__BY_BYTE_1I_out_rx_iface_14443_4_rx_interface_out_byte_BY_BYTE_1I_in_tx_iface_init_tx_interface__BY_BYTE_1I_in_tx_iface_14443_4_tx_interface_in_byte_BY_BYTE_1I_out_tx_iface_tx_interface__BY_BYTE_1', port 'in_rx_iface.rst_n' is not connected to any nets. (LINT-28)
Warning: In design 'routing_I_in_rx_iface_rx_interface__BY_BYTE_1I_out_rx_iface_init_rx_interface__BY_BYTE_1I_out_rx_iface_14443_4_rx_interface_out_byte_BY_BYTE_1I_in_tx_iface_init_tx_interface__BY_BYTE_1I_in_tx_iface_14443_4_tx_interface_in_byte_BY_BYTE_1I_out_tx_iface_tx_interface__BY_BYTE_1', port 'out_rx_iface_init.clk' is not connected to any nets. (LINT-28)
Warning: In design 'routing_I_in_rx_iface_rx_interface__BY_BYTE_1I_out_rx_iface_init_rx_interface__BY_BYTE_1I_out_rx_iface_14443_4_rx_interface_out_byte_BY_BYTE_1I_in_tx_iface_init_tx_interface__BY_BYTE_1I_in_tx_iface_14443_4_tx_interface_in_byte_BY_BYTE_1I_out_tx_iface_tx_interface__BY_BYTE_1', port 'out_rx_iface_init.rst_n' is not connected to any nets. (LINT-28)
Warning: In design 'routing_I_in_rx_iface_rx_interface__BY_BYTE_1I_out_rx_iface_init_rx_interface__BY_BYTE_1I_out_rx_iface_14443_4_rx_interface_out_byte_BY_BYTE_1I_in_tx_iface_init_tx_interface__BY_BYTE_1I_in_tx_iface_14443_4_tx_interface_in_byte_BY_BYTE_1I_out_tx_iface_tx_interface__BY_BYTE_1', port 'in_tx_iface_init.clk' is not connected to any nets. (LINT-28)
Warning: In design 'routing_I_in_rx_iface_rx_interface__BY_BYTE_1I_out_rx_iface_init_rx_interface__BY_BYTE_1I_out_rx_iface_14443_4_rx_interface_out_byte_BY_BYTE_1I_in_tx_iface_init_tx_interface__BY_BYTE_1I_in_tx_iface_14443_4_tx_interface_in_byte_BY_BYTE_1I_out_tx_iface_tx_interface__BY_BYTE_1', port 'in_tx_iface_init.rst_n' is not connected to any nets. (LINT-28)
Warning: In design 'routing_I_in_rx_iface_rx_interface__BY_BYTE_1I_out_rx_iface_init_rx_interface__BY_BYTE_1I_out_rx_iface_14443_4_rx_interface_out_byte_BY_BYTE_1I_in_tx_iface_init_tx_interface__BY_BYTE_1I_in_tx_iface_14443_4_tx_interface_in_byte_BY_BYTE_1I_out_tx_iface_tx_interface__BY_BYTE_1', port 'in_tx_iface_init.last_bit_in_byte' is not connected to any nets. (LINT-28)
Warning: In design 'routing_I_in_rx_iface_rx_interface__BY_BYTE_1I_out_rx_iface_init_rx_interface__BY_BYTE_1I_out_rx_iface_14443_4_rx_interface_out_byte_BY_BYTE_1I_in_tx_iface_init_tx_interface__BY_BYTE_1I_in_tx_iface_14443_4_tx_interface_in_byte_BY_BYTE_1I_out_tx_iface_tx_interface__BY_BYTE_1', port 'out_tx_iface.clk' is not connected to any nets. (LINT-28)
Warning: In design 'routing_I_in_rx_iface_rx_interface__BY_BYTE_1I_out_rx_iface_init_rx_interface__BY_BYTE_1I_out_rx_iface_14443_4_rx_interface_out_byte_BY_BYTE_1I_in_tx_iface_init_tx_interface__BY_BYTE_1I_in_tx_iface_14443_4_tx_interface_in_byte_BY_BYTE_1I_out_tx_iface_tx_interface__BY_BYTE_1', port 'out_tx_iface.rst_n' is not connected to any nets. (LINT-28)
Warning: In design 'routing_I_in_rx_iface_rx_interface__BY_BYTE_1I_out_rx_iface_init_rx_interface__BY_BYTE_1I_out_rx_iface_14443_4_rx_interface_out_byte_BY_BYTE_1I_in_tx_iface_init_tx_interface__BY_BYTE_1I_in_tx_iface_14443_4_tx_interface_in_byte_BY_BYTE_1I_out_tx_iface_tx_interface__BY_BYTE_1', port 'out_tx_iface.last_bit_in_byte' is not connected to any nets. (LINT-28)
Warning: In design 'initialisation_0_3_1dffd8e0_I_rx_iface_rx_interface__BY_BYTE_1I_rx_iface_bits_rx_interface__BY_BYTE_0I_tx_iface_tx_interface__BY_BYTE_1', port 'rx_iface.clk' is not connected to any nets. (LINT-28)
Warning: In design 'initialisation_0_3_1dffd8e0_I_rx_iface_rx_interface__BY_BYTE_1I_rx_iface_bits_rx_interface__BY_BYTE_0I_tx_iface_tx_interface__BY_BYTE_1', port 'rx_iface.rst_n' is not connected to any nets. (LINT-28)
Warning: In design 'initialisation_0_3_1dffd8e0_I_rx_iface_rx_interface__BY_BYTE_1I_rx_iface_bits_rx_interface__BY_BYTE_0I_tx_iface_tx_interface__BY_BYTE_1', port 'rx_iface_bits.clk' is not connected to any nets. (LINT-28)
Warning: In design 'initialisation_0_3_1dffd8e0_I_rx_iface_rx_interface__BY_BYTE_1I_rx_iface_bits_rx_interface__BY_BYTE_0I_tx_iface_tx_interface__BY_BYTE_1', port 'rx_iface_bits.rst_n' is not connected to any nets. (LINT-28)
Warning: In design 'initialisation_0_3_1dffd8e0_I_rx_iface_rx_interface__BY_BYTE_1I_rx_iface_bits_rx_interface__BY_BYTE_0I_tx_iface_tx_interface__BY_BYTE_1', port 'rx_iface_bits.soc' is not connected to any nets. (LINT-28)
Warning: In design 'initialisation_0_3_1dffd8e0_I_rx_iface_rx_interface__BY_BYTE_1I_rx_iface_bits_rx_interface__BY_BYTE_0I_tx_iface_tx_interface__BY_BYTE_1', port 'rx_iface_bits.eoc' is not connected to any nets. (LINT-28)
Warning: In design 'initialisation_0_3_1dffd8e0_I_rx_iface_rx_interface__BY_BYTE_1I_rx_iface_bits_rx_interface__BY_BYTE_0I_tx_iface_tx_interface__BY_BYTE_1', port 'rx_iface_bits.data_bits[2]' is not connected to any nets. (LINT-28)
Warning: In design 'initialisation_0_3_1dffd8e0_I_rx_iface_rx_interface__BY_BYTE_1I_rx_iface_bits_rx_interface__BY_BYTE_0I_tx_iface_tx_interface__BY_BYTE_1', port 'rx_iface_bits.data_bits[1]' is not connected to any nets. (LINT-28)
Warning: In design 'initialisation_0_3_1dffd8e0_I_rx_iface_rx_interface__BY_BYTE_1I_rx_iface_bits_rx_interface__BY_BYTE_0I_tx_iface_tx_interface__BY_BYTE_1', port 'rx_iface_bits.data_bits[0]' is not connected to any nets. (LINT-28)
Warning: In design 'initialisation_0_3_1dffd8e0_I_rx_iface_rx_interface__BY_BYTE_1I_rx_iface_bits_rx_interface__BY_BYTE_0I_tx_iface_tx_interface__BY_BYTE_1', port 'rx_iface_bits.error' is not connected to any nets. (LINT-28)
Warning: In design 'initialisation_0_3_1dffd8e0_I_rx_iface_rx_interface__BY_BYTE_1I_rx_iface_bits_rx_interface__BY_BYTE_0I_tx_iface_tx_interface__BY_BYTE_1', port 'tx_iface.clk' is not connected to any nets. (LINT-28)
Warning: In design 'initialisation_0_3_1dffd8e0_I_rx_iface_rx_interface__BY_BYTE_1I_rx_iface_bits_rx_interface__BY_BYTE_0I_tx_iface_tx_interface__BY_BYTE_1', port 'tx_iface.rst_n' is not connected to any nets. (LINT-28)
Warning: In design 'initialisation_0_3_1dffd8e0_I_rx_iface_rx_interface__BY_BYTE_1I_rx_iface_bits_rx_interface__BY_BYTE_0I_tx_iface_tx_interface__BY_BYTE_1', port 'tx_iface.last_bit_in_byte' is not connected to any nets. (LINT-28)
Warning: In design 'bit_encoder_I_in_iface_tx_interface__BY_BYTE_0', port 'in_iface.clk' is not connected to any nets. (LINT-28)
Warning: In design 'bit_encoder_I_in_iface_tx_interface__BY_BYTE_0', port 'in_iface.rst_n' is not connected to any nets. (LINT-28)
Warning: In design 'bit_encoder_I_in_iface_tx_interface__BY_BYTE_0', port 'in_iface.data_valid' is not connected to any nets. (LINT-28)
Warning: In design 'bit_encoder_I_in_iface_tx_interface__BY_BYTE_0', port 'in_iface.data_bits[2]' is not connected to any nets. (LINT-28)
Warning: In design 'bit_encoder_I_in_iface_tx_interface__BY_BYTE_0', port 'in_iface.data_bits[1]' is not connected to any nets. (LINT-28)
Warning: In design 'bit_encoder_I_in_iface_tx_interface__BY_BYTE_0', port 'in_iface.data_bits[0]' is not connected to any nets. (LINT-28)
Warning: In design 'bit_encoder_I_in_iface_tx_interface__BY_BYTE_0', port 'in_iface.last_bit_in_byte' is not connected to any nets. (LINT-28)
Warning: In design 'frame_decode_I_in_iface_rx_interface_in_bit_BY_BYTE_0I_out_iface_rx_interface__BY_BYTE_0', port 'out_iface.clk' is not connected to any nets. (LINT-28)
Warning: In design 'frame_decode_I_in_iface_rx_interface_in_bit_BY_BYTE_0I_out_iface_rx_interface__BY_BYTE_0', port 'out_iface.rst_n' is not connected to any nets. (LINT-28)
Warning: In design 'frame_decode_I_in_iface_rx_interface_in_bit_BY_BYTE_0I_out_iface_rx_interface__BY_BYTE_0', port 'out_iface.data_bits[2]' is not connected to any nets. (LINT-28)
Warning: In design 'frame_decode_I_in_iface_rx_interface_in_bit_BY_BYTE_0I_out_iface_rx_interface__BY_BYTE_0', port 'out_iface.data_bits[1]' is not connected to any nets. (LINT-28)
Warning: In design 'frame_decode_I_in_iface_rx_interface_in_bit_BY_BYTE_0I_out_iface_rx_interface__BY_BYTE_0', port 'out_iface.data_bits[0]' is not connected to any nets. (LINT-28)
Warning: In design 'deserialiser_I_in_iface_rx_interface__BY_BYTE_0I_out_iface_rx_interface_out_byte_BY_BYTE_1', port 'in_iface.clk' is not connected to any nets. (LINT-28)
Warning: In design 'deserialiser_I_in_iface_rx_interface__BY_BYTE_0I_out_iface_rx_interface_out_byte_BY_BYTE_1', port 'in_iface.rst_n' is not connected to any nets. (LINT-28)
Warning: In design 'deserialiser_I_in_iface_rx_interface__BY_BYTE_0I_out_iface_rx_interface_out_byte_BY_BYTE_1', port 'in_iface.data_bits[2]' is not connected to any nets. (LINT-28)
Warning: In design 'deserialiser_I_in_iface_rx_interface__BY_BYTE_0I_out_iface_rx_interface_out_byte_BY_BYTE_1', port 'in_iface.data_bits[1]' is not connected to any nets. (LINT-28)
Warning: In design 'deserialiser_I_in_iface_rx_interface__BY_BYTE_0I_out_iface_rx_interface_out_byte_BY_BYTE_1', port 'in_iface.data_bits[0]' is not connected to any nets. (LINT-28)
Warning: In design 'serialiser_I_in_iface_tx_interface_in_byte_BY_BYTE_1I_out_iface_tx_interface__BY_BYTE_0', port 'out_iface.clk' is not connected to any nets. (LINT-28)
Warning: In design 'serialiser_I_in_iface_tx_interface_in_byte_BY_BYTE_1I_out_iface_tx_interface__BY_BYTE_0', port 'out_iface.rst_n' is not connected to any nets. (LINT-28)
Warning: In design 'serialiser_I_in_iface_tx_interface_in_byte_BY_BYTE_1I_out_iface_tx_interface__BY_BYTE_0', port 'out_iface.data_bits[2]' is not connected to any nets. (LINT-28)
Warning: In design 'serialiser_I_in_iface_tx_interface_in_byte_BY_BYTE_1I_out_iface_tx_interface__BY_BYTE_0', port 'out_iface.data_bits[1]' is not connected to any nets. (LINT-28)
Warning: In design 'serialiser_I_in_iface_tx_interface_in_byte_BY_BYTE_1I_out_iface_tx_interface__BY_BYTE_0', port 'out_iface.data_bits[0]' is not connected to any nets. (LINT-28)
Warning: In design 'frame_encode_I_in_iface_tx_interface__BY_BYTE_0I_out_iface_tx_interface_out_bit_BY_BYTE_0', port 'in_iface.clk' is not connected to any nets. (LINT-28)
Warning: In design 'frame_encode_I_in_iface_tx_interface__BY_BYTE_0I_out_iface_tx_interface_out_bit_BY_BYTE_0', port 'in_iface.rst_n' is not connected to any nets. (LINT-28)
Warning: In design 'frame_encode_I_in_iface_tx_interface__BY_BYTE_0I_out_iface_tx_interface_out_bit_BY_BYTE_0', port 'in_iface.data_bits[2]' is not connected to any nets. (LINT-28)
Warning: In design 'frame_encode_I_in_iface_tx_interface__BY_BYTE_0I_out_iface_tx_interface_out_bit_BY_BYTE_0', port 'in_iface.data_bits[1]' is not connected to any nets. (LINT-28)
Warning: In design 'frame_encode_I_in_iface_tx_interface__BY_BYTE_0I_out_iface_tx_interface_out_bit_BY_BYTE_0', port 'in_iface.data_bits[0]' is not connected to any nets. (LINT-28)
Warning: In design 'crc_control_I_rx_iface_rx_interface__BY_BYTE_0I_tx_iface_tx_interface__BY_BYTE_0', port 'rx_iface.clk' is not connected to any nets. (LINT-28)
Warning: In design 'crc_control_I_rx_iface_rx_interface__BY_BYTE_0I_tx_iface_tx_interface__BY_BYTE_0', port 'rx_iface.rst_n' is not connected to any nets. (LINT-28)
Warning: In design 'crc_control_I_rx_iface_rx_interface__BY_BYTE_0I_tx_iface_tx_interface__BY_BYTE_0', port 'rx_iface.eoc' is not connected to any nets. (LINT-28)
Warning: In design 'crc_control_I_rx_iface_rx_interface__BY_BYTE_0I_tx_iface_tx_interface__BY_BYTE_0', port 'rx_iface.data_bits[2]' is not connected to any nets. (LINT-28)
Warning: In design 'crc_control_I_rx_iface_rx_interface__BY_BYTE_0I_tx_iface_tx_interface__BY_BYTE_0', port 'rx_iface.data_bits[1]' is not connected to any nets. (LINT-28)
Warning: In design 'crc_control_I_rx_iface_rx_interface__BY_BYTE_0I_tx_iface_tx_interface__BY_BYTE_0', port 'rx_iface.data_bits[0]' is not connected to any nets. (LINT-28)
Warning: In design 'crc_control_I_rx_iface_rx_interface__BY_BYTE_0I_tx_iface_tx_interface__BY_BYTE_0', port 'rx_iface.error' is not connected to any nets. (LINT-28)
Warning: In design 'crc_control_I_rx_iface_rx_interface__BY_BYTE_0I_tx_iface_tx_interface__BY_BYTE_0', port 'tx_iface.clk' is not connected to any nets. (LINT-28)
Warning: In design 'crc_control_I_rx_iface_rx_interface__BY_BYTE_0I_tx_iface_tx_interface__BY_BYTE_0', port 'tx_iface.rst_n' is not connected to any nets. (LINT-28)
Warning: In design 'crc_control_I_rx_iface_rx_interface__BY_BYTE_0I_tx_iface_tx_interface__BY_BYTE_0', port 'tx_iface.data_bits[2]' is not connected to any nets. (LINT-28)
Warning: In design 'crc_control_I_rx_iface_rx_interface__BY_BYTE_0I_tx_iface_tx_interface__BY_BYTE_0', port 'tx_iface.data_bits[1]' is not connected to any nets. (LINT-28)
Warning: In design 'crc_control_I_rx_iface_rx_interface__BY_BYTE_0I_tx_iface_tx_interface__BY_BYTE_0', port 'tx_iface.data_bits[0]' is not connected to any nets. (LINT-28)
Warning: In design 'crc_control_I_rx_iface_rx_interface__BY_BYTE_0I_tx_iface_tx_interface__BY_BYTE_0', port 'tx_iface.last_bit_in_byte' is not connected to any nets. (LINT-28)
Warning: In design 'routing_I_in_rx_iface_rx_interface__BY_BYTE_1I_out_rx_iface_init_rx_interface__BY_BYTE_1I_out_rx_iface_14443_4_rx_interface_out_byte_BY_BYTE_1I_in_tx_iface_init_tx_interface__BY_BYTE_1I_in_tx_iface_14443_4_tx_interface_in_byte_BY_BYTE_1I_out_tx_iface_tx_interface__BY_BYTE_1', input port 'in_rx_iface.data[7]' is connected directly to output port 'out_rx_iface_14443_4.data[7]'. (LINT-29)
Warning: In design 'routing_I_in_rx_iface_rx_interface__BY_BYTE_1I_out_rx_iface_init_rx_interface__BY_BYTE_1I_out_rx_iface_14443_4_rx_interface_out_byte_BY_BYTE_1I_in_tx_iface_init_tx_interface__BY_BYTE_1I_in_tx_iface_14443_4_tx_interface_in_byte_BY_BYTE_1I_out_tx_iface_tx_interface__BY_BYTE_1', input port 'in_rx_iface.data[7]' is connected directly to output port 'out_rx_iface_init.data[7]'. (LINT-29)
Warning: In design 'routing_I_in_rx_iface_rx_interface__BY_BYTE_1I_out_rx_iface_init_rx_interface__BY_BYTE_1I_out_rx_iface_14443_4_rx_interface_out_byte_BY_BYTE_1I_in_tx_iface_init_tx_interface__BY_BYTE_1I_in_tx_iface_14443_4_tx_interface_in_byte_BY_BYTE_1I_out_tx_iface_tx_interface__BY_BYTE_1', input port 'in_rx_iface.data[6]' is connected directly to output port 'out_rx_iface_14443_4.data[6]'. (LINT-29)
Warning: In design 'routing_I_in_rx_iface_rx_interface__BY_BYTE_1I_out_rx_iface_init_rx_interface__BY_BYTE_1I_out_rx_iface_14443_4_rx_interface_out_byte_BY_BYTE_1I_in_tx_iface_init_tx_interface__BY_BYTE_1I_in_tx_iface_14443_4_tx_interface_in_byte_BY_BYTE_1I_out_tx_iface_tx_interface__BY_BYTE_1', input port 'in_rx_iface.data[6]' is connected directly to output port 'out_rx_iface_init.data[6]'. (LINT-29)
Warning: In design 'routing_I_in_rx_iface_rx_interface__BY_BYTE_1I_out_rx_iface_init_rx_interface__BY_BYTE_1I_out_rx_iface_14443_4_rx_interface_out_byte_BY_BYTE_1I_in_tx_iface_init_tx_interface__BY_BYTE_1I_in_tx_iface_14443_4_tx_interface_in_byte_BY_BYTE_1I_out_tx_iface_tx_interface__BY_BYTE_1', input port 'in_rx_iface.data[5]' is connected directly to output port 'out_rx_iface_14443_4.data[5]'. (LINT-29)
Warning: In design 'routing_I_in_rx_iface_rx_interface__BY_BYTE_1I_out_rx_iface_init_rx_interface__BY_BYTE_1I_out_rx_iface_14443_4_rx_interface_out_byte_BY_BYTE_1I_in_tx_iface_init_tx_interface__BY_BYTE_1I_in_tx_iface_14443_4_tx_interface_in_byte_BY_BYTE_1I_out_tx_iface_tx_interface__BY_BYTE_1', input port 'in_rx_iface.data[5]' is connected directly to output port 'out_rx_iface_init.data[5]'. (LINT-29)
Warning: In design 'routing_I_in_rx_iface_rx_interface__BY_BYTE_1I_out_rx_iface_init_rx_interface__BY_BYTE_1I_out_rx_iface_14443_4_rx_interface_out_byte_BY_BYTE_1I_in_tx_iface_init_tx_interface__BY_BYTE_1I_in_tx_iface_14443_4_tx_interface_in_byte_BY_BYTE_1I_out_tx_iface_tx_interface__BY_BYTE_1', input port 'in_rx_iface.data[4]' is connected directly to output port 'out_rx_iface_14443_4.data[4]'. (LINT-29)
Warning: In design 'routing_I_in_rx_iface_rx_interface__BY_BYTE_1I_out_rx_iface_init_rx_interface__BY_BYTE_1I_out_rx_iface_14443_4_rx_interface_out_byte_BY_BYTE_1I_in_tx_iface_init_tx_interface__BY_BYTE_1I_in_tx_iface_14443_4_tx_interface_in_byte_BY_BYTE_1I_out_tx_iface_tx_interface__BY_BYTE_1', input port 'in_rx_iface.data[4]' is connected directly to output port 'out_rx_iface_init.data[4]'. (LINT-29)
Warning: In design 'routing_I_in_rx_iface_rx_interface__BY_BYTE_1I_out_rx_iface_init_rx_interface__BY_BYTE_1I_out_rx_iface_14443_4_rx_interface_out_byte_BY_BYTE_1I_in_tx_iface_init_tx_interface__BY_BYTE_1I_in_tx_iface_14443_4_tx_interface_in_byte_BY_BYTE_1I_out_tx_iface_tx_interface__BY_BYTE_1', input port 'in_rx_iface.data[3]' is connected directly to output port 'out_rx_iface_14443_4.data[3]'. (LINT-29)
Warning: In design 'routing_I_in_rx_iface_rx_interface__BY_BYTE_1I_out_rx_iface_init_rx_interface__BY_BYTE_1I_out_rx_iface_14443_4_rx_interface_out_byte_BY_BYTE_1I_in_tx_iface_init_tx_interface__BY_BYTE_1I_in_tx_iface_14443_4_tx_interface_in_byte_BY_BYTE_1I_out_tx_iface_tx_interface__BY_BYTE_1', input port 'in_rx_iface.data[3]' is connected directly to output port 'out_rx_iface_init.data[3]'. (LINT-29)
Warning: In design 'routing_I_in_rx_iface_rx_interface__BY_BYTE_1I_out_rx_iface_init_rx_interface__BY_BYTE_1I_out_rx_iface_14443_4_rx_interface_out_byte_BY_BYTE_1I_in_tx_iface_init_tx_interface__BY_BYTE_1I_in_tx_iface_14443_4_tx_interface_in_byte_BY_BYTE_1I_out_tx_iface_tx_interface__BY_BYTE_1', input port 'in_rx_iface.data[2]' is connected directly to output port 'out_rx_iface_14443_4.data[2]'. (LINT-29)
Warning: In design 'routing_I_in_rx_iface_rx_interface__BY_BYTE_1I_out_rx_iface_init_rx_interface__BY_BYTE_1I_out_rx_iface_14443_4_rx_interface_out_byte_BY_BYTE_1I_in_tx_iface_init_tx_interface__BY_BYTE_1I_in_tx_iface_14443_4_tx_interface_in_byte_BY_BYTE_1I_out_tx_iface_tx_interface__BY_BYTE_1', input port 'in_rx_iface.data[2]' is connected directly to output port 'out_rx_iface_init.data[2]'. (LINT-29)
Warning: In design 'routing_I_in_rx_iface_rx_interface__BY_BYTE_1I_out_rx_iface_init_rx_interface__BY_BYTE_1I_out_rx_iface_14443_4_rx_interface_out_byte_BY_BYTE_1I_in_tx_iface_init_tx_interface__BY_BYTE_1I_in_tx_iface_14443_4_tx_interface_in_byte_BY_BYTE_1I_out_tx_iface_tx_interface__BY_BYTE_1', input port 'in_rx_iface.data[1]' is connected directly to output port 'out_rx_iface_14443_4.data[1]'. (LINT-29)
Warning: In design 'routing_I_in_rx_iface_rx_interface__BY_BYTE_1I_out_rx_iface_init_rx_interface__BY_BYTE_1I_out_rx_iface_14443_4_rx_interface_out_byte_BY_BYTE_1I_in_tx_iface_init_tx_interface__BY_BYTE_1I_in_tx_iface_14443_4_tx_interface_in_byte_BY_BYTE_1I_out_tx_iface_tx_interface__BY_BYTE_1', input port 'in_rx_iface.data[1]' is connected directly to output port 'out_rx_iface_init.data[1]'. (LINT-29)
Warning: In design 'routing_I_in_rx_iface_rx_interface__BY_BYTE_1I_out_rx_iface_init_rx_interface__BY_BYTE_1I_out_rx_iface_14443_4_rx_interface_out_byte_BY_BYTE_1I_in_tx_iface_init_tx_interface__BY_BYTE_1I_in_tx_iface_14443_4_tx_interface_in_byte_BY_BYTE_1I_out_tx_iface_tx_interface__BY_BYTE_1', input port 'in_rx_iface.data[0]' is connected directly to output port 'out_rx_iface_14443_4.data[0]'. (LINT-29)
Warning: In design 'routing_I_in_rx_iface_rx_interface__BY_BYTE_1I_out_rx_iface_init_rx_interface__BY_BYTE_1I_out_rx_iface_14443_4_rx_interface_out_byte_BY_BYTE_1I_in_tx_iface_init_tx_interface__BY_BYTE_1I_in_tx_iface_14443_4_tx_interface_in_byte_BY_BYTE_1I_out_tx_iface_tx_interface__BY_BYTE_1', input port 'in_rx_iface.data[0]' is connected directly to output port 'out_rx_iface_init.data[0]'. (LINT-29)
Warning: In design 'routing_I_in_rx_iface_rx_interface__BY_BYTE_1I_out_rx_iface_init_rx_interface__BY_BYTE_1I_out_rx_iface_14443_4_rx_interface_out_byte_BY_BYTE_1I_in_tx_iface_init_tx_interface__BY_BYTE_1I_in_tx_iface_14443_4_tx_interface_in_byte_BY_BYTE_1I_out_tx_iface_tx_interface__BY_BYTE_1', input port 'in_rx_iface.data_bits[2]' is connected directly to output port 'out_rx_iface_14443_4.data_bits[2]'. (LINT-29)
Warning: In design 'routing_I_in_rx_iface_rx_interface__BY_BYTE_1I_out_rx_iface_init_rx_interface__BY_BYTE_1I_out_rx_iface_14443_4_rx_interface_out_byte_BY_BYTE_1I_in_tx_iface_init_tx_interface__BY_BYTE_1I_in_tx_iface_14443_4_tx_interface_in_byte_BY_BYTE_1I_out_tx_iface_tx_interface__BY_BYTE_1', input port 'in_rx_iface.data_bits[2]' is connected directly to output port 'out_rx_iface_init.data_bits[2]'. (LINT-29)
Warning: In design 'routing_I_in_rx_iface_rx_interface__BY_BYTE_1I_out_rx_iface_init_rx_interface__BY_BYTE_1I_out_rx_iface_14443_4_rx_interface_out_byte_BY_BYTE_1I_in_tx_iface_init_tx_interface__BY_BYTE_1I_in_tx_iface_14443_4_tx_interface_in_byte_BY_BYTE_1I_out_tx_iface_tx_interface__BY_BYTE_1', input port 'in_rx_iface.data_bits[1]' is connected directly to output port 'out_rx_iface_14443_4.data_bits[1]'. (LINT-29)
Warning: In design 'routing_I_in_rx_iface_rx_interface__BY_BYTE_1I_out_rx_iface_init_rx_interface__BY_BYTE_1I_out_rx_iface_14443_4_rx_interface_out_byte_BY_BYTE_1I_in_tx_iface_init_tx_interface__BY_BYTE_1I_in_tx_iface_14443_4_tx_interface_in_byte_BY_BYTE_1I_out_tx_iface_tx_interface__BY_BYTE_1', input port 'in_rx_iface.data_bits[1]' is connected directly to output port 'out_rx_iface_init.data_bits[1]'. (LINT-29)
Warning: In design 'routing_I_in_rx_iface_rx_interface__BY_BYTE_1I_out_rx_iface_init_rx_interface__BY_BYTE_1I_out_rx_iface_14443_4_rx_interface_out_byte_BY_BYTE_1I_in_tx_iface_init_tx_interface__BY_BYTE_1I_in_tx_iface_14443_4_tx_interface_in_byte_BY_BYTE_1I_out_tx_iface_tx_interface__BY_BYTE_1', input port 'in_rx_iface.data_bits[0]' is connected directly to output port 'out_rx_iface_14443_4.data_bits[0]'. (LINT-29)
Warning: In design 'routing_I_in_rx_iface_rx_interface__BY_BYTE_1I_out_rx_iface_init_rx_interface__BY_BYTE_1I_out_rx_iface_14443_4_rx_interface_out_byte_BY_BYTE_1I_in_tx_iface_init_tx_interface__BY_BYTE_1I_in_tx_iface_14443_4_tx_interface_in_byte_BY_BYTE_1I_out_tx_iface_tx_interface__BY_BYTE_1', input port 'in_rx_iface.data_bits[0]' is connected directly to output port 'out_rx_iface_init.data_bits[0]'. (LINT-29)
Warning: In design 'frame_decode_I_in_iface_rx_interface_in_bit_BY_BYTE_0I_out_iface_rx_interface__BY_BYTE_0', input port 'in_iface.soc' is connected directly to output port 'out_iface.soc'. (LINT-29)
Warning: In design 'deserialiser_I_in_iface_rx_interface__BY_BYTE_0I_out_iface_rx_interface_out_byte_BY_BYTE_1', input port 'in_iface.soc' is connected directly to output port 'out_iface.soc'. (LINT-29)
Warning: In design 'iso14443_4a_I_rx_iface_rx_interface__BY_BYTE_1I_tx_iface_tx_interface__BY_BYTE_1I_app_rx_iface_rx_interface_out_byte_BY_BYTE_1I_app_tx_iface_tx_interface_in_byte_BY_BYTE_1', output port 'tx_iface.data_bits[2]' is connected directly to output port 'tx_iface.data_bits[0]'. (LINT-31)
Warning: In design 'iso14443_4a_I_rx_iface_rx_interface__BY_BYTE_1I_tx_iface_tx_interface__BY_BYTE_1I_app_rx_iface_rx_interface_out_byte_BY_BYTE_1I_app_tx_iface_tx_interface_in_byte_BY_BYTE_1', output port 'tx_iface.data_bits[2]' is connected directly to output port 'tx_iface.data_bits[1]'. (LINT-31)
Warning: In design 'iso14443_4a_I_rx_iface_rx_interface__BY_BYTE_1I_tx_iface_tx_interface__BY_BYTE_1I_app_rx_iface_rx_interface_out_byte_BY_BYTE_1I_app_tx_iface_tx_interface_in_byte_BY_BYTE_1', output port 'tx_iface.data_bits[2]' is connected directly to output port 'app_rx_iface.data_bits[0]'. (LINT-31)
Warning: In design 'iso14443_4a_I_rx_iface_rx_interface__BY_BYTE_1I_tx_iface_tx_interface__BY_BYTE_1I_app_rx_iface_rx_interface_out_byte_BY_BYTE_1I_app_tx_iface_tx_interface_in_byte_BY_BYTE_1', output port 'tx_iface.data_bits[2]' is connected directly to output port 'app_rx_iface.data_bits[1]'. (LINT-31)
Warning: In design 'iso14443_4a_I_rx_iface_rx_interface__BY_BYTE_1I_tx_iface_tx_interface__BY_BYTE_1I_app_rx_iface_rx_interface_out_byte_BY_BYTE_1I_app_tx_iface_tx_interface_in_byte_BY_BYTE_1', output port 'tx_iface.data_bits[2]' is connected directly to output port 'app_rx_iface.data_bits[2]'. (LINT-31)
Warning: In design 'adapter_I_rx_iface_rx_interface__BY_BYTE_1I_tx_iface_tx_interface__BY_BYTE_1', output port 'tx_iface.data_bits[2]' is connected directly to output port 'tx_iface.data_bits[0]'. (LINT-31)
Warning: In design 'adapter_I_rx_iface_rx_interface__BY_BYTE_1I_tx_iface_tx_interface__BY_BYTE_1', output port 'tx_iface.data_bits[2]' is connected directly to output port 'tx_iface.data_bits[1]'. (LINT-31)
Warning: In design 'routing_I_in_rx_iface_rx_interface__BY_BYTE_1I_out_rx_iface_init_rx_interface__BY_BYTE_1I_out_rx_iface_14443_4_rx_interface_out_byte_BY_BYTE_1I_in_tx_iface_init_tx_interface__BY_BYTE_1I_in_tx_iface_14443_4_tx_interface_in_byte_BY_BYTE_1I_out_tx_iface_tx_interface__BY_BYTE_1', output port 'out_rx_iface_init.data[7]' is connected directly to output port 'out_rx_iface_14443_4.data[7]'. (LINT-31)
Warning: In design 'routing_I_in_rx_iface_rx_interface__BY_BYTE_1I_out_rx_iface_init_rx_interface__BY_BYTE_1I_out_rx_iface_14443_4_rx_interface_out_byte_BY_BYTE_1I_in_tx_iface_init_tx_interface__BY_BYTE_1I_in_tx_iface_14443_4_tx_interface_in_byte_BY_BYTE_1I_out_tx_iface_tx_interface__BY_BYTE_1', output port 'out_rx_iface_init.data[6]' is connected directly to output port 'out_rx_iface_14443_4.data[6]'. (LINT-31)
Warning: In design 'routing_I_in_rx_iface_rx_interface__BY_BYTE_1I_out_rx_iface_init_rx_interface__BY_BYTE_1I_out_rx_iface_14443_4_rx_interface_out_byte_BY_BYTE_1I_in_tx_iface_init_tx_interface__BY_BYTE_1I_in_tx_iface_14443_4_tx_interface_in_byte_BY_BYTE_1I_out_tx_iface_tx_interface__BY_BYTE_1', output port 'out_rx_iface_init.data[5]' is connected directly to output port 'out_rx_iface_14443_4.data[5]'. (LINT-31)
Warning: In design 'routing_I_in_rx_iface_rx_interface__BY_BYTE_1I_out_rx_iface_init_rx_interface__BY_BYTE_1I_out_rx_iface_14443_4_rx_interface_out_byte_BY_BYTE_1I_in_tx_iface_init_tx_interface__BY_BYTE_1I_in_tx_iface_14443_4_tx_interface_in_byte_BY_BYTE_1I_out_tx_iface_tx_interface__BY_BYTE_1', output port 'out_rx_iface_init.data[4]' is connected directly to output port 'out_rx_iface_14443_4.data[4]'. (LINT-31)
Warning: In design 'routing_I_in_rx_iface_rx_interface__BY_BYTE_1I_out_rx_iface_init_rx_interface__BY_BYTE_1I_out_rx_iface_14443_4_rx_interface_out_byte_BY_BYTE_1I_in_tx_iface_init_tx_interface__BY_BYTE_1I_in_tx_iface_14443_4_tx_interface_in_byte_BY_BYTE_1I_out_tx_iface_tx_interface__BY_BYTE_1', output port 'out_rx_iface_init.data[3]' is connected directly to output port 'out_rx_iface_14443_4.data[3]'. (LINT-31)
Warning: In design 'routing_I_in_rx_iface_rx_interface__BY_BYTE_1I_out_rx_iface_init_rx_interface__BY_BYTE_1I_out_rx_iface_14443_4_rx_interface_out_byte_BY_BYTE_1I_in_tx_iface_init_tx_interface__BY_BYTE_1I_in_tx_iface_14443_4_tx_interface_in_byte_BY_BYTE_1I_out_tx_iface_tx_interface__BY_BYTE_1', output port 'out_rx_iface_init.data[2]' is connected directly to output port 'out_rx_iface_14443_4.data[2]'. (LINT-31)
Warning: In design 'routing_I_in_rx_iface_rx_interface__BY_BYTE_1I_out_rx_iface_init_rx_interface__BY_BYTE_1I_out_rx_iface_14443_4_rx_interface_out_byte_BY_BYTE_1I_in_tx_iface_init_tx_interface__BY_BYTE_1I_in_tx_iface_14443_4_tx_interface_in_byte_BY_BYTE_1I_out_tx_iface_tx_interface__BY_BYTE_1', output port 'out_rx_iface_init.data[1]' is connected directly to output port 'out_rx_iface_14443_4.data[1]'. (LINT-31)
Warning: In design 'routing_I_in_rx_iface_rx_interface__BY_BYTE_1I_out_rx_iface_init_rx_interface__BY_BYTE_1I_out_rx_iface_14443_4_rx_interface_out_byte_BY_BYTE_1I_in_tx_iface_init_tx_interface__BY_BYTE_1I_in_tx_iface_14443_4_tx_interface_in_byte_BY_BYTE_1I_out_tx_iface_tx_interface__BY_BYTE_1', output port 'out_rx_iface_init.data[0]' is connected directly to output port 'out_rx_iface_14443_4.data[0]'. (LINT-31)
Warning: In design 'routing_I_in_rx_iface_rx_interface__BY_BYTE_1I_out_rx_iface_init_rx_interface__BY_BYTE_1I_out_rx_iface_14443_4_rx_interface_out_byte_BY_BYTE_1I_in_tx_iface_init_tx_interface__BY_BYTE_1I_in_tx_iface_14443_4_tx_interface_in_byte_BY_BYTE_1I_out_tx_iface_tx_interface__BY_BYTE_1', output port 'out_rx_iface_init.data_bits[2]' is connected directly to output port 'out_rx_iface_14443_4.data_bits[2]'. (LINT-31)
Warning: In design 'routing_I_in_rx_iface_rx_interface__BY_BYTE_1I_out_rx_iface_init_rx_interface__BY_BYTE_1I_out_rx_iface_14443_4_rx_interface_out_byte_BY_BYTE_1I_in_tx_iface_init_tx_interface__BY_BYTE_1I_in_tx_iface_14443_4_tx_interface_in_byte_BY_BYTE_1I_out_tx_iface_tx_interface__BY_BYTE_1', output port 'out_rx_iface_init.data_bits[1]' is connected directly to output port 'out_rx_iface_14443_4.data_bits[1]'. (LINT-31)
Warning: In design 'routing_I_in_rx_iface_rx_interface__BY_BYTE_1I_out_rx_iface_init_rx_interface__BY_BYTE_1I_out_rx_iface_14443_4_rx_interface_out_byte_BY_BYTE_1I_in_tx_iface_init_tx_interface__BY_BYTE_1I_in_tx_iface_14443_4_tx_interface_in_byte_BY_BYTE_1I_out_tx_iface_tx_interface__BY_BYTE_1', output port 'out_rx_iface_init.data_bits[0]' is connected directly to output port 'out_rx_iface_14443_4.data_bits[0]'. (LINT-31)
Warning: In design 'radiation_sensor_digital_top', a pin on submodule 'adapter_inst' is connected to logic 1 or logic 0. (LINT-32)
   Pin 'const_iso_iec_14443a_digital_version[3]' is connected to logic 0. 
Warning: In design 'radiation_sensor_digital_top', a pin on submodule 'adapter_inst' is connected to logic 1 or logic 0. (LINT-32)
   Pin 'const_iso_iec_14443a_digital_version[2]' is connected to logic 0. 
Warning: In design 'radiation_sensor_digital_top', a pin on submodule 'adapter_inst' is connected to logic 1 or logic 0. (LINT-32)
   Pin 'const_iso_iec_14443a_digital_version[1]' is connected to logic 0. 
Warning: In design 'radiation_sensor_digital_top', a pin on submodule 'adapter_inst' is connected to logic 1 or logic 0. (LINT-32)
   Pin 'const_iso_iec_14443a_digital_version[0]' is connected to logic 1. 
Warning: In design 'radiation_sensor_digital_top', the same net is connected to more than one pin on submodule 'iso14443a_inst/part2'. (LINT-33)
   Net 'clk' is connected to pins 'clk', 'rx_iface.clk'', 'tx_iface.clk'.
Warning: In design 'radiation_sensor_digital_top', the same net is connected to more than one pin on submodule 'iso14443a_inst/part2'. (LINT-33)
   Net 'rst_n' is connected to pins 'rst_n', 'rx_iface.rst_n'', 'tx_iface.rst_n'.
Warning: In design 'radiation_sensor_digital_top', the same net is connected to more than one pin on submodule 'iso14443a_inst/part3'. (LINT-33)
   Net 'clk' is connected to pins 'clk', 'rx_iface_from_14443_2a.clk'', 'tx_iface_to_14443_2a.clk', 'rx_iface_to_14443_4a.clk', 'tx_iface_from_14443_4a.clk'.
Warning: In design 'radiation_sensor_digital_top', the same net is connected to more than one pin on submodule 'iso14443a_inst/part3'. (LINT-33)
   Net 'rst_n' is connected to pins 'rst_n', 'rx_iface_from_14443_2a.rst_n'', 'tx_iface_to_14443_2a.rst_n', 'rx_iface_to_14443_4a.rst_n', 'tx_iface_from_14443_4a.rst_n'.
Warning: In design 'radiation_sensor_digital_top', the same net is connected to more than one pin on submodule 'iso14443a_inst/part4'. (LINT-33)
   Net 'clk' is connected to pins 'clk', 'rx_iface.clk'', 'tx_iface.clk'.
Warning: In design 'radiation_sensor_digital_top', the same net is connected to more than one pin on submodule 'iso14443a_inst/part4'. (LINT-33)
   Net 'rst_n' is connected to pins 'rst_n', 'rx_iface.rst_n'', 'tx_iface.rst_n'.
Warning: In design 'radiation_sensor_digital_top', the same net is connected to more than one pin on submodule 'adapter_inst'. (LINT-33)
   Net 'clk' is connected to pins 'clk', 'rx_iface.clk'', 'tx_iface.clk'.
Warning: In design 'radiation_sensor_digital_top', the same net is connected to more than one pin on submodule 'adapter_inst'. (LINT-33)
   Net 'rst_n' is connected to pins 'rst_n', 'rx_iface.rst_n'', 'tx_iface.rst_n'.
Warning: In design 'radiation_sensor_digital_top', the same net is connected to more than one pin on submodule 'adapter_inst'. (LINT-33)
   Net '*Logic0*' is connected to pins 'const_iso_iec_14443a_digital_version[3]', 'const_iso_iec_14443a_digital_version[2]'', 'const_iso_iec_14443a_digital_version[1]'.
Warning: In design 'iso14443_3a_0_3_1dffd8e0_5_I_rx_iface_from_14443_2a_rx_interface__BY_BYTE_0I_tx_iface_to_14443_2a_tx_interface__BY_BYTE_0I_rx_iface_to_14443_4a_rx_interface__BY_BYTE_1I_tx_iface_from_14443_4a_tx_interface__BY_BYTE_1', the same net is connected to more than one pin on submodule 'framing_inst'. (LINT-33)
   Net 'clk' is connected to pins 'clk', 'out_rx_iface_bytes.clk'', 'out_rx_iface_bits.clk', 'in_tx_iface.clk'.
Warning: In design 'iso14443_3a_0_3_1dffd8e0_5_I_rx_iface_from_14443_2a_rx_interface__BY_BYTE_0I_tx_iface_to_14443_2a_tx_interface__BY_BYTE_0I_rx_iface_to_14443_4a_rx_interface__BY_BYTE_1I_tx_iface_from_14443_4a_tx_interface__BY_BYTE_1', the same net is connected to more than one pin on submodule 'framing_inst'. (LINT-33)
   Net 'rst_n' is connected to pins 'rst_n', 'out_rx_iface_bytes.rst_n'', 'out_rx_iface_bits.rst_n', 'in_tx_iface.rst_n'.
Warning: In design 'iso14443_3a_0_3_1dffd8e0_5_I_rx_iface_from_14443_2a_rx_interface__BY_BYTE_0I_tx_iface_to_14443_2a_tx_interface__BY_BYTE_0I_rx_iface_to_14443_4a_rx_interface__BY_BYTE_1I_tx_iface_from_14443_4a_tx_interface__BY_BYTE_1', the same net is connected to more than one pin on submodule 'routing_inst'. (LINT-33)
   Net 'clk' is connected to pins 'in_rx_iface.clk', 'out_rx_iface_init.clk'', 'in_tx_iface_init.clk', 'out_tx_iface.clk'.
Warning: In design 'iso14443_3a_0_3_1dffd8e0_5_I_rx_iface_from_14443_2a_rx_interface__BY_BYTE_0I_tx_iface_to_14443_2a_tx_interface__BY_BYTE_0I_rx_iface_to_14443_4a_rx_interface__BY_BYTE_1I_tx_iface_from_14443_4a_tx_interface__BY_BYTE_1', the same net is connected to more than one pin on submodule 'routing_inst'. (LINT-33)
   Net 'rst_n' is connected to pins 'in_rx_iface.rst_n', 'out_rx_iface_init.rst_n'', 'in_tx_iface_init.rst_n', 'out_tx_iface.rst_n'.
Warning: In design 'iso14443_3a_0_3_1dffd8e0_5_I_rx_iface_from_14443_2a_rx_interface__BY_BYTE_0I_tx_iface_to_14443_2a_tx_interface__BY_BYTE_0I_rx_iface_to_14443_4a_rx_interface__BY_BYTE_1I_tx_iface_from_14443_4a_tx_interface__BY_BYTE_1', the same net is connected to more than one pin on submodule 'initialisation_inst'. (LINT-33)
   Net 'clk' is connected to pins 'clk', 'rx_iface.clk'', 'rx_iface_bits.clk', 'tx_iface.clk'.
Warning: In design 'iso14443_3a_0_3_1dffd8e0_5_I_rx_iface_from_14443_2a_rx_interface__BY_BYTE_0I_tx_iface_to_14443_2a_tx_interface__BY_BYTE_0I_rx_iface_to_14443_4a_rx_interface__BY_BYTE_1I_tx_iface_from_14443_4a_tx_interface__BY_BYTE_1', the same net is connected to more than one pin on submodule 'initialisation_inst'. (LINT-33)
   Net 'rst_n' is connected to pins 'rst_n', 'rx_iface.rst_n'', 'rx_iface_bits.rst_n', 'tx_iface.rst_n'.
Warning: In design 'adapter_I_rx_iface_rx_interface__BY_BYTE_1I_tx_iface_tx_interface__BY_BYTE_1', the same net is connected to more than one pin on submodule 'signal_control_inst'. (LINT-33)
   Net 'set_signals_value[sens_config][2]' is connected to pins 'auto_read_timing1[15]', 'set_signals_value[sens_config][2]''.
Warning: In design 'adapter_I_rx_iface_rx_interface__BY_BYTE_1I_tx_iface_tx_interface__BY_BYTE_1', the same net is connected to more than one pin on submodule 'signal_control_inst'. (LINT-33)
   Net 'set_signals_value[sens_config][1]' is connected to pins 'auto_read_timing1[14]', 'set_signals_value[sens_config][1]''.
Warning: In design 'adapter_I_rx_iface_rx_interface__BY_BYTE_1I_tx_iface_tx_interface__BY_BYTE_1', the same net is connected to more than one pin on submodule 'signal_control_inst'. (LINT-33)
   Net 'set_signals_value[sens_config][0]' is connected to pins 'auto_read_timing1[13]', 'set_signals_value[sens_config][0]''.
Warning: In design 'adapter_I_rx_iface_rx_interface__BY_BYTE_1I_tx_iface_tx_interface__BY_BYTE_1', the same net is connected to more than one pin on submodule 'signal_control_inst'. (LINT-33)
   Net 'set_signals_value[sens_enable]' is connected to pins 'auto_read_timing1[12]', 'set_signals_value[sens_enable]''.
Warning: In design 'adapter_I_rx_iface_rx_interface__BY_BYTE_1I_tx_iface_tx_interface__BY_BYTE_1', the same net is connected to more than one pin on submodule 'signal_control_inst'. (LINT-33)
   Net 'set_signals_value[sens_read]' is connected to pins 'auto_read_timing1[11]', 'set_signals_value[sens_read]''.
Warning: In design 'adapter_I_rx_iface_rx_interface__BY_BYTE_1I_tx_iface_tx_interface__BY_BYTE_1', the same net is connected to more than one pin on submodule 'signal_control_inst'. (LINT-33)
   Net 'set_signals_value[adc_enable]' is connected to pins 'auto_read_timing1[10]', 'set_signals_value[adc_enable]''.
Warning: In design 'adapter_I_rx_iface_rx_interface__BY_BYTE_1I_tx_iface_tx_interface__BY_BYTE_1', the same net is connected to more than one pin on submodule 'signal_control_inst'. (LINT-33)
   Net 'set_signals_value[adc_read]' is connected to pins 'auto_read_timing1[9]', 'set_signals_value[adc_read]''.
Warning: In design 'adapter_I_rx_iface_rx_interface__BY_BYTE_1I_tx_iface_tx_interface__BY_BYTE_1', the same net is connected to more than one pin on submodule 'signal_control_inst'. (LINT-33)
   Net 'set_signals_value[padding]' is connected to pins 'auto_read_timing1[8]', 'set_signals_value[padding]''.
Warning: In design 'adapter_I_rx_iface_rx_interface__BY_BYTE_1I_tx_iface_tx_interface__BY_BYTE_1', the same net is connected to more than one pin on submodule 'signal_control_inst'. (LINT-33)
   Net 'set_signals_mask[sens_config][2]' is connected to pins 'auto_read_timing1[7]', 'set_signals_mask[sens_config][2]''.
Warning: In design 'adapter_I_rx_iface_rx_interface__BY_BYTE_1I_tx_iface_tx_interface__BY_BYTE_1', the same net is connected to more than one pin on submodule 'signal_control_inst'. (LINT-33)
   Net 'set_signals_mask[sens_config][1]' is connected to pins 'auto_read_timing1[6]', 'set_signals_mask[sens_config][1]''.
Warning: In design 'adapter_I_rx_iface_rx_interface__BY_BYTE_1I_tx_iface_tx_interface__BY_BYTE_1', the same net is connected to more than one pin on submodule 'signal_control_inst'. (LINT-33)
   Net 'set_signals_mask[sens_config][0]' is connected to pins 'auto_read_timing1[5]', 'set_signals_mask[sens_config][0]''.
Warning: In design 'adapter_I_rx_iface_rx_interface__BY_BYTE_1I_tx_iface_tx_interface__BY_BYTE_1', the same net is connected to more than one pin on submodule 'signal_control_inst'. (LINT-33)
   Net 'set_signals_mask[sens_enable]' is connected to pins 'auto_read_timing1[4]', 'set_signals_mask[sens_enable]''.
Warning: In design 'adapter_I_rx_iface_rx_interface__BY_BYTE_1I_tx_iface_tx_interface__BY_BYTE_1', the same net is connected to more than one pin on submodule 'signal_control_inst'. (LINT-33)
   Net 'set_signals_mask[sens_read]' is connected to pins 'auto_read_timing1[3]', 'set_signals_mask[sens_read]''.
Warning: In design 'adapter_I_rx_iface_rx_interface__BY_BYTE_1I_tx_iface_tx_interface__BY_BYTE_1', the same net is connected to more than one pin on submodule 'signal_control_inst'. (LINT-33)
   Net 'set_signals_mask[adc_enable]' is connected to pins 'auto_read_timing1[2]', 'set_signals_mask[adc_enable]''.
Warning: In design 'adapter_I_rx_iface_rx_interface__BY_BYTE_1I_tx_iface_tx_interface__BY_BYTE_1', the same net is connected to more than one pin on submodule 'signal_control_inst'. (LINT-33)
   Net 'set_signals_mask[adc_read]' is connected to pins 'auto_read_timing1[1]', 'set_signals_mask[adc_read]''.
Warning: In design 'adapter_I_rx_iface_rx_interface__BY_BYTE_1I_tx_iface_tx_interface__BY_BYTE_1', the same net is connected to more than one pin on submodule 'signal_control_inst'. (LINT-33)
   Net 'set_signals_mask[padding]' is connected to pins 'auto_read_timing1[0]', 'set_signals_mask[padding]''.
Warning: In design 'tx_I_in_iface_tx_interface_in_bit_BY_BYTE_0', the same net is connected to more than one pin on submodule 'bc_inst'. (LINT-33)
   Net 'clk' is connected to pins 'clk', 'in_iface.clk''.
Warning: In design 'tx_I_in_iface_tx_interface_in_bit_BY_BYTE_0', the same net is connected to more than one pin on submodule 'bc_inst'. (LINT-33)
   Net 'rst_n' is connected to pins 'rst_n', 'in_iface.rst_n''.
Warning: In design 'framing_FDT_TIMING_ADJUST5_I_in_rx_iface_rx_interface_in_bit_BY_BYTE_0I_out_rx_iface_bytes_rx_interface__BY_BYTE_1I_out_rx_iface_bits_rx_interface__BY_BYTE_0I_in_tx_iface_tx_interface__BY_BYTE_1I_out_tx_iface_tx_interface_out_bit_BY_BYTE_0', the same net is connected to more than one pin on submodule 'fd_inst'. (LINT-33)
   Net 'clk' is connected to pins 'clk', 'out_iface.clk''.
Warning: In design 'framing_FDT_TIMING_ADJUST5_I_in_rx_iface_rx_interface_in_bit_BY_BYTE_0I_out_rx_iface_bytes_rx_interface__BY_BYTE_1I_out_rx_iface_bits_rx_interface__BY_BYTE_0I_in_tx_iface_tx_interface__BY_BYTE_1I_out_tx_iface_tx_interface_out_bit_BY_BYTE_0', the same net is connected to more than one pin on submodule 'fd_inst'. (LINT-33)
   Net 'rst_n' is connected to pins 'rst_n', 'out_iface.rst_n''.
Warning: In design 'framing_FDT_TIMING_ADJUST5_I_in_rx_iface_rx_interface_in_bit_BY_BYTE_0I_out_rx_iface_bytes_rx_interface__BY_BYTE_1I_out_rx_iface_bits_rx_interface__BY_BYTE_0I_in_tx_iface_tx_interface__BY_BYTE_1I_out_tx_iface_tx_interface_out_bit_BY_BYTE_0', the same net is connected to more than one pin on submodule 'ds_inst'. (LINT-33)
   Net 'clk' is connected to pins 'clk', 'in_iface.clk''.
Warning: In design 'framing_FDT_TIMING_ADJUST5_I_in_rx_iface_rx_interface_in_bit_BY_BYTE_0I_out_rx_iface_bytes_rx_interface__BY_BYTE_1I_out_rx_iface_bits_rx_interface__BY_BYTE_0I_in_tx_iface_tx_interface__BY_BYTE_1I_out_tx_iface_tx_interface_out_bit_BY_BYTE_0', the same net is connected to more than one pin on submodule 'ds_inst'. (LINT-33)
   Net 'rst_n' is connected to pins 'rst_n', 'in_iface.rst_n''.
Warning: In design 'framing_FDT_TIMING_ADJUST5_I_in_rx_iface_rx_interface_in_bit_BY_BYTE_0I_out_rx_iface_bytes_rx_interface__BY_BYTE_1I_out_rx_iface_bits_rx_interface__BY_BYTE_0I_in_tx_iface_tx_interface__BY_BYTE_1I_out_tx_iface_tx_interface_out_bit_BY_BYTE_0', the same net is connected to more than one pin on submodule 's_inst'. (LINT-33)
   Net 'clk' is connected to pins 'clk', 'out_iface.clk''.
Warning: In design 'framing_FDT_TIMING_ADJUST5_I_in_rx_iface_rx_interface_in_bit_BY_BYTE_0I_out_rx_iface_bytes_rx_interface__BY_BYTE_1I_out_rx_iface_bits_rx_interface__BY_BYTE_0I_in_tx_iface_tx_interface__BY_BYTE_1I_out_tx_iface_tx_interface_out_bit_BY_BYTE_0', the same net is connected to more than one pin on submodule 's_inst'. (LINT-33)
   Net 'rst_n' is connected to pins 'rst_n', 'out_iface.rst_n''.
Warning: In design 'framing_FDT_TIMING_ADJUST5_I_in_rx_iface_rx_interface_in_bit_BY_BYTE_0I_out_rx_iface_bytes_rx_interface__BY_BYTE_1I_out_rx_iface_bits_rx_interface__BY_BYTE_0I_in_tx_iface_tx_interface__BY_BYTE_1I_out_tx_iface_tx_interface_out_bit_BY_BYTE_0', the same net is connected to more than one pin on submodule 'fe_inst'. (LINT-33)
   Net 'clk' is connected to pins 'clk', 'in_iface.clk''.
Warning: In design 'framing_FDT_TIMING_ADJUST5_I_in_rx_iface_rx_interface_in_bit_BY_BYTE_0I_out_rx_iface_bytes_rx_interface__BY_BYTE_1I_out_rx_iface_bits_rx_interface__BY_BYTE_0I_in_tx_iface_tx_interface__BY_BYTE_1I_out_tx_iface_tx_interface_out_bit_BY_BYTE_0', the same net is connected to more than one pin on submodule 'fe_inst'. (LINT-33)
   Net 'rst_n' is connected to pins 'rst_n', 'in_iface.rst_n''.
Warning: In design 'framing_FDT_TIMING_ADJUST5_I_in_rx_iface_rx_interface_in_bit_BY_BYTE_0I_out_rx_iface_bytes_rx_interface__BY_BYTE_1I_out_rx_iface_bits_rx_interface__BY_BYTE_0I_in_tx_iface_tx_interface__BY_BYTE_1I_out_tx_iface_tx_interface_out_bit_BY_BYTE_0', the same net is connected to more than one pin on submodule 'crc_inst'. (LINT-33)
   Net 'clk' is connected to pins 'clk', 'rx_iface.clk'', 'tx_iface.clk'.
Warning: In design 'framing_FDT_TIMING_ADJUST5_I_in_rx_iface_rx_interface_in_bit_BY_BYTE_0I_out_rx_iface_bytes_rx_interface__BY_BYTE_1I_out_rx_iface_bits_rx_interface__BY_BYTE_0I_in_tx_iface_tx_interface__BY_BYTE_1I_out_tx_iface_tx_interface_out_bit_BY_BYTE_0', the same net is connected to more than one pin on submodule 'crc_inst'. (LINT-33)
   Net 'rst_n' is connected to pins 'rst_n', 'rx_iface.rst_n'', 'tx_iface.rst_n'.
Warning: In design 'iso14443_4a_I_rx_iface_rx_interface__BY_BYTE_1I_tx_iface_tx_interface__BY_BYTE_1I_app_rx_iface_rx_interface_out_byte_BY_BYTE_1I_app_tx_iface_tx_interface_in_byte_BY_BYTE_1', output port 'tx_iface.data_bits[2]' is connected directly to 'logic 0'. (LINT-52)
Warning: In design 'iso14443_4a_I_rx_iface_rx_interface__BY_BYTE_1I_tx_iface_tx_interface__BY_BYTE_1I_app_rx_iface_rx_interface_out_byte_BY_BYTE_1I_app_tx_iface_tx_interface_in_byte_BY_BYTE_1', output port 'tx_iface.data_bits[1]' is connected directly to 'logic 0'. (LINT-52)
Warning: In design 'iso14443_4a_I_rx_iface_rx_interface__BY_BYTE_1I_tx_iface_tx_interface__BY_BYTE_1I_app_rx_iface_rx_interface_out_byte_BY_BYTE_1I_app_tx_iface_tx_interface_in_byte_BY_BYTE_1', output port 'tx_iface.data_bits[0]' is connected directly to 'logic 0'. (LINT-52)
Warning: In design 'iso14443_4a_I_rx_iface_rx_interface__BY_BYTE_1I_tx_iface_tx_interface__BY_BYTE_1I_app_rx_iface_rx_interface_out_byte_BY_BYTE_1I_app_tx_iface_tx_interface_in_byte_BY_BYTE_1', output port 'tx_append_crc' is connected directly to 'logic 1'. (LINT-52)
Warning: In design 'iso14443_4a_I_rx_iface_rx_interface__BY_BYTE_1I_tx_iface_tx_interface__BY_BYTE_1I_app_rx_iface_rx_interface_out_byte_BY_BYTE_1I_app_tx_iface_tx_interface_in_byte_BY_BYTE_1', output port 'app_rx_iface.data_bits[2]' is connected directly to 'logic 0'. (LINT-52)
Warning: In design 'iso14443_4a_I_rx_iface_rx_interface__BY_BYTE_1I_tx_iface_tx_interface__BY_BYTE_1I_app_rx_iface_rx_interface_out_byte_BY_BYTE_1I_app_tx_iface_tx_interface_in_byte_BY_BYTE_1', output port 'app_rx_iface.data_bits[1]' is connected directly to 'logic 0'. (LINT-52)
Warning: In design 'iso14443_4a_I_rx_iface_rx_interface__BY_BYTE_1I_tx_iface_tx_interface__BY_BYTE_1I_app_rx_iface_rx_interface_out_byte_BY_BYTE_1I_app_tx_iface_tx_interface_in_byte_BY_BYTE_1', output port 'app_rx_iface.data_bits[0]' is connected directly to 'logic 0'. (LINT-52)
Warning: In design 'adapter_I_rx_iface_rx_interface__BY_BYTE_1I_tx_iface_tx_interface__BY_BYTE_1', output port 'tx_iface.data_bits[2]' is connected directly to 'logic 0'. (LINT-52)
Warning: In design 'adapter_I_rx_iface_rx_interface__BY_BYTE_1I_tx_iface_tx_interface__BY_BYTE_1', output port 'tx_iface.data_bits[1]' is connected directly to 'logic 0'. (LINT-52)
Warning: In design 'adapter_I_rx_iface_rx_interface__BY_BYTE_1I_tx_iface_tx_interface__BY_BYTE_1', output port 'tx_iface.data_bits[0]' is connected directly to 'logic 0'. (LINT-52)
Warning: In design 'radiation_sensor_digital_top', input pin 'rx_iface.data_bits[2]' of hierarchical cell 'iso14443a_inst/part2' has no internal loads and is not connected to any nets. (LINT-60)
Warning: In design 'radiation_sensor_digital_top', input pin 'rx_iface.data_bits[1]' of hierarchical cell 'iso14443a_inst/part2' has no internal loads and is not connected to any nets. (LINT-60)
Warning: In design 'radiation_sensor_digital_top', input pin 'rx_iface.data_bits[0]' of hierarchical cell 'iso14443a_inst/part2' has no internal loads and is not connected to any nets. (LINT-60)
Warning: In design 'radiation_sensor_digital_top', input pin 'tx_iface.data_bits[2]' of hierarchical cell 'iso14443a_inst/part2' has no internal loads and is not connected to any nets. (LINT-60)
Warning: In design 'radiation_sensor_digital_top', input pin 'tx_iface.data_bits[1]' of hierarchical cell 'iso14443a_inst/part2' has no internal loads and is not connected to any nets. (LINT-60)
Warning: In design 'radiation_sensor_digital_top', input pin 'tx_iface.data_bits[0]' of hierarchical cell 'iso14443a_inst/part2' has no internal loads and is not connected to any nets. (LINT-60)
Warning: In design 'radiation_sensor_digital_top', input pin 'rx_iface_from_14443_2a.data_bits[2]' of hierarchical cell 'iso14443a_inst/part3' has no internal loads and is not connected to any nets. (LINT-60)
Warning: In design 'radiation_sensor_digital_top', input pin 'rx_iface_from_14443_2a.data_bits[1]' of hierarchical cell 'iso14443a_inst/part3' has no internal loads and is not connected to any nets. (LINT-60)
Warning: In design 'radiation_sensor_digital_top', input pin 'rx_iface_from_14443_2a.data_bits[0]' of hierarchical cell 'iso14443a_inst/part3' has no internal loads and is not connected to any nets. (LINT-60)
Warning: In design 'radiation_sensor_digital_top', input pin 'tx_iface_to_14443_2a.data_bits[2]' of hierarchical cell 'iso14443a_inst/part3' has no internal loads and is not connected to any nets. (LINT-60)
Warning: In design 'radiation_sensor_digital_top', input pin 'tx_iface_to_14443_2a.data_bits[1]' of hierarchical cell 'iso14443a_inst/part3' has no internal loads and is not connected to any nets. (LINT-60)
Warning: In design 'radiation_sensor_digital_top', input pin 'tx_iface_to_14443_2a.data_bits[0]' of hierarchical cell 'iso14443a_inst/part3' has no internal loads and is not connected to any nets. (LINT-60)
Warning: In design 'radiation_sensor_digital_top', input pin 'tx_iface_from_14443_4a.last_bit_in_byte' of hierarchical cell 'iso14443a_inst/part3' has no internal loads and is not connected to any nets. (LINT-60)
Warning: In design 'radiation_sensor_digital_top', input pin 'tx_iface.last_bit_in_byte' of hierarchical cell 'iso14443a_inst/part4' has no internal loads and is not connected to any nets. (LINT-60)
Warning: In design 'radiation_sensor_digital_top', input pin 'tx_iface.last_bit_in_byte' of hierarchical cell 'adapter_inst' has no internal loads and is not connected to any nets. (LINT-60)
Warning: In design 'iso14443_3a_0_3_1dffd8e0_5_I_rx_iface_from_14443_2a_rx_interface__BY_BYTE_0I_tx_iface_to_14443_2a_tx_interface__BY_BYTE_0I_rx_iface_to_14443_4a_rx_interface__BY_BYTE_1I_tx_iface_from_14443_4a_tx_interface__BY_BYTE_1', input pin 'out_rx_iface_bits.data_bits[2]' of hierarchical cell 'framing_inst' has no internal loads and is not connected to any nets. (LINT-60)
Warning: In design 'iso14443_3a_0_3_1dffd8e0_5_I_rx_iface_from_14443_2a_rx_interface__BY_BYTE_0I_tx_iface_to_14443_2a_tx_interface__BY_BYTE_0I_rx_iface_to_14443_4a_rx_interface__BY_BYTE_1I_tx_iface_from_14443_4a_tx_interface__BY_BYTE_1', input pin 'out_rx_iface_bits.data_bits[1]' of hierarchical cell 'framing_inst' has no internal loads and is not connected to any nets. (LINT-60)
Warning: In design 'iso14443_3a_0_3_1dffd8e0_5_I_rx_iface_from_14443_2a_rx_interface__BY_BYTE_0I_tx_iface_to_14443_2a_tx_interface__BY_BYTE_0I_rx_iface_to_14443_4a_rx_interface__BY_BYTE_1I_tx_iface_from_14443_4a_tx_interface__BY_BYTE_1', input pin 'out_rx_iface_bits.data_bits[0]' of hierarchical cell 'framing_inst' has no internal loads and is not connected to any nets. (LINT-60)
Warning: In design 'iso14443_3a_0_3_1dffd8e0_5_I_rx_iface_from_14443_2a_rx_interface__BY_BYTE_0I_tx_iface_to_14443_2a_tx_interface__BY_BYTE_0I_rx_iface_to_14443_4a_rx_interface__BY_BYTE_1I_tx_iface_from_14443_4a_tx_interface__BY_BYTE_1', input pin 'in_tx_iface.last_bit_in_byte' of hierarchical cell 'framing_inst' has no internal loads and is not connected to any nets. (LINT-60)
Warning: In design 'iso14443_3a_0_3_1dffd8e0_5_I_rx_iface_from_14443_2a_rx_interface__BY_BYTE_0I_tx_iface_to_14443_2a_tx_interface__BY_BYTE_0I_rx_iface_to_14443_4a_rx_interface__BY_BYTE_1I_tx_iface_from_14443_4a_tx_interface__BY_BYTE_1', input pin 'in_tx_iface_init.last_bit_in_byte' of hierarchical cell 'routing_inst' has no internal loads and is not connected to any nets. (LINT-60)
Warning: In design 'iso14443_3a_0_3_1dffd8e0_5_I_rx_iface_from_14443_2a_rx_interface__BY_BYTE_0I_tx_iface_to_14443_2a_tx_interface__BY_BYTE_0I_rx_iface_to_14443_4a_rx_interface__BY_BYTE_1I_tx_iface_from_14443_4a_tx_interface__BY_BYTE_1', input pin 'out_tx_iface.last_bit_in_byte' of hierarchical cell 'routing_inst' has no internal loads and is not connected to any nets. (LINT-60)
Warning: In design 'iso14443_3a_0_3_1dffd8e0_5_I_rx_iface_from_14443_2a_rx_interface__BY_BYTE_0I_tx_iface_to_14443_2a_tx_interface__BY_BYTE_0I_rx_iface_to_14443_4a_rx_interface__BY_BYTE_1I_tx_iface_from_14443_4a_tx_interface__BY_BYTE_1', input pin 'rx_iface_bits.data_bits[2]' of hierarchical cell 'initialisation_inst' has no internal loads and is not connected to any nets. (LINT-60)
Warning: In design 'iso14443_3a_0_3_1dffd8e0_5_I_rx_iface_from_14443_2a_rx_interface__BY_BYTE_0I_tx_iface_to_14443_2a_tx_interface__BY_BYTE_0I_rx_iface_to_14443_4a_rx_interface__BY_BYTE_1I_tx_iface_from_14443_4a_tx_interface__BY_BYTE_1', input pin 'rx_iface_bits.data_bits[1]' of hierarchical cell 'initialisation_inst' has no internal loads and is not connected to any nets. (LINT-60)
Warning: In design 'iso14443_3a_0_3_1dffd8e0_5_I_rx_iface_from_14443_2a_rx_interface__BY_BYTE_0I_tx_iface_to_14443_2a_tx_interface__BY_BYTE_0I_rx_iface_to_14443_4a_rx_interface__BY_BYTE_1I_tx_iface_from_14443_4a_tx_interface__BY_BYTE_1', input pin 'rx_iface_bits.data_bits[0]' of hierarchical cell 'initialisation_inst' has no internal loads and is not connected to any nets. (LINT-60)
Warning: In design 'iso14443_3a_0_3_1dffd8e0_5_I_rx_iface_from_14443_2a_rx_interface__BY_BYTE_0I_tx_iface_to_14443_2a_tx_interface__BY_BYTE_0I_rx_iface_to_14443_4a_rx_interface__BY_BYTE_1I_tx_iface_from_14443_4a_tx_interface__BY_BYTE_1', input pin 'tx_iface.last_bit_in_byte' of hierarchical cell 'initialisation_inst' has no internal loads and is not connected to any nets. (LINT-60)
Warning: In design 'tx_I_in_iface_tx_interface_in_bit_BY_BYTE_0', input pin 'in_iface.data_bits[2]' of hierarchical cell 'bc_inst' has no internal loads and is not connected to any nets. (LINT-60)
Warning: In design 'tx_I_in_iface_tx_interface_in_bit_BY_BYTE_0', input pin 'in_iface.data_bits[1]' of hierarchical cell 'bc_inst' has no internal loads and is not connected to any nets. (LINT-60)
Warning: In design 'tx_I_in_iface_tx_interface_in_bit_BY_BYTE_0', input pin 'in_iface.data_bits[0]' of hierarchical cell 'bc_inst' has no internal loads and is not connected to any nets. (LINT-60)
Warning: In design 'framing_FDT_TIMING_ADJUST5_I_in_rx_iface_rx_interface_in_bit_BY_BYTE_0I_out_rx_iface_bytes_rx_interface__BY_BYTE_1I_out_rx_iface_bits_rx_interface__BY_BYTE_0I_in_tx_iface_tx_interface__BY_BYTE_1I_out_tx_iface_tx_interface_out_bit_BY_BYTE_0', input pin 'out_iface.data_bits[2]' of hierarchical cell 'fd_inst' has no internal loads and is not connected to any nets. (LINT-60)
Warning: In design 'framing_FDT_TIMING_ADJUST5_I_in_rx_iface_rx_interface_in_bit_BY_BYTE_0I_out_rx_iface_bytes_rx_interface__BY_BYTE_1I_out_rx_iface_bits_rx_interface__BY_BYTE_0I_in_tx_iface_tx_interface__BY_BYTE_1I_out_tx_iface_tx_interface_out_bit_BY_BYTE_0', input pin 'out_iface.data_bits[1]' of hierarchical cell 'fd_inst' has no internal loads and is not connected to any nets. (LINT-60)
Warning: In design 'framing_FDT_TIMING_ADJUST5_I_in_rx_iface_rx_interface_in_bit_BY_BYTE_0I_out_rx_iface_bytes_rx_interface__BY_BYTE_1I_out_rx_iface_bits_rx_interface__BY_BYTE_0I_in_tx_iface_tx_interface__BY_BYTE_1I_out_tx_iface_tx_interface_out_bit_BY_BYTE_0', input pin 'out_iface.data_bits[0]' of hierarchical cell 'fd_inst' has no internal loads and is not connected to any nets. (LINT-60)
Warning: In design 'framing_FDT_TIMING_ADJUST5_I_in_rx_iface_rx_interface_in_bit_BY_BYTE_0I_out_rx_iface_bytes_rx_interface__BY_BYTE_1I_out_rx_iface_bits_rx_interface__BY_BYTE_0I_in_tx_iface_tx_interface__BY_BYTE_1I_out_tx_iface_tx_interface_out_bit_BY_BYTE_0', input pin 'in_iface.data_bits[2]' of hierarchical cell 'ds_inst' has no internal loads and is not connected to any nets. (LINT-60)
Warning: In design 'framing_FDT_TIMING_ADJUST5_I_in_rx_iface_rx_interface_in_bit_BY_BYTE_0I_out_rx_iface_bytes_rx_interface__BY_BYTE_1I_out_rx_iface_bits_rx_interface__BY_BYTE_0I_in_tx_iface_tx_interface__BY_BYTE_1I_out_tx_iface_tx_interface_out_bit_BY_BYTE_0', input pin 'in_iface.data_bits[1]' of hierarchical cell 'ds_inst' has no internal loads and is not connected to any nets. (LINT-60)
Warning: In design 'framing_FDT_TIMING_ADJUST5_I_in_rx_iface_rx_interface_in_bit_BY_BYTE_0I_out_rx_iface_bytes_rx_interface__BY_BYTE_1I_out_rx_iface_bits_rx_interface__BY_BYTE_0I_in_tx_iface_tx_interface__BY_BYTE_1I_out_tx_iface_tx_interface_out_bit_BY_BYTE_0', input pin 'in_iface.data_bits[0]' of hierarchical cell 'ds_inst' has no internal loads and is not connected to any nets. (LINT-60)
Warning: In design 'framing_FDT_TIMING_ADJUST5_I_in_rx_iface_rx_interface_in_bit_BY_BYTE_0I_out_rx_iface_bytes_rx_interface__BY_BYTE_1I_out_rx_iface_bits_rx_interface__BY_BYTE_0I_in_tx_iface_tx_interface__BY_BYTE_1I_out_tx_iface_tx_interface_out_bit_BY_BYTE_0', input pin 'out_iface.data_bits[2]' of hierarchical cell 's_inst' has no internal loads and is not connected to any nets. (LINT-60)
Warning: In design 'framing_FDT_TIMING_ADJUST5_I_in_rx_iface_rx_interface_in_bit_BY_BYTE_0I_out_rx_iface_bytes_rx_interface__BY_BYTE_1I_out_rx_iface_bits_rx_interface__BY_BYTE_0I_in_tx_iface_tx_interface__BY_BYTE_1I_out_tx_iface_tx_interface_out_bit_BY_BYTE_0', input pin 'out_iface.data_bits[1]' of hierarchical cell 's_inst' has no internal loads and is not connected to any nets. (LINT-60)
Warning: In design 'framing_FDT_TIMING_ADJUST5_I_in_rx_iface_rx_interface_in_bit_BY_BYTE_0I_out_rx_iface_bytes_rx_interface__BY_BYTE_1I_out_rx_iface_bits_rx_interface__BY_BYTE_0I_in_tx_iface_tx_interface__BY_BYTE_1I_out_tx_iface_tx_interface_out_bit_BY_BYTE_0', input pin 'out_iface.data_bits[0]' of hierarchical cell 's_inst' has no internal loads and is not connected to any nets. (LINT-60)
Warning: In design 'framing_FDT_TIMING_ADJUST5_I_in_rx_iface_rx_interface_in_bit_BY_BYTE_0I_out_rx_iface_bytes_rx_interface__BY_BYTE_1I_out_rx_iface_bits_rx_interface__BY_BYTE_0I_in_tx_iface_tx_interface__BY_BYTE_1I_out_tx_iface_tx_interface_out_bit_BY_BYTE_0', input pin 'in_iface.data_bits[2]' of hierarchical cell 'fe_inst' has no internal loads and is not connected to any nets. (LINT-60)
Warning: In design 'framing_FDT_TIMING_ADJUST5_I_in_rx_iface_rx_interface_in_bit_BY_BYTE_0I_out_rx_iface_bytes_rx_interface__BY_BYTE_1I_out_rx_iface_bits_rx_interface__BY_BYTE_0I_in_tx_iface_tx_interface__BY_BYTE_1I_out_tx_iface_tx_interface_out_bit_BY_BYTE_0', input pin 'in_iface.data_bits[1]' of hierarchical cell 'fe_inst' has no internal loads and is not connected to any nets. (LINT-60)
Warning: In design 'framing_FDT_TIMING_ADJUST5_I_in_rx_iface_rx_interface_in_bit_BY_BYTE_0I_out_rx_iface_bytes_rx_interface__BY_BYTE_1I_out_rx_iface_bits_rx_interface__BY_BYTE_0I_in_tx_iface_tx_interface__BY_BYTE_1I_out_tx_iface_tx_interface_out_bit_BY_BYTE_0', input pin 'in_iface.data_bits[0]' of hierarchical cell 'fe_inst' has no internal loads and is not connected to any nets. (LINT-60)
Warning: In design 'framing_FDT_TIMING_ADJUST5_I_in_rx_iface_rx_interface_in_bit_BY_BYTE_0I_out_rx_iface_bytes_rx_interface__BY_BYTE_1I_out_rx_iface_bits_rx_interface__BY_BYTE_0I_in_tx_iface_tx_interface__BY_BYTE_1I_out_tx_iface_tx_interface_out_bit_BY_BYTE_0', input pin 'rx_iface.data_bits[2]' of hierarchical cell 'crc_inst' has no internal loads and is not connected to any nets. (LINT-60)
Warning: In design 'framing_FDT_TIMING_ADJUST5_I_in_rx_iface_rx_interface_in_bit_BY_BYTE_0I_out_rx_iface_bytes_rx_interface__BY_BYTE_1I_out_rx_iface_bits_rx_interface__BY_BYTE_0I_in_tx_iface_tx_interface__BY_BYTE_1I_out_tx_iface_tx_interface_out_bit_BY_BYTE_0', input pin 'rx_iface.data_bits[1]' of hierarchical cell 'crc_inst' has no internal loads and is not connected to any nets. (LINT-60)
Warning: In design 'framing_FDT_TIMING_ADJUST5_I_in_rx_iface_rx_interface_in_bit_BY_BYTE_0I_out_rx_iface_bytes_rx_interface__BY_BYTE_1I_out_rx_iface_bits_rx_interface__BY_BYTE_0I_in_tx_iface_tx_interface__BY_BYTE_1I_out_tx_iface_tx_interface_out_bit_BY_BYTE_0', input pin 'rx_iface.data_bits[0]' of hierarchical cell 'crc_inst' has no internal loads and is not connected to any nets. (LINT-60)
Warning: In design 'framing_FDT_TIMING_ADJUST5_I_in_rx_iface_rx_interface_in_bit_BY_BYTE_0I_out_rx_iface_bytes_rx_interface__BY_BYTE_1I_out_rx_iface_bits_rx_interface__BY_BYTE_0I_in_tx_iface_tx_interface__BY_BYTE_1I_out_tx_iface_tx_interface_out_bit_BY_BYTE_0', input pin 'tx_iface.data_bits[2]' of hierarchical cell 'crc_inst' has no internal loads and is not connected to any nets. (LINT-60)
Warning: In design 'framing_FDT_TIMING_ADJUST5_I_in_rx_iface_rx_interface_in_bit_BY_BYTE_0I_out_rx_iface_bytes_rx_interface__BY_BYTE_1I_out_rx_iface_bits_rx_interface__BY_BYTE_0I_in_tx_iface_tx_interface__BY_BYTE_1I_out_tx_iface_tx_interface_out_bit_BY_BYTE_0', input pin 'tx_iface.data_bits[1]' of hierarchical cell 'crc_inst' has no internal loads and is not connected to any nets. (LINT-60)
Warning: In design 'framing_FDT_TIMING_ADJUST5_I_in_rx_iface_rx_interface_in_bit_BY_BYTE_0I_out_rx_iface_bytes_rx_interface__BY_BYTE_1I_out_rx_iface_bits_rx_interface__BY_BYTE_0I_in_tx_iface_tx_interface__BY_BYTE_1I_out_tx_iface_tx_interface_out_bit_BY_BYTE_0', input pin 'tx_iface.data_bits[0]' of hierarchical cell 'crc_inst' has no internal loads and is not connected to any nets. (LINT-60)
1
