Information: Propagating switching activity (high effort zero delay simulation). (PWR-6)
Warning: Design has unannotated sequential cell outputs. (PWR-415)
 
****************************************
Report : power
        -analysis_effort high
        -verbose
Design : radiation_sensor_digital_top
Version: P-2019.03
Date   : Mon Feb 28 17:09:11 2022
****************************************


Library(s) Used:

    D_CELLS_HDLL_LPMOS_slow_1_62V_125C (File: /usr/pdks/xfab180/PDK/XFAB_snps_CustomDesigner_kit_v2_2_2/xh018/diglibs/D_CELLS_HDLL/v2_1/liberty_LPMOS/v2_1_1/PVT_1_80V_range/D_CELLS_HDLL_LPMOS_slow_1_62V_125C.db)
    D_CELLS_HD_LPMOS_slow_1_62V_125C (File: /usr/pdks/xfab180/PDK/XFAB_snps_CustomDesigner_kit_v2_2_2/xh018/diglibs/D_CELLS_HD/v3_0/liberty_LPMOS/v3_0_1/PVT_1_80V_range/D_CELLS_HD_LPMOS_slow_1_62V_125C.db)


Operating Conditions: slow_1_62V_125C   Library: D_CELLS_HD_LPMOS_slow_1_62V_125C
Wire Load Model Mode: Inactive.


Global Operating Voltage = 1.62 
Power-specific unit information :
    Voltage Units = 1V
    Capacitance Units = 1.000000pf
    Time Units = 1ns
    Dynamic Power Units = 1mW    (derived from V,C,T units)
    Leakage Power Units = 1pW

Warning: Cannot report correlated power unless power prediction mode is set. (PWR-727)
Power Breakdown
---------------

                             Cell        Driven Net  Tot Dynamic      Cell
                             Internal    Switching   Power (mW)       Leakage
Cell                         Power (mW)  Power (mW)  (% Cell/Tot)     Power (pW)
--------------------------------------------------------------------------------
Netlist Power                   0.1326      0.0265   1.591e-01 (83%)  4.356e+05
Estimated Clock Tree Power   N/A         N/A          (N/A)           N/A
--------------------------------------------------------------------------------
                 Internal         Switching           Leakage            Total                         Cell
Power Group      Power            Power               Power              Power   (   %    )  Attrs  Count
---------------------------------------------------------------------------------------------------------
io_pad             0.0000            0.0000            0.0000            0.0000  (   0.00%)            0
memory             0.0000            0.0000            0.0000            0.0000  (   0.00%)            0
black_box          0.0000            0.0000            0.0000            0.0000  (   0.00%)            0
clock_network  3.0806e-02        1.8148e-02        2.5951e+04        4.8980e-02  (  30.70%)            54
register       9.7393e-02        3.4577e-03        2.5553e+05            0.1011  (  63.38%)            588
sequential         0.0000            0.0000            0.0000            0.0000  (   0.00%)            0
combinational  4.3901e-03        4.8973e-03        1.5408e+05        9.4414e-03  (   5.92%)            1661
---------------------------------------------------------------------------------------------------------
Total              0.1326 mW     2.6503e-02 mW     4.3556e+05 pW         0.1595 mW
1
