 
****************************************
Report : saif
        -missing
        -hierarchy
        -rtl_saif
Design : radiation_sensor_digital_top
Version: P-2019.03
Date   : Tue Jul 13 15:16:39 2021
****************************************

  

--------------------------------------------------------------------------------
              User              Default           Propagated
Object type   Annotated (%)     Activity (%)      Activity (%)       Total
--------------------------------------------------------------------------------
  
 Ports        45(100.00%)       0(0.00%)          0(0.00%)           45
 Seq Cells    648(100.00%)      0(0.00%)          0(0.00%)           648
 Tri Cells    0(0.00%)          0(0.00%)          0(0.00%)           0
--------------------------------------------------------------------------------

 List of Non-annotated ports :

   0 ports

 List of Non-annotated sequential cells :

   0 sequential cells

 List of Non-annotated three-state cells :

   0 three-state cells

--------------------------------------------------------------------------------
1
