 
****************************************
Report : timing_requirements
        -attributes
Design : radiation_sensor_digital_top
Version: P-2019.03
Date   : Thu Mar 10 15:39:11 2022
****************************************

Description                            Setup               Hold
--------------------------------------------------------------------------------
TIMING EXCEPTION                       FALSE               FALSE                -from { afe_version[0] afe_version[1] afe_version[2] afe_version[3] }
TIMING EXCEPTION                       FALSE               FALSE                -from { adc_version[0] adc_version[1] adc_version[2] adc_version[3] }
TIMING EXCEPTION                       FALSE               FALSE                -from { sens_version[0] sens_version[1] sens_version[2] sens_version[3] }
TIMING EXCEPTION                       FALSE               FALSE                -from { uid_variable[0] uid_variable[1] uid_variable[2] }
TIMING EXCEPTION                       FALSE               FALSE                -from rst_n_async
TIMING EXCEPTION                       FALSE               FALSE                -from { power[0] power[1] }
TIMING EXCEPTION                       FALSE               FALSE                -to { sens_config[0] sens_config[1] sens_config[2] }
TIMING EXCEPTION                       FALSE               FALSE                -to sens_enable
TIMING EXCEPTION                       FALSE               FALSE                -to sens_read
TIMING EXCEPTION                       FALSE               FALSE                -to adc_enable
TIMING EXCEPTION                       FALSE               FALSE                -to adc_read
TIMING EXCEPTION                       FALSE               FALSE                -from { adc_value[0] adc_value[10] adc_value[11] adc_value[12] adc_value[13] adc_value[14] adc_value[15] adc_value[1] adc_value[2] adc_value[3] adc_value[4] adc_value[5] adc_value[6] adc_value[7] adc_value[8] adc_value[9] }
TIMING EXCEPTION                       FALSE               FALSE                -from adc_conversion_complete_async
TIMING EXCEPTION                       max=5               -                    -from pause_n_async
TIMING EXCEPTION                       max=5               -                    -to lm_out

1
