****************************************
Report : power
        -significant_digits 2
Design : radiation_sensor_digital_top
Version: P-2019.03
Date   : Tue Jul 13 15:35:31 2021
****************************************
Information: Activity for scenario virtual_scenario was cached, no propagation required. (POW-005)
Mode: virtual_scenario
Corner: virtual_scenario
Scenario: virtual_scenario
Voltage: 1.62
Temperature: 125.00

Voltage Unit         : 1V
Capacitance Unit     : 1pF
Time Unit            : 1ns
Temperature Unit     : 1C
Dynamic Power Unit   : 1pW
Leakage Power Unit   : 1pW

Switched supply net power scaling:
scaling for leakage power

Supply nets:
VDD (power) probability 1.00 (default)
VSS (ground) probability 1.00 (default)

  Cell Internal Power    = 1.86e+08 pW ( 66.9%)
  Net Switching Power    = 9.17e+07 pW ( 33.1%)
Total Dynamic Power      = 2.77e+08 pW (100.0%)

Cell Leakage Power       = 6.00e+05 pW


  Attributes
  ----------
      u  -  User defined power group

Power Group         Internal Power        Switching Power          Leakage Power            Total Power    (   %  )    Attrs
-----------------------------------------------------------------------------------------------------------------------------
io_pad                    0.00e+00               0.00e+00               0.00e+00               0.00e+00    (  0.0%)      
memory                    0.00e+00               0.00e+00               0.00e+00               0.00e+00    (  0.0%)      
black_box                 0.00e+00               0.00e+00               6.76e+01               6.76e+01    (  0.0%)      
clock_network             1.75e+08               8.18e+07               4.31e+04               2.57e+08    ( 92.3%)      
register                  3.46e+06               2.02e+06               3.32e+05               5.81e+06    (  2.1%)      
sequential                0.00e+00               0.00e+00               0.00e+00               0.00e+00    (  0.0%)      
combinational             7.31e+06               7.94e+06               2.25e+05               1.55e+07    (  5.6%)      
-----------------------------------------------------------------------------------------------------------------------------
Total                     1.86e+08 pW            9.17e+07 pW            6.00e+05 pW            2.78e+08 pW
1
