Warning: Scenario virtual_scenario_bc is not configured for setup analysis: skipping. (UIC-058)
****************************************
Report : timing
        -path_type full
        -delay_type max
        -max_paths 1
        -report_by design
Design : radiation_sensor_digital_top
Version: P-2019.03
Date   : Fri Jul 23 11:36:32 2021
****************************************

  Startpoint: clk_r_REG27_S13 (rising edge-triggered flip-flop clocked by clk)
  Endpoint: lm_out (output port)
  Mode: virtual_scenario
  Corner: virtual_scenario
  Scenario: virtual_scenario
  Path Group: default
  Path Type: max

  Point                                            Incr      Path  
  ------------------------------------------------------------------------
  clock clk (rise edge)                            0.00      0.00
  clk_r_REG27_S13/C (DFRRQHDX1)                    0.00      0.00 r
  clk_r_REG27_S13/Q (DFRRQHDX1)                    3.39      3.39 r
  lm_out (out)                                     0.01      3.39 r
  data arrival time                                          3.39

  max_delay to non-endpoint                        5.00      5.00
  data required time                                         5.00
  ------------------------------------------------------------------------
  data required time                                         5.00
  data arrival time                                         -3.39
  ------------------------------------------------------------------------
  slack (MET)                                                1.61


1
