Warning: Scenario virtual_scenario is not configured for hold analysis: skipping. (UIC-058)
****************************************
Report : timing
        -path_type full
        -delay_type min
        -max_paths 1
        -report_by design
Design : radiation_sensor_digital_top
Version: P-2019.03
Date   : Mon Feb 28 17:47:58 2022
****************************************

  Startpoint: clk_r_REG219_S17 (rising edge-triggered flip-flop clocked by clk)
  Endpoint: clk_r_REG214_S17 (rising edge-triggered flip-flop clocked by clk)
  Mode: virtual_scenario_bc
  Corner: virtual_scenario_bc
  Scenario: virtual_scenario_bc
  Path Group: clk
  Path Type: min

  Point                                            Incr      Path  
  ------------------------------------------------------------------------
  clock clk (rise edge)                            0.00      0.00
  clock network delay (propagated)                 0.63      0.63

  clk_r_REG219_S17/C (DFRRQHDLLX0)                 0.00      0.63 r
  clk_r_REG219_S17/Q (DFRRQHDLLX0)                 0.32      0.95 r
  copt_h_inst_3191/Q (BUHDLLX0)                    0.28      1.23 r
  U3501/Q (MU2HDLLX4)                              0.24      1.46 r
  clk_r_REG214_S17/D (DFRRQHDX0)                   0.00      1.46 r
  data arrival time                                          1.46

  clock clk (rise edge)                            0.00      0.00
  clock network delay (propagated)                 0.94      0.94
  clk_r_REG214_S17/C (DFRRQHDX0)                   0.00      0.94 r
  clock uncertainty                                0.50      1.44
  library hold time                                0.01      1.46
  data required time                                         1.46
  ------------------------------------------------------------------------
  data required time                                         1.46
  data arrival time                                         -1.46
  ------------------------------------------------------------------------
  slack (MET)                                                0.01


1
