AN211HDX0, 3.3600, 4.4800, {0.0000 -0.4000} {3.3600 4.8800}, {0.0000 0.0000} {0.0000 4.4800} {3.3600 4.4800} {3.3600 0.0000}
AN211HDX1, 3.3600, 4.4800, {0.0000 -0.4000} {3.3600 4.8800}, {0.0000 0.0000} {0.0000 4.4800} {3.3600 4.4800} {3.3600 0.0000}
AN211HDX2, 6.1600, 4.4800, {0.0000 -0.4000} {6.1600 4.8800}, {0.0000 0.0000} {0.0000 4.4800} {6.1600 4.4800} {6.1600 0.0000}
AN211HDX4, 7.2800, 4.4800, {0.0000 -0.4000} {7.2800 4.8800}, {0.0000 0.0000} {0.0000 4.4800} {7.2800 4.4800} {7.2800 0.0000}
AN21HDX0, 2.8000, 4.4800, {0.0000 -0.4000} {2.8000 4.8800}, {0.0000 0.0000} {0.0000 4.4800} {2.8000 4.4800} {2.8000 0.0000}
AN21HDX1, 2.8000, 4.4800, {0.0000 -0.4000} {2.8000 4.8800}, {0.0000 0.0000} {0.0000 4.4800} {2.8000 4.4800} {2.8000 0.0000}
AN21HDX2, 5.0400, 4.4800, {0.0000 -0.4000} {5.0400 4.8800}, {0.0000 0.0000} {0.0000 4.4800} {5.0400 4.4800} {5.0400 0.0000}
AN21HDX4, 6.7200, 4.4800, {0.0000 -0.4000} {6.7200 4.8800}, {0.0000 0.0000} {0.0000 4.4800} {6.7200 4.4800} {6.7200 0.0000}
AN221HDX0, 4.4800, 4.4800, {0.0000 -0.4000} {4.4800 4.8800}, {0.0000 0.0000} {0.0000 4.4800} {4.4800 4.4800} {4.4800 0.0000}
AN221HDX1, 4.4800, 4.4800, {0.0000 -0.4000} {4.4800 4.8800}, {0.0000 0.0000} {0.0000 4.4800} {4.4800 4.4800} {4.4800 0.0000}
AN221HDX2, 6.7200, 4.4800, {0.0000 -0.4000} {6.7200 4.8800}, {0.0000 0.0000} {0.0000 4.4800} {6.7200 4.4800} {6.7200 0.0000}
AN221HDX4, 8.4000, 4.4800, {0.0000 -0.4000} {8.4000 4.8800}, {0.0000 0.0000} {0.0000 4.4800} {8.4000 4.4800} {8.4000 0.0000}
AN222HDX0, 5.0400, 4.4800, {0.0000 -0.4000} {5.0400 4.8800}, {0.0000 0.0000} {0.0000 4.4800} {5.0400 4.4800} {5.0400 0.0000}
AN222HDX1, 5.0400, 4.4800, {0.0000 -0.4000} {5.0400 4.8800}, {0.0000 0.0000} {0.0000 4.4800} {5.0400 4.4800} {5.0400 0.0000}
AN222HDX2, 7.2800, 4.4800, {0.0000 -0.4000} {7.2800 4.8800}, {0.0000 0.0000} {0.0000 4.4800} {7.2800 4.4800} {7.2800 0.0000}
AN222HDX4, 8.9600, 4.4800, {0.0000 -0.4000} {8.9600 4.8800}, {0.0000 0.0000} {0.0000 4.4800} {8.9600 4.4800} {8.9600 0.0000}
AN22HDX0, 3.3600, 4.4800, {0.0000 -0.4000} {3.3600 4.8800}, {0.0000 0.0000} {0.0000 4.4800} {3.3600 4.4800} {3.3600 0.0000}
AN22HDX1, 3.3600, 4.4800, {0.0000 -0.4000} {3.3600 4.8800}, {0.0000 0.0000} {0.0000 4.4800} {3.3600 4.4800} {3.3600 0.0000}
AN22HDX2, 5.6000, 4.4800, {0.0000 -0.4000} {5.6000 4.8800}, {0.0000 0.0000} {0.0000 4.4800} {5.6000 4.4800} {5.6000 0.0000}
AN22HDX4, 7.2800, 4.4800, {0.0000 -0.4000} {7.2800 4.8800}, {0.0000 0.0000} {0.0000 4.4800} {7.2800 4.4800} {7.2800 0.0000}
AN311HDX0, 3.9200, 4.4800, {0.0000 -0.4000} {3.9200 4.8800}, {0.0000 0.0000} {0.0000 4.4800} {3.9200 4.4800} {3.9200 0.0000}
AN311HDX1, 4.4800, 4.4800, {0.0000 -0.4000} {4.4800 4.8800}, {0.0000 0.0000} {0.0000 4.4800} {4.4800 4.4800} {4.4800 0.0000}
AN311HDX2, 6.7200, 4.4800, {0.0000 -0.4000} {6.7200 4.8800}, {0.0000 0.0000} {0.0000 4.4800} {6.7200 4.4800} {6.7200 0.0000}
AN311HDX4, 7.8400, 4.4800, {0.0000 -0.4000} {7.8400 4.8800}, {0.0000 0.0000} {0.0000 4.4800} {7.8400 4.4800} {7.8400 0.0000}
AN31HDX0, 3.3600, 4.4800, {0.0000 -0.4000} {3.3600 4.8800}, {0.0000 0.0000} {0.0000 4.4800} {3.3600 4.4800} {3.3600 0.0000}
AN31HDX1, 3.3600, 4.4800, {0.0000 -0.4000} {3.3600 4.8800}, {0.0000 0.0000} {0.0000 4.4800} {3.3600 4.4800} {3.3600 0.0000}
AN31HDX2, 5.6000, 4.4800, {0.0000 -0.4000} {5.6000 4.8800}, {0.0000 0.0000} {0.0000 4.4800} {5.6000 4.4800} {5.6000 0.0000}
AN31HDX4, 7.2800, 4.4800, {0.0000 -0.4000} {7.2800 4.8800}, {0.0000 0.0000} {0.0000 4.4800} {7.2800 4.4800} {7.2800 0.0000}
AN321HDX0, 4.4800, 4.4800, {0.0000 -0.4000} {4.4800 4.8800}, {0.0000 0.0000} {0.0000 4.4800} {4.4800 4.4800} {4.4800 0.0000}
AN321HDX1, 5.0400, 4.4800, {0.0000 -0.4000} {5.0400 4.8800}, {0.0000 0.0000} {0.0000 4.4800} {5.0400 4.4800} {5.0400 0.0000}
AN321HDX2, 7.2800, 4.4800, {0.0000 -0.4000} {7.2800 4.8800}, {0.0000 0.0000} {0.0000 4.4800} {7.2800 4.4800} {7.2800 0.0000}
AN321HDX4, 8.9600, 4.4800, {0.0000 -0.4000} {8.9600 4.8800}, {0.0000 0.0000} {0.0000 4.4800} {8.9600 4.4800} {8.9600 0.0000}
AN32HDX0, 3.9200, 4.4800, {0.0000 -0.4000} {3.9200 4.8800}, {0.0000 0.0000} {0.0000 4.4800} {3.9200 4.4800} {3.9200 0.0000}
AN32HDX1, 3.9200, 4.4800, {0.0000 -0.4000} {3.9200 4.8800}, {0.0000 0.0000} {0.0000 4.4800} {3.9200 4.4800} {3.9200 0.0000}
AN32HDX2, 6.7200, 4.4800, {0.0000 -0.4000} {6.7200 4.8800}, {0.0000 0.0000} {0.0000 4.4800} {6.7200 4.4800} {6.7200 0.0000}
AN32HDX4, 7.8400, 4.4800, {0.0000 -0.4000} {7.8400 4.8800}, {0.0000 0.0000} {0.0000 4.4800} {7.8400 4.4800} {7.8400 0.0000}
AN33HDX0, 4.4800, 4.4800, {0.0000 -0.4000} {4.4800 4.8800}, {0.0000 0.0000} {0.0000 4.4800} {4.4800 4.4800} {4.4800 0.0000}
AN33HDX1, 4.4800, 4.4800, {0.0000 -0.4000} {4.4800 4.8800}, {0.0000 0.0000} {0.0000 4.4800} {4.4800 4.4800} {4.4800 0.0000}
AN33HDX2, 7.2800, 4.4800, {0.0000 -0.4000} {7.2800 4.8800}, {0.0000 0.0000} {0.0000 4.4800} {7.2800 4.4800} {7.2800 0.0000}
AN33HDX4, 8.4000, 4.4800, {0.0000 -0.4000} {8.4000 4.8800}, {0.0000 0.0000} {0.0000 4.4800} {8.4000 4.4800} {8.4000 0.0000}
AND2HDX0, 2.8000, 4.4800, {0.0000 -0.4000} {2.8000 4.8800}, {0.0000 0.0000} {0.0000 4.4800} {2.8000 4.4800} {2.8000 0.0000}
AND2HDX1, 2.8000, 4.4800, {0.0000 -0.4000} {2.8000 4.8800}, {0.0000 0.0000} {0.0000 4.4800} {2.8000 4.4800} {2.8000 0.0000}
AND2HDX2, 3.3600, 4.4800, {0.0000 -0.4000} {3.3600 4.8800}, {0.0000 0.0000} {0.0000 4.4800} {3.3600 4.4800} {3.3600 0.0000}
AND2HDX4, 4.4800, 4.4800, {0.0000 -0.4000} {4.4800 4.8800}, {0.0000 0.0000} {0.0000 4.4800} {4.4800 4.4800} {4.4800 0.0000}
AND3HDX0, 3.3600, 4.4800, {0.0000 -0.4000} {3.3600 4.8800}, {0.0000 0.0000} {0.0000 4.4800} {3.3600 4.4800} {3.3600 0.0000}
AND3HDX1, 3.3600, 4.4800, {0.0000 -0.4000} {3.3600 4.8800}, {0.0000 0.0000} {0.0000 4.4800} {3.3600 4.4800} {3.3600 0.0000}
AND3HDX2, 3.9200, 4.4800, {0.0000 -0.4000} {3.9200 4.8800}, {0.0000 0.0000} {0.0000 4.4800} {3.9200 4.4800} {3.9200 0.0000}
AND3HDX4, 5.0400, 4.4800, {0.0000 -0.4000} {5.0400 4.8800}, {0.0000 0.0000} {0.0000 4.4800} {5.0400 4.4800} {5.0400 0.0000}
AND4HDX0, 3.9200, 4.4800, {0.0000 -0.4000} {3.9200 4.8800}, {0.0000 0.0000} {0.0000 4.4800} {3.9200 4.4800} {3.9200 0.0000}
AND4HDX1, 3.9200, 4.4800, {0.0000 -0.4000} {3.9200 4.8800}, {0.0000 0.0000} {0.0000 4.4800} {3.9200 4.4800} {3.9200 0.0000}
AND4HDX2, 4.4800, 4.4800, {0.0000 -0.4000} {4.4800 4.8800}, {0.0000 0.0000} {0.0000 4.4800} {4.4800 4.4800} {4.4800 0.0000}
AND4HDX4, 6.1600, 4.4800, {0.0000 -0.4000} {6.1600 4.8800}, {0.0000 0.0000} {0.0000 4.4800} {6.1600 4.4800} {6.1600 0.0000}
AND5HDX0, 5.6000, 4.4800, {0.0000 -0.4000} {5.6000 4.8800}, {0.0000 0.0000} {0.0000 4.4800} {5.6000 4.4800} {5.6000 0.0000}
AND5HDX1, 5.6000, 4.4800, {0.0000 -0.4000} {5.6000 4.8800}, {0.0000 0.0000} {0.0000 4.4800} {5.6000 4.4800} {5.6000 0.0000}
AND5HDX2, 6.7200, 4.4800, {0.0000 -0.4000} {6.7200 4.8800}, {0.0000 0.0000} {0.0000 4.4800} {6.7200 4.4800} {6.7200 0.0000}
AND5HDX4, 8.9600, 4.4800, {0.0000 -0.4000} {8.9600 4.8800}, {0.0000 0.0000} {0.0000 4.4800} {8.9600 4.4800} {8.9600 0.0000}
AND6HDX0, 6.1600, 4.4800, {0.0000 -0.4000} {6.1600 4.8800}, {0.0000 0.0000} {0.0000 4.4800} {6.1600 4.4800} {6.1600 0.0000}
AND6HDX1, 6.1600, 4.4800, {0.0000 -0.4000} {6.1600 4.8800}, {0.0000 0.0000} {0.0000 4.4800} {6.1600 4.4800} {6.1600 0.0000}
AND6HDX2, 7.2800, 4.4800, {0.0000 -0.4000} {7.2800 4.8800}, {0.0000 0.0000} {0.0000 4.4800} {7.2800 4.4800} {7.2800 0.0000}
AND6HDX4, 9.5200, 4.4800, {0.0000 -0.4000} {9.5200 4.8800}, {0.0000 0.0000} {0.0000 4.4800} {9.5200 4.4800} {9.5200 0.0000}
AO211HDX0, 3.9200, 4.4800, {0.0000 -0.4000} {3.9200 4.8800}, {0.0000 0.0000} {0.0000 4.4800} {3.9200 4.4800} {3.9200 0.0000}
AO211HDX1, 3.9200, 4.4800, {0.0000 -0.4000} {3.9200 4.8800}, {0.0000 0.0000} {0.0000 4.4800} {3.9200 4.4800} {3.9200 0.0000}
AO211HDX2, 5.0400, 4.4800, {0.0000 -0.4000} {5.0400 4.8800}, {0.0000 0.0000} {0.0000 4.4800} {5.0400 4.4800} {5.0400 0.0000}
AO211HDX4, 6.1600, 4.4800, {0.0000 -0.4000} {6.1600 4.8800}, {0.0000 0.0000} {0.0000 4.4800} {6.1600 4.4800} {6.1600 0.0000}
AO21HDX0, 3.9200, 4.4800, {0.0000 -0.4000} {3.9200 4.8800}, {0.0000 0.0000} {0.0000 4.4800} {3.9200 4.4800} {3.9200 0.0000}
AO21HDX1, 3.9200, 4.4800, {0.0000 -0.4000} {3.9200 4.8800}, {0.0000 0.0000} {0.0000 4.4800} {3.9200 4.4800} {3.9200 0.0000}
AO21HDX2, 4.4800, 4.4800, {0.0000 -0.4000} {4.4800 4.8800}, {0.0000 0.0000} {0.0000 4.4800} {4.4800 4.4800} {4.4800 0.0000}
AO21HDX4, 5.6000, 4.4800, {0.0000 -0.4000} {5.6000 4.8800}, {0.0000 0.0000} {0.0000 4.4800} {5.6000 4.4800} {5.6000 0.0000}
AO221HDX0, 5.0400, 4.4800, {0.0000 -0.4000} {5.0400 4.8800}, {0.0000 0.0000} {0.0000 4.4800} {5.0400 4.4800} {5.0400 0.0000}
AO221HDX1, 5.0400, 4.4800, {0.0000 -0.4000} {5.0400 4.8800}, {0.0000 0.0000} {0.0000 4.4800} {5.0400 4.4800} {5.0400 0.0000}
AO221HDX2, 6.1600, 4.4800, {0.0000 -0.4000} {6.1600 4.8800}, {0.0000 0.0000} {0.0000 4.4800} {6.1600 4.4800} {6.1600 0.0000}
AO221HDX4, 7.8400, 4.4800, {0.0000 -0.4000} {7.8400 4.8800}, {0.0000 0.0000} {0.0000 4.4800} {7.8400 4.4800} {7.8400 0.0000}
AO222HDX0, 5.6000, 4.4800, {0.0000 -0.4000} {5.6000 4.8800}, {0.0000 0.0000} {0.0000 4.4800} {5.6000 4.4800} {5.6000 0.0000}
AO222HDX1, 5.6000, 4.4800, {0.0000 -0.4000} {5.6000 4.8800}, {0.0000 0.0000} {0.0000 4.4800} {5.6000 4.4800} {5.6000 0.0000}
AO222HDX2, 6.7200, 4.4800, {0.0000 -0.4000} {6.7200 4.8800}, {0.0000 0.0000} {0.0000 4.4800} {6.7200 4.4800} {6.7200 0.0000}
AO222HDX4, 8.4000, 4.4800, {0.0000 -0.4000} {8.4000 4.8800}, {0.0000 0.0000} {0.0000 4.4800} {8.4000 4.4800} {8.4000 0.0000}
AO22HDX0, 4.4800, 4.4800, {0.0000 -0.4000} {4.4800 4.8800}, {0.0000 0.0000} {0.0000 4.4800} {4.4800 4.4800} {4.4800 0.0000}
AO22HDX1, 4.4800, 4.4800, {0.0000 -0.4000} {4.4800 4.8800}, {0.0000 0.0000} {0.0000 4.4800} {4.4800 4.4800} {4.4800 0.0000}
AO22HDX2, 5.0400, 4.4800, {0.0000 -0.4000} {5.0400 4.8800}, {0.0000 0.0000} {0.0000 4.4800} {5.0400 4.4800} {5.0400 0.0000}
AO22HDX4, 6.1600, 4.4800, {0.0000 -0.4000} {6.1600 4.8800}, {0.0000 0.0000} {0.0000 4.4800} {6.1600 4.4800} {6.1600 0.0000}
AO311HDX0, 4.4800, 4.4800, {0.0000 -0.4000} {4.4800 4.8800}, {0.0000 0.0000} {0.0000 4.4800} {4.4800 4.4800} {4.4800 0.0000}
AO311HDX1, 4.4800, 4.4800, {0.0000 -0.4000} {4.4800 4.8800}, {0.0000 0.0000} {0.0000 4.4800} {4.4800 4.4800} {4.4800 0.0000}
AO311HDX2, 5.6000, 4.4800, {0.0000 -0.4000} {5.6000 4.8800}, {0.0000 0.0000} {0.0000 4.4800} {5.6000 4.4800} {5.6000 0.0000}
AO311HDX4, 6.7200, 4.4800, {0.0000 -0.4000} {6.7200 4.8800}, {0.0000 0.0000} {0.0000 4.4800} {6.7200 4.4800} {6.7200 0.0000}
AO31HDX0, 3.9200, 4.4800, {0.0000 -0.4000} {3.9200 4.8800}, {0.0000 0.0000} {0.0000 4.4800} {3.9200 4.4800} {3.9200 0.0000}
AO31HDX1, 3.9200, 4.4800, {0.0000 -0.4000} {3.9200 4.8800}, {0.0000 0.0000} {0.0000 4.4800} {3.9200 4.4800} {3.9200 0.0000}
AO31HDX2, 4.4800, 4.4800, {0.0000 -0.4000} {4.4800 4.8800}, {0.0000 0.0000} {0.0000 4.4800} {4.4800 4.4800} {4.4800 0.0000}
AO31HDX4, 6.1600, 4.4800, {0.0000 -0.4000} {6.1600 4.8800}, {0.0000 0.0000} {0.0000 4.4800} {6.1600 4.4800} {6.1600 0.0000}
AO321HDX0, 5.6000, 4.4800, {0.0000 -0.4000} {5.6000 4.8800}, {0.0000 0.0000} {0.0000 4.4800} {5.6000 4.4800} {5.6000 0.0000}
AO321HDX1, 5.6000, 4.4800, {0.0000 -0.4000} {5.6000 4.8800}, {0.0000 0.0000} {0.0000 4.4800} {5.6000 4.4800} {5.6000 0.0000}
AO321HDX2, 6.7200, 4.4800, {0.0000 -0.4000} {6.7200 4.8800}, {0.0000 0.0000} {0.0000 4.4800} {6.7200 4.4800} {6.7200 0.0000}
AO321HDX4, 7.8400, 4.4800, {0.0000 -0.4000} {7.8400 4.8800}, {0.0000 0.0000} {0.0000 4.4800} {7.8400 4.4800} {7.8400 0.0000}
AO32HDX0, 4.4800, 4.4800, {0.0000 -0.4000} {4.4800 4.8800}, {0.0000 0.0000} {0.0000 4.4800} {4.4800 4.4800} {4.4800 0.0000}
AO32HDX1, 4.4800, 4.4800, {0.0000 -0.4000} {4.4800 4.8800}, {0.0000 0.0000} {0.0000 4.4800} {4.4800 4.4800} {4.4800 0.0000}
AO32HDX2, 5.6000, 4.4800, {0.0000 -0.4000} {5.6000 4.8800}, {0.0000 0.0000} {0.0000 4.4800} {5.6000 4.4800} {5.6000 0.0000}
AO32HDX4, 6.7200, 4.4800, {0.0000 -0.4000} {6.7200 4.8800}, {0.0000 0.0000} {0.0000 4.4800} {6.7200 4.4800} {6.7200 0.0000}
AO33HDX0, 5.6000, 4.4800, {0.0000 -0.4000} {5.6000 4.8800}, {0.0000 0.0000} {0.0000 4.4800} {5.6000 4.4800} {5.6000 0.0000}
AO33HDX1, 5.6000, 4.4800, {0.0000 -0.4000} {5.6000 4.8800}, {0.0000 0.0000} {0.0000 4.4800} {5.6000 4.4800} {5.6000 0.0000}
AO33HDX2, 6.1600, 4.4800, {0.0000 -0.4000} {6.1600 4.8800}, {0.0000 0.0000} {0.0000 4.4800} {6.1600 4.4800} {6.1600 0.0000}
AO33HDX4, 7.2800, 4.4800, {0.0000 -0.4000} {7.2800 4.8800}, {0.0000 0.0000} {0.0000 4.4800} {7.2800 4.4800} {7.2800 0.0000}
BTHHDX12, 12.8800, 4.4800, {0.0000 -0.4000} {12.8800 4.8800}, {0.0000 0.0000} {0.0000 4.4800} {12.8800 4.4800} {12.8800 0.0000}
BTHHDX1, 5.0400, 4.4800, {0.0000 -0.4000} {5.0400 4.8800}, {0.0000 0.0000} {0.0000 4.4800} {5.0400 4.4800} {5.0400 0.0000}
BTHHDX2, 6.1600, 4.4800, {0.0000 -0.4000} {6.1600 4.8800}, {0.0000 0.0000} {0.0000 4.4800} {6.1600 4.4800} {6.1600 0.0000}
BTHHDX3, 7.2800, 4.4800, {0.0000 -0.4000} {7.2800 4.8800}, {0.0000 0.0000} {0.0000 4.4800} {7.2800 4.4800} {7.2800 0.0000}
BTHHDX4, 7.8400, 4.4800, {0.0000 -0.4000} {7.8400 4.8800}, {0.0000 0.0000} {0.0000 4.4800} {7.8400 4.4800} {7.8400 0.0000}
BTHHDX6, 8.4000, 4.4800, {0.0000 -0.4000} {8.4000 4.8800}, {0.0000 0.0000} {0.0000 4.4800} {8.4000 4.4800} {8.4000 0.0000}
BTHHDX8, 10.0800, 4.4800, {0.0000 -0.4000} {10.0800 4.8800}, {0.0000 0.0000} {0.0000 4.4800} {10.0800 4.4800} {10.0800 0.0000}
BTLHDX12, 12.8800, 4.4800, {0.0000 -0.4000} {12.8800 4.8800}, {0.0000 0.0000} {0.0000 4.4800} {12.8800 4.4800} {12.8800 0.0000}
BTLHDX1, 5.0400, 4.4800, {0.0000 -0.4000} {5.0400 4.8800}, {0.0000 0.0000} {0.0000 4.4800} {5.0400 4.4800} {5.0400 0.0000}
BTLHDX2, 6.1600, 4.4800, {0.0000 -0.4000} {6.1600 4.8800}, {0.0000 0.0000} {0.0000 4.4800} {6.1600 4.4800} {6.1600 0.0000}
BTLHDX3, 7.2800, 4.4800, {0.0000 -0.4000} {7.2800 4.8800}, {0.0000 0.0000} {0.0000 4.4800} {7.2800 4.4800} {7.2800 0.0000}
BTLHDX4, 7.8400, 4.4800, {0.0000 -0.4000} {7.8400 4.8800}, {0.0000 0.0000} {0.0000 4.4800} {7.8400 4.4800} {7.8400 0.0000}
BTLHDX6, 8.4000, 4.4800, {0.0000 -0.4000} {8.4000 4.8800}, {0.0000 0.0000} {0.0000 4.4800} {8.4000 4.4800} {8.4000 0.0000}
BTLHDX8, 10.0800, 4.4800, {0.0000 -0.4000} {10.0800 4.8800}, {0.0000 0.0000} {0.0000 4.4800} {10.0800 4.4800} {10.0800 0.0000}
BUHDX0, 2.2400, 4.4800, {0.0000 -0.4000} {2.2400 4.8800}, {0.0000 0.0000} {0.0000 4.4800} {2.2400 4.4800} {2.2400 0.0000}
BUHDX12, 11.2000, 4.4800, {0.0000 -0.4000} {11.2000 4.8800}, {0.0000 0.0000} {0.0000 4.4800} {11.2000 4.4800} {11.2000 0.0000}
BUHDX1, 2.2400, 4.4800, {0.0000 -0.4000} {2.2400 4.8800}, {0.0000 0.0000} {0.0000 4.4800} {2.2400 4.4800} {2.2400 0.0000}
BUHDX2, 2.8000, 4.4800, {0.0000 -0.4000} {2.8000 4.8800}, {0.0000 0.0000} {0.0000 4.4800} {2.8000 4.4800} {2.8000 0.0000}
BUHDX3, 3.9200, 4.4800, {0.0000 -0.4000} {3.9200 4.8800}, {0.0000 0.0000} {0.0000 4.4800} {3.9200 4.4800} {3.9200 0.0000}
BUHDX4, 4.4800, 4.4800, {0.0000 -0.4000} {4.4800 4.8800}, {0.0000 0.0000} {0.0000 4.4800} {4.4800 4.4800} {4.4800 0.0000}
BUHDX6, 6.1600, 4.4800, {0.0000 -0.4000} {6.1600 4.8800}, {0.0000 0.0000} {0.0000 4.4800} {6.1600 4.4800} {6.1600 0.0000}
BUHDX8, 7.8400, 4.4800, {0.0000 -0.4000} {7.8400 4.8800}, {0.0000 0.0000} {0.0000 4.4800} {7.8400 4.4800} {7.8400 0.0000}
CAGHDX0, 5.0400, 4.4800, {0.0000 -0.4000} {5.0400 4.8800}, {0.0000 0.0000} {0.0000 4.4800} {5.0400 4.4800} {5.0400 0.0000}
CAGHDX1, 5.0400, 4.4800, {0.0000 -0.4000} {5.0400 4.8800}, {0.0000 0.0000} {0.0000 4.4800} {5.0400 4.4800} {5.0400 0.0000}
CAGHDX2, 5.6000, 4.4800, {0.0000 -0.4000} {5.6000 4.8800}, {0.0000 0.0000} {0.0000 4.4800} {5.6000 4.4800} {5.6000 0.0000}
CAGHDX4, 7.2800, 4.4800, {0.0000 -0.4000} {7.2800 4.8800}, {0.0000 0.0000} {0.0000 4.4800} {7.2800 4.4800} {7.2800 0.0000}
DFFHDX0, 11.2000, 4.4800, {0.0000 -0.4000} {11.2000 4.8800}, {0.0000 0.0000} {0.0000 4.4800} {11.2000 4.4800} {11.2000 0.0000}
DFFHDX1, 11.2000, 4.4800, {0.0000 -0.4000} {11.2000 4.8800}, {0.0000 0.0000} {0.0000 4.4800} {11.2000 4.4800} {11.2000 0.0000}
DFFHDX2, 12.3200, 4.4800, {0.0000 -0.4000} {12.3200 4.8800}, {0.0000 0.0000} {0.0000 4.4800} {12.3200 4.4800} {12.3200 0.0000}
DFFHDX4, 15.1200, 4.4800, {0.0000 -0.4000} {15.1200 4.8800}, {0.0000 0.0000} {0.0000 4.4800} {15.1200 4.4800} {15.1200 0.0000}
DFFQHDX0, 10.0800, 4.4800, {0.0000 -0.4000} {10.0800 4.8800}, {0.0000 0.0000} {0.0000 4.4800} {10.0800 4.4800} {10.0800 0.0000}
DFFQHDX1, 10.0800, 4.4800, {0.0000 -0.4000} {10.0800 4.8800}, {0.0000 0.0000} {0.0000 4.4800} {10.0800 4.4800} {10.0800 0.0000}
DFFQHDX2, 10.6400, 4.4800, {0.0000 -0.4000} {10.6400 4.8800}, {0.0000 0.0000} {0.0000 4.4800} {10.6400 4.4800} {10.6400 0.0000}
DFFQHDX4, 11.7600, 4.4800, {0.0000 -0.4000} {11.7600 4.8800}, {0.0000 0.0000} {0.0000 4.4800} {11.7600 4.4800} {11.7600 0.0000}
DFFRHDX0, 13.4400, 4.4800, {0.0000 -0.4000} {13.4400 4.8800}, {0.0000 0.0000} {0.0000 4.4800} {13.4400 4.4800} {13.4400 0.0000}
DFFRHDX1, 13.4400, 4.4800, {0.0000 -0.4000} {13.4400 4.8800}, {0.0000 0.0000} {0.0000 4.4800} {13.4400 4.4800} {13.4400 0.0000}
DFFRHDX2, 14.5600, 4.4800, {0.0000 -0.4000} {14.5600 4.8800}, {0.0000 0.0000} {0.0000 4.4800} {14.5600 4.4800} {14.5600 0.0000}
DFFRHDX4, 17.3600, 4.4800, {0.0000 -0.4000} {17.3600 4.8800}, {0.0000 0.0000} {0.0000 4.4800} {17.3600 4.4800} {17.3600 0.0000}
DFFRQHDX0, 12.3200, 4.4800, {0.0000 -0.4000} {12.3200 4.8800}, {0.0000 0.0000} {0.0000 4.4800} {12.3200 4.4800} {12.3200 0.0000}
DFFRQHDX1, 12.3200, 4.4800, {0.0000 -0.4000} {12.3200 4.8800}, {0.0000 0.0000} {0.0000 4.4800} {12.3200 4.4800} {12.3200 0.0000}
DFFRQHDX2, 12.8800, 4.4800, {0.0000 -0.4000} {12.8800 4.8800}, {0.0000 0.0000} {0.0000 4.4800} {12.8800 4.4800} {12.8800 0.0000}
DFFRQHDX4, 14.0000, 4.4800, {0.0000 -0.4000} {14.0000 4.8800}, {0.0000 0.0000} {0.0000 4.4800} {14.0000 4.4800} {14.0000 0.0000}
DFFRSHDX0, 15.1200, 4.4800, {0.0000 -0.4000} {15.1200 4.8800}, {0.0000 0.0000} {0.0000 4.4800} {15.1200 4.4800} {15.1200 0.0000}
DFFRSHDX1, 15.1200, 4.4800, {0.0000 -0.4000} {15.1200 4.8800}, {0.0000 0.0000} {0.0000 4.4800} {15.1200 4.4800} {15.1200 0.0000}
DFFRSHDX2, 16.2400, 4.4800, {0.0000 -0.4000} {16.2400 4.8800}, {0.0000 0.0000} {0.0000 4.4800} {16.2400 4.4800} {16.2400 0.0000}
DFFRSHDX4, 19.0400, 4.4800, {0.0000 -0.4000} {19.0400 4.8800}, {0.0000 0.0000} {0.0000 4.4800} {19.0400 4.4800} {19.0400 0.0000}
DFFRSQHDX0, 14.0000, 4.4800, {0.0000 -0.4000} {14.0000 4.8800}, {0.0000 0.0000} {0.0000 4.4800} {14.0000 4.4800} {14.0000 0.0000}
DFFRSQHDX1, 14.0000, 4.4800, {0.0000 -0.4000} {14.0000 4.8800}, {0.0000 0.0000} {0.0000 4.4800} {14.0000 4.4800} {14.0000 0.0000}
DFFRSQHDX2, 15.1200, 4.4800, {0.0000 -0.4000} {15.1200 4.8800}, {0.0000 0.0000} {0.0000 4.4800} {15.1200 4.4800} {15.1200 0.0000}
DFFRSQHDX4, 16.2400, 4.4800, {0.0000 -0.4000} {16.2400 4.8800}, {0.0000 0.0000} {0.0000 4.4800} {16.2400 4.4800} {16.2400 0.0000}
DFFSHDX0, 12.8800, 4.4800, {0.0000 -0.4000} {12.8800 4.8800}, {0.0000 0.0000} {0.0000 4.4800} {12.8800 4.4800} {12.8800 0.0000}
DFFSHDX1, 12.8800, 4.4800, {0.0000 -0.4000} {12.8800 4.8800}, {0.0000 0.0000} {0.0000 4.4800} {12.8800 4.4800} {12.8800 0.0000}
DFFSHDX2, 14.0000, 4.4800, {0.0000 -0.4000} {14.0000 4.8800}, {0.0000 0.0000} {0.0000 4.4800} {14.0000 4.4800} {14.0000 0.0000}
DFFSHDX4, 16.8000, 4.4800, {0.0000 -0.4000} {16.8000 4.8800}, {0.0000 0.0000} {0.0000 4.4800} {16.8000 4.4800} {16.8000 0.0000}
DFFSQHDX0, 11.7600, 4.4800, {0.0000 -0.4000} {11.7600 4.8800}, {0.0000 0.0000} {0.0000 4.4800} {11.7600 4.4800} {11.7600 0.0000}
DFFSQHDX1, 11.7600, 4.4800, {0.0000 -0.4000} {11.7600 4.8800}, {0.0000 0.0000} {0.0000 4.4800} {11.7600 4.4800} {11.7600 0.0000}
DFFSQHDX2, 12.3200, 4.4800, {0.0000 -0.4000} {12.3200 4.8800}, {0.0000 0.0000} {0.0000 4.4800} {12.3200 4.4800} {12.3200 0.0000}
DFFSQHDX4, 14.0000, 4.4800, {0.0000 -0.4000} {14.0000 4.8800}, {0.0000 0.0000} {0.0000 4.4800} {14.0000 4.4800} {14.0000 0.0000}
DFRHDX0, 11.2000, 4.4800, {0.0000 -0.4000} {11.2000 4.8800}, {0.0000 0.0000} {0.0000 4.4800} {11.2000 4.4800} {11.2000 0.0000}
DFRHDX1, 11.2000, 4.4800, {0.0000 -0.4000} {11.2000 4.8800}, {0.0000 0.0000} {0.0000 4.4800} {11.2000 4.4800} {11.2000 0.0000}
DFRHDX2, 12.3200, 4.4800, {0.0000 -0.4000} {12.3200 4.8800}, {0.0000 0.0000} {0.0000 4.4800} {12.3200 4.4800} {12.3200 0.0000}
DFRHDX4, 15.1200, 4.4800, {0.0000 -0.4000} {15.1200 4.8800}, {0.0000 0.0000} {0.0000 4.4800} {15.1200 4.4800} {15.1200 0.0000}
DFRQHDX0, 10.0800, 4.4800, {0.0000 -0.4000} {10.0800 4.8800}, {0.0000 0.0000} {0.0000 4.4800} {10.0800 4.4800} {10.0800 0.0000}
DFRQHDX1, 10.0800, 4.4800, {0.0000 -0.4000} {10.0800 4.8800}, {0.0000 0.0000} {0.0000 4.4800} {10.0800 4.4800} {10.0800 0.0000}
DFRQHDX2, 10.6400, 4.4800, {0.0000 -0.4000} {10.6400 4.8800}, {0.0000 0.0000} {0.0000 4.4800} {10.6400 4.4800} {10.6400 0.0000}
DFRQHDX4, 11.7600, 4.4800, {0.0000 -0.4000} {11.7600 4.8800}, {0.0000 0.0000} {0.0000 4.4800} {11.7600 4.4800} {11.7600 0.0000}
DFRRHDX0, 13.4400, 4.4800, {0.0000 -0.4000} {13.4400 4.8800}, {0.0000 0.0000} {0.0000 4.4800} {13.4400 4.4800} {13.4400 0.0000}
DFRRHDX1, 13.4400, 4.4800, {0.0000 -0.4000} {13.4400 4.8800}, {0.0000 0.0000} {0.0000 4.4800} {13.4400 4.4800} {13.4400 0.0000}
DFRRHDX2, 14.5600, 4.4800, {0.0000 -0.4000} {14.5600 4.8800}, {0.0000 0.0000} {0.0000 4.4800} {14.5600 4.4800} {14.5600 0.0000}
DFRRHDX4, 17.3600, 4.4800, {0.0000 -0.4000} {17.3600 4.8800}, {0.0000 0.0000} {0.0000 4.4800} {17.3600 4.4800} {17.3600 0.0000}
DFRRQHDX0, 12.3200, 4.4800, {0.0000 -0.4000} {12.3200 4.8800}, {0.0000 0.0000} {0.0000 4.4800} {12.3200 4.4800} {12.3200 0.0000}
DFRRQHDX1, 12.3200, 4.4800, {0.0000 -0.4000} {12.3200 4.8800}, {0.0000 0.0000} {0.0000 4.4800} {12.3200 4.4800} {12.3200 0.0000}
DFRRQHDX2, 12.8800, 4.4800, {0.0000 -0.4000} {12.8800 4.8800}, {0.0000 0.0000} {0.0000 4.4800} {12.8800 4.4800} {12.8800 0.0000}
DFRRQHDX4, 14.0000, 4.4800, {0.0000 -0.4000} {14.0000 4.8800}, {0.0000 0.0000} {0.0000 4.4800} {14.0000 4.4800} {14.0000 0.0000}
DFRRSHDX0, 15.1200, 4.4800, {0.0000 -0.4000} {15.1200 4.8800}, {0.0000 0.0000} {0.0000 4.4800} {15.1200 4.4800} {15.1200 0.0000}
DFRRSHDX1, 15.1200, 4.4800, {0.0000 -0.4000} {15.1200 4.8800}, {0.0000 0.0000} {0.0000 4.4800} {15.1200 4.4800} {15.1200 0.0000}
DFRRSHDX2, 16.2400, 4.4800, {0.0000 -0.4000} {16.2400 4.8800}, {0.0000 0.0000} {0.0000 4.4800} {16.2400 4.4800} {16.2400 0.0000}
DFRRSHDX4, 19.0400, 4.4800, {0.0000 -0.4000} {19.0400 4.8800}, {0.0000 0.0000} {0.0000 4.4800} {19.0400 4.4800} {19.0400 0.0000}
DFRRSQHDX0, 14.0000, 4.4800, {0.0000 -0.4000} {14.0000 4.8800}, {0.0000 0.0000} {0.0000 4.4800} {14.0000 4.4800} {14.0000 0.0000}
DFRRSQHDX1, 14.0000, 4.4800, {0.0000 -0.4000} {14.0000 4.8800}, {0.0000 0.0000} {0.0000 4.4800} {14.0000 4.4800} {14.0000 0.0000}
DFRRSQHDX2, 15.1200, 4.4800, {0.0000 -0.4000} {15.1200 4.8800}, {0.0000 0.0000} {0.0000 4.4800} {15.1200 4.4800} {15.1200 0.0000}
DFRRSQHDX4, 16.2400, 4.4800, {0.0000 -0.4000} {16.2400 4.8800}, {0.0000 0.0000} {0.0000 4.4800} {16.2400 4.4800} {16.2400 0.0000}
DFRSHDX0, 12.8800, 4.4800, {0.0000 -0.4000} {12.8800 4.8800}, {0.0000 0.0000} {0.0000 4.4800} {12.8800 4.4800} {12.8800 0.0000}
DFRSHDX1, 12.8800, 4.4800, {0.0000 -0.4000} {12.8800 4.8800}, {0.0000 0.0000} {0.0000 4.4800} {12.8800 4.4800} {12.8800 0.0000}
DFRSHDX2, 14.0000, 4.4800, {0.0000 -0.4000} {14.0000 4.8800}, {0.0000 0.0000} {0.0000 4.4800} {14.0000 4.4800} {14.0000 0.0000}
DFRSHDX4, 16.8000, 4.4800, {0.0000 -0.4000} {16.8000 4.8800}, {0.0000 0.0000} {0.0000 4.4800} {16.8000 4.4800} {16.8000 0.0000}
DFRSQHDX0, 11.7600, 4.4800, {0.0000 -0.4000} {11.7600 4.8800}, {0.0000 0.0000} {0.0000 4.4800} {11.7600 4.4800} {11.7600 0.0000}
DFRSQHDX1, 11.7600, 4.4800, {0.0000 -0.4000} {11.7600 4.8800}, {0.0000 0.0000} {0.0000 4.4800} {11.7600 4.4800} {11.7600 0.0000}
DFRSQHDX2, 12.3200, 4.4800, {0.0000 -0.4000} {12.3200 4.8800}, {0.0000 0.0000} {0.0000 4.4800} {12.3200 4.4800} {12.3200 0.0000}
DFRSQHDX4, 14.0000, 4.4800, {0.0000 -0.4000} {14.0000 4.8800}, {0.0000 0.0000} {0.0000 4.4800} {14.0000 4.4800} {14.0000 0.0000}
DLHHDX0, 7.2800, 4.4800, {0.0000 -0.4000} {7.2800 4.8800}, {0.0000 0.0000} {0.0000 4.4800} {7.2800 4.4800} {7.2800 0.0000}
DLHHDX1, 7.2800, 4.4800, {0.0000 -0.4000} {7.2800 4.8800}, {0.0000 0.0000} {0.0000 4.4800} {7.2800 4.4800} {7.2800 0.0000}
DLHHDX2, 8.4000, 4.4800, {0.0000 -0.4000} {8.4000 4.8800}, {0.0000 0.0000} {0.0000 4.4800} {8.4000 4.4800} {8.4000 0.0000}
DLHHDX4, 11.2000, 4.4800, {0.0000 -0.4000} {11.2000 4.8800}, {0.0000 0.0000} {0.0000 4.4800} {11.2000 4.4800} {11.2000 0.0000}
DLHQHDX0, 6.7200, 4.4800, {0.0000 -0.4000} {6.7200 4.8800}, {0.0000 0.0000} {0.0000 4.4800} {6.7200 4.4800} {6.7200 0.0000}
DLHQHDX1, 6.7200, 4.4800, {0.0000 -0.4000} {6.7200 4.8800}, {0.0000 0.0000} {0.0000 4.4800} {6.7200 4.4800} {6.7200 0.0000}
DLHQHDX2, 7.2800, 4.4800, {0.0000 -0.4000} {7.2800 4.8800}, {0.0000 0.0000} {0.0000 4.4800} {7.2800 4.4800} {7.2800 0.0000}
DLHQHDX4, 8.9600, 4.4800, {0.0000 -0.4000} {8.9600 4.8800}, {0.0000 0.0000} {0.0000 4.4800} {8.9600 4.4800} {8.9600 0.0000}
DLHRHDX0, 8.4000, 4.4800, {0.0000 -0.4000} {8.4000 4.8800}, {0.0000 0.0000} {0.0000 4.4800} {8.4000 4.4800} {8.4000 0.0000}
DLHRHDX1, 8.4000, 4.4800, {0.0000 -0.4000} {8.4000 4.8800}, {0.0000 0.0000} {0.0000 4.4800} {8.4000 4.4800} {8.4000 0.0000}
DLHRHDX2, 9.5200, 4.4800, {0.0000 -0.4000} {9.5200 4.8800}, {0.0000 0.0000} {0.0000 4.4800} {9.5200 4.4800} {9.5200 0.0000}
DLHRHDX4, 12.3200, 4.4800, {0.0000 -0.4000} {12.3200 4.8800}, {0.0000 0.0000} {0.0000 4.4800} {12.3200 4.4800} {12.3200 0.0000}
DLHRQHDX0, 7.2800, 4.4800, {0.0000 -0.4000} {7.2800 4.8800}, {0.0000 0.0000} {0.0000 4.4800} {7.2800 4.4800} {7.2800 0.0000}
DLHRQHDX1, 7.2800, 4.4800, {0.0000 -0.4000} {7.2800 4.8800}, {0.0000 0.0000} {0.0000 4.4800} {7.2800 4.4800} {7.2800 0.0000}
DLHRQHDX2, 8.4000, 4.4800, {0.0000 -0.4000} {8.4000 4.8800}, {0.0000 0.0000} {0.0000 4.4800} {8.4000 4.4800} {8.4000 0.0000}
DLHRQHDX4, 9.5200, 4.4800, {0.0000 -0.4000} {9.5200 4.8800}, {0.0000 0.0000} {0.0000 4.4800} {9.5200 4.4800} {9.5200 0.0000}
DLHRSHDX0, 9.5200, 4.4800, {0.0000 -0.4000} {9.5200 4.8800}, {0.0000 0.0000} {0.0000 4.4800} {9.5200 4.4800} {9.5200 0.0000}
DLHRSHDX1, 9.5200, 4.4800, {0.0000 -0.4000} {9.5200 4.8800}, {0.0000 0.0000} {0.0000 4.4800} {9.5200 4.4800} {9.5200 0.0000}
DLHRSHDX2, 10.6400, 4.4800, {0.0000 -0.4000} {10.6400 4.8800}, {0.0000 0.0000} {0.0000 4.4800} {10.6400 4.4800} {10.6400 0.0000}
DLHRSHDX4, 12.8800, 4.4800, {0.0000 -0.4000} {12.8800 4.8800}, {0.0000 0.0000} {0.0000 4.4800} {12.8800 4.4800} {12.8800 0.0000}
DLHRSQHDX0, 8.9600, 4.4800, {0.0000 -0.4000} {8.9600 4.8800}, {0.0000 0.0000} {0.0000 4.4800} {8.9600 4.4800} {8.9600 0.0000}
DLHRSQHDX1, 8.9600, 4.4800, {0.0000 -0.4000} {8.9600 4.8800}, {0.0000 0.0000} {0.0000 4.4800} {8.9600 4.4800} {8.9600 0.0000}
DLHRSQHDX2, 9.5200, 4.4800, {0.0000 -0.4000} {9.5200 4.8800}, {0.0000 0.0000} {0.0000 4.4800} {9.5200 4.4800} {9.5200 0.0000}
DLHRSQHDX4, 11.2000, 4.4800, {0.0000 -0.4000} {11.2000 4.8800}, {0.0000 0.0000} {0.0000 4.4800} {11.2000 4.4800} {11.2000 0.0000}
DLHRTHDX1, 10.6400, 4.4800, {0.0000 -0.4000} {10.6400 4.8800}, {0.0000 0.0000} {0.0000 4.4800} {10.6400 4.4800} {10.6400 0.0000}
DLHSHDX0, 8.9600, 4.4800, {0.0000 -0.4000} {8.9600 4.8800}, {0.0000 0.0000} {0.0000 4.4800} {8.9600 4.4800} {8.9600 0.0000}
DLHSHDX1, 8.9600, 4.4800, {0.0000 -0.4000} {8.9600 4.8800}, {0.0000 0.0000} {0.0000 4.4800} {8.9600 4.4800} {8.9600 0.0000}
DLHSHDX2, 10.0800, 4.4800, {0.0000 -0.4000} {10.0800 4.8800}, {0.0000 0.0000} {0.0000 4.4800} {10.0800 4.4800} {10.0800 0.0000}
DLHSHDX4, 12.8800, 4.4800, {0.0000 -0.4000} {12.8800 4.8800}, {0.0000 0.0000} {0.0000 4.4800} {12.8800 4.4800} {12.8800 0.0000}
DLHSQHDX0, 7.8400, 4.4800, {0.0000 -0.4000} {7.8400 4.8800}, {0.0000 0.0000} {0.0000 4.4800} {7.8400 4.4800} {7.8400 0.0000}
DLHSQHDX1, 7.8400, 4.4800, {0.0000 -0.4000} {7.8400 4.8800}, {0.0000 0.0000} {0.0000 4.4800} {7.8400 4.4800} {7.8400 0.0000}
DLHSQHDX2, 8.4000, 4.4800, {0.0000 -0.4000} {8.4000 4.8800}, {0.0000 0.0000} {0.0000 4.4800} {8.4000 4.4800} {8.4000 0.0000}
DLHSQHDX4, 10.0800, 4.4800, {0.0000 -0.4000} {10.0800 4.8800}, {0.0000 0.0000} {0.0000 4.4800} {10.0800 4.4800} {10.0800 0.0000}
DLHSTHDX1, 11.2000, 4.4800, {0.0000 -0.4000} {11.2000 4.8800}, {0.0000 0.0000} {0.0000 4.4800} {11.2000 4.4800} {11.2000 0.0000}
DLHTHDX1, 8.9600, 4.4800, {0.0000 -0.4000} {8.9600 4.8800}, {0.0000 0.0000} {0.0000 4.4800} {8.9600 4.4800} {8.9600 0.0000}
DLLHDX0, 7.2800, 4.4800, {0.0000 -0.4000} {7.2800 4.8800}, {0.0000 0.0000} {0.0000 4.4800} {7.2800 4.4800} {7.2800 0.0000}
DLLHDX1, 7.2800, 4.4800, {0.0000 -0.4000} {7.2800 4.8800}, {0.0000 0.0000} {0.0000 4.4800} {7.2800 4.4800} {7.2800 0.0000}
DLLHDX2, 8.4000, 4.4800, {0.0000 -0.4000} {8.4000 4.8800}, {0.0000 0.0000} {0.0000 4.4800} {8.4000 4.4800} {8.4000 0.0000}
DLLHDX4, 11.2000, 4.4800, {0.0000 -0.4000} {11.2000 4.8800}, {0.0000 0.0000} {0.0000 4.4800} {11.2000 4.4800} {11.2000 0.0000}
DLLQHDX0, 6.7200, 4.4800, {0.0000 -0.4000} {6.7200 4.8800}, {0.0000 0.0000} {0.0000 4.4800} {6.7200 4.4800} {6.7200 0.0000}
DLLQHDX1, 6.7200, 4.4800, {0.0000 -0.4000} {6.7200 4.8800}, {0.0000 0.0000} {0.0000 4.4800} {6.7200 4.4800} {6.7200 0.0000}
DLLQHDX2, 7.2800, 4.4800, {0.0000 -0.4000} {7.2800 4.8800}, {0.0000 0.0000} {0.0000 4.4800} {7.2800 4.4800} {7.2800 0.0000}
DLLQHDX4, 8.9600, 4.4800, {0.0000 -0.4000} {8.9600 4.8800}, {0.0000 0.0000} {0.0000 4.4800} {8.9600 4.4800} {8.9600 0.0000}
DLLRHDX0, 8.4000, 4.4800, {0.0000 -0.4000} {8.4000 4.8800}, {0.0000 0.0000} {0.0000 4.4800} {8.4000 4.4800} {8.4000 0.0000}
DLLRHDX1, 8.4000, 4.4800, {0.0000 -0.4000} {8.4000 4.8800}, {0.0000 0.0000} {0.0000 4.4800} {8.4000 4.4800} {8.4000 0.0000}
DLLRHDX2, 9.5200, 4.4800, {0.0000 -0.4000} {9.5200 4.8800}, {0.0000 0.0000} {0.0000 4.4800} {9.5200 4.4800} {9.5200 0.0000}
DLLRHDX4, 12.3200, 4.4800, {0.0000 -0.4000} {12.3200 4.8800}, {0.0000 0.0000} {0.0000 4.4800} {12.3200 4.4800} {12.3200 0.0000}
DLLRQHDX0, 7.2800, 4.4800, {0.0000 -0.4000} {7.2800 4.8800}, {0.0000 0.0000} {0.0000 4.4800} {7.2800 4.4800} {7.2800 0.0000}
DLLRQHDX1, 7.2800, 4.4800, {0.0000 -0.4000} {7.2800 4.8800}, {0.0000 0.0000} {0.0000 4.4800} {7.2800 4.4800} {7.2800 0.0000}
DLLRQHDX2, 8.4000, 4.4800, {0.0000 -0.4000} {8.4000 4.8800}, {0.0000 0.0000} {0.0000 4.4800} {8.4000 4.4800} {8.4000 0.0000}
DLLRQHDX4, 9.5200, 4.4800, {0.0000 -0.4000} {9.5200 4.8800}, {0.0000 0.0000} {0.0000 4.4800} {9.5200 4.4800} {9.5200 0.0000}
DLLRSHDX0, 9.5200, 4.4800, {0.0000 -0.4000} {9.5200 4.8800}, {0.0000 0.0000} {0.0000 4.4800} {9.5200 4.4800} {9.5200 0.0000}
DLLRSHDX1, 9.5200, 4.4800, {0.0000 -0.4000} {9.5200 4.8800}, {0.0000 0.0000} {0.0000 4.4800} {9.5200 4.4800} {9.5200 0.0000}
DLLRSHDX2, 10.6400, 4.4800, {0.0000 -0.4000} {10.6400 4.8800}, {0.0000 0.0000} {0.0000 4.4800} {10.6400 4.4800} {10.6400 0.0000}
DLLRSHDX4, 12.8800, 4.4800, {0.0000 -0.4000} {12.8800 4.8800}, {0.0000 0.0000} {0.0000 4.4800} {12.8800 4.4800} {12.8800 0.0000}
DLLRSQHDX0, 8.9600, 4.4800, {0.0000 -0.4000} {8.9600 4.8800}, {0.0000 0.0000} {0.0000 4.4800} {8.9600 4.4800} {8.9600 0.0000}
DLLRSQHDX1, 8.9600, 4.4800, {0.0000 -0.4000} {8.9600 4.8800}, {0.0000 0.0000} {0.0000 4.4800} {8.9600 4.4800} {8.9600 0.0000}
DLLRSQHDX2, 9.5200, 4.4800, {0.0000 -0.4000} {9.5200 4.8800}, {0.0000 0.0000} {0.0000 4.4800} {9.5200 4.4800} {9.5200 0.0000}
DLLRSQHDX4, 11.2000, 4.4800, {0.0000 -0.4000} {11.2000 4.8800}, {0.0000 0.0000} {0.0000 4.4800} {11.2000 4.4800} {11.2000 0.0000}
DLLRTHDX1, 10.6400, 4.4800, {0.0000 -0.4000} {10.6400 4.8800}, {0.0000 0.0000} {0.0000 4.4800} {10.6400 4.4800} {10.6400 0.0000}
DLLSHDX0, 8.9600, 4.4800, {0.0000 -0.4000} {8.9600 4.8800}, {0.0000 0.0000} {0.0000 4.4800} {8.9600 4.4800} {8.9600 0.0000}
DLLSHDX1, 8.9600, 4.4800, {0.0000 -0.4000} {8.9600 4.8800}, {0.0000 0.0000} {0.0000 4.4800} {8.9600 4.4800} {8.9600 0.0000}
DLLSHDX2, 10.0800, 4.4800, {0.0000 -0.4000} {10.0800 4.8800}, {0.0000 0.0000} {0.0000 4.4800} {10.0800 4.4800} {10.0800 0.0000}
DLLSHDX4, 12.8800, 4.4800, {0.0000 -0.4000} {12.8800 4.8800}, {0.0000 0.0000} {0.0000 4.4800} {12.8800 4.4800} {12.8800 0.0000}
DLLSQHDX0, 7.8400, 4.4800, {0.0000 -0.4000} {7.8400 4.8800}, {0.0000 0.0000} {0.0000 4.4800} {7.8400 4.4800} {7.8400 0.0000}
DLLSQHDX1, 7.8400, 4.4800, {0.0000 -0.4000} {7.8400 4.8800}, {0.0000 0.0000} {0.0000 4.4800} {7.8400 4.4800} {7.8400 0.0000}
DLLSQHDX2, 8.4000, 4.4800, {0.0000 -0.4000} {8.4000 4.8800}, {0.0000 0.0000} {0.0000 4.4800} {8.4000 4.4800} {8.4000 0.0000}
DLLSQHDX4, 10.0800, 4.4800, {0.0000 -0.4000} {10.0800 4.8800}, {0.0000 0.0000} {0.0000 4.4800} {10.0800 4.4800} {10.0800 0.0000}
DLLSTHDX1, 11.2000, 4.4800, {0.0000 -0.4000} {11.2000 4.8800}, {0.0000 0.0000} {0.0000 4.4800} {11.2000 4.4800} {11.2000 0.0000}
DLLTHDX1, 8.9600, 4.4800, {0.0000 -0.4000} {8.9600 4.8800}, {0.0000 0.0000} {0.0000 4.4800} {8.9600 4.4800} {8.9600 0.0000}
DLY1HDX0, 4.4800, 4.4800, {0.0000 -0.4000} {4.4800 4.8800}, {0.0000 0.0000} {0.0000 4.4800} {4.4800 4.4800} {4.4800 0.0000}
DLY1HDX1, 4.4800, 4.4800, {0.0000 -0.4000} {4.4800 4.8800}, {0.0000 0.0000} {0.0000 4.4800} {4.4800 4.4800} {4.4800 0.0000}
DLY2HDX0, 5.6000, 4.4800, {0.0000 -0.4000} {5.6000 4.8800}, {0.0000 0.0000} {0.0000 4.4800} {5.6000 4.4800} {5.6000 0.0000}
DLY2HDX1, 5.6000, 4.4800, {0.0000 -0.4000} {5.6000 4.8800}, {0.0000 0.0000} {0.0000 4.4800} {5.6000 4.4800} {5.6000 0.0000}
DLY4HDX0, 6.7200, 4.4800, {0.0000 -0.4000} {6.7200 4.8800}, {0.0000 0.0000} {0.0000 4.4800} {6.7200 4.4800} {6.7200 0.0000}
DLY4HDX1, 6.7200, 4.4800, {0.0000 -0.4000} {6.7200 4.8800}, {0.0000 0.0000} {0.0000 4.4800} {6.7200 4.4800} {6.7200 0.0000}
DLY8HDX0, 11.7600, 4.4800, {0.0000 -0.4000} {11.7600 4.8800}, {0.0000 0.0000} {0.0000 4.4800} {11.7600 4.4800} {11.7600 0.0000}
DLY8HDX1, 11.7600, 4.4800, {0.0000 -0.4000} {11.7600 4.8800}, {0.0000 0.0000} {0.0000 4.4800} {11.7600 4.4800} {11.7600 0.0000}
EN2HDX0, 4.4800, 4.4800, {0.0000 -0.4000} {4.4800 4.8800}, {0.0000 0.0000} {0.0000 4.4800} {4.4800 4.4800} {4.4800 0.0000}
EN2HDX1, 5.0400, 4.4800, {0.0000 -0.4000} {5.0400 4.8800}, {0.0000 0.0000} {0.0000 4.4800} {5.0400 4.4800} {5.0400 0.0000}
EN2HDX2, 7.2800, 4.4800, {0.0000 -0.4000} {7.2800 4.8800}, {0.0000 0.0000} {0.0000 4.4800} {7.2800 4.4800} {7.2800 0.0000}
EN2HDX4, 8.4000, 4.4800, {0.0000 -0.4000} {8.4000 4.8800}, {0.0000 0.0000} {0.0000 4.4800} {8.4000 4.4800} {8.4000 0.0000}
EN3HDX0, 8.4000, 4.4800, {0.0000 -0.4000} {8.4000 4.8800}, {0.0000 0.0000} {0.0000 4.4800} {8.4000 4.4800} {8.4000 0.0000}
EN3HDX1, 8.9600, 4.4800, {0.0000 -0.4000} {8.9600 4.8800}, {0.0000 0.0000} {0.0000 4.4800} {8.9600 4.4800} {8.9600 0.0000}
EN3HDX2, 11.2000, 4.4800, {0.0000 -0.4000} {11.2000 4.8800}, {0.0000 0.0000} {0.0000 4.4800} {11.2000 4.4800} {11.2000 0.0000}
EN3HDX4, 12.3200, 4.4800, {0.0000 -0.4000} {12.3200 4.8800}, {0.0000 0.0000} {0.0000 4.4800} {12.3200 4.4800} {12.3200 0.0000}
EO2HDX0, 4.4800, 4.4800, {0.0000 -0.4000} {4.4800 4.8800}, {0.0000 0.0000} {0.0000 4.4800} {4.4800 4.4800} {4.4800 0.0000}
EO2HDX1, 4.4800, 4.4800, {0.0000 -0.4000} {4.4800 4.8800}, {0.0000 0.0000} {0.0000 4.4800} {4.4800 4.4800} {4.4800 0.0000}
EO2HDX2, 6.1600, 4.4800, {0.0000 -0.4000} {6.1600 4.8800}, {0.0000 0.0000} {0.0000 4.4800} {6.1600 4.4800} {6.1600 0.0000}
EO2HDX4, 7.8400, 4.4800, {0.0000 -0.4000} {7.8400 4.8800}, {0.0000 0.0000} {0.0000 4.4800} {7.8400 4.4800} {7.8400 0.0000}
EO3HDX0, 8.9600, 4.4800, {0.0000 -0.4000} {8.9600 4.8800}, {0.0000 0.0000} {0.0000 4.4800} {8.9600 4.4800} {8.9600 0.0000}
EO3HDX1, 8.9600, 4.4800, {0.0000 -0.4000} {8.9600 4.8800}, {0.0000 0.0000} {0.0000 4.4800} {8.9600 4.4800} {8.9600 0.0000}
EO3HDX2, 11.2000, 4.4800, {0.0000 -0.4000} {11.2000 4.8800}, {0.0000 0.0000} {0.0000 4.4800} {11.2000 4.4800} {11.2000 0.0000}
EO3HDX4, 12.3200, 4.4800, {0.0000 -0.4000} {12.3200 4.8800}, {0.0000 0.0000} {0.0000 4.4800} {12.3200 4.4800} {12.3200 0.0000}
FAHDX0, 11.2000, 4.4800, {0.0000 -0.4000} {11.2000 4.8800}, {0.0000 0.0000} {0.0000 4.4800} {11.2000 4.4800} {11.2000 0.0000}
FAHDX1, 12.3200, 4.4800, {0.0000 -0.4000} {12.3200 4.8800}, {0.0000 0.0000} {0.0000 4.4800} {12.3200 4.4800} {12.3200 0.0000}
FAHDX2, 13.4400, 4.4800, {0.0000 -0.4000} {13.4400 4.8800}, {0.0000 0.0000} {0.0000 4.4800} {13.4400 4.4800} {13.4400 0.0000}
FAHDX4, 16.2400, 4.4800, {0.0000 -0.4000} {16.2400 4.8800}, {0.0000 0.0000} {0.0000 4.4800} {16.2400 4.4800} {16.2400 0.0000}
HAHDX0, 6.1600, 4.4800, {0.0000 -0.4000} {6.1600 4.8800}, {0.0000 0.0000} {0.0000 4.4800} {6.1600 4.4800} {6.1600 0.0000}
HAHDX1, 6.7200, 4.4800, {0.0000 -0.4000} {6.7200 4.8800}, {0.0000 0.0000} {0.0000 4.4800} {6.7200 4.4800} {6.7200 0.0000}
HAHDX2, 8.4000, 4.4800, {0.0000 -0.4000} {8.4000 4.8800}, {0.0000 0.0000} {0.0000 4.4800} {8.4000 4.4800} {8.4000 0.0000}
HAHDX4, 11.2000, 4.4800, {0.0000 -0.4000} {11.2000 4.8800}, {0.0000 0.0000} {0.0000 4.4800} {11.2000 4.4800} {11.2000 0.0000}
INHDX0, 1.6800, 4.4800, {0.0000 -0.4000} {1.6800 4.8800}, {0.0000 0.0000} {0.0000 4.4800} {1.6800 4.4800} {1.6800 0.0000}
INHDX12, 7.8400, 4.4800, {0.0000 -0.4000} {7.8400 4.8800}, {0.0000 0.0000} {0.0000 4.4800} {7.8400 4.4800} {7.8400 0.0000}
INHDX1, 1.6800, 4.4800, {0.0000 -0.4000} {1.6800 4.8800}, {0.0000 0.0000} {0.0000 4.4800} {1.6800 4.4800} {1.6800 0.0000}
INHDX2, 2.2400, 4.4800, {0.0000 -0.4000} {2.2400 4.8800}, {0.0000 0.0000} {0.0000 4.4800} {2.2400 4.4800} {2.2400 0.0000}
INHDX3, 2.8000, 4.4800, {0.0000 -0.4000} {2.8000 4.8800}, {0.0000 0.0000} {0.0000 4.4800} {2.8000 4.4800} {2.8000 0.0000}
INHDX4, 3.3600, 4.4800, {0.0000 -0.4000} {3.3600 4.8800}, {0.0000 0.0000} {0.0000 4.4800} {3.3600 4.4800} {3.3600 0.0000}
INHDX6, 4.4800, 4.4800, {0.0000 -0.4000} {4.4800 4.8800}, {0.0000 0.0000} {0.0000 4.4800} {4.4800 4.4800} {4.4800 0.0000}
INHDX8, 5.6000, 4.4800, {0.0000 -0.4000} {5.6000 4.8800}, {0.0000 0.0000} {0.0000 4.4800} {5.6000 4.4800} {5.6000 0.0000}
ITHHDX12, 14.0000, 4.4800, {0.0000 -0.4000} {14.0000 4.8800}, {0.0000 0.0000} {0.0000 4.4800} {14.0000 4.4800} {14.0000 0.0000}
ITHHDX1, 6.1600, 4.4800, {0.0000 -0.4000} {6.1600 4.8800}, {0.0000 0.0000} {0.0000 4.4800} {6.1600 4.4800} {6.1600 0.0000}
ITHHDX2, 7.2800, 4.4800, {0.0000 -0.4000} {7.2800 4.8800}, {0.0000 0.0000} {0.0000 4.4800} {7.2800 4.4800} {7.2800 0.0000}
ITHHDX3, 7.2800, 4.4800, {0.0000 -0.4000} {7.2800 4.8800}, {0.0000 0.0000} {0.0000 4.4800} {7.2800 4.4800} {7.2800 0.0000}
ITHHDX4, 8.4000, 4.4800, {0.0000 -0.4000} {8.4000 4.8800}, {0.0000 0.0000} {0.0000 4.4800} {8.4000 4.4800} {8.4000 0.0000}
ITHHDX6, 8.9600, 4.4800, {0.0000 -0.4000} {8.9600 4.8800}, {0.0000 0.0000} {0.0000 4.4800} {8.9600 4.4800} {8.9600 0.0000}
ITHHDX8, 11.7600, 4.4800, {0.0000 -0.4000} {11.7600 4.8800}, {0.0000 0.0000} {0.0000 4.4800} {11.7600 4.4800} {11.7600 0.0000}
ITLHDX12, 14.0000, 4.4800, {0.0000 -0.4000} {14.0000 4.8800}, {0.0000 0.0000} {0.0000 4.4800} {14.0000 4.4800} {14.0000 0.0000}
ITLHDX1, 6.1600, 4.4800, {0.0000 -0.4000} {6.1600 4.8800}, {0.0000 0.0000} {0.0000 4.4800} {6.1600 4.4800} {6.1600 0.0000}
ITLHDX2, 7.2800, 4.4800, {0.0000 -0.4000} {7.2800 4.8800}, {0.0000 0.0000} {0.0000 4.4800} {7.2800 4.4800} {7.2800 0.0000}
ITLHDX3, 7.2800, 4.4800, {0.0000 -0.4000} {7.2800 4.8800}, {0.0000 0.0000} {0.0000 4.4800} {7.2800 4.4800} {7.2800 0.0000}
ITLHDX4, 8.4000, 4.4800, {0.0000 -0.4000} {8.4000 4.8800}, {0.0000 0.0000} {0.0000 4.4800} {8.4000 4.4800} {8.4000 0.0000}
ITLHDX6, 8.9600, 4.4800, {0.0000 -0.4000} {8.9600 4.8800}, {0.0000 0.0000} {0.0000 4.4800} {8.9600 4.4800} {8.9600 0.0000}
ITLHDX8, 11.7600, 4.4800, {0.0000 -0.4000} {11.7600 4.8800}, {0.0000 0.0000} {0.0000 4.4800} {11.7600 4.4800} {11.7600 0.0000}
LGCNHDX0, 7.8400, 4.4800, {0.0000 -0.4000} {7.8400 4.8800}, {0.0000 0.0000} {0.0000 4.4800} {7.8400 4.4800} {7.8400 0.0000}
LGCNHDX1, 7.8400, 4.4800, {0.0000 -0.4000} {7.8400 4.8800}, {0.0000 0.0000} {0.0000 4.4800} {7.8400 4.4800} {7.8400 0.0000}
LGCNHDX2, 8.4000, 4.4800, {0.0000 -0.4000} {8.4000 4.8800}, {0.0000 0.0000} {0.0000 4.4800} {8.4000 4.4800} {8.4000 0.0000}
LGCNHDX4, 10.0800, 4.4800, {0.0000 -0.4000} {10.0800 4.8800}, {0.0000 0.0000} {0.0000 4.4800} {10.0800 4.4800} {10.0800 0.0000}
LGCPHDX0, 7.8400, 4.4800, {0.0000 -0.4000} {7.8400 4.8800}, {0.0000 0.0000} {0.0000 4.4800} {7.8400 4.4800} {7.8400 0.0000}
LGCPHDX1, 7.8400, 4.4800, {0.0000 -0.4000} {7.8400 4.8800}, {0.0000 0.0000} {0.0000 4.4800} {7.8400 4.4800} {7.8400 0.0000}
LGCPHDX2, 8.4000, 4.4800, {0.0000 -0.4000} {8.4000 4.8800}, {0.0000 0.0000} {0.0000 4.4800} {8.4000 4.4800} {8.4000 0.0000}
LGCPHDX4, 10.0800, 4.4800, {0.0000 -0.4000} {10.0800 4.8800}, {0.0000 0.0000} {0.0000 4.4800} {10.0800 4.4800} {10.0800 0.0000}
LSGCNHDX0, 8.9600, 4.4800, {0.0000 -0.4000} {8.9600 4.8800}, {0.0000 0.0000} {0.0000 4.4800} {8.9600 4.4800} {8.9600 0.0000}
LSGCNHDX1, 8.9600, 4.4800, {0.0000 -0.4000} {8.9600 4.8800}, {0.0000 0.0000} {0.0000 4.4800} {8.9600 4.4800} {8.9600 0.0000}
LSGCNHDX2, 9.5200, 4.4800, {0.0000 -0.4000} {9.5200 4.8800}, {0.0000 0.0000} {0.0000 4.4800} {9.5200 4.4800} {9.5200 0.0000}
LSGCNHDX4, 11.2000, 4.4800, {0.0000 -0.4000} {11.2000 4.8800}, {0.0000 0.0000} {0.0000 4.4800} {11.2000 4.4800} {11.2000 0.0000}
LSGCPHDX0, 8.9600, 4.4800, {0.0000 -0.4000} {8.9600 4.8800}, {0.0000 0.0000} {0.0000 4.4800} {8.9600 4.4800} {8.9600 0.0000}
LSGCPHDX1, 8.9600, 4.4800, {0.0000 -0.4000} {8.9600 4.8800}, {0.0000 0.0000} {0.0000 4.4800} {8.9600 4.4800} {8.9600 0.0000}
LSGCPHDX2, 9.5200, 4.4800, {0.0000 -0.4000} {9.5200 4.8800}, {0.0000 0.0000} {0.0000 4.4800} {9.5200 4.4800} {9.5200 0.0000}
LSGCPHDX4, 11.2000, 4.4800, {0.0000 -0.4000} {11.2000 4.8800}, {0.0000 0.0000} {0.0000 4.4800} {11.2000 4.4800} {11.2000 0.0000}
LSOGCNHDX0, 10.0800, 4.4800, {0.0000 -0.4000} {10.0800 4.8800}, {0.0000 0.0000} {0.0000 4.4800} {10.0800 4.4800} {10.0800 0.0000}
LSOGCNHDX1, 10.0800, 4.4800, {0.0000 -0.4000} {10.0800 4.8800}, {0.0000 0.0000} {0.0000 4.4800} {10.0800 4.4800} {10.0800 0.0000}
LSOGCNHDX2, 10.6400, 4.4800, {0.0000 -0.4000} {10.6400 4.8800}, {0.0000 0.0000} {0.0000 4.4800} {10.6400 4.4800} {10.6400 0.0000}
LSOGCNHDX4, 12.3200, 4.4800, {0.0000 -0.4000} {12.3200 4.8800}, {0.0000 0.0000} {0.0000 4.4800} {12.3200 4.4800} {12.3200 0.0000}
LSOGCPHDX0, 11.2000, 4.4800, {0.0000 -0.4000} {11.2000 4.8800}, {0.0000 0.0000} {0.0000 4.4800} {11.2000 4.4800} {11.2000 0.0000}
LSOGCPHDX1, 11.2000, 4.4800, {0.0000 -0.4000} {11.2000 4.8800}, {0.0000 0.0000} {0.0000 4.4800} {11.2000 4.4800} {11.2000 0.0000}
LSOGCPHDX2, 11.7600, 4.4800, {0.0000 -0.4000} {11.7600 4.8800}, {0.0000 0.0000} {0.0000 4.4800} {11.7600 4.4800} {11.7600 0.0000}
LSOGCPHDX4, 13.4400, 4.4800, {0.0000 -0.4000} {13.4400 4.8800}, {0.0000 0.0000} {0.0000 4.4800} {13.4400 4.4800} {13.4400 0.0000}
MU2IHDX0, 3.9200, 4.4800, {0.0000 -0.4000} {3.9200 4.8800}, {0.0000 0.0000} {0.0000 4.4800} {3.9200 4.4800} {3.9200 0.0000}
MU2IHDX1, 3.9200, 4.4800, {0.0000 -0.4000} {3.9200 4.8800}, {0.0000 0.0000} {0.0000 4.4800} {3.9200 4.4800} {3.9200 0.0000}
MU2IHDX2, 7.8400, 4.4800, {0.0000 -0.4000} {7.8400 4.8800}, {0.0000 0.0000} {0.0000 4.4800} {7.8400 4.4800} {7.8400 0.0000}
MU2IHDX4, 14.0000, 4.4800, {0.0000 -0.4000} {14.0000 4.8800}, {0.0000 0.0000} {0.0000 4.4800} {14.0000 4.4800} {14.0000 0.0000}
MU2HDX0, 4.4800, 4.4800, {0.0000 -0.4000} {4.4800 4.8800}, {0.0000 0.0000} {0.0000 4.4800} {4.4800 4.4800} {4.4800 0.0000}
MU2HDX1, 5.0400, 4.4800, {0.0000 -0.4000} {5.0400 4.8800}, {0.0000 0.0000} {0.0000 4.4800} {5.0400 4.4800} {5.0400 0.0000}
MU2HDX2, 5.6000, 4.4800, {0.0000 -0.4000} {5.6000 4.8800}, {0.0000 0.0000} {0.0000 4.4800} {5.6000 4.4800} {5.6000 0.0000}
MU2HDX4, 6.7200, 4.4800, {0.0000 -0.4000} {6.7200 4.8800}, {0.0000 0.0000} {0.0000 4.4800} {6.7200 4.4800} {6.7200 0.0000}
MU4IHDX0, 10.6400, 4.4800, {0.0000 -0.4000} {10.6400 4.8800}, {0.0000 0.0000} {0.0000 4.4800} {10.6400 4.4800} {10.6400 0.0000}
MU4IHDX1, 11.2000, 4.4800, {0.0000 -0.4000} {11.2000 4.8800}, {0.0000 0.0000} {0.0000 4.4800} {11.2000 4.4800} {11.2000 0.0000}
MU4IHDX2, 11.7600, 4.4800, {0.0000 -0.4000} {11.7600 4.8800}, {0.0000 0.0000} {0.0000 4.4800} {11.7600 4.4800} {11.7600 0.0000}
MU4IHDX4, 12.8800, 4.4800, {0.0000 -0.4000} {12.8800 4.8800}, {0.0000 0.0000} {0.0000 4.4800} {12.8800 4.4800} {12.8800 0.0000}
MU4HDX0, 9.5200, 4.4800, {0.0000 -0.4000} {9.5200 4.8800}, {0.0000 0.0000} {0.0000 4.4800} {9.5200 4.4800} {9.5200 0.0000}
MU4HDX1, 9.5200, 4.4800, {0.0000 -0.4000} {9.5200 4.8800}, {0.0000 0.0000} {0.0000 4.4800} {9.5200 4.4800} {9.5200 0.0000}
MU4HDX2, 12.3200, 4.4800, {0.0000 -0.4000} {12.3200 4.8800}, {0.0000 0.0000} {0.0000 4.4800} {12.3200 4.4800} {12.3200 0.0000}
MU4HDX4, 19.0400, 4.4800, {0.0000 -0.4000} {19.0400 4.8800}, {0.0000 0.0000} {0.0000 4.4800} {19.0400 4.4800} {19.0400 0.0000}
NA22HDX0, 3.3600, 4.4800, {0.0000 -0.4000} {3.3600 4.8800}, {0.0000 0.0000} {0.0000 4.4800} {3.3600 4.4800} {3.3600 0.0000}
NA22HDX1, 3.3600, 4.4800, {0.0000 -0.4000} {3.3600 4.8800}, {0.0000 0.0000} {0.0000 4.4800} {3.3600 4.4800} {3.3600 0.0000}
NA22HDX2, 4.4800, 4.4800, {0.0000 -0.4000} {4.4800 4.8800}, {0.0000 0.0000} {0.0000 4.4800} {4.4800 4.4800} {4.4800 0.0000}
NA22HDX4, 8.4000, 4.4800, {0.0000 -0.4000} {8.4000 4.8800}, {0.0000 0.0000} {0.0000 4.4800} {8.4000 4.4800} {8.4000 0.0000}
NA2I1HDX0, 2.8000, 4.4800, {0.0000 -0.4000} {2.8000 4.8800}, {0.0000 0.0000} {0.0000 4.4800} {2.8000 4.4800} {2.8000 0.0000}
NA2I1HDX1, 2.8000, 4.4800, {0.0000 -0.4000} {2.8000 4.8800}, {0.0000 0.0000} {0.0000 4.4800} {2.8000 4.4800} {2.8000 0.0000}
NA2I1HDX2, 3.9200, 4.4800, {0.0000 -0.4000} {3.9200 4.8800}, {0.0000 0.0000} {0.0000 4.4800} {3.9200 4.4800} {3.9200 0.0000}
NA2I1HDX4, 7.2800, 4.4800, {0.0000 -0.4000} {7.2800 4.8800}, {0.0000 0.0000} {0.0000 4.4800} {7.2800 4.4800} {7.2800 0.0000}
NA2HDX0, 2.2400, 4.4800, {0.0000 -0.4000} {2.2400 4.8800}, {0.0000 0.0000} {0.0000 4.4800} {2.2400 4.4800} {2.2400 0.0000}
NA2HDX1, 2.2400, 4.4800, {0.0000 -0.4000} {2.2400 4.8800}, {0.0000 0.0000} {0.0000 4.4800} {2.2400 4.4800} {2.2400 0.0000}
NA2HDX2, 3.3600, 4.4800, {0.0000 -0.4000} {3.3600 4.8800}, {0.0000 0.0000} {0.0000 4.4800} {3.3600 4.4800} {3.3600 0.0000}
NA2HDX4, 5.6000, 4.4800, {0.0000 -0.4000} {5.6000 4.8800}, {0.0000 0.0000} {0.0000 4.4800} {5.6000 4.4800} {5.6000 0.0000}
NA3I1HDX0, 3.3600, 4.4800, {0.0000 -0.4000} {3.3600 4.8800}, {0.0000 0.0000} {0.0000 4.4800} {3.3600 4.4800} {3.3600 0.0000}
NA3I1HDX1, 3.3600, 4.4800, {0.0000 -0.4000} {3.3600 4.8800}, {0.0000 0.0000} {0.0000 4.4800} {3.3600 4.4800} {3.3600 0.0000}
NA3I1HDX2, 5.0400, 4.4800, {0.0000 -0.4000} {5.0400 4.8800}, {0.0000 0.0000} {0.0000 4.4800} {5.0400 4.4800} {5.0400 0.0000}
NA3I1HDX4, 9.5200, 4.4800, {0.0000 -0.4000} {9.5200 4.8800}, {0.0000 0.0000} {0.0000 4.4800} {9.5200 4.4800} {9.5200 0.0000}
NA3I2HDX0, 3.3600, 4.4800, {0.0000 -0.4000} {3.3600 4.8800}, {0.0000 0.0000} {0.0000 4.4800} {3.3600 4.4800} {3.3600 0.0000}
NA3I2HDX1, 3.3600, 4.4800, {0.0000 -0.4000} {3.3600 4.8800}, {0.0000 0.0000} {0.0000 4.4800} {3.3600 4.4800} {3.3600 0.0000}
NA3I2HDX2, 4.4800, 4.4800, {0.0000 -0.4000} {4.4800 4.8800}, {0.0000 0.0000} {0.0000 4.4800} {4.4800 4.4800} {4.4800 0.0000}
NA3I2HDX4, 7.2800, 4.4800, {0.0000 -0.4000} {7.2800 4.8800}, {0.0000 0.0000} {0.0000 4.4800} {7.2800 4.4800} {7.2800 0.0000}
NA3HDX0, 2.8000, 4.4800, {0.0000 -0.4000} {2.8000 4.8800}, {0.0000 0.0000} {0.0000 4.4800} {2.8000 4.4800} {2.8000 0.0000}
NA3HDX1, 2.8000, 4.4800, {0.0000 -0.4000} {2.8000 4.8800}, {0.0000 0.0000} {0.0000 4.4800} {2.8000 4.4800} {2.8000 0.0000}
NA3HDX2, 4.4800, 4.4800, {0.0000 -0.4000} {4.4800 4.8800}, {0.0000 0.0000} {0.0000 4.4800} {4.4800 4.4800} {4.4800 0.0000}
NA3HDX4, 8.4000, 4.4800, {0.0000 -0.4000} {8.4000 4.8800}, {0.0000 0.0000} {0.0000 4.4800} {8.4000 4.4800} {8.4000 0.0000}
NA4I1HDX0, 4.4800, 4.4800, {0.0000 -0.4000} {4.4800 4.8800}, {0.0000 0.0000} {0.0000 4.4800} {4.4800 4.4800} {4.4800 0.0000}
NA4I1HDX1, 4.4800, 4.4800, {0.0000 -0.4000} {4.4800 4.8800}, {0.0000 0.0000} {0.0000 4.4800} {4.4800 4.4800} {4.4800 0.0000}
NA4I1HDX2, 7.2800, 4.4800, {0.0000 -0.4000} {7.2800 4.8800}, {0.0000 0.0000} {0.0000 4.4800} {7.2800 4.4800} {7.2800 0.0000}
NA4I1HDX4, 9.5200, 4.4800, {0.0000 -0.4000} {9.5200 4.8800}, {0.0000 0.0000} {0.0000 4.4800} {9.5200 4.4800} {9.5200 0.0000}
NA4I2HDX0, 3.9200, 4.4800, {0.0000 -0.4000} {3.9200 4.8800}, {0.0000 0.0000} {0.0000 4.4800} {3.9200 4.4800} {3.9200 0.0000}
NA4I2HDX1, 3.9200, 4.4800, {0.0000 -0.4000} {3.9200 4.8800}, {0.0000 0.0000} {0.0000 4.4800} {3.9200 4.4800} {3.9200 0.0000}
NA4I2HDX2, 5.6000, 4.4800, {0.0000 -0.4000} {5.6000 4.8800}, {0.0000 0.0000} {0.0000 4.4800} {5.6000 4.4800} {5.6000 0.0000}
NA4I2HDX4, 9.5200, 4.4800, {0.0000 -0.4000} {9.5200 4.8800}, {0.0000 0.0000} {0.0000 4.4800} {9.5200 4.4800} {9.5200 0.0000}
NA4I3HDX0, 3.9200, 4.4800, {0.0000 -0.4000} {3.9200 4.8800}, {0.0000 0.0000} {0.0000 4.4800} {3.9200 4.4800} {3.9200 0.0000}
NA4I3HDX1, 3.9200, 4.4800, {0.0000 -0.4000} {3.9200 4.8800}, {0.0000 0.0000} {0.0000 4.4800} {3.9200 4.4800} {3.9200 0.0000}
NA4I3HDX2, 5.0400, 4.4800, {0.0000 -0.4000} {5.0400 4.8800}, {0.0000 0.0000} {0.0000 4.4800} {5.0400 4.4800} {5.0400 0.0000}
NA4I3HDX4, 7.8400, 4.4800, {0.0000 -0.4000} {7.8400 4.8800}, {0.0000 0.0000} {0.0000 4.4800} {7.8400 4.4800} {7.8400 0.0000}
NA4HDX0, 3.3600, 4.4800, {0.0000 -0.4000} {3.3600 4.8800}, {0.0000 0.0000} {0.0000 4.4800} {3.3600 4.4800} {3.3600 0.0000}
NA4HDX1, 3.3600, 4.4800, {0.0000 -0.4000} {3.3600 4.8800}, {0.0000 0.0000} {0.0000 4.4800} {3.3600 4.4800} {3.3600 0.0000}
NA4HDX2, 5.6000, 4.4800, {0.0000 -0.4000} {5.6000 4.8800}, {0.0000 0.0000} {0.0000 4.4800} {5.6000 4.4800} {5.6000 0.0000}
NA4HDX4, 9.5200, 4.4800, {0.0000 -0.4000} {9.5200 4.8800}, {0.0000 0.0000} {0.0000 4.4800} {9.5200 4.4800} {9.5200 0.0000}
NA5I1HDX0, 6.7200, 4.4800, {0.0000 -0.4000} {6.7200 4.8800}, {0.0000 0.0000} {0.0000 4.4800} {6.7200 4.4800} {6.7200 0.0000}
NA5I1HDX1, 6.7200, 4.4800, {0.0000 -0.4000} {6.7200 4.8800}, {0.0000 0.0000} {0.0000 4.4800} {6.7200 4.4800} {6.7200 0.0000}
NA5I1HDX2, 7.2800, 4.4800, {0.0000 -0.4000} {7.2800 4.8800}, {0.0000 0.0000} {0.0000 4.4800} {7.2800 4.4800} {7.2800 0.0000}
NA5I1HDX4, 8.4000, 4.4800, {0.0000 -0.4000} {8.4000 4.8800}, {0.0000 0.0000} {0.0000 4.4800} {8.4000 4.4800} {8.4000 0.0000}
NA5I2HDX0, 5.6000, 4.4800, {0.0000 -0.4000} {5.6000 4.8800}, {0.0000 0.0000} {0.0000 4.4800} {5.6000 4.4800} {5.6000 0.0000}
NA5I2HDX1, 5.6000, 4.4800, {0.0000 -0.4000} {5.6000 4.8800}, {0.0000 0.0000} {0.0000 4.4800} {5.6000 4.4800} {5.6000 0.0000}
NA5I2HDX2, 6.7200, 4.4800, {0.0000 -0.4000} {6.7200 4.8800}, {0.0000 0.0000} {0.0000 4.4800} {6.7200 4.4800} {6.7200 0.0000}
NA5I2HDX4, 7.8400, 4.4800, {0.0000 -0.4000} {7.8400 4.8800}, {0.0000 0.0000} {0.0000 4.4800} {7.8400 4.4800} {7.8400 0.0000}
NA5I3HDX0, 4.4800, 4.4800, {0.0000 -0.4000} {4.4800 4.8800}, {0.0000 0.0000} {0.0000 4.4800} {4.4800 4.4800} {4.4800 0.0000}
NA5I3HDX1, 4.4800, 4.4800, {0.0000 -0.4000} {4.4800 4.8800}, {0.0000 0.0000} {0.0000 4.4800} {4.4800 4.4800} {4.4800 0.0000}
NA5I3HDX2, 6.1600, 4.4800, {0.0000 -0.4000} {6.1600 4.8800}, {0.0000 0.0000} {0.0000 4.4800} {6.1600 4.4800} {6.1600 0.0000}
NA5I3HDX4, 10.0800, 4.4800, {0.0000 -0.4000} {10.0800 4.8800}, {0.0000 0.0000} {0.0000 4.4800} {10.0800 4.4800} {10.0800 0.0000}
NA5I4HDX0, 5.6000, 4.4800, {0.0000 -0.4000} {5.6000 4.8800}, {0.0000 0.0000} {0.0000 4.4800} {5.6000 4.4800} {5.6000 0.0000}
NA5I4HDX1, 5.6000, 4.4800, {0.0000 -0.4000} {5.6000 4.8800}, {0.0000 0.0000} {0.0000 4.4800} {5.6000 4.4800} {5.6000 0.0000}
NA5I4HDX2, 6.7200, 4.4800, {0.0000 -0.4000} {6.7200 4.8800}, {0.0000 0.0000} {0.0000 4.4800} {6.7200 4.4800} {6.7200 0.0000}
NA5I4HDX4, 11.2000, 4.4800, {0.0000 -0.4000} {11.2000 4.8800}, {0.0000 0.0000} {0.0000 4.4800} {11.2000 4.4800} {11.2000 0.0000}
NA5HDX0, 6.7200, 4.4800, {0.0000 -0.4000} {6.7200 4.8800}, {0.0000 0.0000} {0.0000 4.4800} {6.7200 4.4800} {6.7200 0.0000}
NA5HDX1, 6.7200, 4.4800, {0.0000 -0.4000} {6.7200 4.8800}, {0.0000 0.0000} {0.0000 4.4800} {6.7200 4.4800} {6.7200 0.0000}
NA5HDX2, 6.7200, 4.4800, {0.0000 -0.4000} {6.7200 4.8800}, {0.0000 0.0000} {0.0000 4.4800} {6.7200 4.4800} {6.7200 0.0000}
NA5HDX4, 8.4000, 4.4800, {0.0000 -0.4000} {8.4000 4.8800}, {0.0000 0.0000} {0.0000 4.4800} {8.4000 4.4800} {8.4000 0.0000}
NA6I1HDX0, 7.2800, 4.4800, {0.0000 -0.4000} {7.2800 4.8800}, {0.0000 0.0000} {0.0000 4.4800} {7.2800 4.4800} {7.2800 0.0000}
NA6I1HDX1, 7.2800, 4.4800, {0.0000 -0.4000} {7.2800 4.8800}, {0.0000 0.0000} {0.0000 4.4800} {7.2800 4.4800} {7.2800 0.0000}
NA6I1HDX2, 7.8400, 4.4800, {0.0000 -0.4000} {7.8400 4.8800}, {0.0000 0.0000} {0.0000 4.4800} {7.8400 4.4800} {7.8400 0.0000}
NA6I1HDX4, 8.9600, 4.4800, {0.0000 -0.4000} {8.9600 4.8800}, {0.0000 0.0000} {0.0000 4.4800} {8.9600 4.4800} {8.9600 0.0000}
NA6I2HDX0, 7.8400, 4.4800, {0.0000 -0.4000} {7.8400 4.8800}, {0.0000 0.0000} {0.0000 4.4800} {7.8400 4.4800} {7.8400 0.0000}
NA6I2HDX1, 7.8400, 4.4800, {0.0000 -0.4000} {7.8400 4.8800}, {0.0000 0.0000} {0.0000 4.4800} {7.8400 4.4800} {7.8400 0.0000}
NA6I2HDX2, 8.9600, 4.4800, {0.0000 -0.4000} {8.9600 4.8800}, {0.0000 0.0000} {0.0000 4.4800} {8.9600 4.4800} {8.9600 0.0000}
NA6I2HDX4, 11.2000, 4.4800, {0.0000 -0.4000} {11.2000 4.8800}, {0.0000 0.0000} {0.0000 4.4800} {11.2000 4.4800} {11.2000 0.0000}
NA6I3HDX0, 7.2800, 4.4800, {0.0000 -0.4000} {7.2800 4.8800}, {0.0000 0.0000} {0.0000 4.4800} {7.2800 4.4800} {7.2800 0.0000}
NA6I3HDX1, 7.2800, 4.4800, {0.0000 -0.4000} {7.2800 4.8800}, {0.0000 0.0000} {0.0000 4.4800} {7.2800 4.4800} {7.2800 0.0000}
NA6I3HDX2, 8.4000, 4.4800, {0.0000 -0.4000} {8.4000 4.8800}, {0.0000 0.0000} {0.0000 4.4800} {8.4000 4.4800} {8.4000 0.0000}
NA6I3HDX4, 10.6400, 4.4800, {0.0000 -0.4000} {10.6400 4.8800}, {0.0000 0.0000} {0.0000 4.4800} {10.6400 4.4800} {10.6400 0.0000}
NA6I4HDX0, 7.2800, 4.4800, {0.0000 -0.4000} {7.2800 4.8800}, {0.0000 0.0000} {0.0000 4.4800} {7.2800 4.4800} {7.2800 0.0000}
NA6I4HDX1, 7.2800, 4.4800, {0.0000 -0.4000} {7.2800 4.8800}, {0.0000 0.0000} {0.0000 4.4800} {7.2800 4.4800} {7.2800 0.0000}
NA6I4HDX2, 8.9600, 4.4800, {0.0000 -0.4000} {8.9600 4.8800}, {0.0000 0.0000} {0.0000 4.4800} {8.9600 4.4800} {8.9600 0.0000}
NA6I4HDX4, 12.3200, 4.4800, {0.0000 -0.4000} {12.3200 4.8800}, {0.0000 0.0000} {0.0000 4.4800} {12.3200 4.4800} {12.3200 0.0000}
NA6I5HDX0, 6.1600, 4.4800, {0.0000 -0.4000} {6.1600 4.8800}, {0.0000 0.0000} {0.0000 4.4800} {6.1600 4.4800} {6.1600 0.0000}
NA6I5HDX1, 6.1600, 4.4800, {0.0000 -0.4000} {6.1600 4.8800}, {0.0000 0.0000} {0.0000 4.4800} {6.1600 4.4800} {6.1600 0.0000}
NA6I5HDX2, 7.8400, 4.4800, {0.0000 -0.4000} {7.8400 4.8800}, {0.0000 0.0000} {0.0000 4.4800} {7.8400 4.4800} {7.8400 0.0000}
NA6I5HDX4, 11.7600, 4.4800, {0.0000 -0.4000} {11.7600 4.8800}, {0.0000 0.0000} {0.0000 4.4800} {11.7600 4.4800} {11.7600 0.0000}
NA6HDX0, 7.2800, 4.4800, {0.0000 -0.4000} {7.2800 4.8800}, {0.0000 0.0000} {0.0000 4.4800} {7.2800 4.4800} {7.2800 0.0000}
NA6HDX1, 7.2800, 4.4800, {0.0000 -0.4000} {7.2800 4.8800}, {0.0000 0.0000} {0.0000 4.4800} {7.2800 4.4800} {7.2800 0.0000}
NA6HDX2, 7.8400, 4.4800, {0.0000 -0.4000} {7.8400 4.8800}, {0.0000 0.0000} {0.0000 4.4800} {7.8400 4.4800} {7.8400 0.0000}
NA6HDX4, 8.9600, 4.4800, {0.0000 -0.4000} {8.9600 4.8800}, {0.0000 0.0000} {0.0000 4.4800} {8.9600 4.4800} {8.9600 0.0000}
NO22HDX0, 3.3600, 4.4800, {0.0000 -0.4000} {3.3600 4.8800}, {0.0000 0.0000} {0.0000 4.4800} {3.3600 4.4800} {3.3600 0.0000}
NO22HDX1, 3.9200, 4.4800, {0.0000 -0.4000} {3.9200 4.8800}, {0.0000 0.0000} {0.0000 4.4800} {3.9200 4.4800} {3.9200 0.0000}
NO22HDX2, 5.0400, 4.4800, {0.0000 -0.4000} {5.0400 4.8800}, {0.0000 0.0000} {0.0000 4.4800} {5.0400 4.4800} {5.0400 0.0000}
NO22HDX4, 8.4000, 4.4800, {0.0000 -0.4000} {8.4000 4.8800}, {0.0000 0.0000} {0.0000 4.4800} {8.4000 4.4800} {8.4000 0.0000}
NO2I1HDX0, 2.8000, 4.4800, {0.0000 -0.4000} {2.8000 4.8800}, {0.0000 0.0000} {0.0000 4.4800} {2.8000 4.4800} {2.8000 0.0000}
NO2I1HDX1, 2.8000, 4.4800, {0.0000 -0.4000} {2.8000 4.8800}, {0.0000 0.0000} {0.0000 4.4800} {2.8000 4.4800} {2.8000 0.0000}
NO2I1HDX2, 4.4800, 4.4800, {0.0000 -0.4000} {4.4800 4.8800}, {0.0000 0.0000} {0.0000 4.4800} {4.4800 4.4800} {4.4800 0.0000}
NO2I1HDX4, 7.2800, 4.4800, {0.0000 -0.4000} {7.2800 4.8800}, {0.0000 0.0000} {0.0000 4.4800} {7.2800 4.4800} {7.2800 0.0000}
NO2HDX0, 2.2400, 4.4800, {0.0000 -0.4000} {2.2400 4.8800}, {0.0000 0.0000} {0.0000 4.4800} {2.2400 4.4800} {2.2400 0.0000}
NO2HDX1, 2.2400, 4.4800, {0.0000 -0.4000} {2.2400 4.8800}, {0.0000 0.0000} {0.0000 4.4800} {2.2400 4.4800} {2.2400 0.0000}
NO2HDX2, 3.9200, 4.4800, {0.0000 -0.4000} {3.9200 4.8800}, {0.0000 0.0000} {0.0000 4.4800} {3.9200 4.4800} {3.9200 0.0000}
NO2HDX4, 6.1600, 4.4800, {0.0000 -0.4000} {6.1600 4.8800}, {0.0000 0.0000} {0.0000 4.4800} {6.1600 4.4800} {6.1600 0.0000}
NO3I1HDX0, 3.3600, 4.4800, {0.0000 -0.4000} {3.3600 4.8800}, {0.0000 0.0000} {0.0000 4.4800} {3.3600 4.4800} {3.3600 0.0000}
NO3I1HDX1, 3.9200, 4.4800, {0.0000 -0.4000} {3.9200 4.8800}, {0.0000 0.0000} {0.0000 4.4800} {3.9200 4.4800} {3.9200 0.0000}
NO3I1HDX2, 6.1600, 4.4800, {0.0000 -0.4000} {6.1600 4.8800}, {0.0000 0.0000} {0.0000 4.4800} {6.1600 4.4800} {6.1600 0.0000}
NO3I1HDX4, 6.7200, 4.4800, {0.0000 -0.4000} {6.7200 4.8800}, {0.0000 0.0000} {0.0000 4.4800} {6.7200 4.4800} {6.7200 0.0000}
NO3I2HDX0, 3.3600, 4.4800, {0.0000 -0.4000} {3.3600 4.8800}, {0.0000 0.0000} {0.0000 4.4800} {3.3600 4.4800} {3.3600 0.0000}
NO3I2HDX1, 3.3600, 4.4800, {0.0000 -0.4000} {3.3600 4.8800}, {0.0000 0.0000} {0.0000 4.4800} {3.3600 4.4800} {3.3600 0.0000}
NO3I2HDX2, 5.0400, 4.4800, {0.0000 -0.4000} {5.0400 4.8800}, {0.0000 0.0000} {0.0000 4.4800} {5.0400 4.4800} {5.0400 0.0000}
NO3I2HDX4, 7.8400, 4.4800, {0.0000 -0.4000} {7.8400 4.8800}, {0.0000 0.0000} {0.0000 4.4800} {7.8400 4.4800} {7.8400 0.0000}
NO3HDX0, 2.8000, 4.4800, {0.0000 -0.4000} {2.8000 4.8800}, {0.0000 0.0000} {0.0000 4.4800} {2.8000 4.4800} {2.8000 0.0000}
NO3HDX1, 2.8000, 4.4800, {0.0000 -0.4000} {2.8000 4.8800}, {0.0000 0.0000} {0.0000 4.4800} {2.8000 4.4800} {2.8000 0.0000}
NO3HDX2, 5.0400, 4.4800, {0.0000 -0.4000} {5.0400 4.8800}, {0.0000 0.0000} {0.0000 4.4800} {5.0400 4.4800} {5.0400 0.0000}
NO3HDX4, 7.2800, 4.4800, {0.0000 -0.4000} {7.2800 4.8800}, {0.0000 0.0000} {0.0000 4.4800} {7.2800 4.4800} {7.2800 0.0000}
NO4I1HDX0, 5.0400, 4.4800, {0.0000 -0.4000} {5.0400 4.8800}, {0.0000 0.0000} {0.0000 4.4800} {5.0400 4.4800} {5.0400 0.0000}
NO4I1HDX1, 5.0400, 4.4800, {0.0000 -0.4000} {5.0400 4.8800}, {0.0000 0.0000} {0.0000 4.4800} {5.0400 4.4800} {5.0400 0.0000}
NO4I1HDX2, 6.1600, 4.4800, {0.0000 -0.4000} {6.1600 4.8800}, {0.0000 0.0000} {0.0000 4.4800} {6.1600 4.4800} {6.1600 0.0000}
NO4I1HDX4, 7.2800, 4.4800, {0.0000 -0.4000} {7.2800 4.8800}, {0.0000 0.0000} {0.0000 4.4800} {7.2800 4.4800} {7.2800 0.0000}
NO4I2HDX0, 3.9200, 4.4800, {0.0000 -0.4000} {3.9200 4.8800}, {0.0000 0.0000} {0.0000 4.4800} {3.9200 4.4800} {3.9200 0.0000}
NO4I2HDX1, 4.4800, 4.4800, {0.0000 -0.4000} {4.4800 4.8800}, {0.0000 0.0000} {0.0000 4.4800} {4.4800 4.4800} {4.4800 0.0000}
NO4I2HDX2, 6.7200, 4.4800, {0.0000 -0.4000} {6.7200 4.8800}, {0.0000 0.0000} {0.0000 4.4800} {6.7200 4.4800} {6.7200 0.0000}
NO4I2HDX4, 7.2800, 4.4800, {0.0000 -0.4000} {7.2800 4.8800}, {0.0000 0.0000} {0.0000 4.4800} {7.2800 4.4800} {7.2800 0.0000}
NO4I3HDX0, 3.9200, 4.4800, {0.0000 -0.4000} {3.9200 4.8800}, {0.0000 0.0000} {0.0000 4.4800} {3.9200 4.4800} {3.9200 0.0000}
NO4I3HDX1, 4.4800, 4.4800, {0.0000 -0.4000} {4.4800 4.8800}, {0.0000 0.0000} {0.0000 4.4800} {4.4800 4.4800} {4.4800 0.0000}
NO4I3HDX2, 5.6000, 4.4800, {0.0000 -0.4000} {5.6000 4.8800}, {0.0000 0.0000} {0.0000 4.4800} {5.6000 4.4800} {5.6000 0.0000}
NO4I3HDX4, 7.2800, 4.4800, {0.0000 -0.4000} {7.2800 4.8800}, {0.0000 0.0000} {0.0000 4.4800} {7.2800 4.4800} {7.2800 0.0000}
NO4HDX0, 5.6000, 4.4800, {0.0000 -0.4000} {5.6000 4.8800}, {0.0000 0.0000} {0.0000 4.4800} {5.6000 4.4800} {5.6000 0.0000}
NO4HDX1, 5.6000, 4.4800, {0.0000 -0.4000} {5.6000 4.8800}, {0.0000 0.0000} {0.0000 4.4800} {5.6000 4.4800} {5.6000 0.0000}
NO4HDX2, 6.1600, 4.4800, {0.0000 -0.4000} {6.1600 4.8800}, {0.0000 0.0000} {0.0000 4.4800} {6.1600 4.4800} {6.1600 0.0000}
NO4HDX4, 8.4000, 4.4800, {0.0000 -0.4000} {8.4000 4.8800}, {0.0000 0.0000} {0.0000 4.4800} {8.4000 4.4800} {8.4000 0.0000}
NO5I1HDX0, 6.1600, 4.4800, {0.0000 -0.4000} {6.1600 4.8800}, {0.0000 0.0000} {0.0000 4.4800} {6.1600 4.4800} {6.1600 0.0000}
NO5I1HDX1, 6.1600, 4.4800, {0.0000 -0.4000} {6.1600 4.8800}, {0.0000 0.0000} {0.0000 4.4800} {6.1600 4.4800} {6.1600 0.0000}
NO5I1HDX2, 7.2800, 4.4800, {0.0000 -0.4000} {7.2800 4.8800}, {0.0000 0.0000} {0.0000 4.4800} {7.2800 4.4800} {7.2800 0.0000}
NO5I1HDX4, 8.4000, 4.4800, {0.0000 -0.4000} {8.4000 4.8800}, {0.0000 0.0000} {0.0000 4.4800} {8.4000 4.4800} {8.4000 0.0000}
NO5I2HDX0, 5.6000, 4.4800, {0.0000 -0.4000} {5.6000 4.8800}, {0.0000 0.0000} {0.0000 4.4800} {5.6000 4.4800} {5.6000 0.0000}
NO5I2HDX1, 5.6000, 4.4800, {0.0000 -0.4000} {5.6000 4.8800}, {0.0000 0.0000} {0.0000 4.4800} {5.6000 4.4800} {5.6000 0.0000}
NO5I2HDX2, 5.6000, 4.4800, {0.0000 -0.4000} {5.6000 4.8800}, {0.0000 0.0000} {0.0000 4.4800} {5.6000 4.4800} {5.6000 0.0000}
NO5I2HDX4, 7.2800, 4.4800, {0.0000 -0.4000} {7.2800 4.8800}, {0.0000 0.0000} {0.0000 4.4800} {7.2800 4.4800} {7.2800 0.0000}
NO5I3HDX0, 4.4800, 4.4800, {0.0000 -0.4000} {4.4800 4.8800}, {0.0000 0.0000} {0.0000 4.4800} {4.4800 4.4800} {4.4800 0.0000}
NO5I3HDX1, 4.4800, 4.4800, {0.0000 -0.4000} {4.4800 4.8800}, {0.0000 0.0000} {0.0000 4.4800} {4.4800 4.4800} {4.4800 0.0000}
NO5I3HDX2, 6.7200, 4.4800, {0.0000 -0.4000} {6.7200 4.8800}, {0.0000 0.0000} {0.0000 4.4800} {6.7200 4.4800} {6.7200 0.0000}
NO5I3HDX4, 11.7600, 4.4800, {0.0000 -0.4000} {11.7600 4.8800}, {0.0000 0.0000} {0.0000 4.4800} {11.7600 4.4800} {11.7600 0.0000}
NO5I4HDX0, 5.6000, 4.4800, {0.0000 -0.4000} {5.6000 4.8800}, {0.0000 0.0000} {0.0000 4.4800} {5.6000 4.4800} {5.6000 0.0000}
NO5I4HDX1, 5.6000, 4.4800, {0.0000 -0.4000} {5.6000 4.8800}, {0.0000 0.0000} {0.0000 4.4800} {5.6000 4.4800} {5.6000 0.0000}
NO5I4HDX2, 7.8400, 4.4800, {0.0000 -0.4000} {7.8400 4.8800}, {0.0000 0.0000} {0.0000 4.4800} {7.8400 4.4800} {7.8400 0.0000}
NO5I4HDX4, 9.5200, 4.4800, {0.0000 -0.4000} {9.5200 4.8800}, {0.0000 0.0000} {0.0000 4.4800} {9.5200 4.4800} {9.5200 0.0000}
NO5HDX0, 6.1600, 4.4800, {0.0000 -0.4000} {6.1600 4.8800}, {0.0000 0.0000} {0.0000 4.4800} {6.1600 4.4800} {6.1600 0.0000}
NO5HDX1, 6.1600, 4.4800, {0.0000 -0.4000} {6.1600 4.8800}, {0.0000 0.0000} {0.0000 4.4800} {6.1600 4.4800} {6.1600 0.0000}
NO5HDX2, 7.2800, 4.4800, {0.0000 -0.4000} {7.2800 4.8800}, {0.0000 0.0000} {0.0000 4.4800} {7.2800 4.4800} {7.2800 0.0000}
NO5HDX4, 8.9600, 4.4800, {0.0000 -0.4000} {8.9600 4.8800}, {0.0000 0.0000} {0.0000 4.4800} {8.9600 4.4800} {8.9600 0.0000}
NO6I1HDX0, 6.7200, 4.4800, {0.0000 -0.4000} {6.7200 4.8800}, {0.0000 0.0000} {0.0000 4.4800} {6.7200 4.4800} {6.7200 0.0000}
NO6I1HDX1, 6.7200, 4.4800, {0.0000 -0.4000} {6.7200 4.8800}, {0.0000 0.0000} {0.0000 4.4800} {6.7200 4.4800} {6.7200 0.0000}
NO6I1HDX2, 7.8400, 4.4800, {0.0000 -0.4000} {7.8400 4.8800}, {0.0000 0.0000} {0.0000 4.4800} {7.8400 4.4800} {7.8400 0.0000}
NO6I1HDX4, 9.5200, 4.4800, {0.0000 -0.4000} {9.5200 4.8800}, {0.0000 0.0000} {0.0000 4.4800} {9.5200 4.4800} {9.5200 0.0000}
NO6I2HDX0, 7.2800, 4.4800, {0.0000 -0.4000} {7.2800 4.8800}, {0.0000 0.0000} {0.0000 4.4800} {7.2800 4.4800} {7.2800 0.0000}
NO6I2HDX1, 7.2800, 4.4800, {0.0000 -0.4000} {7.2800 4.8800}, {0.0000 0.0000} {0.0000 4.4800} {7.2800 4.4800} {7.2800 0.0000}
NO6I2HDX2, 10.0800, 4.4800, {0.0000 -0.4000} {10.0800 4.8800}, {0.0000 0.0000} {0.0000 4.4800} {10.0800 4.4800} {10.0800 0.0000}
NO6I2HDX4, 10.6400, 4.4800, {0.0000 -0.4000} {10.6400 4.8800}, {0.0000 0.0000} {0.0000 4.4800} {10.6400 4.4800} {10.6400 0.0000}
NO6I3HDX0, 6.7200, 4.4800, {0.0000 -0.4000} {6.7200 4.8800}, {0.0000 0.0000} {0.0000 4.4800} {6.7200 4.4800} {6.7200 0.0000}
NO6I3HDX1, 6.7200, 4.4800, {0.0000 -0.4000} {6.7200 4.8800}, {0.0000 0.0000} {0.0000 4.4800} {6.7200 4.4800} {6.7200 0.0000}
NO6I3HDX2, 8.9600, 4.4800, {0.0000 -0.4000} {8.9600 4.8800}, {0.0000 0.0000} {0.0000 4.4800} {8.9600 4.4800} {8.9600 0.0000}
NO6I3HDX4, 12.3200, 4.4800, {0.0000 -0.4000} {12.3200 4.8800}, {0.0000 0.0000} {0.0000 4.4800} {12.3200 4.4800} {12.3200 0.0000}
NO6I4HDX0, 6.7200, 4.4800, {0.0000 -0.4000} {6.7200 4.8800}, {0.0000 0.0000} {0.0000 4.4800} {6.7200 4.4800} {6.7200 0.0000}
NO6I4HDX1, 6.7200, 4.4800, {0.0000 -0.4000} {6.7200 4.8800}, {0.0000 0.0000} {0.0000 4.4800} {6.7200 4.4800} {6.7200 0.0000}
NO6I4HDX2, 8.9600, 4.4800, {0.0000 -0.4000} {8.9600 4.8800}, {0.0000 0.0000} {0.0000 4.4800} {8.9600 4.4800} {8.9600 0.0000}
NO6I4HDX4, 10.6400, 4.4800, {0.0000 -0.4000} {10.6400 4.8800}, {0.0000 0.0000} {0.0000 4.4800} {10.6400 4.4800} {10.6400 0.0000}
NO6I5HDX0, 6.1600, 4.4800, {0.0000 -0.4000} {6.1600 4.8800}, {0.0000 0.0000} {0.0000 4.4800} {6.1600 4.4800} {6.1600 0.0000}
NO6I5HDX1, 6.1600, 4.4800, {0.0000 -0.4000} {6.1600 4.8800}, {0.0000 0.0000} {0.0000 4.4800} {6.1600 4.4800} {6.1600 0.0000}
NO6I5HDX2, 7.8400, 4.4800, {0.0000 -0.4000} {7.8400 4.8800}, {0.0000 0.0000} {0.0000 4.4800} {7.8400 4.4800} {7.8400 0.0000}
NO6I5HDX4, 10.0800, 4.4800, {0.0000 -0.4000} {10.0800 4.8800}, {0.0000 0.0000} {0.0000 4.4800} {10.0800 4.4800} {10.0800 0.0000}
NO6HDX0, 6.7200, 4.4800, {0.0000 -0.4000} {6.7200 4.8800}, {0.0000 0.0000} {0.0000 4.4800} {6.7200 4.4800} {6.7200 0.0000}
NO6HDX1, 6.7200, 4.4800, {0.0000 -0.4000} {6.7200 4.8800}, {0.0000 0.0000} {0.0000 4.4800} {6.7200 4.4800} {6.7200 0.0000}
NO6HDX2, 7.8400, 4.4800, {0.0000 -0.4000} {7.8400 4.8800}, {0.0000 0.0000} {0.0000 4.4800} {7.8400 4.4800} {7.8400 0.0000}
NO6HDX4, 9.5200, 4.4800, {0.0000 -0.4000} {9.5200 4.8800}, {0.0000 0.0000} {0.0000 4.4800} {9.5200 4.4800} {9.5200 0.0000}
OA211HDX0, 3.9200, 4.4800, {0.0000 -0.4000} {3.9200 4.8800}, {0.0000 0.0000} {0.0000 4.4800} {3.9200 4.4800} {3.9200 0.0000}
OA211HDX1, 4.4800, 4.4800, {0.0000 -0.4000} {4.4800 4.8800}, {0.0000 0.0000} {0.0000 4.4800} {4.4800 4.4800} {4.4800 0.0000}
OA211HDX2, 5.6000, 4.4800, {0.0000 -0.4000} {5.6000 4.8800}, {0.0000 0.0000} {0.0000 4.4800} {5.6000 4.4800} {5.6000 0.0000}
OA211HDX4, 6.1600, 4.4800, {0.0000 -0.4000} {6.1600 4.8800}, {0.0000 0.0000} {0.0000 4.4800} {6.1600 4.4800} {6.1600 0.0000}
OA21HDX0, 3.9200, 4.4800, {0.0000 -0.4000} {3.9200 4.8800}, {0.0000 0.0000} {0.0000 4.4800} {3.9200 4.4800} {3.9200 0.0000}
OA21HDX1, 3.9200, 4.4800, {0.0000 -0.4000} {3.9200 4.8800}, {0.0000 0.0000} {0.0000 4.4800} {3.9200 4.4800} {3.9200 0.0000}
OA21HDX2, 5.0400, 4.4800, {0.0000 -0.4000} {5.0400 4.8800}, {0.0000 0.0000} {0.0000 4.4800} {5.0400 4.4800} {5.0400 0.0000}
OA21HDX4, 6.1600, 4.4800, {0.0000 -0.4000} {6.1600 4.8800}, {0.0000 0.0000} {0.0000 4.4800} {6.1600 4.4800} {6.1600 0.0000}
OA221HDX0, 5.6000, 4.4800, {0.0000 -0.4000} {5.6000 4.8800}, {0.0000 0.0000} {0.0000 4.4800} {5.6000 4.4800} {5.6000 0.0000}
OA221HDX1, 5.6000, 4.4800, {0.0000 -0.4000} {5.6000 4.8800}, {0.0000 0.0000} {0.0000 4.4800} {5.6000 4.4800} {5.6000 0.0000}
OA221HDX2, 7.2800, 4.4800, {0.0000 -0.4000} {7.2800 4.8800}, {0.0000 0.0000} {0.0000 4.4800} {7.2800 4.4800} {7.2800 0.0000}
OA221HDX4, 7.8400, 4.4800, {0.0000 -0.4000} {7.8400 4.8800}, {0.0000 0.0000} {0.0000 4.4800} {7.8400 4.4800} {7.8400 0.0000}
OA222HDX0, 6.1600, 4.4800, {0.0000 -0.4000} {6.1600 4.8800}, {0.0000 0.0000} {0.0000 4.4800} {6.1600 4.4800} {6.1600 0.0000}
OA222HDX1, 6.1600, 4.4800, {0.0000 -0.4000} {6.1600 4.8800}, {0.0000 0.0000} {0.0000 4.4800} {6.1600 4.4800} {6.1600 0.0000}
OA222HDX2, 7.8400, 4.4800, {0.0000 -0.4000} {7.8400 4.8800}, {0.0000 0.0000} {0.0000 4.4800} {7.8400 4.4800} {7.8400 0.0000}
OA222HDX4, 8.4000, 4.4800, {0.0000 -0.4000} {8.4000 4.8800}, {0.0000 0.0000} {0.0000 4.4800} {8.4000 4.4800} {8.4000 0.0000}
OA22HDX0, 4.4800, 4.4800, {0.0000 -0.4000} {4.4800 4.8800}, {0.0000 0.0000} {0.0000 4.4800} {4.4800 4.4800} {4.4800 0.0000}
OA22HDX1, 4.4800, 4.4800, {0.0000 -0.4000} {4.4800 4.8800}, {0.0000 0.0000} {0.0000 4.4800} {4.4800 4.4800} {4.4800 0.0000}
OA22HDX2, 5.6000, 4.4800, {0.0000 -0.4000} {5.6000 4.8800}, {0.0000 0.0000} {0.0000 4.4800} {5.6000 4.4800} {5.6000 0.0000}
OA22HDX4, 6.7200, 4.4800, {0.0000 -0.4000} {6.7200 4.8800}, {0.0000 0.0000} {0.0000 4.4800} {6.7200 4.4800} {6.7200 0.0000}
OA311HDX0, 5.0400, 4.4800, {0.0000 -0.4000} {5.0400 4.8800}, {0.0000 0.0000} {0.0000 4.4800} {5.0400 4.4800} {5.0400 0.0000}
OA311HDX1, 5.0400, 4.4800, {0.0000 -0.4000} {5.0400 4.8800}, {0.0000 0.0000} {0.0000 4.4800} {5.0400 4.4800} {5.0400 0.0000}
OA311HDX2, 5.6000, 4.4800, {0.0000 -0.4000} {5.6000 4.8800}, {0.0000 0.0000} {0.0000 4.4800} {5.6000 4.4800} {5.6000 0.0000}
OA311HDX4, 6.7200, 4.4800, {0.0000 -0.4000} {6.7200 4.8800}, {0.0000 0.0000} {0.0000 4.4800} {6.7200 4.4800} {6.7200 0.0000}
OA31HDX0, 4.4800, 4.4800, {0.0000 -0.4000} {4.4800 4.8800}, {0.0000 0.0000} {0.0000 4.4800} {4.4800 4.4800} {4.4800 0.0000}
OA31HDX1, 4.4800, 4.4800, {0.0000 -0.4000} {4.4800 4.8800}, {0.0000 0.0000} {0.0000 4.4800} {4.4800 4.4800} {4.4800 0.0000}
OA31HDX2, 5.6000, 4.4800, {0.0000 -0.4000} {5.6000 4.8800}, {0.0000 0.0000} {0.0000 4.4800} {5.6000 4.4800} {5.6000 0.0000}
OA31HDX4, 6.7200, 4.4800, {0.0000 -0.4000} {6.7200 4.8800}, {0.0000 0.0000} {0.0000 4.4800} {6.7200 4.4800} {6.7200 0.0000}
OA321HDX0, 5.6000, 4.4800, {0.0000 -0.4000} {5.6000 4.8800}, {0.0000 0.0000} {0.0000 4.4800} {5.6000 4.4800} {5.6000 0.0000}
OA321HDX1, 5.6000, 4.4800, {0.0000 -0.4000} {5.6000 4.8800}, {0.0000 0.0000} {0.0000 4.4800} {5.6000 4.4800} {5.6000 0.0000}
OA321HDX2, 7.8400, 4.4800, {0.0000 -0.4000} {7.8400 4.8800}, {0.0000 0.0000} {0.0000 4.4800} {7.8400 4.4800} {7.8400 0.0000}
OA321HDX4, 8.4000, 4.4800, {0.0000 -0.4000} {8.4000 4.8800}, {0.0000 0.0000} {0.0000 4.4800} {8.4000 4.4800} {8.4000 0.0000}
OA32HDX0, 5.0400, 4.4800, {0.0000 -0.4000} {5.0400 4.8800}, {0.0000 0.0000} {0.0000 4.4800} {5.0400 4.4800} {5.0400 0.0000}
OA32HDX1, 5.0400, 4.4800, {0.0000 -0.4000} {5.0400 4.8800}, {0.0000 0.0000} {0.0000 4.4800} {5.0400 4.4800} {5.0400 0.0000}
OA32HDX2, 6.7200, 4.4800, {0.0000 -0.4000} {6.7200 4.8800}, {0.0000 0.0000} {0.0000 4.4800} {6.7200 4.4800} {6.7200 0.0000}
OA32HDX4, 7.2800, 4.4800, {0.0000 -0.4000} {7.2800 4.8800}, {0.0000 0.0000} {0.0000 4.4800} {7.2800 4.4800} {7.2800 0.0000}
OA33HDX0, 5.6000, 4.4800, {0.0000 -0.4000} {5.6000 4.8800}, {0.0000 0.0000} {0.0000 4.4800} {5.6000 4.4800} {5.6000 0.0000}
OA33HDX1, 5.6000, 4.4800, {0.0000 -0.4000} {5.6000 4.8800}, {0.0000 0.0000} {0.0000 4.4800} {5.6000 4.4800} {5.6000 0.0000}
OA33HDX2, 7.2800, 4.4800, {0.0000 -0.4000} {7.2800 4.8800}, {0.0000 0.0000} {0.0000 4.4800} {7.2800 4.4800} {7.2800 0.0000}
OA33HDX4, 7.8400, 4.4800, {0.0000 -0.4000} {7.8400 4.8800}, {0.0000 0.0000} {0.0000 4.4800} {7.8400 4.4800} {7.8400 0.0000}
ON211HDX0, 3.3600, 4.4800, {0.0000 -0.4000} {3.3600 4.8800}, {0.0000 0.0000} {0.0000 4.4800} {3.3600 4.4800} {3.3600 0.0000}
ON211HDX1, 3.9200, 4.4800, {0.0000 -0.4000} {3.9200 4.8800}, {0.0000 0.0000} {0.0000 4.4800} {3.9200 4.4800} {3.9200 0.0000}
ON211HDX2, 6.1600, 4.4800, {0.0000 -0.4000} {6.1600 4.8800}, {0.0000 0.0000} {0.0000 4.4800} {6.1600 4.4800} {6.1600 0.0000}
ON211HDX4, 7.8400, 4.4800, {0.0000 -0.4000} {7.8400 4.8800}, {0.0000 0.0000} {0.0000 4.4800} {7.8400 4.4800} {7.8400 0.0000}
ON21HDX0, 2.8000, 4.4800, {0.0000 -0.4000} {2.8000 4.8800}, {0.0000 0.0000} {0.0000 4.4800} {2.8000 4.4800} {2.8000 0.0000}
ON21HDX1, 2.8000, 4.4800, {0.0000 -0.4000} {2.8000 4.8800}, {0.0000 0.0000} {0.0000 4.4800} {2.8000 4.4800} {2.8000 0.0000}
ON21HDX2, 5.6000, 4.4800, {0.0000 -0.4000} {5.6000 4.8800}, {0.0000 0.0000} {0.0000 4.4800} {5.6000 4.4800} {5.6000 0.0000}
ON21HDX4, 6.7200, 4.4800, {0.0000 -0.4000} {6.7200 4.8800}, {0.0000 0.0000} {0.0000 4.4800} {6.7200 4.4800} {6.7200 0.0000}
ON221HDX0, 4.4800, 4.4800, {0.0000 -0.4000} {4.4800 4.8800}, {0.0000 0.0000} {0.0000 4.4800} {4.4800 4.4800} {4.4800 0.0000}
ON221HDX1, 5.0400, 4.4800, {0.0000 -0.4000} {5.0400 4.8800}, {0.0000 0.0000} {0.0000 4.4800} {5.0400 4.4800} {5.0400 0.0000}
ON221HDX2, 7.8400, 4.4800, {0.0000 -0.4000} {7.8400 4.8800}, {0.0000 0.0000} {0.0000 4.4800} {7.8400 4.4800} {7.8400 0.0000}
ON221HDX4, 8.9600, 4.4800, {0.0000 -0.4000} {8.9600 4.8800}, {0.0000 0.0000} {0.0000 4.4800} {8.9600 4.4800} {8.9600 0.0000}
ON222HDX0, 5.0400, 4.4800, {0.0000 -0.4000} {5.0400 4.8800}, {0.0000 0.0000} {0.0000 4.4800} {5.0400 4.4800} {5.0400 0.0000}
ON222HDX1, 5.6000, 4.4800, {0.0000 -0.4000} {5.6000 4.8800}, {0.0000 0.0000} {0.0000 4.4800} {5.6000 4.4800} {5.6000 0.0000}
ON222HDX2, 8.4000, 4.4800, {0.0000 -0.4000} {8.4000 4.8800}, {0.0000 0.0000} {0.0000 4.4800} {8.4000 4.4800} {8.4000 0.0000}
ON222HDX4, 10.0800, 4.4800, {0.0000 -0.4000} {10.0800 4.8800}, {0.0000 0.0000} {0.0000 4.4800} {10.0800 4.4800} {10.0800 0.0000}
ON22HDX0, 3.3600, 4.4800, {0.0000 -0.4000} {3.3600 4.8800}, {0.0000 0.0000} {0.0000 4.4800} {3.3600 4.4800} {3.3600 0.0000}
ON22HDX1, 3.9200, 4.4800, {0.0000 -0.4000} {3.9200 4.8800}, {0.0000 0.0000} {0.0000 4.4800} {3.9200 4.4800} {3.9200 0.0000}
ON22HDX2, 6.7200, 4.4800, {0.0000 -0.4000} {6.7200 4.8800}, {0.0000 0.0000} {0.0000 4.4800} {6.7200 4.4800} {6.7200 0.0000}
ON22HDX4, 7.8400, 4.4800, {0.0000 -0.4000} {7.8400 4.8800}, {0.0000 0.0000} {0.0000 4.4800} {7.8400 4.4800} {7.8400 0.0000}
ON311HDX0, 3.9200, 4.4800, {0.0000 -0.4000} {3.9200 4.8800}, {0.0000 0.0000} {0.0000 4.4800} {3.9200 4.4800} {3.9200 0.0000}
ON311HDX1, 4.4800, 4.4800, {0.0000 -0.4000} {4.4800 4.8800}, {0.0000 0.0000} {0.0000 4.4800} {4.4800 4.4800} {4.4800 0.0000}
ON311HDX2, 7.2800, 4.4800, {0.0000 -0.4000} {7.2800 4.8800}, {0.0000 0.0000} {0.0000 4.4800} {7.2800 4.4800} {7.2800 0.0000}
ON311HDX4, 8.4000, 4.4800, {0.0000 -0.4000} {8.4000 4.8800}, {0.0000 0.0000} {0.0000 4.4800} {8.4000 4.4800} {8.4000 0.0000}
ON31HDX0, 3.3600, 4.4800, {0.0000 -0.4000} {3.3600 4.8800}, {0.0000 0.0000} {0.0000 4.4800} {3.3600 4.4800} {3.3600 0.0000}
ON31HDX1, 3.9200, 4.4800, {0.0000 -0.4000} {3.9200 4.8800}, {0.0000 0.0000} {0.0000 4.4800} {3.9200 4.4800} {3.9200 0.0000}
ON31HDX2, 5.6000, 4.4800, {0.0000 -0.4000} {5.6000 4.8800}, {0.0000 0.0000} {0.0000 4.4800} {5.6000 4.4800} {5.6000 0.0000}
ON31HDX4, 7.8400, 4.4800, {0.0000 -0.4000} {7.8400 4.8800}, {0.0000 0.0000} {0.0000 4.4800} {7.8400 4.4800} {7.8400 0.0000}
ON321HDX0, 5.0400, 4.4800, {0.0000 -0.4000} {5.0400 4.8800}, {0.0000 0.0000} {0.0000 4.4800} {5.0400 4.4800} {5.0400 0.0000}
ON321HDX1, 5.6000, 4.4800, {0.0000 -0.4000} {5.6000 4.8800}, {0.0000 0.0000} {0.0000 4.4800} {5.6000 4.4800} {5.6000 0.0000}
ON321HDX2, 7.8400, 4.4800, {0.0000 -0.4000} {7.8400 4.8800}, {0.0000 0.0000} {0.0000 4.4800} {7.8400 4.4800} {7.8400 0.0000}
ON321HDX4, 9.5200, 4.4800, {0.0000 -0.4000} {9.5200 4.8800}, {0.0000 0.0000} {0.0000 4.4800} {9.5200 4.4800} {9.5200 0.0000}
ON32HDX0, 3.9200, 4.4800, {0.0000 -0.4000} {3.9200 4.8800}, {0.0000 0.0000} {0.0000 4.4800} {3.9200 4.4800} {3.9200 0.0000}
ON32HDX1, 4.4800, 4.4800, {0.0000 -0.4000} {4.4800 4.8800}, {0.0000 0.0000} {0.0000 4.4800} {4.4800 4.4800} {4.4800 0.0000}
ON32HDX2, 7.2800, 4.4800, {0.0000 -0.4000} {7.2800 4.8800}, {0.0000 0.0000} {0.0000 4.4800} {7.2800 4.4800} {7.2800 0.0000}
ON32HDX4, 8.4000, 4.4800, {0.0000 -0.4000} {8.4000 4.8800}, {0.0000 0.0000} {0.0000 4.4800} {8.4000 4.4800} {8.4000 0.0000}
ON33HDX0, 5.0400, 4.4800, {0.0000 -0.4000} {5.0400 4.8800}, {0.0000 0.0000} {0.0000 4.4800} {5.0400 4.4800} {5.0400 0.0000}
ON33HDX1, 5.0400, 4.4800, {0.0000 -0.4000} {5.0400 4.8800}, {0.0000 0.0000} {0.0000 4.4800} {5.0400 4.4800} {5.0400 0.0000}
ON33HDX2, 7.8400, 4.4800, {0.0000 -0.4000} {7.8400 4.8800}, {0.0000 0.0000} {0.0000 4.4800} {7.8400 4.4800} {7.8400 0.0000}
ON33HDX4, 9.5200, 4.4800, {0.0000 -0.4000} {9.5200 4.8800}, {0.0000 0.0000} {0.0000 4.4800} {9.5200 4.4800} {9.5200 0.0000}
OR2HDX0, 2.8000, 4.4800, {0.0000 -0.4000} {2.8000 4.8800}, {0.0000 0.0000} {0.0000 4.4800} {2.8000 4.4800} {2.8000 0.0000}
OR2HDX1, 2.8000, 4.4800, {0.0000 -0.4000} {2.8000 4.8800}, {0.0000 0.0000} {0.0000 4.4800} {2.8000 4.4800} {2.8000 0.0000}
OR2HDX2, 3.3600, 4.4800, {0.0000 -0.4000} {3.3600 4.8800}, {0.0000 0.0000} {0.0000 4.4800} {3.3600 4.4800} {3.3600 0.0000}
OR2HDX4, 4.4800, 4.4800, {0.0000 -0.4000} {4.4800 4.8800}, {0.0000 0.0000} {0.0000 4.4800} {4.4800 4.4800} {4.4800 0.0000}
OR3HDX0, 3.3600, 4.4800, {0.0000 -0.4000} {3.3600 4.8800}, {0.0000 0.0000} {0.0000 4.4800} {3.3600 4.4800} {3.3600 0.0000}
OR3HDX1, 3.3600, 4.4800, {0.0000 -0.4000} {3.3600 4.8800}, {0.0000 0.0000} {0.0000 4.4800} {3.3600 4.4800} {3.3600 0.0000}
OR3HDX2, 4.4800, 4.4800, {0.0000 -0.4000} {4.4800 4.8800}, {0.0000 0.0000} {0.0000 4.4800} {4.4800 4.4800} {4.4800 0.0000}
OR3HDX4, 5.0400, 4.4800, {0.0000 -0.4000} {5.0400 4.8800}, {0.0000 0.0000} {0.0000 4.4800} {5.0400 4.4800} {5.0400 0.0000}
OR4HDX0, 5.0400, 4.4800, {0.0000 -0.4000} {5.0400 4.8800}, {0.0000 0.0000} {0.0000 4.4800} {5.0400 4.4800} {5.0400 0.0000}
OR4HDX1, 5.0400, 4.4800, {0.0000 -0.4000} {5.0400 4.8800}, {0.0000 0.0000} {0.0000 4.4800} {5.0400 4.4800} {5.0400 0.0000}
OR4HDX2, 6.1600, 4.4800, {0.0000 -0.4000} {6.1600 4.8800}, {0.0000 0.0000} {0.0000 4.4800} {6.1600 4.4800} {6.1600 0.0000}
OR4HDX4, 8.4000, 4.4800, {0.0000 -0.4000} {8.4000 4.8800}, {0.0000 0.0000} {0.0000 4.4800} {8.4000 4.4800} {8.4000 0.0000}
OR5HDX0, 5.6000, 4.4800, {0.0000 -0.4000} {5.6000 4.8800}, {0.0000 0.0000} {0.0000 4.4800} {5.6000 4.4800} {5.6000 0.0000}
OR5HDX1, 5.6000, 4.4800, {0.0000 -0.4000} {5.6000 4.8800}, {0.0000 0.0000} {0.0000 4.4800} {5.6000 4.4800} {5.6000 0.0000}
OR5HDX2, 6.7200, 4.4800, {0.0000 -0.4000} {6.7200 4.8800}, {0.0000 0.0000} {0.0000 4.4800} {6.7200 4.4800} {6.7200 0.0000}
OR5HDX4, 9.5200, 4.4800, {0.0000 -0.4000} {9.5200 4.8800}, {0.0000 0.0000} {0.0000 4.4800} {9.5200 4.4800} {9.5200 0.0000}
OR6HDX0, 6.7200, 4.4800, {0.0000 -0.4000} {6.7200 4.8800}, {0.0000 0.0000} {0.0000 4.4800} {6.7200 4.4800} {6.7200 0.0000}
OR6HDX1, 6.7200, 4.4800, {0.0000 -0.4000} {6.7200 4.8800}, {0.0000 0.0000} {0.0000 4.4800} {6.7200 4.4800} {6.7200 0.0000}
OR6HDX2, 7.2800, 4.4800, {0.0000 -0.4000} {7.2800 4.8800}, {0.0000 0.0000} {0.0000 4.4800} {7.2800 4.4800} {7.2800 0.0000}
OR6HDX4, 10.0800, 4.4800, {0.0000 -0.4000} {10.0800 4.8800}, {0.0000 0.0000} {0.0000 4.4800} {10.0800 4.4800} {10.0800 0.0000}
SDFFHDX0, 14.0000, 4.4800, {0.0000 -0.4000} {14.0000 4.8800}, {0.0000 0.0000} {0.0000 4.4800} {14.0000 4.4800} {14.0000 0.0000}
SDFFHDX1, 14.0000, 4.4800, {0.0000 -0.4000} {14.0000 4.8800}, {0.0000 0.0000} {0.0000 4.4800} {14.0000 4.4800} {14.0000 0.0000}
SDFFHDX2, 15.6800, 4.4800, {0.0000 -0.4000} {15.6800 4.8800}, {0.0000 0.0000} {0.0000 4.4800} {15.6800 4.4800} {15.6800 0.0000}
SDFFHDX4, 18.4800, 4.4800, {0.0000 -0.4000} {18.4800 4.8800}, {0.0000 0.0000} {0.0000 4.4800} {18.4800 4.4800} {18.4800 0.0000}
SDFFQHDX0, 13.4400, 4.4800, {0.0000 -0.4000} {13.4400 4.8800}, {0.0000 0.0000} {0.0000 4.4800} {13.4400 4.4800} {13.4400 0.0000}
SDFFQHDX1, 13.4400, 4.4800, {0.0000 -0.4000} {13.4400 4.8800}, {0.0000 0.0000} {0.0000 4.4800} {13.4400 4.4800} {13.4400 0.0000}
SDFFQHDX2, 14.0000, 4.4800, {0.0000 -0.4000} {14.0000 4.8800}, {0.0000 0.0000} {0.0000 4.4800} {14.0000 4.4800} {14.0000 0.0000}
SDFFQHDX4, 15.1200, 4.4800, {0.0000 -0.4000} {15.1200 4.8800}, {0.0000 0.0000} {0.0000 4.4800} {15.1200 4.4800} {15.1200 0.0000}
SDFFRHDX0, 16.8000, 4.4800, {0.0000 -0.4000} {16.8000 4.8800}, {0.0000 0.0000} {0.0000 4.4800} {16.8000 4.4800} {16.8000 0.0000}
SDFFRHDX1, 16.8000, 4.4800, {0.0000 -0.4000} {16.8000 4.8800}, {0.0000 0.0000} {0.0000 4.4800} {16.8000 4.4800} {16.8000 0.0000}
SDFFRHDX2, 17.9200, 4.4800, {0.0000 -0.4000} {17.9200 4.8800}, {0.0000 0.0000} {0.0000 4.4800} {17.9200 4.4800} {17.9200 0.0000}
SDFFRHDX4, 20.7200, 4.4800, {0.0000 -0.4000} {20.7200 4.8800}, {0.0000 0.0000} {0.0000 4.4800} {20.7200 4.4800} {20.7200 0.0000}
SDFFRQHDX0, 15.6800, 4.4800, {0.0000 -0.4000} {15.6800 4.8800}, {0.0000 0.0000} {0.0000 4.4800} {15.6800 4.4800} {15.6800 0.0000}
SDFFRQHDX1, 15.6800, 4.4800, {0.0000 -0.4000} {15.6800 4.8800}, {0.0000 0.0000} {0.0000 4.4800} {15.6800 4.4800} {15.6800 0.0000}
SDFFRQHDX2, 16.2400, 4.4800, {0.0000 -0.4000} {16.2400 4.8800}, {0.0000 0.0000} {0.0000 4.4800} {16.2400 4.4800} {16.2400 0.0000}
SDFFRQHDX4, 17.3600, 4.4800, {0.0000 -0.4000} {17.3600 4.8800}, {0.0000 0.0000} {0.0000 4.4800} {17.3600 4.4800} {17.3600 0.0000}
SDFFRSHDX0, 17.9200, 4.4800, {0.0000 -0.4000} {17.9200 4.8800}, {0.0000 0.0000} {0.0000 4.4800} {17.9200 4.4800} {17.9200 0.0000}
SDFFRSHDX1, 17.9200, 4.4800, {0.0000 -0.4000} {17.9200 4.8800}, {0.0000 0.0000} {0.0000 4.4800} {17.9200 4.4800} {17.9200 0.0000}
SDFFRSHDX2, 19.0400, 4.4800, {0.0000 -0.4000} {19.0400 4.8800}, {0.0000 0.0000} {0.0000 4.4800} {19.0400 4.4800} {19.0400 0.0000}
SDFFRSHDX4, 21.8400, 4.4800, {0.0000 -0.4000} {21.8400 4.8800}, {0.0000 0.0000} {0.0000 4.4800} {21.8400 4.4800} {21.8400 0.0000}
SDFFRSQHDX0, 16.8000, 4.4800, {0.0000 -0.4000} {16.8000 4.8800}, {0.0000 0.0000} {0.0000 4.4800} {16.8000 4.4800} {16.8000 0.0000}
SDFFRSQHDX1, 16.8000, 4.4800, {0.0000 -0.4000} {16.8000 4.8800}, {0.0000 0.0000} {0.0000 4.4800} {16.8000 4.4800} {16.8000 0.0000}
SDFFRSQHDX2, 17.3600, 4.4800, {0.0000 -0.4000} {17.3600 4.8800}, {0.0000 0.0000} {0.0000 4.4800} {17.3600 4.4800} {17.3600 0.0000}
SDFFRSQHDX4, 18.4800, 4.4800, {0.0000 -0.4000} {18.4800 4.8800}, {0.0000 0.0000} {0.0000 4.4800} {18.4800 4.4800} {18.4800 0.0000}
SDFFSHDX0, 15.6800, 4.4800, {0.0000 -0.4000} {15.6800 4.8800}, {0.0000 0.0000} {0.0000 4.4800} {15.6800 4.4800} {15.6800 0.0000}
SDFFSHDX1, 15.6800, 4.4800, {0.0000 -0.4000} {15.6800 4.8800}, {0.0000 0.0000} {0.0000 4.4800} {15.6800 4.4800} {15.6800 0.0000}
SDFFSHDX2, 16.8000, 4.4800, {0.0000 -0.4000} {16.8000 4.8800}, {0.0000 0.0000} {0.0000 4.4800} {16.8000 4.4800} {16.8000 0.0000}
SDFFSHDX4, 19.6000, 4.4800, {0.0000 -0.4000} {19.6000 4.8800}, {0.0000 0.0000} {0.0000 4.4800} {19.6000 4.4800} {19.6000 0.0000}
SDFFSQHDX0, 14.5600, 4.4800, {0.0000 -0.4000} {14.5600 4.8800}, {0.0000 0.0000} {0.0000 4.4800} {14.5600 4.4800} {14.5600 0.0000}
SDFFSQHDX1, 14.5600, 4.4800, {0.0000 -0.4000} {14.5600 4.8800}, {0.0000 0.0000} {0.0000 4.4800} {14.5600 4.4800} {14.5600 0.0000}
SDFFSQHDX2, 15.1200, 4.4800, {0.0000 -0.4000} {15.1200 4.8800}, {0.0000 0.0000} {0.0000 4.4800} {15.1200 4.4800} {15.1200 0.0000}
SDFFSQHDX4, 16.8000, 4.4800, {0.0000 -0.4000} {16.8000 4.8800}, {0.0000 0.0000} {0.0000 4.4800} {16.8000 4.4800} {16.8000 0.0000}
SDFRHDX0, 14.0000, 4.4800, {0.0000 -0.4000} {14.0000 4.8800}, {0.0000 0.0000} {0.0000 4.4800} {14.0000 4.4800} {14.0000 0.0000}
SDFRHDX1, 14.0000, 4.4800, {0.0000 -0.4000} {14.0000 4.8800}, {0.0000 0.0000} {0.0000 4.4800} {14.0000 4.4800} {14.0000 0.0000}
SDFRHDX2, 15.6800, 4.4800, {0.0000 -0.4000} {15.6800 4.8800}, {0.0000 0.0000} {0.0000 4.4800} {15.6800 4.4800} {15.6800 0.0000}
SDFRHDX4, 18.4800, 4.4800, {0.0000 -0.4000} {18.4800 4.8800}, {0.0000 0.0000} {0.0000 4.4800} {18.4800 4.4800} {18.4800 0.0000}
SDFRQHDX0, 13.4400, 4.4800, {0.0000 -0.4000} {13.4400 4.8800}, {0.0000 0.0000} {0.0000 4.4800} {13.4400 4.4800} {13.4400 0.0000}
SDFRQHDX1, 13.4400, 4.4800, {0.0000 -0.4000} {13.4400 4.8800}, {0.0000 0.0000} {0.0000 4.4800} {13.4400 4.4800} {13.4400 0.0000}
SDFRQHDX2, 14.0000, 4.4800, {0.0000 -0.4000} {14.0000 4.8800}, {0.0000 0.0000} {0.0000 4.4800} {14.0000 4.4800} {14.0000 0.0000}
SDFRQHDX4, 15.1200, 4.4800, {0.0000 -0.4000} {15.1200 4.8800}, {0.0000 0.0000} {0.0000 4.4800} {15.1200 4.4800} {15.1200 0.0000}
SDFRRHDX0, 16.8000, 4.4800, {0.0000 -0.4000} {16.8000 4.8800}, {0.0000 0.0000} {0.0000 4.4800} {16.8000 4.4800} {16.8000 0.0000}
SDFRRHDX1, 16.8000, 4.4800, {0.0000 -0.4000} {16.8000 4.8800}, {0.0000 0.0000} {0.0000 4.4800} {16.8000 4.4800} {16.8000 0.0000}
SDFRRHDX2, 17.9200, 4.4800, {0.0000 -0.4000} {17.9200 4.8800}, {0.0000 0.0000} {0.0000 4.4800} {17.9200 4.4800} {17.9200 0.0000}
SDFRRHDX4, 20.7200, 4.4800, {0.0000 -0.4000} {20.7200 4.8800}, {0.0000 0.0000} {0.0000 4.4800} {20.7200 4.4800} {20.7200 0.0000}
SDFRRQHDX0, 15.6800, 4.4800, {0.0000 -0.4000} {15.6800 4.8800}, {0.0000 0.0000} {0.0000 4.4800} {15.6800 4.4800} {15.6800 0.0000}
SDFRRQHDX1, 15.6800, 4.4800, {0.0000 -0.4000} {15.6800 4.8800}, {0.0000 0.0000} {0.0000 4.4800} {15.6800 4.4800} {15.6800 0.0000}
SDFRRQHDX2, 16.2400, 4.4800, {0.0000 -0.4000} {16.2400 4.8800}, {0.0000 0.0000} {0.0000 4.4800} {16.2400 4.4800} {16.2400 0.0000}
SDFRRQHDX4, 17.3600, 4.4800, {0.0000 -0.4000} {17.3600 4.8800}, {0.0000 0.0000} {0.0000 4.4800} {17.3600 4.4800} {17.3600 0.0000}
SDFRRSHDX0, 17.9200, 4.4800, {0.0000 -0.4000} {17.9200 4.8800}, {0.0000 0.0000} {0.0000 4.4800} {17.9200 4.4800} {17.9200 0.0000}
SDFRRSHDX1, 17.9200, 4.4800, {0.0000 -0.4000} {17.9200 4.8800}, {0.0000 0.0000} {0.0000 4.4800} {17.9200 4.4800} {17.9200 0.0000}
SDFRRSHDX2, 19.0400, 4.4800, {0.0000 -0.4000} {19.0400 4.8800}, {0.0000 0.0000} {0.0000 4.4800} {19.0400 4.4800} {19.0400 0.0000}
SDFRRSHDX4, 21.8400, 4.4800, {0.0000 -0.4000} {21.8400 4.8800}, {0.0000 0.0000} {0.0000 4.4800} {21.8400 4.4800} {21.8400 0.0000}
SDFRRSQHDX0, 16.8000, 4.4800, {0.0000 -0.4000} {16.8000 4.8800}, {0.0000 0.0000} {0.0000 4.4800} {16.8000 4.4800} {16.8000 0.0000}
SDFRRSQHDX1, 16.8000, 4.4800, {0.0000 -0.4000} {16.8000 4.8800}, {0.0000 0.0000} {0.0000 4.4800} {16.8000 4.4800} {16.8000 0.0000}
SDFRRSQHDX2, 17.3600, 4.4800, {0.0000 -0.4000} {17.3600 4.8800}, {0.0000 0.0000} {0.0000 4.4800} {17.3600 4.4800} {17.3600 0.0000}
SDFRRSQHDX4, 19.0400, 4.4800, {0.0000 -0.4000} {19.0400 4.8800}, {0.0000 0.0000} {0.0000 4.4800} {19.0400 4.4800} {19.0400 0.0000}
SDFRSHDX0, 15.6800, 4.4800, {0.0000 -0.4000} {15.6800 4.8800}, {0.0000 0.0000} {0.0000 4.4800} {15.6800 4.4800} {15.6800 0.0000}
SDFRSHDX1, 15.6800, 4.4800, {0.0000 -0.4000} {15.6800 4.8800}, {0.0000 0.0000} {0.0000 4.4800} {15.6800 4.4800} {15.6800 0.0000}
SDFRSHDX2, 16.8000, 4.4800, {0.0000 -0.4000} {16.8000 4.8800}, {0.0000 0.0000} {0.0000 4.4800} {16.8000 4.4800} {16.8000 0.0000}
SDFRSHDX4, 19.6000, 4.4800, {0.0000 -0.4000} {19.6000 4.8800}, {0.0000 0.0000} {0.0000 4.4800} {19.6000 4.4800} {19.6000 0.0000}
SDFRSQHDX0, 14.5600, 4.4800, {0.0000 -0.4000} {14.5600 4.8800}, {0.0000 0.0000} {0.0000 4.4800} {14.5600 4.4800} {14.5600 0.0000}
SDFRSQHDX1, 14.5600, 4.4800, {0.0000 -0.4000} {14.5600 4.8800}, {0.0000 0.0000} {0.0000 4.4800} {14.5600 4.4800} {14.5600 0.0000}
SDFRSQHDX2, 15.1200, 4.4800, {0.0000 -0.4000} {15.1200 4.8800}, {0.0000 0.0000} {0.0000 4.4800} {15.1200 4.4800} {15.1200 0.0000}
SDFRSQHDX4, 16.8000, 4.4800, {0.0000 -0.4000} {16.8000 4.8800}, {0.0000 0.0000} {0.0000 4.4800} {16.8000 4.4800} {16.8000 0.0000}
STEHDX0, 8.4000, 4.4800, {0.0000 -0.4000} {8.4000 4.8800}, {0.0000 0.0000} {0.0000 4.4800} {8.4000 4.4800} {8.4000 0.0000}
STEHDX1, 8.4000, 4.4800, {0.0000 -0.4000} {8.4000 4.8800}, {0.0000 0.0000} {0.0000 4.4800} {8.4000 4.4800} {8.4000 0.0000}
STEHDX2, 8.9600, 4.4800, {0.0000 -0.4000} {8.9600 4.8800}, {0.0000 0.0000} {0.0000 4.4800} {8.9600 4.4800} {8.9600 0.0000}
STEHDX4, 10.6400, 4.4800, {0.0000 -0.4000} {10.6400 4.8800}, {0.0000 0.0000} {0.0000 4.4800} {10.6400 4.4800} {10.6400 0.0000}
SIGNALHOLDHD, 2.8000, 4.4800, {0.0000 -0.4000} {2.8000 4.8800}, {0.0000 0.0000} {0.0000 4.4800} {2.8000 4.4800} {2.8000 0.0000}
LOGIC0HD, 1.6800, 4.4800, {0.0000 -0.4000} {1.6800 4.8800}, {0.0000 0.0000} {0.0000 4.4800} {1.6800 4.4800} {1.6800 0.0000}
LOGIC1HD, 1.6800, 4.4800, {0.0000 -0.4000} {1.6800 4.8800}, {0.0000 0.0000} {0.0000 4.4800} {1.6800 4.4800} {1.6800 0.0000}
FEED1HD, 0.5600, 4.4800, {0.0000 -0.4000} {0.5600 4.8800}, {0.0000 0.0000} {0.0000 4.4800} {0.5600 4.4800} {0.5600 0.0000}
FEED2HD, 1.1200, 4.4800, {0.0000 -0.4000} {1.1200 4.8800}, {0.0000 0.0000} {0.0000 4.4800} {1.1200 4.4800} {1.1200 0.0000}
FEED3HD, 1.6800, 4.4800, {0.0000 -0.4000} {1.6800 4.8800}, {0.0000 0.0000} {0.0000 4.4800} {1.6800 4.4800} {1.6800 0.0000}
FEED5HD, 2.8000, 4.4800, {0.0000 -0.4000} {2.8000 4.8800}, {0.0000 0.0000} {0.0000 4.4800} {2.8000 4.4800} {2.8000 0.0000}
FEED7HD, 3.9200, 4.4800, {0.0000 -0.4000} {3.9200 4.8800}, {0.0000 0.0000} {0.0000 4.4800} {3.9200 4.4800} {3.9200 0.0000}
FEED10HD, 5.6000, 4.4800, {0.0000 -0.4000} {5.6000 4.8800}, {0.0000 0.0000} {0.0000 4.4800} {5.6000 4.4800} {5.6000 0.0000}
FEED15HD, 8.4000, 4.4800, {0.0000 -0.4000} {8.4000 4.8800}, {0.0000 0.0000} {0.0000 4.4800} {8.4000 4.4800} {8.4000 0.0000}
FEED25HD, 14.0000, 4.4800, {0.0000 -0.4000} {14.0000 4.8800}, {0.0000 0.0000} {0.0000 4.4800} {14.0000 4.4800} {14.0000 0.0000}
DECAP3HD, 1.6800, 4.4800, {0.0000 -0.4000} {1.6800 4.8800}, {0.0000 0.0000} {0.0000 4.4800} {1.6800 4.4800} {1.6800 0.0000}
DECAP5HD, 2.8000, 4.4800, {0.0000 -0.4000} {2.8000 4.8800}, {0.0000 0.0000} {0.0000 4.4800} {2.8000 4.4800} {2.8000 0.0000}
DECAP7HD, 3.9200, 4.4800, {0.0000 -0.4000} {3.9200 4.8800}, {0.0000 0.0000} {0.0000 4.4800} {3.9200 4.4800} {3.9200 0.0000}
DECAP10HD, 5.6000, 4.4800, {0.0000 -0.4000} {5.6000 4.8800}, {0.0000 0.0000} {0.0000 4.4800} {5.6000 4.4800} {5.6000 0.0000}
DECAP15HD, 8.4000, 4.4800, {0.0000 -0.4000} {8.4000 4.8800}, {0.0000 0.0000} {0.0000 4.4800} {8.4000 4.4800} {8.4000 0.0000}
DECAP25HD, 14.0000, 4.4800, {0.0000 -0.4000} {14.0000 4.8800}, {0.0000 0.0000} {0.0000 4.4800} {14.0000 4.4800} {14.0000 0.0000}
FCNE2HD, 1.1200, 4.4800, {0.0000 -0.4000} {1.1200 4.8800}, {0.0000 0.0000} {0.0000 4.4800} {1.1200 4.4800} {1.1200 0.0000}
FCNE3HD, 1.6800, 4.4800, {0.0000 -0.4000} {1.6800 4.8800}, {0.0000 0.0000} {0.0000 4.4800} {1.6800 4.4800} {1.6800 0.0000}
FCNE4HD, 2.2400, 4.4800, {0.0000 -0.4000} {2.2400 4.8800}, {0.0000 0.0000} {0.0000 4.4800} {2.2400 4.4800} {2.2400 0.0000}
FCNE5HD, 2.8000, 4.4800, {0.0000 -0.4000} {2.8000 4.8800}, {0.0000 0.0000} {0.0000 4.4800} {2.8000 4.4800} {2.8000 0.0000}
FCNE6HD, 3.3600, 4.4800, {0.0000 -0.4000} {3.3600 4.8800}, {0.0000 0.0000} {0.0000 4.4800} {3.3600 4.4800} {3.3600 0.0000}
FCNE7HD, 3.9200, 4.4800, {0.0000 -0.4000} {3.9200 4.8800}, {0.0000 0.0000} {0.0000 4.4800} {3.9200 4.4800} {3.9200 0.0000}
FCNE8HD, 4.4800, 4.4800, {0.0000 -0.4000} {4.4800 4.8800}, {0.0000 0.0000} {0.0000 4.4800} {4.4800 4.4800} {4.4800 0.0000}
FCNE9HD, 5.0400, 4.4800, {0.0000 -0.4000} {5.0400 4.8800}, {0.0000 0.0000} {0.0000 4.4800} {5.0400 4.4800} {5.0400 0.0000}
FCNE10HD, 5.6000, 4.4800, {0.0000 -0.4000} {5.6000 4.8800}, {0.0000 0.0000} {0.0000 4.4800} {5.6000 4.4800} {5.6000 0.0000}
FCNE11HD, 6.1600, 4.4800, {0.0000 -0.4000} {6.1600 4.8800}, {0.0000 0.0000} {0.0000 4.4800} {6.1600 4.4800} {6.1600 0.0000}
FCNE12HD, 6.7200, 4.4800, {0.0000 -0.4000} {6.7200 4.8800}, {0.0000 0.0000} {0.0000 4.4800} {6.7200 4.4800} {6.7200 0.0000}
FCNE13HD, 7.2800, 4.4800, {0.0000 -0.4000} {7.2800 4.8800}, {0.0000 0.0000} {0.0000 4.4800} {7.2800 4.4800} {7.2800 0.0000}
FCNE14HD, 7.8400, 4.4800, {0.0000 -0.4000} {7.8400 4.8800}, {0.0000 0.0000} {0.0000 4.4800} {7.8400 4.4800} {7.8400 0.0000}
FCNE15HD, 8.4000, 4.4800, {0.0000 -0.4000} {8.4000 4.8800}, {0.0000 0.0000} {0.0000 4.4800} {8.4000 4.4800} {8.4000 0.0000}
FCNE16HD, 8.9600, 4.4800, {0.0000 -0.4000} {8.9600 4.8800}, {0.0000 0.0000} {0.0000 4.4800} {8.9600 4.4800} {8.9600 0.0000}
FCNE17HD, 9.5200, 4.4800, {0.0000 -0.4000} {9.5200 4.8800}, {0.0000 0.0000} {0.0000 4.4800} {9.5200 4.4800} {9.5200 0.0000}
FCNE18HD, 10.0800, 4.4800, {0.0000 -0.4000} {10.0800 4.8800}, {0.0000 0.0000} {0.0000 4.4800} {10.0800 4.4800} {10.0800 0.0000}
FCNE19HD, 10.6400, 4.4800, {0.0000 -0.4000} {10.6400 4.8800}, {0.0000 0.0000} {0.0000 4.4800} {10.6400 4.4800} {10.6400 0.0000}
FCNE20HD, 11.2000, 4.4800, {0.0000 -0.4000} {11.2000 4.8800}, {0.0000 0.0000} {0.0000 4.4800} {11.2000 4.4800} {11.2000 0.0000}
FCNE21HD, 11.7600, 4.4800, {0.0000 -0.4000} {11.7600 4.8800}, {0.0000 0.0000} {0.0000 4.4800} {11.7600 4.4800} {11.7600 0.0000}
FCNE22HD, 12.3200, 4.4800, {0.0000 -0.4000} {12.3200 4.8800}, {0.0000 0.0000} {0.0000 4.4800} {12.3200 4.4800} {12.3200 0.0000}
FCNE23HD, 12.8800, 4.4800, {0.0000 -0.4000} {12.8800 4.8800}, {0.0000 0.0000} {0.0000 4.4800} {12.8800 4.4800} {12.8800 0.0000}
FCNE24HD, 13.4400, 4.4800, {0.0000 -0.4000} {13.4400 4.8800}, {0.0000 0.0000} {0.0000 4.4800} {13.4400 4.4800} {13.4400 0.0000}
FCNE25HD, 14.0000, 4.4800, {0.0000 -0.4000} {14.0000 4.8800}, {0.0000 0.0000} {0.0000 4.4800} {14.0000 4.4800} {14.0000 0.0000}
FCNE26HD, 14.5600, 4.4800, {0.0000 -0.4000} {14.5600 4.8800}, {0.0000 0.0000} {0.0000 4.4800} {14.5600 4.4800} {14.5600 0.0000}
FCNE27HD, 15.1200, 4.4800, {0.0000 -0.4000} {15.1200 4.8800}, {0.0000 0.0000} {0.0000 4.4800} {15.1200 4.4800} {15.1200 0.0000}
FCNE28HD, 15.6800, 4.4800, {0.0000 -0.4000} {15.6800 4.8800}, {0.0000 0.0000} {0.0000 4.4800} {15.6800 4.4800} {15.6800 0.0000}
FCNE29HD, 16.2400, 4.4800, {0.0000 -0.4000} {16.2400 4.8800}, {0.0000 0.0000} {0.0000 4.4800} {16.2400 4.4800} {16.2400 0.0000}
FCNE30HD, 16.8000, 4.4800, {0.0000 -0.4000} {16.8000 4.8800}, {0.0000 0.0000} {0.0000 4.4800} {16.8000 4.4800} {16.8000 0.0000}
FCNE31HD, 17.3600, 4.4800, {0.0000 -0.4000} {17.3600 4.8800}, {0.0000 0.0000} {0.0000 4.4800} {17.3600 4.4800} {17.3600 0.0000}
FCNE32HD, 17.9200, 4.4800, {0.0000 -0.4000} {17.9200 4.8800}, {0.0000 0.0000} {0.0000 4.4800} {17.9200 4.4800} {17.9200 0.0000}
FCNED5HD, 2.8000, 8.9600, {0.0000 -0.4000} {2.8000 9.3600}, {0.0000 0.0000} {0.0000 8.9600} {2.8000 8.9600} {2.8000 0.0000}
FCNED6HD, 3.3600, 8.9600, {0.0000 -0.4000} {3.3600 9.3600}, {0.0000 0.0000} {0.0000 8.9600} {3.3600 8.9600} {3.3600 0.0000}
FCNED7HD, 3.9200, 8.9600, {0.0000 -0.4000} {3.9200 9.3600}, {0.0000 0.0000} {0.0000 8.9600} {3.9200 8.9600} {3.9200 0.0000}
FCNED8HD, 4.4800, 8.9600, {0.0000 -0.4000} {4.4800 9.3600}, {0.0000 0.0000} {0.0000 8.9600} {4.4800 8.9600} {4.4800 0.0000}
FCNED9HD, 5.0400, 8.9600, {0.0000 -0.4000} {5.0400 9.3600}, {0.0000 0.0000} {0.0000 8.9600} {5.0400 8.9600} {5.0400 0.0000}
FCNED10HD, 5.6000, 8.9600, {0.0000 -0.4000} {5.6000 9.3600}, {0.0000 0.0000} {0.0000 8.9600} {5.6000 8.9600} {5.6000 0.0000}
FCNED11HD, 6.1600, 8.9600, {0.0000 -0.4000} {6.1600 9.3600}, {0.0000 0.0000} {0.0000 8.9600} {6.1600 8.9600} {6.1600 0.0000}
FCNED12HD, 6.7200, 8.9600, {0.0000 -0.4000} {6.7200 9.3600}, {0.0000 0.0000} {0.0000 8.9600} {6.7200 8.9600} {6.7200 0.0000}
FCNED13HD, 7.2800, 8.9600, {0.0000 -0.4000} {7.2800 9.3600}, {0.0000 0.0000} {0.0000 8.9600} {7.2800 8.9600} {7.2800 0.0000}
FCNED14HD, 7.8400, 8.9600, {0.0000 -0.4000} {7.8400 9.3600}, {0.0000 0.0000} {0.0000 8.9600} {7.8400 8.9600} {7.8400 0.0000}
FCNED15HD, 8.4000, 8.9600, {0.0000 -0.4000} {8.4000 9.3600}, {0.0000 0.0000} {0.0000 8.9600} {8.4000 8.9600} {8.4000 0.0000}
FCNED16HD, 8.9600, 8.9600, {0.0000 -0.4000} {8.9600 9.3600}, {0.0000 0.0000} {0.0000 8.9600} {8.9600 8.9600} {8.9600 0.0000}
FCNED17HD, 9.5200, 8.9600, {0.0000 -0.4000} {9.5200 9.3600}, {0.0000 0.0000} {0.0000 8.9600} {9.5200 8.9600} {9.5200 0.0000}
FCNED18HD, 10.0800, 8.9600, {0.0000 -0.4000} {10.0800 9.3600}, {0.0000 0.0000} {0.0000 8.9600} {10.0800 8.9600} {10.0800 0.0000}
FCNED19HD, 10.6400, 8.9600, {0.0000 -0.4000} {10.6400 9.3600}, {0.0000 0.0000} {0.0000 8.9600} {10.6400 8.9600} {10.6400 0.0000}
FCNED20HD, 11.2000, 8.9600, {0.0000 -0.4000} {11.2000 9.3600}, {0.0000 0.0000} {0.0000 8.9600} {11.2000 8.9600} {11.2000 0.0000}
FCNED21HD, 11.7600, 8.9600, {0.0000 -0.4000} {11.7600 9.3600}, {0.0000 0.0000} {0.0000 8.9600} {11.7600 8.9600} {11.7600 0.0000}
FCNED22HD, 12.3200, 8.9600, {0.0000 -0.4000} {12.3200 9.3600}, {0.0000 0.0000} {0.0000 8.9600} {12.3200 8.9600} {12.3200 0.0000}
FCNED23HD, 12.8800, 8.9600, {0.0000 -0.4000} {12.8800 9.3600}, {0.0000 0.0000} {0.0000 8.9600} {12.8800 8.9600} {12.8800 0.0000}
FCNED24HD, 13.4400, 8.9600, {0.0000 -0.4000} {13.4400 9.3600}, {0.0000 0.0000} {0.0000 8.9600} {13.4400 8.9600} {13.4400 0.0000}
FCNED25HD, 14.0000, 8.9600, {0.0000 -0.4000} {14.0000 9.3600}, {0.0000 0.0000} {0.0000 8.9600} {14.0000 8.9600} {14.0000 0.0000}
FCNED26HD, 14.5600, 8.9600, {0.0000 -0.4000} {14.5600 9.3600}, {0.0000 0.0000} {0.0000 8.9600} {14.5600 8.9600} {14.5600 0.0000}
FCNED27HD, 15.1200, 8.9600, {0.0000 -0.4000} {15.1200 9.3600}, {0.0000 0.0000} {0.0000 8.9600} {15.1200 8.9600} {15.1200 0.0000}
FCNED28HD, 15.6800, 8.9600, {0.0000 -0.4000} {15.6800 9.3600}, {0.0000 0.0000} {0.0000 8.9600} {15.6800 8.9600} {15.6800 0.0000}
FCNED29HD, 16.2400, 8.9600, {0.0000 -0.4000} {16.2400 9.3600}, {0.0000 0.0000} {0.0000 8.9600} {16.2400 8.9600} {16.2400 0.0000}
FCNED30HD, 16.8000, 8.9600, {0.0000 -0.4000} {16.8000 9.3600}, {0.0000 0.0000} {0.0000 8.9600} {16.8000 8.9600} {16.8000 0.0000}
FCNED31HD, 17.3600, 8.9600, {0.0000 -0.4000} {17.3600 9.3600}, {0.0000 0.0000} {0.0000 8.9600} {17.3600 8.9600} {17.3600 0.0000}
FCNED32HD, 17.9200, 8.9600, {0.0000 -0.4000} {17.9200 9.3600}, {0.0000 0.0000} {0.0000 8.9600} {17.9200 8.9600} {17.9200 0.0000}
ANTENNACELLN2HD, 1.1200, 4.4800, {0.0000 -0.4000} {1.1200 4.8800}, {0.0000 0.0000} {0.0000 4.4800} {1.1200 4.4800} {1.1200 0.0000}
ANTENNACELLNP2HD, 1.1200, 4.4800, {0.0000 -0.4000} {1.1200 4.8800}, {0.0000 0.0000} {0.0000 4.4800} {1.1200 4.4800} {1.1200 0.0000}
ANTENNACELLP2HD, 1.1200, 4.4800, {0.0000 -0.4000} {1.1200 4.8800}, {0.0000 0.0000} {0.0000 4.4800} {1.1200 4.4800} {1.1200 0.0000}
