AN211HDLLX0, 3.3600, 4.4800, {0.0000 -0.4000} {3.3600 4.8800}, {0.0000 0.0000} {0.0000 4.4800} {3.3600 4.4800} {3.3600 0.0000}
AN211HDLLX1, 3.3600, 4.4800, {0.0000 -0.4000} {3.3600 4.8800}, {0.0000 0.0000} {0.0000 4.4800} {3.3600 4.4800} {3.3600 0.0000}
AN211HDLLX2, 6.1600, 4.4800, {0.0000 -0.4000} {6.1600 4.8800}, {0.0000 0.0000} {0.0000 4.4800} {6.1600 4.4800} {6.1600 0.0000}
AN211HDLLX4, 7.8400, 4.4800, {0.0000 -0.4000} {7.8400 4.8800}, {0.0000 0.0000} {0.0000 4.4800} {7.8400 4.4800} {7.8400 0.0000}
AN21HDLLX0, 2.8000, 4.4800, {0.0000 -0.4000} {2.8000 4.8800}, {0.0000 0.0000} {0.0000 4.4800} {2.8000 4.4800} {2.8000 0.0000}
AN21HDLLX1, 2.8000, 4.4800, {0.0000 -0.4000} {2.8000 4.8800}, {0.0000 0.0000} {0.0000 4.4800} {2.8000 4.4800} {2.8000 0.0000}
AN21HDLLX2, 5.6000, 4.4800, {0.0000 -0.4000} {5.6000 4.8800}, {0.0000 0.0000} {0.0000 4.4800} {5.6000 4.4800} {5.6000 0.0000}
AN21HDLLX4, 6.7200, 4.4800, {0.0000 -0.4000} {6.7200 4.8800}, {0.0000 0.0000} {0.0000 4.4800} {6.7200 4.4800} {6.7200 0.0000}
AN221HDLLX0, 4.4800, 4.4800, {0.0000 -0.4000} {4.4800 4.8800}, {0.0000 0.0000} {0.0000 4.4800} {4.4800 4.4800} {4.4800 0.0000}
AN221HDLLX1, 4.4800, 4.4800, {0.0000 -0.4000} {4.4800 4.8800}, {0.0000 0.0000} {0.0000 4.4800} {4.4800 4.4800} {4.4800 0.0000}
AN221HDLLX2, 7.2800, 4.4800, {0.0000 -0.4000} {7.2800 4.8800}, {0.0000 0.0000} {0.0000 4.4800} {7.2800 4.4800} {7.2800 0.0000}
AN221HDLLX4, 8.4000, 4.4800, {0.0000 -0.4000} {8.4000 4.8800}, {0.0000 0.0000} {0.0000 4.4800} {8.4000 4.4800} {8.4000 0.0000}
AN222HDLLX0, 5.0400, 4.4800, {0.0000 -0.4000} {5.0400 4.8800}, {0.0000 0.0000} {0.0000 4.4800} {5.0400 4.4800} {5.0400 0.0000}
AN222HDLLX1, 5.0400, 4.4800, {0.0000 -0.4000} {5.0400 4.8800}, {0.0000 0.0000} {0.0000 4.4800} {5.0400 4.4800} {5.0400 0.0000}
AN222HDLLX2, 7.8400, 4.4800, {0.0000 -0.4000} {7.8400 4.8800}, {0.0000 0.0000} {0.0000 4.4800} {7.8400 4.4800} {7.8400 0.0000}
AN222HDLLX4, 8.9600, 4.4800, {0.0000 -0.4000} {8.9600 4.8800}, {0.0000 0.0000} {0.0000 4.4800} {8.9600 4.4800} {8.9600 0.0000}
AN22HDLLX0, 3.3600, 4.4800, {0.0000 -0.4000} {3.3600 4.8800}, {0.0000 0.0000} {0.0000 4.4800} {3.3600 4.4800} {3.3600 0.0000}
AN22HDLLX1, 3.3600, 4.4800, {0.0000 -0.4000} {3.3600 4.8800}, {0.0000 0.0000} {0.0000 4.4800} {3.3600 4.4800} {3.3600 0.0000}
AN22HDLLX2, 6.1600, 4.4800, {0.0000 -0.4000} {6.1600 4.8800}, {0.0000 0.0000} {0.0000 4.4800} {6.1600 4.4800} {6.1600 0.0000}
AN22HDLLX4, 7.8400, 4.4800, {0.0000 -0.4000} {7.8400 4.8800}, {0.0000 0.0000} {0.0000 4.4800} {7.8400 4.4800} {7.8400 0.0000}
AN311HDLLX0, 3.9200, 4.4800, {0.0000 -0.4000} {3.9200 4.8800}, {0.0000 0.0000} {0.0000 4.4800} {3.9200 4.4800} {3.9200 0.0000}
AN311HDLLX1, 4.4800, 4.4800, {0.0000 -0.4000} {4.4800 4.8800}, {0.0000 0.0000} {0.0000 4.4800} {4.4800 4.4800} {4.4800 0.0000}
AN311HDLLX2, 6.7200, 4.4800, {0.0000 -0.4000} {6.7200 4.8800}, {0.0000 0.0000} {0.0000 4.4800} {6.7200 4.4800} {6.7200 0.0000}
AN311HDLLX4, 8.4000, 4.4800, {0.0000 -0.4000} {8.4000 4.8800}, {0.0000 0.0000} {0.0000 4.4800} {8.4000 4.4800} {8.4000 0.0000}
AN31HDLLX0, 3.3600, 4.4800, {0.0000 -0.4000} {3.3600 4.8800}, {0.0000 0.0000} {0.0000 4.4800} {3.3600 4.4800} {3.3600 0.0000}
AN31HDLLX1, 3.3600, 4.4800, {0.0000 -0.4000} {3.3600 4.8800}, {0.0000 0.0000} {0.0000 4.4800} {3.3600 4.4800} {3.3600 0.0000}
AN31HDLLX2, 6.1600, 4.4800, {0.0000 -0.4000} {6.1600 4.8800}, {0.0000 0.0000} {0.0000 4.4800} {6.1600 4.4800} {6.1600 0.0000}
AN31HDLLX4, 7.2800, 4.4800, {0.0000 -0.4000} {7.2800 4.8800}, {0.0000 0.0000} {0.0000 4.4800} {7.2800 4.4800} {7.2800 0.0000}
AN321HDLLX0, 4.4800, 4.4800, {0.0000 -0.4000} {4.4800 4.8800}, {0.0000 0.0000} {0.0000 4.4800} {4.4800 4.4800} {4.4800 0.0000}
AN321HDLLX1, 5.0400, 4.4800, {0.0000 -0.4000} {5.0400 4.8800}, {0.0000 0.0000} {0.0000 4.4800} {5.0400 4.4800} {5.0400 0.0000}
AN321HDLLX2, 7.2800, 4.4800, {0.0000 -0.4000} {7.2800 4.8800}, {0.0000 0.0000} {0.0000 4.4800} {7.2800 4.4800} {7.2800 0.0000}
AN321HDLLX4, 8.9600, 4.4800, {0.0000 -0.4000} {8.9600 4.8800}, {0.0000 0.0000} {0.0000 4.4800} {8.9600 4.4800} {8.9600 0.0000}
AN32HDLLX0, 3.9200, 4.4800, {0.0000 -0.4000} {3.9200 4.8800}, {0.0000 0.0000} {0.0000 4.4800} {3.9200 4.4800} {3.9200 0.0000}
AN32HDLLX1, 3.9200, 4.4800, {0.0000 -0.4000} {3.9200 4.8800}, {0.0000 0.0000} {0.0000 4.4800} {3.9200 4.4800} {3.9200 0.0000}
AN32HDLLX2, 6.7200, 4.4800, {0.0000 -0.4000} {6.7200 4.8800}, {0.0000 0.0000} {0.0000 4.4800} {6.7200 4.4800} {6.7200 0.0000}
AN32HDLLX4, 7.8400, 4.4800, {0.0000 -0.4000} {7.8400 4.8800}, {0.0000 0.0000} {0.0000 4.4800} {7.8400 4.4800} {7.8400 0.0000}
AN33HDLLX0, 5.0400, 4.4800, {0.0000 -0.4000} {5.0400 4.8800}, {0.0000 0.0000} {0.0000 4.4800} {5.0400 4.4800} {5.0400 0.0000}
AN33HDLLX1, 5.0400, 4.4800, {0.0000 -0.4000} {5.0400 4.8800}, {0.0000 0.0000} {0.0000 4.4800} {5.0400 4.4800} {5.0400 0.0000}
AN33HDLLX2, 7.8400, 4.4800, {0.0000 -0.4000} {7.8400 4.8800}, {0.0000 0.0000} {0.0000 4.4800} {7.8400 4.4800} {7.8400 0.0000}
AN33HDLLX4, 8.4000, 4.4800, {0.0000 -0.4000} {8.4000 4.8800}, {0.0000 0.0000} {0.0000 4.4800} {8.4000 4.4800} {8.4000 0.0000}
AND2HDLLX0, 2.8000, 4.4800, {0.0000 -0.4000} {2.8000 4.8800}, {0.0000 0.0000} {0.0000 4.4800} {2.8000 4.4800} {2.8000 0.0000}
AND2HDLLX1, 2.8000, 4.4800, {0.0000 -0.4000} {2.8000 4.8800}, {0.0000 0.0000} {0.0000 4.4800} {2.8000 4.4800} {2.8000 0.0000}
AND2HDLLX2, 3.3600, 4.4800, {0.0000 -0.4000} {3.3600 4.8800}, {0.0000 0.0000} {0.0000 4.4800} {3.3600 4.4800} {3.3600 0.0000}
AND2HDLLX4, 4.4800, 4.4800, {0.0000 -0.4000} {4.4800 4.8800}, {0.0000 0.0000} {0.0000 4.4800} {4.4800 4.4800} {4.4800 0.0000}
AND3HDLLX0, 3.3600, 4.4800, {0.0000 -0.4000} {3.3600 4.8800}, {0.0000 0.0000} {0.0000 4.4800} {3.3600 4.4800} {3.3600 0.0000}
AND3HDLLX1, 3.3600, 4.4800, {0.0000 -0.4000} {3.3600 4.8800}, {0.0000 0.0000} {0.0000 4.4800} {3.3600 4.4800} {3.3600 0.0000}
AND3HDLLX2, 3.9200, 4.4800, {0.0000 -0.4000} {3.9200 4.8800}, {0.0000 0.0000} {0.0000 4.4800} {3.9200 4.4800} {3.9200 0.0000}
AND3HDLLX4, 5.0400, 4.4800, {0.0000 -0.4000} {5.0400 4.8800}, {0.0000 0.0000} {0.0000 4.4800} {5.0400 4.4800} {5.0400 0.0000}
AND4HDLLX0, 3.9200, 4.4800, {0.0000 -0.4000} {3.9200 4.8800}, {0.0000 0.0000} {0.0000 4.4800} {3.9200 4.4800} {3.9200 0.0000}
AND4HDLLX1, 3.9200, 4.4800, {0.0000 -0.4000} {3.9200 4.8800}, {0.0000 0.0000} {0.0000 4.4800} {3.9200 4.4800} {3.9200 0.0000}
AND4HDLLX2, 5.0400, 4.4800, {0.0000 -0.4000} {5.0400 4.8800}, {0.0000 0.0000} {0.0000 4.4800} {5.0400 4.4800} {5.0400 0.0000}
AND4HDLLX4, 6.1600, 4.4800, {0.0000 -0.4000} {6.1600 4.8800}, {0.0000 0.0000} {0.0000 4.4800} {6.1600 4.4800} {6.1600 0.0000}
AND5HDLLX0, 5.6000, 4.4800, {0.0000 -0.4000} {5.6000 4.8800}, {0.0000 0.0000} {0.0000 4.4800} {5.6000 4.4800} {5.6000 0.0000}
AND5HDLLX1, 6.1600, 4.4800, {0.0000 -0.4000} {6.1600 4.8800}, {0.0000 0.0000} {0.0000 4.4800} {6.1600 4.4800} {6.1600 0.0000}
AND5HDLLX2, 6.7200, 4.4800, {0.0000 -0.4000} {6.7200 4.8800}, {0.0000 0.0000} {0.0000 4.4800} {6.7200 4.4800} {6.7200 0.0000}
AND5HDLLX4, 9.5200, 4.4800, {0.0000 -0.4000} {9.5200 4.8800}, {0.0000 0.0000} {0.0000 4.4800} {9.5200 4.4800} {9.5200 0.0000}
AND6HDLLX0, 6.7200, 4.4800, {0.0000 -0.4000} {6.7200 4.8800}, {0.0000 0.0000} {0.0000 4.4800} {6.7200 4.4800} {6.7200 0.0000}
AND6HDLLX1, 6.7200, 4.4800, {0.0000 -0.4000} {6.7200 4.8800}, {0.0000 0.0000} {0.0000 4.4800} {6.7200 4.4800} {6.7200 0.0000}
AND6HDLLX2, 7.2800, 4.4800, {0.0000 -0.4000} {7.2800 4.8800}, {0.0000 0.0000} {0.0000 4.4800} {7.2800 4.4800} {7.2800 0.0000}
AND6HDLLX4, 10.0800, 4.4800, {0.0000 -0.4000} {10.0800 4.8800}, {0.0000 0.0000} {0.0000 4.4800} {10.0800 4.4800} {10.0800 0.0000}
ANTENNACELLN2HDLL, 1.1200, 4.4800, {0.0000 -0.4000} {1.1200 4.8800}, {0.0000 0.0000} {0.0000 4.4800} {1.1200 4.4800} {1.1200 0.0000}
ANTENNACELLNP2HDLL, 1.1200, 4.4800, {0.0000 -0.4000} {1.1200 4.8800}, {0.0000 0.0000} {0.0000 4.4800} {1.1200 4.4800} {1.1200 0.0000}
ANTENNACELLP2HDLL, 1.1200, 4.4800, {0.0000 -0.4000} {1.1200 4.8800}, {0.0000 0.0000} {0.0000 4.4800} {1.1200 4.4800} {1.1200 0.0000}
AO211HDLLX0, 4.4800, 4.4800, {0.0000 -0.4000} {4.4800 4.8800}, {0.0000 0.0000} {0.0000 4.4800} {4.4800 4.4800} {4.4800 0.0000}
AO211HDLLX1, 4.4800, 4.4800, {0.0000 -0.4000} {4.4800 4.8800}, {0.0000 0.0000} {0.0000 4.4800} {4.4800 4.4800} {4.4800 0.0000}
AO211HDLLX2, 5.0400, 4.4800, {0.0000 -0.4000} {5.0400 4.8800}, {0.0000 0.0000} {0.0000 4.4800} {5.0400 4.4800} {5.0400 0.0000}
AO211HDLLX4, 6.7200, 4.4800, {0.0000 -0.4000} {6.7200 4.8800}, {0.0000 0.0000} {0.0000 4.4800} {6.7200 4.4800} {6.7200 0.0000}
AO21HDLLX0, 3.9200, 4.4800, {0.0000 -0.4000} {3.9200 4.8800}, {0.0000 0.0000} {0.0000 4.4800} {3.9200 4.4800} {3.9200 0.0000}
AO21HDLLX1, 3.9200, 4.4800, {0.0000 -0.4000} {3.9200 4.8800}, {0.0000 0.0000} {0.0000 4.4800} {3.9200 4.4800} {3.9200 0.0000}
AO21HDLLX2, 4.4800, 4.4800, {0.0000 -0.4000} {4.4800 4.8800}, {0.0000 0.0000} {0.0000 4.4800} {4.4800 4.4800} {4.4800 0.0000}
AO21HDLLX4, 6.1600, 4.4800, {0.0000 -0.4000} {6.1600 4.8800}, {0.0000 0.0000} {0.0000 4.4800} {6.1600 4.4800} {6.1600 0.0000}
AO221HDLLX0, 5.0400, 4.4800, {0.0000 -0.4000} {5.0400 4.8800}, {0.0000 0.0000} {0.0000 4.4800} {5.0400 4.4800} {5.0400 0.0000}
AO221HDLLX1, 5.0400, 4.4800, {0.0000 -0.4000} {5.0400 4.8800}, {0.0000 0.0000} {0.0000 4.4800} {5.0400 4.4800} {5.0400 0.0000}
AO221HDLLX2, 6.7200, 4.4800, {0.0000 -0.4000} {6.7200 4.8800}, {0.0000 0.0000} {0.0000 4.4800} {6.7200 4.4800} {6.7200 0.0000}
AO221HDLLX4, 7.8400, 4.4800, {0.0000 -0.4000} {7.8400 4.8800}, {0.0000 0.0000} {0.0000 4.4800} {7.8400 4.4800} {7.8400 0.0000}
AO222HDLLX0, 5.6000, 4.4800, {0.0000 -0.4000} {5.6000 4.8800}, {0.0000 0.0000} {0.0000 4.4800} {5.6000 4.4800} {5.6000 0.0000}
AO222HDLLX1, 5.6000, 4.4800, {0.0000 -0.4000} {5.6000 4.8800}, {0.0000 0.0000} {0.0000 4.4800} {5.6000 4.4800} {5.6000 0.0000}
AO222HDLLX2, 7.2800, 4.4800, {0.0000 -0.4000} {7.2800 4.8800}, {0.0000 0.0000} {0.0000 4.4800} {7.2800 4.4800} {7.2800 0.0000}
AO222HDLLX4, 8.4000, 4.4800, {0.0000 -0.4000} {8.4000 4.8800}, {0.0000 0.0000} {0.0000 4.4800} {8.4000 4.4800} {8.4000 0.0000}
AO22HDLLX0, 5.0400, 4.4800, {0.0000 -0.4000} {5.0400 4.8800}, {0.0000 0.0000} {0.0000 4.4800} {5.0400 4.4800} {5.0400 0.0000}
AO22HDLLX1, 4.4800, 4.4800, {0.0000 -0.4000} {4.4800 4.8800}, {0.0000 0.0000} {0.0000 4.4800} {4.4800 4.4800} {4.4800 0.0000}
AO22HDLLX2, 5.6000, 4.4800, {0.0000 -0.4000} {5.6000 4.8800}, {0.0000 0.0000} {0.0000 4.4800} {5.6000 4.4800} {5.6000 0.0000}
AO22HDLLX4, 6.7200, 4.4800, {0.0000 -0.4000} {6.7200 4.8800}, {0.0000 0.0000} {0.0000 4.4800} {6.7200 4.4800} {6.7200 0.0000}
AO311HDLLX0, 4.4800, 4.4800, {0.0000 -0.4000} {4.4800 4.8800}, {0.0000 0.0000} {0.0000 4.4800} {4.4800 4.4800} {4.4800 0.0000}
AO311HDLLX1, 4.4800, 4.4800, {0.0000 -0.4000} {4.4800 4.8800}, {0.0000 0.0000} {0.0000 4.4800} {4.4800 4.4800} {4.4800 0.0000}
AO311HDLLX2, 5.6000, 4.4800, {0.0000 -0.4000} {5.6000 4.8800}, {0.0000 0.0000} {0.0000 4.4800} {5.6000 4.4800} {5.6000 0.0000}
AO311HDLLX4, 7.2800, 4.4800, {0.0000 -0.4000} {7.2800 4.8800}, {0.0000 0.0000} {0.0000 4.4800} {7.2800 4.4800} {7.2800 0.0000}
AO31HDLLX0, 4.4800, 4.4800, {0.0000 -0.4000} {4.4800 4.8800}, {0.0000 0.0000} {0.0000 4.4800} {4.4800 4.4800} {4.4800 0.0000}
AO31HDLLX1, 4.4800, 4.4800, {0.0000 -0.4000} {4.4800 4.8800}, {0.0000 0.0000} {0.0000 4.4800} {4.4800 4.4800} {4.4800 0.0000}
AO31HDLLX2, 5.0400, 4.4800, {0.0000 -0.4000} {5.0400 4.8800}, {0.0000 0.0000} {0.0000 4.4800} {5.0400 4.4800} {5.0400 0.0000}
AO31HDLLX4, 6.1600, 4.4800, {0.0000 -0.4000} {6.1600 4.8800}, {0.0000 0.0000} {0.0000 4.4800} {6.1600 4.4800} {6.1600 0.0000}
AO321HDLLX0, 5.6000, 4.4800, {0.0000 -0.4000} {5.6000 4.8800}, {0.0000 0.0000} {0.0000 4.4800} {5.6000 4.4800} {5.6000 0.0000}
AO321HDLLX1, 5.6000, 4.4800, {0.0000 -0.4000} {5.6000 4.8800}, {0.0000 0.0000} {0.0000 4.4800} {5.6000 4.4800} {5.6000 0.0000}
AO321HDLLX2, 6.7200, 4.4800, {0.0000 -0.4000} {6.7200 4.8800}, {0.0000 0.0000} {0.0000 4.4800} {6.7200 4.4800} {6.7200 0.0000}
AO321HDLLX4, 8.4000, 4.4800, {0.0000 -0.4000} {8.4000 4.8800}, {0.0000 0.0000} {0.0000 4.4800} {8.4000 4.4800} {8.4000 0.0000}
AO32HDLLX0, 5.0400, 4.4800, {0.0000 -0.4000} {5.0400 4.8800}, {0.0000 0.0000} {0.0000 4.4800} {5.0400 4.4800} {5.0400 0.0000}
AO32HDLLX1, 5.0400, 4.4800, {0.0000 -0.4000} {5.0400 4.8800}, {0.0000 0.0000} {0.0000 4.4800} {5.0400 4.4800} {5.0400 0.0000}
AO32HDLLX2, 5.6000, 4.4800, {0.0000 -0.4000} {5.6000 4.8800}, {0.0000 0.0000} {0.0000 4.4800} {5.6000 4.4800} {5.6000 0.0000}
AO32HDLLX4, 6.7200, 4.4800, {0.0000 -0.4000} {6.7200 4.8800}, {0.0000 0.0000} {0.0000 4.4800} {6.7200 4.4800} {6.7200 0.0000}
AO33HDLLX0, 5.6000, 4.4800, {0.0000 -0.4000} {5.6000 4.8800}, {0.0000 0.0000} {0.0000 4.4800} {5.6000 4.4800} {5.6000 0.0000}
AO33HDLLX1, 5.6000, 4.4800, {0.0000 -0.4000} {5.6000 4.8800}, {0.0000 0.0000} {0.0000 4.4800} {5.6000 4.4800} {5.6000 0.0000}
AO33HDLLX2, 6.1600, 4.4800, {0.0000 -0.4000} {6.1600 4.8800}, {0.0000 0.0000} {0.0000 4.4800} {6.1600 4.4800} {6.1600 0.0000}
AO33HDLLX4, 7.8400, 4.4800, {0.0000 -0.4000} {7.8400 4.8800}, {0.0000 0.0000} {0.0000 4.4800} {7.8400 4.4800} {7.8400 0.0000}
BTHHDLLX1, 5.6000, 4.4800, {0.0000 -0.4000} {5.6000 4.8800}, {0.0000 0.0000} {0.0000 4.4800} {5.6000 4.4800} {5.6000 0.0000}
BTHHDLLX12, 13.4400, 4.4800, {0.0000 -0.4000} {13.4400 4.8800}, {0.0000 0.0000} {0.0000 4.4800} {13.4400 4.4800} {13.4400 0.0000}
BTHHDLLX2, 5.6000, 4.4800, {0.0000 -0.4000} {5.6000 4.8800}, {0.0000 0.0000} {0.0000 4.4800} {5.6000 4.4800} {5.6000 0.0000}
BTHHDLLX3, 6.1600, 4.4800, {0.0000 -0.4000} {6.1600 4.8800}, {0.0000 0.0000} {0.0000 4.4800} {6.1600 4.4800} {6.1600 0.0000}
BTHHDLLX4, 7.8400, 4.4800, {0.0000 -0.4000} {7.8400 4.8800}, {0.0000 0.0000} {0.0000 4.4800} {7.8400 4.4800} {7.8400 0.0000}
BTHHDLLX6, 8.4000, 4.4800, {0.0000 -0.4000} {8.4000 4.8800}, {0.0000 0.0000} {0.0000 4.4800} {8.4000 4.4800} {8.4000 0.0000}
BTHHDLLX8, 10.6400, 4.4800, {0.0000 -0.4000} {10.6400 4.8800}, {0.0000 0.0000} {0.0000 4.4800} {10.6400 4.4800} {10.6400 0.0000}
BTLHDLLX1, 5.6000, 4.4800, {0.0000 -0.4000} {5.6000 4.8800}, {0.0000 0.0000} {0.0000 4.4800} {5.6000 4.4800} {5.6000 0.0000}
BTLHDLLX12, 13.4400, 4.4800, {0.0000 -0.4000} {13.4400 4.8800}, {0.0000 0.0000} {0.0000 4.4800} {13.4400 4.4800} {13.4400 0.0000}
BTLHDLLX2, 5.6000, 4.4800, {0.0000 -0.4000} {5.6000 4.8800}, {0.0000 0.0000} {0.0000 4.4800} {5.6000 4.4800} {5.6000 0.0000}
BTLHDLLX3, 6.1600, 4.4800, {0.0000 -0.4000} {6.1600 4.8800}, {0.0000 0.0000} {0.0000 4.4800} {6.1600 4.4800} {6.1600 0.0000}
BTLHDLLX4, 7.8400, 4.4800, {0.0000 -0.4000} {7.8400 4.8800}, {0.0000 0.0000} {0.0000 4.4800} {7.8400 4.4800} {7.8400 0.0000}
BTLHDLLX6, 8.4000, 4.4800, {0.0000 -0.4000} {8.4000 4.8800}, {0.0000 0.0000} {0.0000 4.4800} {8.4000 4.4800} {8.4000 0.0000}
BTLHDLLX8, 10.6400, 4.4800, {0.0000 -0.4000} {10.6400 4.8800}, {0.0000 0.0000} {0.0000 4.4800} {10.6400 4.4800} {10.6400 0.0000}
BUHDLLX0, 2.2400, 4.4800, {0.0000 -0.4000} {2.2400 4.8800}, {0.0000 0.0000} {0.0000 4.4800} {2.2400 4.4800} {2.2400 0.0000}
BUHDLLX1, 2.2400, 4.4800, {0.0000 -0.4000} {2.2400 4.8800}, {0.0000 0.0000} {0.0000 4.4800} {2.2400 4.4800} {2.2400 0.0000}
BUHDLLX12, 11.7600, 4.4800, {0.0000 -0.4000} {11.7600 4.8800}, {0.0000 0.0000} {0.0000 4.4800} {11.7600 4.4800} {11.7600 0.0000}
BUHDLLX2, 2.8000, 4.4800, {0.0000 -0.4000} {2.8000 4.8800}, {0.0000 0.0000} {0.0000 4.4800} {2.8000 4.4800} {2.8000 0.0000}
BUHDLLX3, 3.9200, 4.4800, {0.0000 -0.4000} {3.9200 4.8800}, {0.0000 0.0000} {0.0000 4.4800} {3.9200 4.4800} {3.9200 0.0000}
BUHDLLX4, 4.4800, 4.4800, {0.0000 -0.4000} {4.4800 4.8800}, {0.0000 0.0000} {0.0000 4.4800} {4.4800 4.4800} {4.4800 0.0000}
BUHDLLX6, 6.1600, 4.4800, {0.0000 -0.4000} {6.1600 4.8800}, {0.0000 0.0000} {0.0000 4.4800} {6.1600 4.4800} {6.1600 0.0000}
BUHDLLX8, 8.4000, 4.4800, {0.0000 -0.4000} {8.4000 4.8800}, {0.0000 0.0000} {0.0000 4.4800} {8.4000 4.4800} {8.4000 0.0000}
CAGHDLLX0, 5.0400, 4.4800, {0.0000 -0.4000} {5.0400 4.8800}, {0.0000 0.0000} {0.0000 4.4800} {5.0400 4.4800} {5.0400 0.0000}
CAGHDLLX1, 5.0400, 4.4800, {0.0000 -0.4000} {5.0400 4.8800}, {0.0000 0.0000} {0.0000 4.4800} {5.0400 4.4800} {5.0400 0.0000}
CAGHDLLX2, 5.6000, 4.4800, {0.0000 -0.4000} {5.6000 4.8800}, {0.0000 0.0000} {0.0000 4.4800} {5.6000 4.4800} {5.6000 0.0000}
CAGHDLLX4, 6.7200, 4.4800, {0.0000 -0.4000} {6.7200 4.8800}, {0.0000 0.0000} {0.0000 4.4800} {6.7200 4.4800} {6.7200 0.0000}
DECAP10HDLL, 5.6000, 4.4800, {0.0000 -0.4000} {5.6000 4.8800}, {0.0000 0.0000} {0.0000 4.4800} {5.6000 4.4800} {5.6000 0.0000}
DECAP15HDLL, 8.4000, 4.4800, {0.0000 -0.4000} {8.4000 4.8800}, {0.0000 0.0000} {0.0000 4.4800} {8.4000 4.4800} {8.4000 0.0000}
DECAP25HDLL, 14.0000, 4.4800, {0.0000 -0.4000} {14.0000 4.8800}, {0.0000 0.0000} {0.0000 4.4800} {14.0000 4.4800} {14.0000 0.0000}
DECAP3HDLL, 1.6800, 4.4800, {0.0000 -0.4000} {1.6800 4.8800}, {0.0000 0.0000} {0.0000 4.4800} {1.6800 4.4800} {1.6800 0.0000}
DECAP5HDLL, 2.8000, 4.4800, {0.0000 -0.4000} {2.8000 4.8800}, {0.0000 0.0000} {0.0000 4.4800} {2.8000 4.4800} {2.8000 0.0000}
DECAP7HDLL, 3.9200, 4.4800, {0.0000 -0.4000} {3.9200 4.8800}, {0.0000 0.0000} {0.0000 4.4800} {3.9200 4.4800} {3.9200 0.0000}
DFFHDLLX0, 12.8800, 4.4800, {0.0000 -0.4000} {12.8800 4.8800}, {0.0000 0.0000} {0.0000 4.4800} {12.8800 4.4800} {12.8800 0.0000}
DFFHDLLX1, 12.8800, 4.4800, {0.0000 -0.4000} {12.8800 4.8800}, {0.0000 0.0000} {0.0000 4.4800} {12.8800 4.4800} {12.8800 0.0000}
DFFHDLLX2, 14.0000, 4.4800, {0.0000 -0.4000} {14.0000 4.8800}, {0.0000 0.0000} {0.0000 4.4800} {14.0000 4.4800} {14.0000 0.0000}
DFFHDLLX4, 16.8000, 4.4800, {0.0000 -0.4000} {16.8000 4.8800}, {0.0000 0.0000} {0.0000 4.4800} {16.8000 4.4800} {16.8000 0.0000}
DFFQHDLLX0, 11.7600, 4.4800, {0.0000 -0.4000} {11.7600 4.8800}, {0.0000 0.0000} {0.0000 4.4800} {11.7600 4.4800} {11.7600 0.0000}
DFFQHDLLX1, 11.7600, 4.4800, {0.0000 -0.4000} {11.7600 4.8800}, {0.0000 0.0000} {0.0000 4.4800} {11.7600 4.4800} {11.7600 0.0000}
DFFQHDLLX2, 12.3200, 4.4800, {0.0000 -0.4000} {12.3200 4.8800}, {0.0000 0.0000} {0.0000 4.4800} {12.3200 4.4800} {12.3200 0.0000}
DFFQHDLLX4, 14.0000, 4.4800, {0.0000 -0.4000} {14.0000 4.8800}, {0.0000 0.0000} {0.0000 4.4800} {14.0000 4.4800} {14.0000 0.0000}
DFFRHDLLX0, 14.0000, 4.4800, {0.0000 -0.4000} {14.0000 4.8800}, {0.0000 0.0000} {0.0000 4.4800} {14.0000 4.4800} {14.0000 0.0000}
DFFRHDLLX1, 14.0000, 4.4800, {0.0000 -0.4000} {14.0000 4.8800}, {0.0000 0.0000} {0.0000 4.4800} {14.0000 4.4800} {14.0000 0.0000}
DFFRHDLLX2, 15.1200, 4.4800, {0.0000 -0.4000} {15.1200 4.8800}, {0.0000 0.0000} {0.0000 4.4800} {15.1200 4.4800} {15.1200 0.0000}
DFFRHDLLX4, 18.4800, 4.4800, {0.0000 -0.4000} {18.4800 4.8800}, {0.0000 0.0000} {0.0000 4.4800} {18.4800 4.4800} {18.4800 0.0000}
DFFRQHDLLX0, 12.8800, 4.4800, {0.0000 -0.4000} {12.8800 4.8800}, {0.0000 0.0000} {0.0000 4.4800} {12.8800 4.4800} {12.8800 0.0000}
DFFRQHDLLX1, 12.8800, 4.4800, {0.0000 -0.4000} {12.8800 4.8800}, {0.0000 0.0000} {0.0000 4.4800} {12.8800 4.4800} {12.8800 0.0000}
DFFRQHDLLX2, 14.0000, 4.4800, {0.0000 -0.4000} {14.0000 4.8800}, {0.0000 0.0000} {0.0000 4.4800} {14.0000 4.4800} {14.0000 0.0000}
DFFRQHDLLX4, 15.6800, 4.4800, {0.0000 -0.4000} {15.6800 4.8800}, {0.0000 0.0000} {0.0000 4.4800} {15.6800 4.4800} {15.6800 0.0000}
DFFRSHDLLX0, 15.6800, 4.4800, {0.0000 -0.4000} {15.6800 4.8800}, {0.0000 0.0000} {0.0000 4.4800} {15.6800 4.4800} {15.6800 0.0000}
DFFRSHDLLX1, 15.6800, 4.4800, {0.0000 -0.4000} {15.6800 4.8800}, {0.0000 0.0000} {0.0000 4.4800} {15.6800 4.4800} {15.6800 0.0000}
DFFRSHDLLX2, 16.8000, 4.4800, {0.0000 -0.4000} {16.8000 4.8800}, {0.0000 0.0000} {0.0000 4.4800} {16.8000 4.4800} {16.8000 0.0000}
DFFRSHDLLX4, 19.6000, 4.4800, {0.0000 -0.4000} {19.6000 4.8800}, {0.0000 0.0000} {0.0000 4.4800} {19.6000 4.4800} {19.6000 0.0000}
DFFRSQHDLLX0, 14.5600, 4.4800, {0.0000 -0.4000} {14.5600 4.8800}, {0.0000 0.0000} {0.0000 4.4800} {14.5600 4.4800} {14.5600 0.0000}
DFFRSQHDLLX1, 14.5600, 4.4800, {0.0000 -0.4000} {14.5600 4.8800}, {0.0000 0.0000} {0.0000 4.4800} {14.5600 4.4800} {14.5600 0.0000}
DFFRSQHDLLX2, 15.1200, 4.4800, {0.0000 -0.4000} {15.1200 4.8800}, {0.0000 0.0000} {0.0000 4.4800} {15.1200 4.4800} {15.1200 0.0000}
DFFRSQHDLLX4, 16.8000, 4.4800, {0.0000 -0.4000} {16.8000 4.8800}, {0.0000 0.0000} {0.0000 4.4800} {16.8000 4.4800} {16.8000 0.0000}
DFFSHDLLX0, 14.0000, 4.4800, {0.0000 -0.4000} {14.0000 4.8800}, {0.0000 0.0000} {0.0000 4.4800} {14.0000 4.4800} {14.0000 0.0000}
DFFSHDLLX1, 14.0000, 4.4800, {0.0000 -0.4000} {14.0000 4.8800}, {0.0000 0.0000} {0.0000 4.4800} {14.0000 4.4800} {14.0000 0.0000}
DFFSHDLLX2, 15.1200, 4.4800, {0.0000 -0.4000} {15.1200 4.8800}, {0.0000 0.0000} {0.0000 4.4800} {15.1200 4.4800} {15.1200 0.0000}
DFFSHDLLX4, 17.9200, 4.4800, {0.0000 -0.4000} {17.9200 4.8800}, {0.0000 0.0000} {0.0000 4.4800} {17.9200 4.4800} {17.9200 0.0000}
DFFSQHDLLX0, 12.8800, 4.4800, {0.0000 -0.4000} {12.8800 4.8800}, {0.0000 0.0000} {0.0000 4.4800} {12.8800 4.4800} {12.8800 0.0000}
DFFSQHDLLX1, 12.8800, 4.4800, {0.0000 -0.4000} {12.8800 4.8800}, {0.0000 0.0000} {0.0000 4.4800} {12.8800 4.4800} {12.8800 0.0000}
DFFSQHDLLX2, 14.0000, 4.4800, {0.0000 -0.4000} {14.0000 4.8800}, {0.0000 0.0000} {0.0000 4.4800} {14.0000 4.4800} {14.0000 0.0000}
DFFSQHDLLX4, 15.1200, 4.4800, {0.0000 -0.4000} {15.1200 4.8800}, {0.0000 0.0000} {0.0000 4.4800} {15.1200 4.4800} {15.1200 0.0000}
DFRHDLLX0, 12.8800, 4.4800, {0.0000 -0.4000} {12.8800 4.8800}, {0.0000 0.0000} {0.0000 4.4800} {12.8800 4.4800} {12.8800 0.0000}
DFRHDLLX1, 12.8800, 4.4800, {0.0000 -0.4000} {12.8800 4.8800}, {0.0000 0.0000} {0.0000 4.4800} {12.8800 4.4800} {12.8800 0.0000}
DFRHDLLX2, 14.0000, 4.4800, {0.0000 -0.4000} {14.0000 4.8800}, {0.0000 0.0000} {0.0000 4.4800} {14.0000 4.4800} {14.0000 0.0000}
DFRHDLLX4, 16.8000, 4.4800, {0.0000 -0.4000} {16.8000 4.8800}, {0.0000 0.0000} {0.0000 4.4800} {16.8000 4.4800} {16.8000 0.0000}
DFRQHDLLX0, 11.7600, 4.4800, {0.0000 -0.4000} {11.7600 4.8800}, {0.0000 0.0000} {0.0000 4.4800} {11.7600 4.4800} {11.7600 0.0000}
DFRQHDLLX1, 11.7600, 4.4800, {0.0000 -0.4000} {11.7600 4.8800}, {0.0000 0.0000} {0.0000 4.4800} {11.7600 4.4800} {11.7600 0.0000}
DFRQHDLLX2, 12.3200, 4.4800, {0.0000 -0.4000} {12.3200 4.8800}, {0.0000 0.0000} {0.0000 4.4800} {12.3200 4.4800} {12.3200 0.0000}
DFRQHDLLX4, 14.0000, 4.4800, {0.0000 -0.4000} {14.0000 4.8800}, {0.0000 0.0000} {0.0000 4.4800} {14.0000 4.4800} {14.0000 0.0000}
DFRRHDLLX0, 14.0000, 4.4800, {0.0000 -0.4000} {14.0000 4.8800}, {0.0000 0.0000} {0.0000 4.4800} {14.0000 4.4800} {14.0000 0.0000}
DFRRHDLLX1, 14.0000, 4.4800, {0.0000 -0.4000} {14.0000 4.8800}, {0.0000 0.0000} {0.0000 4.4800} {14.0000 4.4800} {14.0000 0.0000}
DFRRHDLLX2, 15.6800, 4.4800, {0.0000 -0.4000} {15.6800 4.8800}, {0.0000 0.0000} {0.0000 4.4800} {15.6800 4.4800} {15.6800 0.0000}
DFRRHDLLX4, 18.4800, 4.4800, {0.0000 -0.4000} {18.4800 4.8800}, {0.0000 0.0000} {0.0000 4.4800} {18.4800 4.4800} {18.4800 0.0000}
DFRRQHDLLX0, 12.8800, 4.4800, {0.0000 -0.4000} {12.8800 4.8800}, {0.0000 0.0000} {0.0000 4.4800} {12.8800 4.4800} {12.8800 0.0000}
DFRRQHDLLX1, 12.8800, 4.4800, {0.0000 -0.4000} {12.8800 4.8800}, {0.0000 0.0000} {0.0000 4.4800} {12.8800 4.4800} {12.8800 0.0000}
DFRRQHDLLX2, 14.0000, 4.4800, {0.0000 -0.4000} {14.0000 4.8800}, {0.0000 0.0000} {0.0000 4.4800} {14.0000 4.4800} {14.0000 0.0000}
DFRRQHDLLX4, 15.1200, 4.4800, {0.0000 -0.4000} {15.1200 4.8800}, {0.0000 0.0000} {0.0000 4.4800} {15.1200 4.4800} {15.1200 0.0000}
DFRRSHDLLX0, 15.6800, 4.4800, {0.0000 -0.4000} {15.6800 4.8800}, {0.0000 0.0000} {0.0000 4.4800} {15.6800 4.4800} {15.6800 0.0000}
DFRRSHDLLX1, 15.6800, 4.4800, {0.0000 -0.4000} {15.6800 4.8800}, {0.0000 0.0000} {0.0000 4.4800} {15.6800 4.4800} {15.6800 0.0000}
DFRRSHDLLX2, 16.8000, 4.4800, {0.0000 -0.4000} {16.8000 4.8800}, {0.0000 0.0000} {0.0000 4.4800} {16.8000 4.4800} {16.8000 0.0000}
DFRRSHDLLX4, 19.6000, 4.4800, {0.0000 -0.4000} {19.6000 4.8800}, {0.0000 0.0000} {0.0000 4.4800} {19.6000 4.4800} {19.6000 0.0000}
DFRRSQHDLLX0, 14.5600, 4.4800, {0.0000 -0.4000} {14.5600 4.8800}, {0.0000 0.0000} {0.0000 4.4800} {14.5600 4.4800} {14.5600 0.0000}
DFRRSQHDLLX1, 14.5600, 4.4800, {0.0000 -0.4000} {14.5600 4.8800}, {0.0000 0.0000} {0.0000 4.4800} {14.5600 4.4800} {14.5600 0.0000}
DFRRSQHDLLX2, 15.6800, 4.4800, {0.0000 -0.4000} {15.6800 4.8800}, {0.0000 0.0000} {0.0000 4.4800} {15.6800 4.4800} {15.6800 0.0000}
DFRRSQHDLLX4, 16.8000, 4.4800, {0.0000 -0.4000} {16.8000 4.8800}, {0.0000 0.0000} {0.0000 4.4800} {16.8000 4.4800} {16.8000 0.0000}
DFRSHDLLX0, 14.0000, 4.4800, {0.0000 -0.4000} {14.0000 4.8800}, {0.0000 0.0000} {0.0000 4.4800} {14.0000 4.4800} {14.0000 0.0000}
DFRSHDLLX1, 14.0000, 4.4800, {0.0000 -0.4000} {14.0000 4.8800}, {0.0000 0.0000} {0.0000 4.4800} {14.0000 4.4800} {14.0000 0.0000}
DFRSHDLLX2, 15.1200, 4.4800, {0.0000 -0.4000} {15.1200 4.8800}, {0.0000 0.0000} {0.0000 4.4800} {15.1200 4.4800} {15.1200 0.0000}
DFRSHDLLX4, 17.9200, 4.4800, {0.0000 -0.4000} {17.9200 4.8800}, {0.0000 0.0000} {0.0000 4.4800} {17.9200 4.4800} {17.9200 0.0000}
DFRSQHDLLX0, 12.8800, 4.4800, {0.0000 -0.4000} {12.8800 4.8800}, {0.0000 0.0000} {0.0000 4.4800} {12.8800 4.4800} {12.8800 0.0000}
DFRSQHDLLX1, 12.8800, 4.4800, {0.0000 -0.4000} {12.8800 4.8800}, {0.0000 0.0000} {0.0000 4.4800} {12.8800 4.4800} {12.8800 0.0000}
DFRSQHDLLX2, 13.4400, 4.4800, {0.0000 -0.4000} {13.4400 4.8800}, {0.0000 0.0000} {0.0000 4.4800} {13.4400 4.4800} {13.4400 0.0000}
DFRSQHDLLX4, 15.1200, 4.4800, {0.0000 -0.4000} {15.1200 4.8800}, {0.0000 0.0000} {0.0000 4.4800} {15.1200 4.4800} {15.1200 0.0000}
DLHHDLLX0, 7.8400, 4.4800, {0.0000 -0.4000} {7.8400 4.8800}, {0.0000 0.0000} {0.0000 4.4800} {7.8400 4.4800} {7.8400 0.0000}
DLHHDLLX1, 7.8400, 4.4800, {0.0000 -0.4000} {7.8400 4.8800}, {0.0000 0.0000} {0.0000 4.4800} {7.8400 4.4800} {7.8400 0.0000}
DLHHDLLX2, 9.5200, 4.4800, {0.0000 -0.4000} {9.5200 4.8800}, {0.0000 0.0000} {0.0000 4.4800} {9.5200 4.4800} {9.5200 0.0000}
DLHHDLLX4, 12.3200, 4.4800, {0.0000 -0.4000} {12.3200 4.8800}, {0.0000 0.0000} {0.0000 4.4800} {12.3200 4.4800} {12.3200 0.0000}
DLHQHDLLX0, 6.7200, 4.4800, {0.0000 -0.4000} {6.7200 4.8800}, {0.0000 0.0000} {0.0000 4.4800} {6.7200 4.4800} {6.7200 0.0000}
DLHQHDLLX1, 6.7200, 4.4800, {0.0000 -0.4000} {6.7200 4.8800}, {0.0000 0.0000} {0.0000 4.4800} {6.7200 4.4800} {6.7200 0.0000}
DLHQHDLLX2, 7.8400, 4.4800, {0.0000 -0.4000} {7.8400 4.8800}, {0.0000 0.0000} {0.0000 4.4800} {7.8400 4.4800} {7.8400 0.0000}
DLHQHDLLX4, 8.9600, 4.4800, {0.0000 -0.4000} {8.9600 4.8800}, {0.0000 0.0000} {0.0000 4.4800} {8.9600 4.4800} {8.9600 0.0000}
DLHRHDLLX0, 8.4000, 4.4800, {0.0000 -0.4000} {8.4000 4.8800}, {0.0000 0.0000} {0.0000 4.4800} {8.4000 4.4800} {8.4000 0.0000}
DLHRHDLLX1, 8.4000, 4.4800, {0.0000 -0.4000} {8.4000 4.8800}, {0.0000 0.0000} {0.0000 4.4800} {8.4000 4.4800} {8.4000 0.0000}
DLHRHDLLX2, 10.0800, 4.4800, {0.0000 -0.4000} {10.0800 4.8800}, {0.0000 0.0000} {0.0000 4.4800} {10.0800 4.4800} {10.0800 0.0000}
DLHRHDLLX4, 12.8800, 4.4800, {0.0000 -0.4000} {12.8800 4.8800}, {0.0000 0.0000} {0.0000 4.4800} {12.8800 4.4800} {12.8800 0.0000}
DLHRQHDLLX0, 7.8400, 4.4800, {0.0000 -0.4000} {7.8400 4.8800}, {0.0000 0.0000} {0.0000 4.4800} {7.8400 4.4800} {7.8400 0.0000}
DLHRQHDLLX1, 7.8400, 4.4800, {0.0000 -0.4000} {7.8400 4.8800}, {0.0000 0.0000} {0.0000 4.4800} {7.8400 4.4800} {7.8400 0.0000}
DLHRQHDLLX2, 8.4000, 4.4800, {0.0000 -0.4000} {8.4000 4.8800}, {0.0000 0.0000} {0.0000 4.4800} {8.4000 4.4800} {8.4000 0.0000}
DLHRQHDLLX4, 10.0800, 4.4800, {0.0000 -0.4000} {10.0800 4.8800}, {0.0000 0.0000} {0.0000 4.4800} {10.0800 4.4800} {10.0800 0.0000}
DLHRSHDLLX0, 10.0800, 4.4800, {0.0000 -0.4000} {10.0800 4.8800}, {0.0000 0.0000} {0.0000 4.4800} {10.0800 4.4800} {10.0800 0.0000}
DLHRSHDLLX1, 10.0800, 4.4800, {0.0000 -0.4000} {10.0800 4.8800}, {0.0000 0.0000} {0.0000 4.4800} {10.0800 4.4800} {10.0800 0.0000}
DLHRSHDLLX2, 11.2000, 4.4800, {0.0000 -0.4000} {11.2000 4.8800}, {0.0000 0.0000} {0.0000 4.4800} {11.2000 4.4800} {11.2000 0.0000}
DLHRSHDLLX4, 13.4400, 4.4800, {0.0000 -0.4000} {13.4400 4.8800}, {0.0000 0.0000} {0.0000 4.4800} {13.4400 4.4800} {13.4400 0.0000}
DLHRSQHDLLX0, 8.9600, 4.4800, {0.0000 -0.4000} {8.9600 4.8800}, {0.0000 0.0000} {0.0000 4.4800} {8.9600 4.4800} {8.9600 0.0000}
DLHRSQHDLLX1, 8.9600, 4.4800, {0.0000 -0.4000} {8.9600 4.8800}, {0.0000 0.0000} {0.0000 4.4800} {8.9600 4.4800} {8.9600 0.0000}
DLHRSQHDLLX2, 10.0800, 4.4800, {0.0000 -0.4000} {10.0800 4.8800}, {0.0000 0.0000} {0.0000 4.4800} {10.0800 4.4800} {10.0800 0.0000}
DLHRSQHDLLX4, 11.2000, 4.4800, {0.0000 -0.4000} {11.2000 4.8800}, {0.0000 0.0000} {0.0000 4.4800} {11.2000 4.4800} {11.2000 0.0000}
DLHRTHDLLX1, 11.2000, 4.4800, {0.0000 -0.4000} {11.2000 4.8800}, {0.0000 0.0000} {0.0000 4.4800} {11.2000 4.4800} {11.2000 0.0000}
DLHSHDLLX0, 8.9600, 4.4800, {0.0000 -0.4000} {8.9600 4.8800}, {0.0000 0.0000} {0.0000 4.4800} {8.9600 4.4800} {8.9600 0.0000}
DLHSHDLLX1, 9.5200, 4.4800, {0.0000 -0.4000} {9.5200 4.8800}, {0.0000 0.0000} {0.0000 4.4800} {9.5200 4.4800} {9.5200 0.0000}
DLHSHDLLX2, 10.6400, 4.4800, {0.0000 -0.4000} {10.6400 4.8800}, {0.0000 0.0000} {0.0000 4.4800} {10.6400 4.4800} {10.6400 0.0000}
DLHSHDLLX4, 12.8800, 4.4800, {0.0000 -0.4000} {12.8800 4.8800}, {0.0000 0.0000} {0.0000 4.4800} {12.8800 4.4800} {12.8800 0.0000}
DLHSQHDLLX0, 8.4000, 4.4800, {0.0000 -0.4000} {8.4000 4.8800}, {0.0000 0.0000} {0.0000 4.4800} {8.4000 4.4800} {8.4000 0.0000}
DLHSQHDLLX1, 8.4000, 4.4800, {0.0000 -0.4000} {8.4000 4.8800}, {0.0000 0.0000} {0.0000 4.4800} {8.4000 4.4800} {8.4000 0.0000}
DLHSQHDLLX2, 9.5200, 4.4800, {0.0000 -0.4000} {9.5200 4.8800}, {0.0000 0.0000} {0.0000 4.4800} {9.5200 4.4800} {9.5200 0.0000}
DLHSQHDLLX4, 10.6400, 4.4800, {0.0000 -0.4000} {10.6400 4.8800}, {0.0000 0.0000} {0.0000 4.4800} {10.6400 4.4800} {10.6400 0.0000}
DLHSTHDLLX1, 11.2000, 4.4800, {0.0000 -0.4000} {11.2000 4.8800}, {0.0000 0.0000} {0.0000 4.4800} {11.2000 4.4800} {11.2000 0.0000}
DLHTHDLLX1, 10.0800, 4.4800, {0.0000 -0.4000} {10.0800 4.8800}, {0.0000 0.0000} {0.0000 4.4800} {10.0800 4.4800} {10.0800 0.0000}
DLLHDLLX0, 7.8400, 4.4800, {0.0000 -0.4000} {7.8400 4.8800}, {0.0000 0.0000} {0.0000 4.4800} {7.8400 4.4800} {7.8400 0.0000}
DLLHDLLX1, 7.8400, 4.4800, {0.0000 -0.4000} {7.8400 4.8800}, {0.0000 0.0000} {0.0000 4.4800} {7.8400 4.4800} {7.8400 0.0000}
DLLHDLLX2, 9.5200, 4.4800, {0.0000 -0.4000} {9.5200 4.8800}, {0.0000 0.0000} {0.0000 4.4800} {9.5200 4.4800} {9.5200 0.0000}
DLLHDLLX4, 12.3200, 4.4800, {0.0000 -0.4000} {12.3200 4.8800}, {0.0000 0.0000} {0.0000 4.4800} {12.3200 4.4800} {12.3200 0.0000}
DLLQHDLLX0, 6.7200, 4.4800, {0.0000 -0.4000} {6.7200 4.8800}, {0.0000 0.0000} {0.0000 4.4800} {6.7200 4.4800} {6.7200 0.0000}
DLLQHDLLX1, 6.7200, 4.4800, {0.0000 -0.4000} {6.7200 4.8800}, {0.0000 0.0000} {0.0000 4.4800} {6.7200 4.4800} {6.7200 0.0000}
DLLQHDLLX2, 7.8400, 4.4800, {0.0000 -0.4000} {7.8400 4.8800}, {0.0000 0.0000} {0.0000 4.4800} {7.8400 4.4800} {7.8400 0.0000}
DLLQHDLLX4, 8.9600, 4.4800, {0.0000 -0.4000} {8.9600 4.8800}, {0.0000 0.0000} {0.0000 4.4800} {8.9600 4.4800} {8.9600 0.0000}
DLLRHDLLX0, 8.4000, 4.4800, {0.0000 -0.4000} {8.4000 4.8800}, {0.0000 0.0000} {0.0000 4.4800} {8.4000 4.4800} {8.4000 0.0000}
DLLRHDLLX1, 8.4000, 4.4800, {0.0000 -0.4000} {8.4000 4.8800}, {0.0000 0.0000} {0.0000 4.4800} {8.4000 4.4800} {8.4000 0.0000}
DLLRHDLLX2, 10.0800, 4.4800, {0.0000 -0.4000} {10.0800 4.8800}, {0.0000 0.0000} {0.0000 4.4800} {10.0800 4.4800} {10.0800 0.0000}
DLLRHDLLX4, 12.8800, 4.4800, {0.0000 -0.4000} {12.8800 4.8800}, {0.0000 0.0000} {0.0000 4.4800} {12.8800 4.4800} {12.8800 0.0000}
DLLRQHDLLX0, 7.8400, 4.4800, {0.0000 -0.4000} {7.8400 4.8800}, {0.0000 0.0000} {0.0000 4.4800} {7.8400 4.4800} {7.8400 0.0000}
DLLRQHDLLX1, 7.8400, 4.4800, {0.0000 -0.4000} {7.8400 4.8800}, {0.0000 0.0000} {0.0000 4.4800} {7.8400 4.4800} {7.8400 0.0000}
DLLRQHDLLX2, 8.4000, 4.4800, {0.0000 -0.4000} {8.4000 4.8800}, {0.0000 0.0000} {0.0000 4.4800} {8.4000 4.4800} {8.4000 0.0000}
DLLRQHDLLX4, 10.0800, 4.4800, {0.0000 -0.4000} {10.0800 4.8800}, {0.0000 0.0000} {0.0000 4.4800} {10.0800 4.4800} {10.0800 0.0000}
DLLRSHDLLX0, 10.0800, 4.4800, {0.0000 -0.4000} {10.0800 4.8800}, {0.0000 0.0000} {0.0000 4.4800} {10.0800 4.4800} {10.0800 0.0000}
DLLRSHDLLX1, 10.0800, 4.4800, {0.0000 -0.4000} {10.0800 4.8800}, {0.0000 0.0000} {0.0000 4.4800} {10.0800 4.4800} {10.0800 0.0000}
DLLRSHDLLX2, 11.2000, 4.4800, {0.0000 -0.4000} {11.2000 4.8800}, {0.0000 0.0000} {0.0000 4.4800} {11.2000 4.4800} {11.2000 0.0000}
DLLRSHDLLX4, 13.4400, 4.4800, {0.0000 -0.4000} {13.4400 4.8800}, {0.0000 0.0000} {0.0000 4.4800} {13.4400 4.4800} {13.4400 0.0000}
DLLRSQHDLLX0, 8.9600, 4.4800, {0.0000 -0.4000} {8.9600 4.8800}, {0.0000 0.0000} {0.0000 4.4800} {8.9600 4.4800} {8.9600 0.0000}
DLLRSQHDLLX1, 8.9600, 4.4800, {0.0000 -0.4000} {8.9600 4.8800}, {0.0000 0.0000} {0.0000 4.4800} {8.9600 4.4800} {8.9600 0.0000}
DLLRSQHDLLX2, 10.0800, 4.4800, {0.0000 -0.4000} {10.0800 4.8800}, {0.0000 0.0000} {0.0000 4.4800} {10.0800 4.4800} {10.0800 0.0000}
DLLRSQHDLLX4, 11.2000, 4.4800, {0.0000 -0.4000} {11.2000 4.8800}, {0.0000 0.0000} {0.0000 4.4800} {11.2000 4.4800} {11.2000 0.0000}
DLLRTHDLLX1, 11.2000, 4.4800, {0.0000 -0.4000} {11.2000 4.8800}, {0.0000 0.0000} {0.0000 4.4800} {11.2000 4.4800} {11.2000 0.0000}
DLLSHDLLX0, 8.9600, 4.4800, {0.0000 -0.4000} {8.9600 4.8800}, {0.0000 0.0000} {0.0000 4.4800} {8.9600 4.4800} {8.9600 0.0000}
DLLSHDLLX1, 9.5200, 4.4800, {0.0000 -0.4000} {9.5200 4.8800}, {0.0000 0.0000} {0.0000 4.4800} {9.5200 4.4800} {9.5200 0.0000}
DLLSHDLLX2, 10.6400, 4.4800, {0.0000 -0.4000} {10.6400 4.8800}, {0.0000 0.0000} {0.0000 4.4800} {10.6400 4.4800} {10.6400 0.0000}
DLLSHDLLX4, 12.8800, 4.4800, {0.0000 -0.4000} {12.8800 4.8800}, {0.0000 0.0000} {0.0000 4.4800} {12.8800 4.4800} {12.8800 0.0000}
DLLSQHDLLX0, 8.4000, 4.4800, {0.0000 -0.4000} {8.4000 4.8800}, {0.0000 0.0000} {0.0000 4.4800} {8.4000 4.4800} {8.4000 0.0000}
DLLSQHDLLX1, 8.4000, 4.4800, {0.0000 -0.4000} {8.4000 4.8800}, {0.0000 0.0000} {0.0000 4.4800} {8.4000 4.4800} {8.4000 0.0000}
DLLSQHDLLX2, 9.5200, 4.4800, {0.0000 -0.4000} {9.5200 4.8800}, {0.0000 0.0000} {0.0000 4.4800} {9.5200 4.4800} {9.5200 0.0000}
DLLSQHDLLX4, 10.6400, 4.4800, {0.0000 -0.4000} {10.6400 4.8800}, {0.0000 0.0000} {0.0000 4.4800} {10.6400 4.4800} {10.6400 0.0000}
DLLSTHDLLX1, 11.2000, 4.4800, {0.0000 -0.4000} {11.2000 4.8800}, {0.0000 0.0000} {0.0000 4.4800} {11.2000 4.4800} {11.2000 0.0000}
DLLTHDLLX1, 10.0800, 4.4800, {0.0000 -0.4000} {10.0800 4.8800}, {0.0000 0.0000} {0.0000 4.4800} {10.0800 4.4800} {10.0800 0.0000}
DLY1HDLLX0, 4.4800, 4.4800, {0.0000 -0.4000} {4.4800 4.8800}, {0.0000 0.0000} {0.0000 4.4800} {4.4800 4.4800} {4.4800 0.0000}
DLY1HDLLX1, 4.4800, 4.4800, {0.0000 -0.4000} {4.4800 4.8800}, {0.0000 0.0000} {0.0000 4.4800} {4.4800 4.4800} {4.4800 0.0000}
DLY2HDLLX0, 5.6000, 4.4800, {0.0000 -0.4000} {5.6000 4.8800}, {0.0000 0.0000} {0.0000 4.4800} {5.6000 4.4800} {5.6000 0.0000}
DLY2HDLLX1, 5.6000, 4.4800, {0.0000 -0.4000} {5.6000 4.8800}, {0.0000 0.0000} {0.0000 4.4800} {5.6000 4.4800} {5.6000 0.0000}
DLY4HDLLX0, 6.7200, 4.4800, {0.0000 -0.4000} {6.7200 4.8800}, {0.0000 0.0000} {0.0000 4.4800} {6.7200 4.4800} {6.7200 0.0000}
DLY4HDLLX1, 6.7200, 4.4800, {0.0000 -0.4000} {6.7200 4.8800}, {0.0000 0.0000} {0.0000 4.4800} {6.7200 4.4800} {6.7200 0.0000}
DLY8HDLLX0, 11.7600, 4.4800, {0.0000 -0.4000} {11.7600 4.8800}, {0.0000 0.0000} {0.0000 4.4800} {11.7600 4.4800} {11.7600 0.0000}
DLY8HDLLX1, 11.7600, 4.4800, {0.0000 -0.4000} {11.7600 4.8800}, {0.0000 0.0000} {0.0000 4.4800} {11.7600 4.4800} {11.7600 0.0000}
EN2HDLLX0, 4.4800, 4.4800, {0.0000 -0.4000} {4.4800 4.8800}, {0.0000 0.0000} {0.0000 4.4800} {4.4800 4.4800} {4.4800 0.0000}
EN2HDLLX1, 5.0400, 4.4800, {0.0000 -0.4000} {5.0400 4.8800}, {0.0000 0.0000} {0.0000 4.4800} {5.0400 4.4800} {5.0400 0.0000}
EN2HDLLX2, 7.2800, 4.4800, {0.0000 -0.4000} {7.2800 4.8800}, {0.0000 0.0000} {0.0000 4.4800} {7.2800 4.4800} {7.2800 0.0000}
EN2HDLLX4, 8.9600, 4.4800, {0.0000 -0.4000} {8.9600 4.8800}, {0.0000 0.0000} {0.0000 4.4800} {8.9600 4.4800} {8.9600 0.0000}
EN3HDLLX0, 8.4000, 4.4800, {0.0000 -0.4000} {8.4000 4.8800}, {0.0000 0.0000} {0.0000 4.4800} {8.4000 4.4800} {8.4000 0.0000}
EN3HDLLX1, 8.9600, 4.4800, {0.0000 -0.4000} {8.9600 4.8800}, {0.0000 0.0000} {0.0000 4.4800} {8.9600 4.4800} {8.9600 0.0000}
EN3HDLLX2, 11.7600, 4.4800, {0.0000 -0.4000} {11.7600 4.8800}, {0.0000 0.0000} {0.0000 4.4800} {11.7600 4.4800} {11.7600 0.0000}
EN3HDLLX4, 12.8800, 4.4800, {0.0000 -0.4000} {12.8800 4.8800}, {0.0000 0.0000} {0.0000 4.4800} {12.8800 4.4800} {12.8800 0.0000}
EO2HDLLX0, 4.4800, 4.4800, {0.0000 -0.4000} {4.4800 4.8800}, {0.0000 0.0000} {0.0000 4.4800} {4.4800 4.4800} {4.4800 0.0000}
EO2HDLLX1, 4.4800, 4.4800, {0.0000 -0.4000} {4.4800 4.8800}, {0.0000 0.0000} {0.0000 4.4800} {4.4800 4.4800} {4.4800 0.0000}
EO2HDLLX2, 6.7200, 4.4800, {0.0000 -0.4000} {6.7200 4.8800}, {0.0000 0.0000} {0.0000 4.4800} {6.7200 4.4800} {6.7200 0.0000}
EO2HDLLX4, 8.9600, 4.4800, {0.0000 -0.4000} {8.9600 4.8800}, {0.0000 0.0000} {0.0000 4.4800} {8.9600 4.4800} {8.9600 0.0000}
EO3HDLLX0, 8.9600, 4.4800, {0.0000 -0.4000} {8.9600 4.8800}, {0.0000 0.0000} {0.0000 4.4800} {8.9600 4.4800} {8.9600 0.0000}
EO3HDLLX1, 8.9600, 4.4800, {0.0000 -0.4000} {8.9600 4.8800}, {0.0000 0.0000} {0.0000 4.4800} {8.9600 4.4800} {8.9600 0.0000}
EO3HDLLX2, 11.7600, 4.4800, {0.0000 -0.4000} {11.7600 4.8800}, {0.0000 0.0000} {0.0000 4.4800} {11.7600 4.4800} {11.7600 0.0000}
EO3HDLLX4, 12.8800, 4.4800, {0.0000 -0.4000} {12.8800 4.8800}, {0.0000 0.0000} {0.0000 4.4800} {12.8800 4.4800} {12.8800 0.0000}
FAHDLLX0, 11.7600, 4.4800, {0.0000 -0.4000} {11.7600 4.8800}, {0.0000 0.0000} {0.0000 4.4800} {11.7600 4.4800} {11.7600 0.0000}
FAHDLLX1, 12.3200, 4.4800, {0.0000 -0.4000} {12.3200 4.8800}, {0.0000 0.0000} {0.0000 4.4800} {12.3200 4.4800} {12.3200 0.0000}
FAHDLLX2, 13.4400, 4.4800, {0.0000 -0.4000} {13.4400 4.8800}, {0.0000 0.0000} {0.0000 4.4800} {13.4400 4.4800} {13.4400 0.0000}
FAHDLLX4, 16.2400, 4.4800, {0.0000 -0.4000} {16.2400 4.8800}, {0.0000 0.0000} {0.0000 4.4800} {16.2400 4.4800} {16.2400 0.0000}
FCNE10HDLL, 5.6000, 4.4800, {0.0000 -0.4000} {5.6000 4.8800}, {0.0000 0.0000} {0.0000 4.4800} {5.6000 4.4800} {5.6000 0.0000}
FCNE11HDLL, 6.1600, 4.4800, {0.0000 -0.4000} {6.1600 4.8800}, {0.0000 0.0000} {0.0000 4.4800} {6.1600 4.4800} {6.1600 0.0000}
FCNE12HDLL, 6.7200, 4.4800, {0.0000 -0.4000} {6.7200 4.8800}, {0.0000 0.0000} {0.0000 4.4800} {6.7200 4.4800} {6.7200 0.0000}
FCNE13HDLL, 7.2800, 4.4800, {0.0000 -0.4000} {7.2800 4.8800}, {0.0000 0.0000} {0.0000 4.4800} {7.2800 4.4800} {7.2800 0.0000}
FCNE14HDLL, 7.8400, 4.4800, {0.0000 -0.4000} {7.8400 4.8800}, {0.0000 0.0000} {0.0000 4.4800} {7.8400 4.4800} {7.8400 0.0000}
FCNE15HDLL, 8.4000, 4.4800, {0.0000 -0.4000} {8.4000 4.8800}, {0.0000 0.0000} {0.0000 4.4800} {8.4000 4.4800} {8.4000 0.0000}
FCNE16HDLL, 8.9600, 4.4800, {0.0000 -0.4000} {8.9600 4.8800}, {0.0000 0.0000} {0.0000 4.4800} {8.9600 4.4800} {8.9600 0.0000}
FCNE17HDLL, 9.5200, 4.4800, {0.0000 -0.4000} {9.5200 4.8800}, {0.0000 0.0000} {0.0000 4.4800} {9.5200 4.4800} {9.5200 0.0000}
FCNE18HDLL, 10.0800, 4.4800, {0.0000 -0.4000} {10.0800 4.8800}, {0.0000 0.0000} {0.0000 4.4800} {10.0800 4.4800} {10.0800 0.0000}
FCNE19HDLL, 10.6400, 4.4800, {0.0000 -0.4000} {10.6400 4.8800}, {0.0000 0.0000} {0.0000 4.4800} {10.6400 4.4800} {10.6400 0.0000}
FCNE20HDLL, 11.2000, 4.4800, {0.0000 -0.4000} {11.2000 4.8800}, {0.0000 0.0000} {0.0000 4.4800} {11.2000 4.4800} {11.2000 0.0000}
FCNE21HDLL, 11.7600, 4.4800, {0.0000 -0.4000} {11.7600 4.8800}, {0.0000 0.0000} {0.0000 4.4800} {11.7600 4.4800} {11.7600 0.0000}
FCNE22HDLL, 12.3200, 4.4800, {0.0000 -0.4000} {12.3200 4.8800}, {0.0000 0.0000} {0.0000 4.4800} {12.3200 4.4800} {12.3200 0.0000}
FCNE23HDLL, 12.8800, 4.4800, {0.0000 -0.4000} {12.8800 4.8800}, {0.0000 0.0000} {0.0000 4.4800} {12.8800 4.4800} {12.8800 0.0000}
FCNE24HDLL, 13.4400, 4.4800, {0.0000 -0.4000} {13.4400 4.8800}, {0.0000 0.0000} {0.0000 4.4800} {13.4400 4.4800} {13.4400 0.0000}
FCNE25HDLL, 14.0000, 4.4800, {0.0000 -0.4000} {14.0000 4.8800}, {0.0000 0.0000} {0.0000 4.4800} {14.0000 4.4800} {14.0000 0.0000}
FCNE26HDLL, 14.5600, 4.4800, {0.0000 -0.4000} {14.5600 4.8800}, {0.0000 0.0000} {0.0000 4.4800} {14.5600 4.4800} {14.5600 0.0000}
FCNE27HDLL, 15.1200, 4.4800, {0.0000 -0.4000} {15.1200 4.8800}, {0.0000 0.0000} {0.0000 4.4800} {15.1200 4.4800} {15.1200 0.0000}
FCNE28HDLL, 15.6800, 4.4800, {0.0000 -0.4000} {15.6800 4.8800}, {0.0000 0.0000} {0.0000 4.4800} {15.6800 4.4800} {15.6800 0.0000}
FCNE29HDLL, 16.2400, 4.4800, {0.0000 -0.4000} {16.2400 4.8800}, {0.0000 0.0000} {0.0000 4.4800} {16.2400 4.4800} {16.2400 0.0000}
FCNE2HDLL, 1.1200, 4.4800, {0.0000 -0.4000} {1.1200 4.8800}, {0.0000 0.0000} {0.0000 4.4800} {1.1200 4.4800} {1.1200 0.0000}
FCNE30HDLL, 16.8000, 4.4800, {0.0000 -0.4000} {16.8000 4.8800}, {0.0000 0.0000} {0.0000 4.4800} {16.8000 4.4800} {16.8000 0.0000}
FCNE31HDLL, 17.3600, 4.4800, {0.0000 -0.4000} {17.3600 4.8800}, {0.0000 0.0000} {0.0000 4.4800} {17.3600 4.4800} {17.3600 0.0000}
FCNE32HDLL, 17.9200, 4.4800, {0.0000 -0.4000} {17.9200 4.8800}, {0.0000 0.0000} {0.0000 4.4800} {17.9200 4.4800} {17.9200 0.0000}
FCNE3HDLL, 1.6800, 4.4800, {0.0000 -0.4000} {1.6800 4.8800}, {0.0000 0.0000} {0.0000 4.4800} {1.6800 4.4800} {1.6800 0.0000}
FCNE4HDLL, 2.2400, 4.4800, {0.0000 -0.4000} {2.2400 4.8800}, {0.0000 0.0000} {0.0000 4.4800} {2.2400 4.4800} {2.2400 0.0000}
FCNE5HDLL, 2.8000, 4.4800, {0.0000 -0.4000} {2.8000 4.8800}, {0.0000 0.0000} {0.0000 4.4800} {2.8000 4.4800} {2.8000 0.0000}
FCNE6HDLL, 3.3600, 4.4800, {0.0000 -0.4000} {3.3600 4.8800}, {0.0000 0.0000} {0.0000 4.4800} {3.3600 4.4800} {3.3600 0.0000}
FCNE7HDLL, 3.9200, 4.4800, {0.0000 -0.4000} {3.9200 4.8800}, {0.0000 0.0000} {0.0000 4.4800} {3.9200 4.4800} {3.9200 0.0000}
FCNE8HDLL, 4.4800, 4.4800, {0.0000 -0.4000} {4.4800 4.8800}, {0.0000 0.0000} {0.0000 4.4800} {4.4800 4.4800} {4.4800 0.0000}
FCNE9HDLL, 5.0400, 4.4800, {0.0000 -0.4000} {5.0400 4.8800}, {0.0000 0.0000} {0.0000 4.4800} {5.0400 4.4800} {5.0400 0.0000}
FCNED10HDLL, 5.6000, 8.9600, {0.0000 -0.4000} {5.6000 9.3600}, {0.0000 0.0000} {0.0000 8.9600} {5.6000 8.9600} {5.6000 0.0000}
FCNED11HDLL, 6.1600, 8.9600, {0.0000 -0.4000} {6.1600 9.3600}, {0.0000 0.0000} {0.0000 8.9600} {6.1600 8.9600} {6.1600 0.0000}
FCNED12HDLL, 6.7200, 8.9600, {0.0000 -0.4000} {6.7200 9.3600}, {0.0000 0.0000} {0.0000 8.9600} {6.7200 8.9600} {6.7200 0.0000}
FCNED13HDLL, 7.2800, 8.9600, {0.0000 -0.4000} {7.2800 9.3600}, {0.0000 0.0000} {0.0000 8.9600} {7.2800 8.9600} {7.2800 0.0000}
FCNED14HDLL, 7.8400, 8.9600, {0.0000 -0.4000} {7.8400 9.3600}, {0.0000 0.0000} {0.0000 8.9600} {7.8400 8.9600} {7.8400 0.0000}
FCNED15HDLL, 8.4000, 8.9600, {0.0000 -0.4000} {8.4000 9.3600}, {0.0000 0.0000} {0.0000 8.9600} {8.4000 8.9600} {8.4000 0.0000}
FCNED16HDLL, 8.9600, 8.9600, {0.0000 -0.4000} {8.9600 9.3600}, {0.0000 0.0000} {0.0000 8.9600} {8.9600 8.9600} {8.9600 0.0000}
FCNED17HDLL, 9.5200, 8.9600, {0.0000 -0.4000} {9.5200 9.3600}, {0.0000 0.0000} {0.0000 8.9600} {9.5200 8.9600} {9.5200 0.0000}
FCNED18HDLL, 10.0800, 8.9600, {0.0000 -0.4000} {10.0800 9.3600}, {0.0000 0.0000} {0.0000 8.9600} {10.0800 8.9600} {10.0800 0.0000}
FCNED19HDLL, 10.6400, 8.9600, {0.0000 -0.4000} {10.6400 9.3600}, {0.0000 0.0000} {0.0000 8.9600} {10.6400 8.9600} {10.6400 0.0000}
FCNED20HDLL, 11.2000, 8.9600, {0.0000 -0.4000} {11.2000 9.3600}, {0.0000 0.0000} {0.0000 8.9600} {11.2000 8.9600} {11.2000 0.0000}
FCNED21HDLL, 11.7600, 8.9600, {0.0000 -0.4000} {11.7600 9.3600}, {0.0000 0.0000} {0.0000 8.9600} {11.7600 8.9600} {11.7600 0.0000}
FCNED22HDLL, 12.3200, 8.9600, {0.0000 -0.4000} {12.3200 9.3600}, {0.0000 0.0000} {0.0000 8.9600} {12.3200 8.9600} {12.3200 0.0000}
FCNED23HDLL, 12.8800, 8.9600, {0.0000 -0.4000} {12.8800 9.3600}, {0.0000 0.0000} {0.0000 8.9600} {12.8800 8.9600} {12.8800 0.0000}
FCNED24HDLL, 13.4400, 8.9600, {0.0000 -0.4000} {13.4400 9.3600}, {0.0000 0.0000} {0.0000 8.9600} {13.4400 8.9600} {13.4400 0.0000}
FCNED25HDLL, 14.0000, 8.9600, {0.0000 -0.4000} {14.0000 9.3600}, {0.0000 0.0000} {0.0000 8.9600} {14.0000 8.9600} {14.0000 0.0000}
FCNED26HDLL, 14.5600, 8.9600, {0.0000 -0.4000} {14.5600 9.3600}, {0.0000 0.0000} {0.0000 8.9600} {14.5600 8.9600} {14.5600 0.0000}
FCNED27HDLL, 15.1200, 8.9600, {0.0000 -0.4000} {15.1200 9.3600}, {0.0000 0.0000} {0.0000 8.9600} {15.1200 8.9600} {15.1200 0.0000}
FCNED28HDLL, 15.6800, 8.9600, {0.0000 -0.4000} {15.6800 9.3600}, {0.0000 0.0000} {0.0000 8.9600} {15.6800 8.9600} {15.6800 0.0000}
FCNED29HDLL, 16.2400, 8.9600, {0.0000 -0.4000} {16.2400 9.3600}, {0.0000 0.0000} {0.0000 8.9600} {16.2400 8.9600} {16.2400 0.0000}
FCNED30HDLL, 16.8000, 8.9600, {0.0000 -0.4000} {16.8000 9.3600}, {0.0000 0.0000} {0.0000 8.9600} {16.8000 8.9600} {16.8000 0.0000}
FCNED31HDLL, 17.3600, 8.9600, {0.0000 -0.4000} {17.3600 9.3600}, {0.0000 0.0000} {0.0000 8.9600} {17.3600 8.9600} {17.3600 0.0000}
FCNED32HDLL, 17.9200, 8.9600, {0.0000 -0.4000} {17.9200 9.3600}, {0.0000 0.0000} {0.0000 8.9600} {17.9200 8.9600} {17.9200 0.0000}
FCNED5HDLL, 2.8000, 8.9600, {0.0000 -0.4000} {2.8000 9.3600}, {0.0000 0.0000} {0.0000 8.9600} {2.8000 8.9600} {2.8000 0.0000}
FCNED6HDLL, 3.3600, 8.9600, {0.0000 -0.4000} {3.3600 9.3600}, {0.0000 0.0000} {0.0000 8.9600} {3.3600 8.9600} {3.3600 0.0000}
FCNED7HDLL, 3.9200, 8.9600, {0.0000 -0.4000} {3.9200 9.3600}, {0.0000 0.0000} {0.0000 8.9600} {3.9200 8.9600} {3.9200 0.0000}
FCNED8HDLL, 4.4800, 8.9600, {0.0000 -0.4000} {4.4800 9.3600}, {0.0000 0.0000} {0.0000 8.9600} {4.4800 8.9600} {4.4800 0.0000}
FCNED9HDLL, 5.0400, 8.9600, {0.0000 -0.4000} {5.0400 9.3600}, {0.0000 0.0000} {0.0000 8.9600} {5.0400 8.9600} {5.0400 0.0000}
FEED10HDLL, 5.6000, 4.4800, {0.0000 -0.4000} {5.6000 4.8800}, {0.0000 0.0000} {0.0000 4.4800} {5.6000 4.4800} {5.6000 0.0000}
FEED15HDLL, 8.4000, 4.4800, {0.0000 -0.4000} {8.4000 4.8800}, {0.0000 0.0000} {0.0000 4.4800} {8.4000 4.4800} {8.4000 0.0000}
FEED1HDLL, 0.5600, 4.4800, {0.0000 -0.4000} {0.5600 4.8800}, {0.0000 0.0000} {0.0000 4.4800} {0.5600 4.4800} {0.5600 0.0000}
FEED25HDLL, 14.0000, 4.4800, {0.0000 -0.4000} {14.0000 4.8800}, {0.0000 0.0000} {0.0000 4.4800} {14.0000 4.4800} {14.0000 0.0000}
FEED2HDLL, 1.1200, 4.4800, {0.0000 -0.4000} {1.1200 4.8800}, {0.0000 0.0000} {0.0000 4.4800} {1.1200 4.4800} {1.1200 0.0000}
FEED3HDLL, 1.6800, 4.4800, {0.0000 -0.4000} {1.6800 4.8800}, {0.0000 0.0000} {0.0000 4.4800} {1.6800 4.4800} {1.6800 0.0000}
FEED5HDLL, 2.8000, 4.4800, {0.0000 -0.4000} {2.8000 4.8800}, {0.0000 0.0000} {0.0000 4.4800} {2.8000 4.4800} {2.8000 0.0000}
FEED7HDLL, 3.9200, 4.4800, {0.0000 -0.4000} {3.9200 4.8800}, {0.0000 0.0000} {0.0000 4.4800} {3.9200 4.4800} {3.9200 0.0000}
HAHDLLX0, 6.7200, 4.4800, {0.0000 -0.4000} {6.7200 4.8800}, {0.0000 0.0000} {0.0000 4.4800} {6.7200 4.4800} {6.7200 0.0000}
HAHDLLX1, 6.7200, 4.4800, {0.0000 -0.4000} {6.7200 4.8800}, {0.0000 0.0000} {0.0000 4.4800} {6.7200 4.4800} {6.7200 0.0000}
HAHDLLX2, 8.4000, 4.4800, {0.0000 -0.4000} {8.4000 4.8800}, {0.0000 0.0000} {0.0000 4.4800} {8.4000 4.4800} {8.4000 0.0000}
HAHDLLX4, 10.6400, 4.4800, {0.0000 -0.4000} {10.6400 4.8800}, {0.0000 0.0000} {0.0000 4.4800} {10.6400 4.4800} {10.6400 0.0000}
INHDLLX0, 1.6800, 4.4800, {0.0000 -0.4000} {1.6800 4.8800}, {0.0000 0.0000} {0.0000 4.4800} {1.6800 4.4800} {1.6800 0.0000}
INHDLLX1, 1.6800, 4.4800, {0.0000 -0.4000} {1.6800 4.8800}, {0.0000 0.0000} {0.0000 4.4800} {1.6800 4.4800} {1.6800 0.0000}
INHDLLX12, 7.8400, 4.4800, {0.0000 -0.4000} {7.8400 4.8800}, {0.0000 0.0000} {0.0000 4.4800} {7.8400 4.4800} {7.8400 0.0000}
INHDLLX2, 2.2400, 4.4800, {0.0000 -0.4000} {2.2400 4.8800}, {0.0000 0.0000} {0.0000 4.4800} {2.2400 4.4800} {2.2400 0.0000}
INHDLLX3, 2.8000, 4.4800, {0.0000 -0.4000} {2.8000 4.8800}, {0.0000 0.0000} {0.0000 4.4800} {2.8000 4.4800} {2.8000 0.0000}
INHDLLX4, 3.3600, 4.4800, {0.0000 -0.4000} {3.3600 4.8800}, {0.0000 0.0000} {0.0000 4.4800} {3.3600 4.4800} {3.3600 0.0000}
INHDLLX6, 4.4800, 4.4800, {0.0000 -0.4000} {4.4800 4.8800}, {0.0000 0.0000} {0.0000 4.4800} {4.4800 4.4800} {4.4800 0.0000}
INHDLLX8, 5.6000, 4.4800, {0.0000 -0.4000} {5.6000 4.8800}, {0.0000 0.0000} {0.0000 4.4800} {5.6000 4.4800} {5.6000 0.0000}
ITHHDLLX1, 6.7200, 4.4800, {0.0000 -0.4000} {6.7200 4.8800}, {0.0000 0.0000} {0.0000 4.4800} {6.7200 4.4800} {6.7200 0.0000}
ITHHDLLX12, 14.5600, 4.4800, {0.0000 -0.4000} {14.5600 4.8800}, {0.0000 0.0000} {0.0000 4.4800} {14.5600 4.4800} {14.5600 0.0000}
ITHHDLLX2, 7.2800, 4.4800, {0.0000 -0.4000} {7.2800 4.8800}, {0.0000 0.0000} {0.0000 4.4800} {7.2800 4.4800} {7.2800 0.0000}
ITHHDLLX3, 7.8400, 4.4800, {0.0000 -0.4000} {7.8400 4.8800}, {0.0000 0.0000} {0.0000 4.4800} {7.8400 4.4800} {7.8400 0.0000}
ITHHDLLX4, 8.4000, 4.4800, {0.0000 -0.4000} {8.4000 4.8800}, {0.0000 0.0000} {0.0000 4.4800} {8.4000 4.4800} {8.4000 0.0000}
ITHHDLLX6, 9.5200, 4.4800, {0.0000 -0.4000} {9.5200 4.8800}, {0.0000 0.0000} {0.0000 4.4800} {9.5200 4.4800} {9.5200 0.0000}
ITHHDLLX8, 11.7600, 4.4800, {0.0000 -0.4000} {11.7600 4.8800}, {0.0000 0.0000} {0.0000 4.4800} {11.7600 4.4800} {11.7600 0.0000}
ITLHDLLX1, 6.7200, 4.4800, {0.0000 -0.4000} {6.7200 4.8800}, {0.0000 0.0000} {0.0000 4.4800} {6.7200 4.4800} {6.7200 0.0000}
ITLHDLLX12, 14.5600, 4.4800, {0.0000 -0.4000} {14.5600 4.8800}, {0.0000 0.0000} {0.0000 4.4800} {14.5600 4.4800} {14.5600 0.0000}
ITLHDLLX2, 7.2800, 4.4800, {0.0000 -0.4000} {7.2800 4.8800}, {0.0000 0.0000} {0.0000 4.4800} {7.2800 4.4800} {7.2800 0.0000}
ITLHDLLX3, 7.8400, 4.4800, {0.0000 -0.4000} {7.8400 4.8800}, {0.0000 0.0000} {0.0000 4.4800} {7.8400 4.4800} {7.8400 0.0000}
ITLHDLLX4, 8.4000, 4.4800, {0.0000 -0.4000} {8.4000 4.8800}, {0.0000 0.0000} {0.0000 4.4800} {8.4000 4.4800} {8.4000 0.0000}
ITLHDLLX6, 9.5200, 4.4800, {0.0000 -0.4000} {9.5200 4.8800}, {0.0000 0.0000} {0.0000 4.4800} {9.5200 4.4800} {9.5200 0.0000}
ITLHDLLX8, 11.7600, 4.4800, {0.0000 -0.4000} {11.7600 4.8800}, {0.0000 0.0000} {0.0000 4.4800} {11.7600 4.4800} {11.7600 0.0000}
LGCNHDLLX0, 8.4000, 4.4800, {0.0000 -0.4000} {8.4000 4.8800}, {0.0000 0.0000} {0.0000 4.4800} {8.4000 4.4800} {8.4000 0.0000}
LGCNHDLLX1, 8.4000, 4.4800, {0.0000 -0.4000} {8.4000 4.8800}, {0.0000 0.0000} {0.0000 4.4800} {8.4000 4.4800} {8.4000 0.0000}
LGCNHDLLX2, 8.9600, 4.4800, {0.0000 -0.4000} {8.9600 4.8800}, {0.0000 0.0000} {0.0000 4.4800} {8.9600 4.4800} {8.9600 0.0000}
LGCNHDLLX4, 10.6400, 4.4800, {0.0000 -0.4000} {10.6400 4.8800}, {0.0000 0.0000} {0.0000 4.4800} {10.6400 4.4800} {10.6400 0.0000}
LGCPHDLLX0, 8.4000, 4.4800, {0.0000 -0.4000} {8.4000 4.8800}, {0.0000 0.0000} {0.0000 4.4800} {8.4000 4.4800} {8.4000 0.0000}
LGCPHDLLX1, 8.4000, 4.4800, {0.0000 -0.4000} {8.4000 4.8800}, {0.0000 0.0000} {0.0000 4.4800} {8.4000 4.4800} {8.4000 0.0000}
LGCPHDLLX2, 8.9600, 4.4800, {0.0000 -0.4000} {8.9600 4.8800}, {0.0000 0.0000} {0.0000 4.4800} {8.9600 4.4800} {8.9600 0.0000}
LGCPHDLLX4, 10.6400, 4.4800, {0.0000 -0.4000} {10.6400 4.8800}, {0.0000 0.0000} {0.0000 4.4800} {10.6400 4.4800} {10.6400 0.0000}
LOGIC0HDLL, 1.6800, 4.4800, {0.0000 -0.4000} {1.6800 4.8800}, {0.0000 0.0000} {0.0000 4.4800} {1.6800 4.4800} {1.6800 0.0000}
LOGIC1HDLL, 1.6800, 4.4800, {0.0000 -0.4000} {1.6800 4.8800}, {0.0000 0.0000} {0.0000 4.4800} {1.6800 4.4800} {1.6800 0.0000}
LSGCNHDLLX0, 9.5200, 4.4800, {0.0000 -0.4000} {9.5200 4.8800}, {0.0000 0.0000} {0.0000 4.4800} {9.5200 4.4800} {9.5200 0.0000}
LSGCNHDLLX1, 9.5200, 4.4800, {0.0000 -0.4000} {9.5200 4.8800}, {0.0000 0.0000} {0.0000 4.4800} {9.5200 4.4800} {9.5200 0.0000}
LSGCNHDLLX2, 10.0800, 4.4800, {0.0000 -0.4000} {10.0800 4.8800}, {0.0000 0.0000} {0.0000 4.4800} {10.0800 4.4800} {10.0800 0.0000}
LSGCNHDLLX4, 11.7600, 4.4800, {0.0000 -0.4000} {11.7600 4.8800}, {0.0000 0.0000} {0.0000 4.4800} {11.7600 4.4800} {11.7600 0.0000}
LSGCPHDLLX0, 9.5200, 4.4800, {0.0000 -0.4000} {9.5200 4.8800}, {0.0000 0.0000} {0.0000 4.4800} {9.5200 4.4800} {9.5200 0.0000}
LSGCPHDLLX1, 9.5200, 4.4800, {0.0000 -0.4000} {9.5200 4.8800}, {0.0000 0.0000} {0.0000 4.4800} {9.5200 4.4800} {9.5200 0.0000}
LSGCPHDLLX2, 10.0800, 4.4800, {0.0000 -0.4000} {10.0800 4.8800}, {0.0000 0.0000} {0.0000 4.4800} {10.0800 4.4800} {10.0800 0.0000}
LSGCPHDLLX4, 11.7600, 4.4800, {0.0000 -0.4000} {11.7600 4.8800}, {0.0000 0.0000} {0.0000 4.4800} {11.7600 4.4800} {11.7600 0.0000}
LSOGCNHDLLX0, 10.6400, 4.4800, {0.0000 -0.4000} {10.6400 4.8800}, {0.0000 0.0000} {0.0000 4.4800} {10.6400 4.4800} {10.6400 0.0000}
LSOGCNHDLLX1, 10.6400, 4.4800, {0.0000 -0.4000} {10.6400 4.8800}, {0.0000 0.0000} {0.0000 4.4800} {10.6400 4.4800} {10.6400 0.0000}
LSOGCNHDLLX2, 11.2000, 4.4800, {0.0000 -0.4000} {11.2000 4.8800}, {0.0000 0.0000} {0.0000 4.4800} {11.2000 4.4800} {11.2000 0.0000}
LSOGCNHDLLX4, 12.8800, 4.4800, {0.0000 -0.4000} {12.8800 4.8800}, {0.0000 0.0000} {0.0000 4.4800} {12.8800 4.4800} {12.8800 0.0000}
LSOGCPHDLLX0, 11.7600, 4.4800, {0.0000 -0.4000} {11.7600 4.8800}, {0.0000 0.0000} {0.0000 4.4800} {11.7600 4.4800} {11.7600 0.0000}
LSOGCPHDLLX1, 11.7600, 4.4800, {0.0000 -0.4000} {11.7600 4.8800}, {0.0000 0.0000} {0.0000 4.4800} {11.7600 4.4800} {11.7600 0.0000}
LSOGCPHDLLX2, 12.3200, 4.4800, {0.0000 -0.4000} {12.3200 4.8800}, {0.0000 0.0000} {0.0000 4.4800} {12.3200 4.4800} {12.3200 0.0000}
LSOGCPHDLLX4, 14.0000, 4.4800, {0.0000 -0.4000} {14.0000 4.8800}, {0.0000 0.0000} {0.0000 4.4800} {14.0000 4.4800} {14.0000 0.0000}
MU2HDLLX0, 5.0400, 4.4800, {0.0000 -0.4000} {5.0400 4.8800}, {0.0000 0.0000} {0.0000 4.4800} {5.0400 4.4800} {5.0400 0.0000}
MU2HDLLX1, 5.0400, 4.4800, {0.0000 -0.4000} {5.0400 4.8800}, {0.0000 0.0000} {0.0000 4.4800} {5.0400 4.4800} {5.0400 0.0000}
MU2HDLLX2, 5.6000, 4.4800, {0.0000 -0.4000} {5.6000 4.8800}, {0.0000 0.0000} {0.0000 4.4800} {5.6000 4.4800} {5.6000 0.0000}
MU2HDLLX4, 7.2800, 4.4800, {0.0000 -0.4000} {7.2800 4.8800}, {0.0000 0.0000} {0.0000 4.4800} {7.2800 4.4800} {7.2800 0.0000}
MU2IHDLLX0, 3.9200, 4.4800, {0.0000 -0.4000} {3.9200 4.8800}, {0.0000 0.0000} {0.0000 4.4800} {3.9200 4.4800} {3.9200 0.0000}
MU2IHDLLX1, 3.9200, 4.4800, {0.0000 -0.4000} {3.9200 4.8800}, {0.0000 0.0000} {0.0000 4.4800} {3.9200 4.4800} {3.9200 0.0000}
MU2IHDLLX2, 7.8400, 4.4800, {0.0000 -0.4000} {7.8400 4.8800}, {0.0000 0.0000} {0.0000 4.4800} {7.8400 4.4800} {7.8400 0.0000}
MU2IHDLLX4, 14.5600, 4.4800, {0.0000 -0.4000} {14.5600 4.8800}, {0.0000 0.0000} {0.0000 4.4800} {14.5600 4.4800} {14.5600 0.0000}
MU4HDLLX0, 10.0800, 4.4800, {0.0000 -0.4000} {10.0800 4.8800}, {0.0000 0.0000} {0.0000 4.4800} {10.0800 4.4800} {10.0800 0.0000}
MU4HDLLX1, 10.0800, 4.4800, {0.0000 -0.4000} {10.0800 4.8800}, {0.0000 0.0000} {0.0000 4.4800} {10.0800 4.4800} {10.0800 0.0000}
MU4HDLLX2, 12.8800, 4.4800, {0.0000 -0.4000} {12.8800 4.8800}, {0.0000 0.0000} {0.0000 4.4800} {12.8800 4.4800} {12.8800 0.0000}
MU4HDLLX4, 19.6000, 4.4800, {0.0000 -0.4000} {19.6000 4.8800}, {0.0000 0.0000} {0.0000 4.4800} {19.6000 4.4800} {19.6000 0.0000}
MU4IHDLLX0, 11.2000, 4.4800, {0.0000 -0.4000} {11.2000 4.8800}, {0.0000 0.0000} {0.0000 4.4800} {11.2000 4.4800} {11.2000 0.0000}
MU4IHDLLX1, 11.2000, 4.4800, {0.0000 -0.4000} {11.2000 4.8800}, {0.0000 0.0000} {0.0000 4.4800} {11.2000 4.4800} {11.2000 0.0000}
MU4IHDLLX2, 11.7600, 4.4800, {0.0000 -0.4000} {11.7600 4.8800}, {0.0000 0.0000} {0.0000 4.4800} {11.7600 4.4800} {11.7600 0.0000}
MU4IHDLLX4, 13.4400, 4.4800, {0.0000 -0.4000} {13.4400 4.8800}, {0.0000 0.0000} {0.0000 4.4800} {13.4400 4.4800} {13.4400 0.0000}
NA22HDLLX0, 3.3600, 4.4800, {0.0000 -0.4000} {3.3600 4.8800}, {0.0000 0.0000} {0.0000 4.4800} {3.3600 4.4800} {3.3600 0.0000}
NA22HDLLX1, 3.3600, 4.4800, {0.0000 -0.4000} {3.3600 4.8800}, {0.0000 0.0000} {0.0000 4.4800} {3.3600 4.4800} {3.3600 0.0000}
NA22HDLLX2, 5.0400, 4.4800, {0.0000 -0.4000} {5.0400 4.8800}, {0.0000 0.0000} {0.0000 4.4800} {5.0400 4.4800} {5.0400 0.0000}
NA22HDLLX4, 8.4000, 4.4800, {0.0000 -0.4000} {8.4000 4.8800}, {0.0000 0.0000} {0.0000 4.4800} {8.4000 4.4800} {8.4000 0.0000}
NA2HDLLX0, 2.2400, 4.4800, {0.0000 -0.4000} {2.2400 4.8800}, {0.0000 0.0000} {0.0000 4.4800} {2.2400 4.4800} {2.2400 0.0000}
NA2HDLLX1, 2.2400, 4.4800, {0.0000 -0.4000} {2.2400 4.8800}, {0.0000 0.0000} {0.0000 4.4800} {2.2400 4.4800} {2.2400 0.0000}
NA2HDLLX2, 3.3600, 4.4800, {0.0000 -0.4000} {3.3600 4.8800}, {0.0000 0.0000} {0.0000 4.4800} {3.3600 4.4800} {3.3600 0.0000}
NA2HDLLX4, 6.1600, 4.4800, {0.0000 -0.4000} {6.1600 4.8800}, {0.0000 0.0000} {0.0000 4.4800} {6.1600 4.4800} {6.1600 0.0000}
NA2I1HDLLX0, 2.8000, 4.4800, {0.0000 -0.4000} {2.8000 4.8800}, {0.0000 0.0000} {0.0000 4.4800} {2.8000 4.4800} {2.8000 0.0000}
NA2I1HDLLX1, 2.8000, 4.4800, {0.0000 -0.4000} {2.8000 4.8800}, {0.0000 0.0000} {0.0000 4.4800} {2.8000 4.4800} {2.8000 0.0000}
NA2I1HDLLX2, 3.9200, 4.4800, {0.0000 -0.4000} {3.9200 4.8800}, {0.0000 0.0000} {0.0000 4.4800} {3.9200 4.4800} {3.9200 0.0000}
NA2I1HDLLX4, 7.2800, 4.4800, {0.0000 -0.4000} {7.2800 4.8800}, {0.0000 0.0000} {0.0000 4.4800} {7.2800 4.4800} {7.2800 0.0000}
NA3HDLLX0, 2.8000, 4.4800, {0.0000 -0.4000} {2.8000 4.8800}, {0.0000 0.0000} {0.0000 4.4800} {2.8000 4.4800} {2.8000 0.0000}
NA3HDLLX1, 2.8000, 4.4800, {0.0000 -0.4000} {2.8000 4.8800}, {0.0000 0.0000} {0.0000 4.4800} {2.8000 4.4800} {2.8000 0.0000}
NA3HDLLX2, 5.0400, 4.4800, {0.0000 -0.4000} {5.0400 4.8800}, {0.0000 0.0000} {0.0000 4.4800} {5.0400 4.4800} {5.0400 0.0000}
NA3HDLLX4, 8.9600, 4.4800, {0.0000 -0.4000} {8.9600 4.8800}, {0.0000 0.0000} {0.0000 4.4800} {8.9600 4.4800} {8.9600 0.0000}
NA3I1HDLLX0, 3.9200, 4.4800, {0.0000 -0.4000} {3.9200 4.8800}, {0.0000 0.0000} {0.0000 4.4800} {3.9200 4.4800} {3.9200 0.0000}
NA3I1HDLLX1, 3.9200, 4.4800, {0.0000 -0.4000} {3.9200 4.8800}, {0.0000 0.0000} {0.0000 4.4800} {3.9200 4.4800} {3.9200 0.0000}
NA3I1HDLLX2, 5.6000, 4.4800, {0.0000 -0.4000} {5.6000 4.8800}, {0.0000 0.0000} {0.0000 4.4800} {5.6000 4.4800} {5.6000 0.0000}
NA3I1HDLLX4, 9.5200, 4.4800, {0.0000 -0.4000} {9.5200 4.8800}, {0.0000 0.0000} {0.0000 4.4800} {9.5200 4.4800} {9.5200 0.0000}
NA3I2HDLLX0, 3.3600, 4.4800, {0.0000 -0.4000} {3.3600 4.8800}, {0.0000 0.0000} {0.0000 4.4800} {3.3600 4.4800} {3.3600 0.0000}
NA3I2HDLLX1, 3.3600, 4.4800, {0.0000 -0.4000} {3.3600 4.8800}, {0.0000 0.0000} {0.0000 4.4800} {3.3600 4.4800} {3.3600 0.0000}
NA3I2HDLLX2, 4.4800, 4.4800, {0.0000 -0.4000} {4.4800 4.8800}, {0.0000 0.0000} {0.0000 4.4800} {4.4800 4.4800} {4.4800 0.0000}
NA3I2HDLLX4, 7.2800, 4.4800, {0.0000 -0.4000} {7.2800 4.8800}, {0.0000 0.0000} {0.0000 4.4800} {7.2800 4.4800} {7.2800 0.0000}
NA4HDLLX0, 3.3600, 4.4800, {0.0000 -0.4000} {3.3600 4.8800}, {0.0000 0.0000} {0.0000 4.4800} {3.3600 4.4800} {3.3600 0.0000}
NA4HDLLX1, 3.3600, 4.4800, {0.0000 -0.4000} {3.3600 4.8800}, {0.0000 0.0000} {0.0000 4.4800} {3.3600 4.4800} {3.3600 0.0000}
NA4HDLLX2, 6.1600, 4.4800, {0.0000 -0.4000} {6.1600 4.8800}, {0.0000 0.0000} {0.0000 4.4800} {6.1600 4.4800} {6.1600 0.0000}
NA4HDLLX4, 10.0800, 4.4800, {0.0000 -0.4000} {10.0800 4.8800}, {0.0000 0.0000} {0.0000 4.4800} {10.0800 4.4800} {10.0800 0.0000}
NA4I1HDLLX0, 4.4800, 4.4800, {0.0000 -0.4000} {4.4800 4.8800}, {0.0000 0.0000} {0.0000 4.4800} {4.4800 4.4800} {4.4800 0.0000}
NA4I1HDLLX1, 4.4800, 4.4800, {0.0000 -0.4000} {4.4800 4.8800}, {0.0000 0.0000} {0.0000 4.4800} {4.4800 4.4800} {4.4800 0.0000}
NA4I1HDLLX2, 7.2800, 4.4800, {0.0000 -0.4000} {7.2800 4.8800}, {0.0000 0.0000} {0.0000 4.4800} {7.2800 4.4800} {7.2800 0.0000}
NA4I1HDLLX4, 10.6400, 4.4800, {0.0000 -0.4000} {10.6400 4.8800}, {0.0000 0.0000} {0.0000 4.4800} {10.6400 4.4800} {10.6400 0.0000}
NA4I2HDLLX0, 4.4800, 4.4800, {0.0000 -0.4000} {4.4800 4.8800}, {0.0000 0.0000} {0.0000 4.4800} {4.4800 4.4800} {4.4800 0.0000}
NA4I2HDLLX1, 4.4800, 4.4800, {0.0000 -0.4000} {4.4800 4.8800}, {0.0000 0.0000} {0.0000 4.4800} {4.4800 4.4800} {4.4800 0.0000}
NA4I2HDLLX2, 6.1600, 4.4800, {0.0000 -0.4000} {6.1600 4.8800}, {0.0000 0.0000} {0.0000 4.4800} {6.1600 4.4800} {6.1600 0.0000}
NA4I2HDLLX4, 10.0800, 4.4800, {0.0000 -0.4000} {10.0800 4.8800}, {0.0000 0.0000} {0.0000 4.4800} {10.0800 4.4800} {10.0800 0.0000}
NA4I3HDLLX0, 3.9200, 4.4800, {0.0000 -0.4000} {3.9200 4.8800}, {0.0000 0.0000} {0.0000 4.4800} {3.9200 4.4800} {3.9200 0.0000}
NA4I3HDLLX1, 3.9200, 4.4800, {0.0000 -0.4000} {3.9200 4.8800}, {0.0000 0.0000} {0.0000 4.4800} {3.9200 4.4800} {3.9200 0.0000}
NA4I3HDLLX2, 5.6000, 4.4800, {0.0000 -0.4000} {5.6000 4.8800}, {0.0000 0.0000} {0.0000 4.4800} {5.6000 4.4800} {5.6000 0.0000}
NA4I3HDLLX4, 7.8400, 4.4800, {0.0000 -0.4000} {7.8400 4.8800}, {0.0000 0.0000} {0.0000 4.4800} {7.8400 4.4800} {7.8400 0.0000}
NA5HDLLX0, 6.7200, 4.4800, {0.0000 -0.4000} {6.7200 4.8800}, {0.0000 0.0000} {0.0000 4.4800} {6.7200 4.4800} {6.7200 0.0000}
NA5HDLLX1, 6.7200, 4.4800, {0.0000 -0.4000} {6.7200 4.8800}, {0.0000 0.0000} {0.0000 4.4800} {6.7200 4.4800} {6.7200 0.0000}
NA5HDLLX2, 7.2800, 4.4800, {0.0000 -0.4000} {7.2800 4.8800}, {0.0000 0.0000} {0.0000 4.4800} {7.2800 4.4800} {7.2800 0.0000}
NA5HDLLX4, 8.9600, 4.4800, {0.0000 -0.4000} {8.9600 4.8800}, {0.0000 0.0000} {0.0000 4.4800} {8.9600 4.4800} {8.9600 0.0000}
NA5I1HDLLX0, 6.7200, 4.4800, {0.0000 -0.4000} {6.7200 4.8800}, {0.0000 0.0000} {0.0000 4.4800} {6.7200 4.4800} {6.7200 0.0000}
NA5I1HDLLX1, 6.7200, 4.4800, {0.0000 -0.4000} {6.7200 4.8800}, {0.0000 0.0000} {0.0000 4.4800} {6.7200 4.4800} {6.7200 0.0000}
NA5I1HDLLX2, 7.2800, 4.4800, {0.0000 -0.4000} {7.2800 4.8800}, {0.0000 0.0000} {0.0000 4.4800} {7.2800 4.4800} {7.2800 0.0000}
NA5I1HDLLX4, 8.9600, 4.4800, {0.0000 -0.4000} {8.9600 4.8800}, {0.0000 0.0000} {0.0000 4.4800} {8.9600 4.4800} {8.9600 0.0000}
NA5I2HDLLX0, 6.1600, 4.4800, {0.0000 -0.4000} {6.1600 4.8800}, {0.0000 0.0000} {0.0000 4.4800} {6.1600 4.4800} {6.1600 0.0000}
NA5I2HDLLX1, 6.1600, 4.4800, {0.0000 -0.4000} {6.1600 4.8800}, {0.0000 0.0000} {0.0000 4.4800} {6.1600 4.4800} {6.1600 0.0000}
NA5I2HDLLX2, 6.7200, 4.4800, {0.0000 -0.4000} {6.7200 4.8800}, {0.0000 0.0000} {0.0000 4.4800} {6.7200 4.4800} {6.7200 0.0000}
NA5I2HDLLX4, 8.4000, 4.4800, {0.0000 -0.4000} {8.4000 4.8800}, {0.0000 0.0000} {0.0000 4.4800} {8.4000 4.4800} {8.4000 0.0000}
NA5I3HDLLX0, 5.0400, 4.4800, {0.0000 -0.4000} {5.0400 4.8800}, {0.0000 0.0000} {0.0000 4.4800} {5.0400 4.4800} {5.0400 0.0000}
NA5I3HDLLX1, 5.0400, 4.4800, {0.0000 -0.4000} {5.0400 4.8800}, {0.0000 0.0000} {0.0000 4.4800} {5.0400 4.4800} {5.0400 0.0000}
NA5I3HDLLX2, 6.7200, 4.4800, {0.0000 -0.4000} {6.7200 4.8800}, {0.0000 0.0000} {0.0000 4.4800} {6.7200 4.4800} {6.7200 0.0000}
NA5I3HDLLX4, 10.6400, 4.4800, {0.0000 -0.4000} {10.6400 4.8800}, {0.0000 0.0000} {0.0000 4.4800} {10.6400 4.4800} {10.6400 0.0000}
NA5I4HDLLX0, 6.1600, 4.4800, {0.0000 -0.4000} {6.1600 4.8800}, {0.0000 0.0000} {0.0000 4.4800} {6.1600 4.4800} {6.1600 0.0000}
NA5I4HDLLX1, 6.1600, 4.4800, {0.0000 -0.4000} {6.1600 4.8800}, {0.0000 0.0000} {0.0000 4.4800} {6.1600 4.4800} {6.1600 0.0000}
NA5I4HDLLX2, 7.2800, 4.4800, {0.0000 -0.4000} {7.2800 4.8800}, {0.0000 0.0000} {0.0000 4.4800} {7.2800 4.4800} {7.2800 0.0000}
NA5I4HDLLX4, 11.7600, 4.4800, {0.0000 -0.4000} {11.7600 4.8800}, {0.0000 0.0000} {0.0000 4.4800} {11.7600 4.4800} {11.7600 0.0000}
NA6HDLLX0, 7.2800, 4.4800, {0.0000 -0.4000} {7.2800 4.8800}, {0.0000 0.0000} {0.0000 4.4800} {7.2800 4.4800} {7.2800 0.0000}
NA6HDLLX1, 7.2800, 4.4800, {0.0000 -0.4000} {7.2800 4.8800}, {0.0000 0.0000} {0.0000 4.4800} {7.2800 4.4800} {7.2800 0.0000}
NA6HDLLX2, 7.8400, 4.4800, {0.0000 -0.4000} {7.8400 4.8800}, {0.0000 0.0000} {0.0000 4.4800} {7.8400 4.4800} {7.8400 0.0000}
NA6HDLLX4, 9.5200, 4.4800, {0.0000 -0.4000} {9.5200 4.8800}, {0.0000 0.0000} {0.0000 4.4800} {9.5200 4.4800} {9.5200 0.0000}
NA6I1HDLLX0, 7.2800, 4.4800, {0.0000 -0.4000} {7.2800 4.8800}, {0.0000 0.0000} {0.0000 4.4800} {7.2800 4.4800} {7.2800 0.0000}
NA6I1HDLLX1, 7.2800, 4.4800, {0.0000 -0.4000} {7.2800 4.8800}, {0.0000 0.0000} {0.0000 4.4800} {7.2800 4.4800} {7.2800 0.0000}
NA6I1HDLLX2, 7.8400, 4.4800, {0.0000 -0.4000} {7.8400 4.8800}, {0.0000 0.0000} {0.0000 4.4800} {7.8400 4.4800} {7.8400 0.0000}
NA6I1HDLLX4, 9.5200, 4.4800, {0.0000 -0.4000} {9.5200 4.8800}, {0.0000 0.0000} {0.0000 4.4800} {9.5200 4.4800} {9.5200 0.0000}
NA6I2HDLLX0, 8.4000, 4.4800, {0.0000 -0.4000} {8.4000 4.8800}, {0.0000 0.0000} {0.0000 4.4800} {8.4000 4.4800} {8.4000 0.0000}
NA6I2HDLLX1, 8.4000, 4.4800, {0.0000 -0.4000} {8.4000 4.8800}, {0.0000 0.0000} {0.0000 4.4800} {8.4000 4.4800} {8.4000 0.0000}
NA6I2HDLLX2, 9.5200, 4.4800, {0.0000 -0.4000} {9.5200 4.8800}, {0.0000 0.0000} {0.0000 4.4800} {9.5200 4.4800} {9.5200 0.0000}
NA6I2HDLLX4, 11.7600, 4.4800, {0.0000 -0.4000} {11.7600 4.8800}, {0.0000 0.0000} {0.0000 4.4800} {11.7600 4.4800} {11.7600 0.0000}
NA6I3HDLLX0, 7.2800, 4.4800, {0.0000 -0.4000} {7.2800 4.8800}, {0.0000 0.0000} {0.0000 4.4800} {7.2800 4.4800} {7.2800 0.0000}
NA6I3HDLLX1, 7.2800, 4.4800, {0.0000 -0.4000} {7.2800 4.8800}, {0.0000 0.0000} {0.0000 4.4800} {7.2800 4.4800} {7.2800 0.0000}
NA6I3HDLLX2, 8.9600, 4.4800, {0.0000 -0.4000} {8.9600 4.8800}, {0.0000 0.0000} {0.0000 4.4800} {8.9600 4.4800} {8.9600 0.0000}
NA6I3HDLLX4, 11.2000, 4.4800, {0.0000 -0.4000} {11.2000 4.8800}, {0.0000 0.0000} {0.0000 4.4800} {11.2000 4.4800} {11.2000 0.0000}
NA6I4HDLLX0, 7.8400, 4.4800, {0.0000 -0.4000} {7.8400 4.8800}, {0.0000 0.0000} {0.0000 4.4800} {7.8400 4.4800} {7.8400 0.0000}
NA6I4HDLLX1, 7.8400, 4.4800, {0.0000 -0.4000} {7.8400 4.8800}, {0.0000 0.0000} {0.0000 4.4800} {7.8400 4.4800} {7.8400 0.0000}
NA6I4HDLLX2, 9.5200, 4.4800, {0.0000 -0.4000} {9.5200 4.8800}, {0.0000 0.0000} {0.0000 4.4800} {9.5200 4.4800} {9.5200 0.0000}
NA6I4HDLLX4, 12.8800, 4.4800, {0.0000 -0.4000} {12.8800 4.8800}, {0.0000 0.0000} {0.0000 4.4800} {12.8800 4.4800} {12.8800 0.0000}
NA6I5HDLLX0, 6.7200, 4.4800, {0.0000 -0.4000} {6.7200 4.8800}, {0.0000 0.0000} {0.0000 4.4800} {6.7200 4.4800} {6.7200 0.0000}
NA6I5HDLLX1, 6.7200, 4.4800, {0.0000 -0.4000} {6.7200 4.8800}, {0.0000 0.0000} {0.0000 4.4800} {6.7200 4.4800} {6.7200 0.0000}
NA6I5HDLLX2, 8.4000, 4.4800, {0.0000 -0.4000} {8.4000 4.8800}, {0.0000 0.0000} {0.0000 4.4800} {8.4000 4.4800} {8.4000 0.0000}
NA6I5HDLLX4, 12.3200, 4.4800, {0.0000 -0.4000} {12.3200 4.8800}, {0.0000 0.0000} {0.0000 4.4800} {12.3200 4.4800} {12.3200 0.0000}
NO22HDLLX0, 3.3600, 4.4800, {0.0000 -0.4000} {3.3600 4.8800}, {0.0000 0.0000} {0.0000 4.4800} {3.3600 4.4800} {3.3600 0.0000}
NO22HDLLX1, 3.9200, 4.4800, {0.0000 -0.4000} {3.9200 4.8800}, {0.0000 0.0000} {0.0000 4.4800} {3.9200 4.4800} {3.9200 0.0000}
NO22HDLLX2, 5.0400, 4.4800, {0.0000 -0.4000} {5.0400 4.8800}, {0.0000 0.0000} {0.0000 4.4800} {5.0400 4.4800} {5.0400 0.0000}
NO22HDLLX4, 8.9600, 4.4800, {0.0000 -0.4000} {8.9600 4.8800}, {0.0000 0.0000} {0.0000 4.4800} {8.9600 4.4800} {8.9600 0.0000}
NO2HDLLX0, 2.2400, 4.4800, {0.0000 -0.4000} {2.2400 4.8800}, {0.0000 0.0000} {0.0000 4.4800} {2.2400 4.4800} {2.2400 0.0000}
NO2HDLLX1, 2.2400, 4.4800, {0.0000 -0.4000} {2.2400 4.8800}, {0.0000 0.0000} {0.0000 4.4800} {2.2400 4.4800} {2.2400 0.0000}
NO2HDLLX2, 3.9200, 4.4800, {0.0000 -0.4000} {3.9200 4.8800}, {0.0000 0.0000} {0.0000 4.4800} {3.9200 4.4800} {3.9200 0.0000}
NO2HDLLX4, 6.1600, 4.4800, {0.0000 -0.4000} {6.1600 4.8800}, {0.0000 0.0000} {0.0000 4.4800} {6.1600 4.4800} {6.1600 0.0000}
NO2I1HDLLX0, 2.8000, 4.4800, {0.0000 -0.4000} {2.8000 4.8800}, {0.0000 0.0000} {0.0000 4.4800} {2.8000 4.4800} {2.8000 0.0000}
NO2I1HDLLX1, 2.8000, 4.4800, {0.0000 -0.4000} {2.8000 4.8800}, {0.0000 0.0000} {0.0000 4.4800} {2.8000 4.4800} {2.8000 0.0000}
NO2I1HDLLX2, 4.4800, 4.4800, {0.0000 -0.4000} {4.4800 4.8800}, {0.0000 0.0000} {0.0000 4.4800} {4.4800 4.4800} {4.4800 0.0000}
NO2I1HDLLX4, 7.2800, 4.4800, {0.0000 -0.4000} {7.2800 4.8800}, {0.0000 0.0000} {0.0000 4.4800} {7.2800 4.4800} {7.2800 0.0000}
NO3HDLLX0, 2.8000, 4.4800, {0.0000 -0.4000} {2.8000 4.8800}, {0.0000 0.0000} {0.0000 4.4800} {2.8000 4.4800} {2.8000 0.0000}
NO3HDLLX1, 2.8000, 4.4800, {0.0000 -0.4000} {2.8000 4.8800}, {0.0000 0.0000} {0.0000 4.4800} {2.8000 4.4800} {2.8000 0.0000}
NO3HDLLX2, 5.0400, 4.4800, {0.0000 -0.4000} {5.0400 4.8800}, {0.0000 0.0000} {0.0000 4.4800} {5.0400 4.4800} {5.0400 0.0000}
NO3HDLLX4, 7.2800, 4.4800, {0.0000 -0.4000} {7.2800 4.8800}, {0.0000 0.0000} {0.0000 4.4800} {7.2800 4.4800} {7.2800 0.0000}
NO3I1HDLLX0, 3.9200, 4.4800, {0.0000 -0.4000} {3.9200 4.8800}, {0.0000 0.0000} {0.0000 4.4800} {3.9200 4.4800} {3.9200 0.0000}
NO3I1HDLLX1, 3.9200, 4.4800, {0.0000 -0.4000} {3.9200 4.8800}, {0.0000 0.0000} {0.0000 4.4800} {3.9200 4.4800} {3.9200 0.0000}
NO3I1HDLLX2, 6.1600, 4.4800, {0.0000 -0.4000} {6.1600 4.8800}, {0.0000 0.0000} {0.0000 4.4800} {6.1600 4.4800} {6.1600 0.0000}
NO3I1HDLLX4, 7.2800, 4.4800, {0.0000 -0.4000} {7.2800 4.8800}, {0.0000 0.0000} {0.0000 4.4800} {7.2800 4.4800} {7.2800 0.0000}
NO3I2HDLLX0, 3.3600, 4.4800, {0.0000 -0.4000} {3.3600 4.8800}, {0.0000 0.0000} {0.0000 4.4800} {3.3600 4.4800} {3.3600 0.0000}
NO3I2HDLLX1, 3.3600, 4.4800, {0.0000 -0.4000} {3.3600 4.8800}, {0.0000 0.0000} {0.0000 4.4800} {3.3600 4.4800} {3.3600 0.0000}
NO3I2HDLLX2, 5.0400, 4.4800, {0.0000 -0.4000} {5.0400 4.8800}, {0.0000 0.0000} {0.0000 4.4800} {5.0400 4.4800} {5.0400 0.0000}
NO3I2HDLLX4, 8.4000, 4.4800, {0.0000 -0.4000} {8.4000 4.8800}, {0.0000 0.0000} {0.0000 4.4800} {8.4000 4.4800} {8.4000 0.0000}
NO4HDLLX0, 5.6000, 4.4800, {0.0000 -0.4000} {5.6000 4.8800}, {0.0000 0.0000} {0.0000 4.4800} {5.6000 4.4800} {5.6000 0.0000}
NO4HDLLX1, 6.1600, 4.4800, {0.0000 -0.4000} {6.1600 4.8800}, {0.0000 0.0000} {0.0000 4.4800} {6.1600 4.4800} {6.1600 0.0000}
NO4HDLLX2, 6.7200, 4.4800, {0.0000 -0.4000} {6.7200 4.8800}, {0.0000 0.0000} {0.0000 4.4800} {6.7200 4.4800} {6.7200 0.0000}
NO4HDLLX4, 8.4000, 4.4800, {0.0000 -0.4000} {8.4000 4.8800}, {0.0000 0.0000} {0.0000 4.4800} {8.4000 4.4800} {8.4000 0.0000}
NO4I1HDLLX0, 5.6000, 4.4800, {0.0000 -0.4000} {5.6000 4.8800}, {0.0000 0.0000} {0.0000 4.4800} {5.6000 4.4800} {5.6000 0.0000}
NO4I1HDLLX1, 5.6000, 4.4800, {0.0000 -0.4000} {5.6000 4.8800}, {0.0000 0.0000} {0.0000 4.4800} {5.6000 4.4800} {5.6000 0.0000}
NO4I1HDLLX2, 6.1600, 4.4800, {0.0000 -0.4000} {6.1600 4.8800}, {0.0000 0.0000} {0.0000 4.4800} {6.1600 4.4800} {6.1600 0.0000}
NO4I1HDLLX4, 7.8400, 4.4800, {0.0000 -0.4000} {7.8400 4.8800}, {0.0000 0.0000} {0.0000 4.4800} {7.8400 4.4800} {7.8400 0.0000}
NO4I2HDLLX0, 3.9200, 4.4800, {0.0000 -0.4000} {3.9200 4.8800}, {0.0000 0.0000} {0.0000 4.4800} {3.9200 4.4800} {3.9200 0.0000}
NO4I2HDLLX1, 4.4800, 4.4800, {0.0000 -0.4000} {4.4800 4.8800}, {0.0000 0.0000} {0.0000 4.4800} {4.4800 4.4800} {4.4800 0.0000}
NO4I2HDLLX2, 6.7200, 4.4800, {0.0000 -0.4000} {6.7200 4.8800}, {0.0000 0.0000} {0.0000 4.4800} {6.7200 4.4800} {6.7200 0.0000}
NO4I2HDLLX4, 7.8400, 4.4800, {0.0000 -0.4000} {7.8400 4.8800}, {0.0000 0.0000} {0.0000 4.4800} {7.8400 4.4800} {7.8400 0.0000}
NO4I3HDLLX0, 3.9200, 4.4800, {0.0000 -0.4000} {3.9200 4.8800}, {0.0000 0.0000} {0.0000 4.4800} {3.9200 4.4800} {3.9200 0.0000}
NO4I3HDLLX1, 3.9200, 4.4800, {0.0000 -0.4000} {3.9200 4.8800}, {0.0000 0.0000} {0.0000 4.4800} {3.9200 4.4800} {3.9200 0.0000}
NO4I3HDLLX2, 5.6000, 4.4800, {0.0000 -0.4000} {5.6000 4.8800}, {0.0000 0.0000} {0.0000 4.4800} {5.6000 4.4800} {5.6000 0.0000}
NO4I3HDLLX4, 7.2800, 4.4800, {0.0000 -0.4000} {7.2800 4.8800}, {0.0000 0.0000} {0.0000 4.4800} {7.2800 4.4800} {7.2800 0.0000}
NO5HDLLX0, 6.1600, 4.4800, {0.0000 -0.4000} {6.1600 4.8800}, {0.0000 0.0000} {0.0000 4.4800} {6.1600 4.4800} {6.1600 0.0000}
NO5HDLLX1, 6.1600, 4.4800, {0.0000 -0.4000} {6.1600 4.8800}, {0.0000 0.0000} {0.0000 4.4800} {6.1600 4.4800} {6.1600 0.0000}
NO5HDLLX2, 7.2800, 4.4800, {0.0000 -0.4000} {7.2800 4.8800}, {0.0000 0.0000} {0.0000 4.4800} {7.2800 4.4800} {7.2800 0.0000}
NO5HDLLX4, 8.9600, 4.4800, {0.0000 -0.4000} {8.9600 4.8800}, {0.0000 0.0000} {0.0000 4.4800} {8.9600 4.4800} {8.9600 0.0000}
NO5I1HDLLX0, 6.7200, 4.4800, {0.0000 -0.4000} {6.7200 4.8800}, {0.0000 0.0000} {0.0000 4.4800} {6.7200 4.4800} {6.7200 0.0000}
NO5I1HDLLX1, 6.7200, 4.4800, {0.0000 -0.4000} {6.7200 4.8800}, {0.0000 0.0000} {0.0000 4.4800} {6.7200 4.4800} {6.7200 0.0000}
NO5I1HDLLX2, 7.8400, 4.4800, {0.0000 -0.4000} {7.8400 4.8800}, {0.0000 0.0000} {0.0000 4.4800} {7.8400 4.4800} {7.8400 0.0000}
NO5I1HDLLX4, 8.9600, 4.4800, {0.0000 -0.4000} {8.9600 4.8800}, {0.0000 0.0000} {0.0000 4.4800} {8.9600 4.4800} {8.9600 0.0000}
NO5I2HDLLX0, 5.6000, 4.4800, {0.0000 -0.4000} {5.6000 4.8800}, {0.0000 0.0000} {0.0000 4.4800} {5.6000 4.4800} {5.6000 0.0000}
NO5I2HDLLX1, 6.1600, 4.4800, {0.0000 -0.4000} {6.1600 4.8800}, {0.0000 0.0000} {0.0000 4.4800} {6.1600 4.4800} {6.1600 0.0000}
NO5I2HDLLX2, 6.1600, 4.4800, {0.0000 -0.4000} {6.1600 4.8800}, {0.0000 0.0000} {0.0000 4.4800} {6.1600 4.4800} {6.1600 0.0000}
NO5I2HDLLX4, 7.2800, 4.4800, {0.0000 -0.4000} {7.2800 4.8800}, {0.0000 0.0000} {0.0000 4.4800} {7.2800 4.4800} {7.2800 0.0000}
NO5I3HDLLX0, 4.4800, 4.4800, {0.0000 -0.4000} {4.4800 4.8800}, {0.0000 0.0000} {0.0000 4.4800} {4.4800 4.4800} {4.4800 0.0000}
NO5I3HDLLX1, 4.4800, 4.4800, {0.0000 -0.4000} {4.4800 4.8800}, {0.0000 0.0000} {0.0000 4.4800} {4.4800 4.4800} {4.4800 0.0000}
NO5I3HDLLX2, 7.2800, 4.4800, {0.0000 -0.4000} {7.2800 4.8800}, {0.0000 0.0000} {0.0000 4.4800} {7.2800 4.4800} {7.2800 0.0000}
NO5I3HDLLX4, 12.3200, 4.4800, {0.0000 -0.4000} {12.3200 4.8800}, {0.0000 0.0000} {0.0000 4.4800} {12.3200 4.4800} {12.3200 0.0000}
NO5I4HDLLX0, 5.6000, 4.4800, {0.0000 -0.4000} {5.6000 4.8800}, {0.0000 0.0000} {0.0000 4.4800} {5.6000 4.4800} {5.6000 0.0000}
NO5I4HDLLX1, 6.1600, 4.4800, {0.0000 -0.4000} {6.1600 4.8800}, {0.0000 0.0000} {0.0000 4.4800} {6.1600 4.4800} {6.1600 0.0000}
NO5I4HDLLX2, 7.8400, 4.4800, {0.0000 -0.4000} {7.8400 4.8800}, {0.0000 0.0000} {0.0000 4.4800} {7.8400 4.4800} {7.8400 0.0000}
NO5I4HDLLX4, 9.5200, 4.4800, {0.0000 -0.4000} {9.5200 4.8800}, {0.0000 0.0000} {0.0000 4.4800} {9.5200 4.4800} {9.5200 0.0000}
NO6HDLLX0, 6.7200, 4.4800, {0.0000 -0.4000} {6.7200 4.8800}, {0.0000 0.0000} {0.0000 4.4800} {6.7200 4.4800} {6.7200 0.0000}
NO6HDLLX1, 6.7200, 4.4800, {0.0000 -0.4000} {6.7200 4.8800}, {0.0000 0.0000} {0.0000 4.4800} {6.7200 4.4800} {6.7200 0.0000}
NO6HDLLX2, 8.4000, 4.4800, {0.0000 -0.4000} {8.4000 4.8800}, {0.0000 0.0000} {0.0000 4.4800} {8.4000 4.4800} {8.4000 0.0000}
NO6HDLLX4, 9.5200, 4.4800, {0.0000 -0.4000} {9.5200 4.8800}, {0.0000 0.0000} {0.0000 4.4800} {9.5200 4.4800} {9.5200 0.0000}
NO6I1HDLLX0, 7.2800, 4.4800, {0.0000 -0.4000} {7.2800 4.8800}, {0.0000 0.0000} {0.0000 4.4800} {7.2800 4.4800} {7.2800 0.0000}
NO6I1HDLLX1, 7.2800, 4.4800, {0.0000 -0.4000} {7.2800 4.8800}, {0.0000 0.0000} {0.0000 4.4800} {7.2800 4.4800} {7.2800 0.0000}
NO6I1HDLLX2, 7.8400, 4.4800, {0.0000 -0.4000} {7.8400 4.8800}, {0.0000 0.0000} {0.0000 4.4800} {7.8400 4.4800} {7.8400 0.0000}
NO6I1HDLLX4, 9.5200, 4.4800, {0.0000 -0.4000} {9.5200 4.8800}, {0.0000 0.0000} {0.0000 4.4800} {9.5200 4.4800} {9.5200 0.0000}
NO6I2HDLLX0, 7.8400, 4.4800, {0.0000 -0.4000} {7.8400 4.8800}, {0.0000 0.0000} {0.0000 4.4800} {7.8400 4.4800} {7.8400 0.0000}
NO6I2HDLLX1, 7.8400, 4.4800, {0.0000 -0.4000} {7.8400 4.8800}, {0.0000 0.0000} {0.0000 4.4800} {7.8400 4.4800} {7.8400 0.0000}
NO6I2HDLLX2, 10.6400, 4.4800, {0.0000 -0.4000} {10.6400 4.8800}, {0.0000 0.0000} {0.0000 4.4800} {10.6400 4.4800} {10.6400 0.0000}
NO6I2HDLLX4, 11.2000, 4.4800, {0.0000 -0.4000} {11.2000 4.8800}, {0.0000 0.0000} {0.0000 4.4800} {11.2000 4.4800} {11.2000 0.0000}
NO6I3HDLLX0, 7.2800, 4.4800, {0.0000 -0.4000} {7.2800 4.8800}, {0.0000 0.0000} {0.0000 4.4800} {7.2800 4.4800} {7.2800 0.0000}
NO6I3HDLLX1, 7.2800, 4.4800, {0.0000 -0.4000} {7.2800 4.8800}, {0.0000 0.0000} {0.0000 4.4800} {7.2800 4.4800} {7.2800 0.0000}
NO6I3HDLLX2, 8.9600, 4.4800, {0.0000 -0.4000} {8.9600 4.8800}, {0.0000 0.0000} {0.0000 4.4800} {8.9600 4.4800} {8.9600 0.0000}
NO6I3HDLLX4, 12.3200, 4.4800, {0.0000 -0.4000} {12.3200 4.8800}, {0.0000 0.0000} {0.0000 4.4800} {12.3200 4.4800} {12.3200 0.0000}
NO6I4HDLLX0, 7.2800, 4.4800, {0.0000 -0.4000} {7.2800 4.8800}, {0.0000 0.0000} {0.0000 4.4800} {7.2800 4.4800} {7.2800 0.0000}
NO6I4HDLLX1, 7.2800, 4.4800, {0.0000 -0.4000} {7.2800 4.8800}, {0.0000 0.0000} {0.0000 4.4800} {7.2800 4.4800} {7.2800 0.0000}
NO6I4HDLLX2, 9.5200, 4.4800, {0.0000 -0.4000} {9.5200 4.8800}, {0.0000 0.0000} {0.0000 4.4800} {9.5200 4.4800} {9.5200 0.0000}
NO6I4HDLLX4, 10.6400, 4.4800, {0.0000 -0.4000} {10.6400 4.8800}, {0.0000 0.0000} {0.0000 4.4800} {10.6400 4.4800} {10.6400 0.0000}
NO6I5HDLLX0, 6.1600, 4.4800, {0.0000 -0.4000} {6.1600 4.8800}, {0.0000 0.0000} {0.0000 4.4800} {6.1600 4.4800} {6.1600 0.0000}
NO6I5HDLLX1, 6.7200, 4.4800, {0.0000 -0.4000} {6.7200 4.8800}, {0.0000 0.0000} {0.0000 4.4800} {6.7200 4.4800} {6.7200 0.0000}
NO6I5HDLLX2, 8.4000, 4.4800, {0.0000 -0.4000} {8.4000 4.8800}, {0.0000 0.0000} {0.0000 4.4800} {8.4000 4.4800} {8.4000 0.0000}
NO6I5HDLLX4, 10.0800, 4.4800, {0.0000 -0.4000} {10.0800 4.8800}, {0.0000 0.0000} {0.0000 4.4800} {10.0800 4.4800} {10.0800 0.0000}
OA211HDLLX0, 4.4800, 4.4800, {0.0000 -0.4000} {4.4800 4.8800}, {0.0000 0.0000} {0.0000 4.4800} {4.4800 4.4800} {4.4800 0.0000}
OA211HDLLX1, 4.4800, 4.4800, {0.0000 -0.4000} {4.4800 4.8800}, {0.0000 0.0000} {0.0000 4.4800} {4.4800 4.4800} {4.4800 0.0000}
OA211HDLLX2, 5.6000, 4.4800, {0.0000 -0.4000} {5.6000 4.8800}, {0.0000 0.0000} {0.0000 4.4800} {5.6000 4.4800} {5.6000 0.0000}
OA211HDLLX4, 6.1600, 4.4800, {0.0000 -0.4000} {6.1600 4.8800}, {0.0000 0.0000} {0.0000 4.4800} {6.1600 4.4800} {6.1600 0.0000}
OA21HDLLX0, 3.9200, 4.4800, {0.0000 -0.4000} {3.9200 4.8800}, {0.0000 0.0000} {0.0000 4.4800} {3.9200 4.4800} {3.9200 0.0000}
OA21HDLLX1, 3.9200, 4.4800, {0.0000 -0.4000} {3.9200 4.8800}, {0.0000 0.0000} {0.0000 4.4800} {3.9200 4.4800} {3.9200 0.0000}
OA21HDLLX2, 5.0400, 4.4800, {0.0000 -0.4000} {5.0400 4.8800}, {0.0000 0.0000} {0.0000 4.4800} {5.0400 4.4800} {5.0400 0.0000}
OA21HDLLX4, 6.1600, 4.4800, {0.0000 -0.4000} {6.1600 4.8800}, {0.0000 0.0000} {0.0000 4.4800} {6.1600 4.4800} {6.1600 0.0000}
OA221HDLLX0, 5.6000, 4.4800, {0.0000 -0.4000} {5.6000 4.8800}, {0.0000 0.0000} {0.0000 4.4800} {5.6000 4.4800} {5.6000 0.0000}
OA221HDLLX1, 5.6000, 4.4800, {0.0000 -0.4000} {5.6000 4.8800}, {0.0000 0.0000} {0.0000 4.4800} {5.6000 4.4800} {5.6000 0.0000}
OA221HDLLX2, 6.7200, 4.4800, {0.0000 -0.4000} {6.7200 4.8800}, {0.0000 0.0000} {0.0000 4.4800} {6.7200 4.4800} {6.7200 0.0000}
OA221HDLLX4, 7.2800, 4.4800, {0.0000 -0.4000} {7.2800 4.8800}, {0.0000 0.0000} {0.0000 4.4800} {7.2800 4.4800} {7.2800 0.0000}
OA222HDLLX0, 6.1600, 4.4800, {0.0000 -0.4000} {6.1600 4.8800}, {0.0000 0.0000} {0.0000 4.4800} {6.1600 4.4800} {6.1600 0.0000}
OA222HDLLX1, 6.1600, 4.4800, {0.0000 -0.4000} {6.1600 4.8800}, {0.0000 0.0000} {0.0000 4.4800} {6.1600 4.4800} {6.1600 0.0000}
OA222HDLLX2, 7.2800, 4.4800, {0.0000 -0.4000} {7.2800 4.8800}, {0.0000 0.0000} {0.0000 4.4800} {7.2800 4.4800} {7.2800 0.0000}
OA222HDLLX4, 7.8400, 4.4800, {0.0000 -0.4000} {7.8400 4.8800}, {0.0000 0.0000} {0.0000 4.4800} {7.8400 4.4800} {7.8400 0.0000}
OA22HDLLX0, 4.4800, 4.4800, {0.0000 -0.4000} {4.4800 4.8800}, {0.0000 0.0000} {0.0000 4.4800} {4.4800 4.4800} {4.4800 0.0000}
OA22HDLLX1, 5.0400, 4.4800, {0.0000 -0.4000} {5.0400 4.8800}, {0.0000 0.0000} {0.0000 4.4800} {5.0400 4.4800} {5.0400 0.0000}
OA22HDLLX2, 5.6000, 4.4800, {0.0000 -0.4000} {5.6000 4.8800}, {0.0000 0.0000} {0.0000 4.4800} {5.6000 4.4800} {5.6000 0.0000}
OA22HDLLX4, 6.7200, 4.4800, {0.0000 -0.4000} {6.7200 4.8800}, {0.0000 0.0000} {0.0000 4.4800} {6.7200 4.4800} {6.7200 0.0000}
OA311HDLLX0, 5.0400, 4.4800, {0.0000 -0.4000} {5.0400 4.8800}, {0.0000 0.0000} {0.0000 4.4800} {5.0400 4.4800} {5.0400 0.0000}
OA311HDLLX1, 5.0400, 4.4800, {0.0000 -0.4000} {5.0400 4.8800}, {0.0000 0.0000} {0.0000 4.4800} {5.0400 4.4800} {5.0400 0.0000}
OA311HDLLX2, 5.6000, 4.4800, {0.0000 -0.4000} {5.6000 4.8800}, {0.0000 0.0000} {0.0000 4.4800} {5.6000 4.4800} {5.6000 0.0000}
OA311HDLLX4, 6.7200, 4.4800, {0.0000 -0.4000} {6.7200 4.8800}, {0.0000 0.0000} {0.0000 4.4800} {6.7200 4.4800} {6.7200 0.0000}
OA31HDLLX0, 4.4800, 4.4800, {0.0000 -0.4000} {4.4800 4.8800}, {0.0000 0.0000} {0.0000 4.4800} {4.4800 4.4800} {4.4800 0.0000}
OA31HDLLX1, 4.4800, 4.4800, {0.0000 -0.4000} {4.4800 4.8800}, {0.0000 0.0000} {0.0000 4.4800} {4.4800 4.4800} {4.4800 0.0000}
OA31HDLLX2, 5.0400, 4.4800, {0.0000 -0.4000} {5.0400 4.8800}, {0.0000 0.0000} {0.0000 4.4800} {5.0400 4.4800} {5.0400 0.0000}
OA31HDLLX4, 6.7200, 4.4800, {0.0000 -0.4000} {6.7200 4.8800}, {0.0000 0.0000} {0.0000 4.4800} {6.7200 4.4800} {6.7200 0.0000}
OA321HDLLX0, 6.1600, 4.4800, {0.0000 -0.4000} {6.1600 4.8800}, {0.0000 0.0000} {0.0000 4.4800} {6.1600 4.4800} {6.1600 0.0000}
OA321HDLLX1, 6.1600, 4.4800, {0.0000 -0.4000} {6.1600 4.8800}, {0.0000 0.0000} {0.0000 4.4800} {6.1600 4.4800} {6.1600 0.0000}
OA321HDLLX2, 7.2800, 4.4800, {0.0000 -0.4000} {7.2800 4.8800}, {0.0000 0.0000} {0.0000 4.4800} {7.2800 4.4800} {7.2800 0.0000}
OA321HDLLX4, 7.8400, 4.4800, {0.0000 -0.4000} {7.8400 4.8800}, {0.0000 0.0000} {0.0000 4.4800} {7.8400 4.4800} {7.8400 0.0000}
OA32HDLLX0, 5.0400, 4.4800, {0.0000 -0.4000} {5.0400 4.8800}, {0.0000 0.0000} {0.0000 4.4800} {5.0400 4.4800} {5.0400 0.0000}
OA32HDLLX1, 5.0400, 4.4800, {0.0000 -0.4000} {5.0400 4.8800}, {0.0000 0.0000} {0.0000 4.4800} {5.0400 4.4800} {5.0400 0.0000}
OA32HDLLX2, 6.1600, 4.4800, {0.0000 -0.4000} {6.1600 4.8800}, {0.0000 0.0000} {0.0000 4.4800} {6.1600 4.4800} {6.1600 0.0000}
OA32HDLLX4, 7.2800, 4.4800, {0.0000 -0.4000} {7.2800 4.8800}, {0.0000 0.0000} {0.0000 4.4800} {7.2800 4.4800} {7.2800 0.0000}
OA33HDLLX0, 5.6000, 4.4800, {0.0000 -0.4000} {5.6000 4.8800}, {0.0000 0.0000} {0.0000 4.4800} {5.6000 4.4800} {5.6000 0.0000}
OA33HDLLX1, 5.6000, 4.4800, {0.0000 -0.4000} {5.6000 4.8800}, {0.0000 0.0000} {0.0000 4.4800} {5.6000 4.4800} {5.6000 0.0000}
OA33HDLLX2, 6.7200, 4.4800, {0.0000 -0.4000} {6.7200 4.8800}, {0.0000 0.0000} {0.0000 4.4800} {6.7200 4.4800} {6.7200 0.0000}
OA33HDLLX4, 7.8400, 4.4800, {0.0000 -0.4000} {7.8400 4.8800}, {0.0000 0.0000} {0.0000 4.4800} {7.8400 4.4800} {7.8400 0.0000}
ON211HDLLX0, 3.3600, 4.4800, {0.0000 -0.4000} {3.3600 4.8800}, {0.0000 0.0000} {0.0000 4.4800} {3.3600 4.4800} {3.3600 0.0000}
ON211HDLLX1, 3.9200, 4.4800, {0.0000 -0.4000} {3.9200 4.8800}, {0.0000 0.0000} {0.0000 4.4800} {3.9200 4.4800} {3.9200 0.0000}
ON211HDLLX2, 6.1600, 4.4800, {0.0000 -0.4000} {6.1600 4.8800}, {0.0000 0.0000} {0.0000 4.4800} {6.1600 4.4800} {6.1600 0.0000}
ON211HDLLX4, 7.8400, 4.4800, {0.0000 -0.4000} {7.8400 4.8800}, {0.0000 0.0000} {0.0000 4.4800} {7.8400 4.4800} {7.8400 0.0000}
ON21HDLLX0, 2.8000, 4.4800, {0.0000 -0.4000} {2.8000 4.8800}, {0.0000 0.0000} {0.0000 4.4800} {2.8000 4.4800} {2.8000 0.0000}
ON21HDLLX1, 2.8000, 4.4800, {0.0000 -0.4000} {2.8000 4.8800}, {0.0000 0.0000} {0.0000 4.4800} {2.8000 4.4800} {2.8000 0.0000}
ON21HDLLX2, 5.6000, 4.4800, {0.0000 -0.4000} {5.6000 4.8800}, {0.0000 0.0000} {0.0000 4.4800} {5.6000 4.4800} {5.6000 0.0000}
ON21HDLLX4, 7.2800, 4.4800, {0.0000 -0.4000} {7.2800 4.8800}, {0.0000 0.0000} {0.0000 4.4800} {7.2800 4.4800} {7.2800 0.0000}
ON221HDLLX0, 5.0400, 4.4800, {0.0000 -0.4000} {5.0400 4.8800}, {0.0000 0.0000} {0.0000 4.4800} {5.0400 4.4800} {5.0400 0.0000}
ON221HDLLX1, 5.0400, 4.4800, {0.0000 -0.4000} {5.0400 4.8800}, {0.0000 0.0000} {0.0000 4.4800} {5.0400 4.4800} {5.0400 0.0000}
ON221HDLLX2, 6.7200, 4.4800, {0.0000 -0.4000} {6.7200 4.8800}, {0.0000 0.0000} {0.0000 4.4800} {6.7200 4.4800} {6.7200 0.0000}
ON221HDLLX4, 9.5200, 4.4800, {0.0000 -0.4000} {9.5200 4.8800}, {0.0000 0.0000} {0.0000 4.4800} {9.5200 4.4800} {9.5200 0.0000}
ON222HDLLX0, 5.0400, 4.4800, {0.0000 -0.4000} {5.0400 4.8800}, {0.0000 0.0000} {0.0000 4.4800} {5.0400 4.4800} {5.0400 0.0000}
ON222HDLLX1, 5.6000, 4.4800, {0.0000 -0.4000} {5.6000 4.8800}, {0.0000 0.0000} {0.0000 4.4800} {5.6000 4.4800} {5.6000 0.0000}
ON222HDLLX2, 7.8400, 4.4800, {0.0000 -0.4000} {7.8400 4.8800}, {0.0000 0.0000} {0.0000 4.4800} {7.8400 4.4800} {7.8400 0.0000}
ON222HDLLX4, 10.0800, 4.4800, {0.0000 -0.4000} {10.0800 4.8800}, {0.0000 0.0000} {0.0000 4.4800} {10.0800 4.4800} {10.0800 0.0000}
ON22HDLLX0, 3.3600, 4.4800, {0.0000 -0.4000} {3.3600 4.8800}, {0.0000 0.0000} {0.0000 4.4800} {3.3600 4.4800} {3.3600 0.0000}
ON22HDLLX1, 3.9200, 4.4800, {0.0000 -0.4000} {3.9200 4.8800}, {0.0000 0.0000} {0.0000 4.4800} {3.9200 4.4800} {3.9200 0.0000}
ON22HDLLX2, 6.1600, 4.4800, {0.0000 -0.4000} {6.1600 4.8800}, {0.0000 0.0000} {0.0000 4.4800} {6.1600 4.4800} {6.1600 0.0000}
ON22HDLLX4, 7.8400, 4.4800, {0.0000 -0.4000} {7.8400 4.8800}, {0.0000 0.0000} {0.0000 4.4800} {7.8400 4.4800} {7.8400 0.0000}
ON311HDLLX0, 3.9200, 4.4800, {0.0000 -0.4000} {3.9200 4.8800}, {0.0000 0.0000} {0.0000 4.4800} {3.9200 4.4800} {3.9200 0.0000}
ON311HDLLX1, 4.4800, 4.4800, {0.0000 -0.4000} {4.4800 4.8800}, {0.0000 0.0000} {0.0000 4.4800} {4.4800 4.4800} {4.4800 0.0000}
ON311HDLLX2, 6.7200, 4.4800, {0.0000 -0.4000} {6.7200 4.8800}, {0.0000 0.0000} {0.0000 4.4800} {6.7200 4.4800} {6.7200 0.0000}
ON311HDLLX4, 8.4000, 4.4800, {0.0000 -0.4000} {8.4000 4.8800}, {0.0000 0.0000} {0.0000 4.4800} {8.4000 4.4800} {8.4000 0.0000}
ON31HDLLX0, 3.9200, 4.4800, {0.0000 -0.4000} {3.9200 4.8800}, {0.0000 0.0000} {0.0000 4.4800} {3.9200 4.4800} {3.9200 0.0000}
ON31HDLLX1, 3.9200, 4.4800, {0.0000 -0.4000} {3.9200 4.8800}, {0.0000 0.0000} {0.0000 4.4800} {3.9200 4.4800} {3.9200 0.0000}
ON31HDLLX2, 6.1600, 4.4800, {0.0000 -0.4000} {6.1600 4.8800}, {0.0000 0.0000} {0.0000 4.4800} {6.1600 4.4800} {6.1600 0.0000}
ON31HDLLX4, 7.8400, 4.4800, {0.0000 -0.4000} {7.8400 4.8800}, {0.0000 0.0000} {0.0000 4.4800} {7.8400 4.4800} {7.8400 0.0000}
ON321HDLLX0, 5.0400, 4.4800, {0.0000 -0.4000} {5.0400 4.8800}, {0.0000 0.0000} {0.0000 4.4800} {5.0400 4.4800} {5.0400 0.0000}
ON321HDLLX1, 5.6000, 4.4800, {0.0000 -0.4000} {5.6000 4.8800}, {0.0000 0.0000} {0.0000 4.4800} {5.6000 4.4800} {5.6000 0.0000}
ON321HDLLX2, 7.2800, 4.4800, {0.0000 -0.4000} {7.2800 4.8800}, {0.0000 0.0000} {0.0000 4.4800} {7.2800 4.4800} {7.2800 0.0000}
ON321HDLLX4, 10.0800, 4.4800, {0.0000 -0.4000} {10.0800 4.8800}, {0.0000 0.0000} {0.0000 4.4800} {10.0800 4.4800} {10.0800 0.0000}
ON32HDLLX0, 4.4800, 4.4800, {0.0000 -0.4000} {4.4800 4.8800}, {0.0000 0.0000} {0.0000 4.4800} {4.4800 4.4800} {4.4800 0.0000}
ON32HDLLX1, 4.4800, 4.4800, {0.0000 -0.4000} {4.4800 4.8800}, {0.0000 0.0000} {0.0000 4.4800} {4.4800 4.4800} {4.4800 0.0000}
ON32HDLLX2, 6.7200, 4.4800, {0.0000 -0.4000} {6.7200 4.8800}, {0.0000 0.0000} {0.0000 4.4800} {6.7200 4.4800} {6.7200 0.0000}
ON32HDLLX4, 8.4000, 4.4800, {0.0000 -0.4000} {8.4000 4.8800}, {0.0000 0.0000} {0.0000 4.4800} {8.4000 4.4800} {8.4000 0.0000}
ON33HDLLX0, 5.0400, 4.4800, {0.0000 -0.4000} {5.0400 4.8800}, {0.0000 0.0000} {0.0000 4.4800} {5.0400 4.4800} {5.0400 0.0000}
ON33HDLLX1, 5.0400, 4.4800, {0.0000 -0.4000} {5.0400 4.8800}, {0.0000 0.0000} {0.0000 4.4800} {5.0400 4.4800} {5.0400 0.0000}
ON33HDLLX2, 7.8400, 4.4800, {0.0000 -0.4000} {7.8400 4.8800}, {0.0000 0.0000} {0.0000 4.4800} {7.8400 4.4800} {7.8400 0.0000}
ON33HDLLX4, 9.5200, 4.4800, {0.0000 -0.4000} {9.5200 4.8800}, {0.0000 0.0000} {0.0000 4.4800} {9.5200 4.4800} {9.5200 0.0000}
OR2HDLLX0, 2.8000, 4.4800, {0.0000 -0.4000} {2.8000 4.8800}, {0.0000 0.0000} {0.0000 4.4800} {2.8000 4.4800} {2.8000 0.0000}
OR2HDLLX1, 2.8000, 4.4800, {0.0000 -0.4000} {2.8000 4.8800}, {0.0000 0.0000} {0.0000 4.4800} {2.8000 4.4800} {2.8000 0.0000}
OR2HDLLX2, 3.9200, 4.4800, {0.0000 -0.4000} {3.9200 4.8800}, {0.0000 0.0000} {0.0000 4.4800} {3.9200 4.4800} {3.9200 0.0000}
OR2HDLLX4, 4.4800, 4.4800, {0.0000 -0.4000} {4.4800 4.8800}, {0.0000 0.0000} {0.0000 4.4800} {4.4800 4.4800} {4.4800 0.0000}
OR3HDLLX0, 3.9200, 4.4800, {0.0000 -0.4000} {3.9200 4.8800}, {0.0000 0.0000} {0.0000 4.4800} {3.9200 4.4800} {3.9200 0.0000}
OR3HDLLX1, 3.9200, 4.4800, {0.0000 -0.4000} {3.9200 4.8800}, {0.0000 0.0000} {0.0000 4.4800} {3.9200 4.4800} {3.9200 0.0000}
OR3HDLLX2, 4.4800, 4.4800, {0.0000 -0.4000} {4.4800 4.8800}, {0.0000 0.0000} {0.0000 4.4800} {4.4800 4.4800} {4.4800 0.0000}
OR3HDLLX4, 5.0400, 4.4800, {0.0000 -0.4000} {5.0400 4.8800}, {0.0000 0.0000} {0.0000 4.4800} {5.0400 4.4800} {5.0400 0.0000}
OR4HDLLX0, 5.0400, 4.4800, {0.0000 -0.4000} {5.0400 4.8800}, {0.0000 0.0000} {0.0000 4.4800} {5.0400 4.4800} {5.0400 0.0000}
OR4HDLLX1, 5.0400, 4.4800, {0.0000 -0.4000} {5.0400 4.8800}, {0.0000 0.0000} {0.0000 4.4800} {5.0400 4.4800} {5.0400 0.0000}
OR4HDLLX2, 6.1600, 4.4800, {0.0000 -0.4000} {6.1600 4.8800}, {0.0000 0.0000} {0.0000 4.4800} {6.1600 4.4800} {6.1600 0.0000}
OR4HDLLX4, 8.9600, 4.4800, {0.0000 -0.4000} {8.9600 4.8800}, {0.0000 0.0000} {0.0000 4.4800} {8.9600 4.4800} {8.9600 0.0000}
OR5HDLLX0, 5.6000, 4.4800, {0.0000 -0.4000} {5.6000 4.8800}, {0.0000 0.0000} {0.0000 4.4800} {5.6000 4.4800} {5.6000 0.0000}
OR5HDLLX1, 6.1600, 4.4800, {0.0000 -0.4000} {6.1600 4.8800}, {0.0000 0.0000} {0.0000 4.4800} {6.1600 4.4800} {6.1600 0.0000}
OR5HDLLX2, 6.7200, 4.4800, {0.0000 -0.4000} {6.7200 4.8800}, {0.0000 0.0000} {0.0000 4.4800} {6.7200 4.4800} {6.7200 0.0000}
OR5HDLLX4, 10.0800, 4.4800, {0.0000 -0.4000} {10.0800 4.8800}, {0.0000 0.0000} {0.0000 4.4800} {10.0800 4.4800} {10.0800 0.0000}
OR6HDLLX0, 6.1600, 4.4800, {0.0000 -0.4000} {6.1600 4.8800}, {0.0000 0.0000} {0.0000 4.4800} {6.1600 4.4800} {6.1600 0.0000}
OR6HDLLX1, 6.7200, 4.4800, {0.0000 -0.4000} {6.7200 4.8800}, {0.0000 0.0000} {0.0000 4.4800} {6.7200 4.4800} {6.7200 0.0000}
OR6HDLLX2, 7.8400, 4.4800, {0.0000 -0.4000} {7.8400 4.8800}, {0.0000 0.0000} {0.0000 4.4800} {7.8400 4.4800} {7.8400 0.0000}
OR6HDLLX4, 10.6400, 4.4800, {0.0000 -0.4000} {10.6400 4.8800}, {0.0000 0.0000} {0.0000 4.4800} {10.6400 4.4800} {10.6400 0.0000}
SDFFHDLLX0, 15.6800, 4.4800, {0.0000 -0.4000} {15.6800 4.8800}, {0.0000 0.0000} {0.0000 4.4800} {15.6800 4.4800} {15.6800 0.0000}
SDFFHDLLX1, 15.6800, 4.4800, {0.0000 -0.4000} {15.6800 4.8800}, {0.0000 0.0000} {0.0000 4.4800} {15.6800 4.4800} {15.6800 0.0000}
SDFFHDLLX2, 16.8000, 4.4800, {0.0000 -0.4000} {16.8000 4.8800}, {0.0000 0.0000} {0.0000 4.4800} {16.8000 4.4800} {16.8000 0.0000}
SDFFHDLLX4, 20.1600, 4.4800, {0.0000 -0.4000} {20.1600 4.8800}, {0.0000 0.0000} {0.0000 4.4800} {20.1600 4.4800} {20.1600 0.0000}
SDFFQHDLLX0, 14.5600, 4.4800, {0.0000 -0.4000} {14.5600 4.8800}, {0.0000 0.0000} {0.0000 4.4800} {14.5600 4.4800} {14.5600 0.0000}
SDFFQHDLLX1, 14.5600, 4.4800, {0.0000 -0.4000} {14.5600 4.8800}, {0.0000 0.0000} {0.0000 4.4800} {14.5600 4.4800} {14.5600 0.0000}
SDFFQHDLLX2, 15.6800, 4.4800, {0.0000 -0.4000} {15.6800 4.8800}, {0.0000 0.0000} {0.0000 4.4800} {15.6800 4.4800} {15.6800 0.0000}
SDFFQHDLLX4, 16.8000, 4.4800, {0.0000 -0.4000} {16.8000 4.8800}, {0.0000 0.0000} {0.0000 4.4800} {16.8000 4.4800} {16.8000 0.0000}
SDFFRHDLLX0, 17.9200, 4.4800, {0.0000 -0.4000} {17.9200 4.8800}, {0.0000 0.0000} {0.0000 4.4800} {17.9200 4.4800} {17.9200 0.0000}
SDFFRHDLLX1, 17.9200, 4.4800, {0.0000 -0.4000} {17.9200 4.8800}, {0.0000 0.0000} {0.0000 4.4800} {17.9200 4.4800} {17.9200 0.0000}
SDFFRHDLLX2, 19.0400, 4.4800, {0.0000 -0.4000} {19.0400 4.8800}, {0.0000 0.0000} {0.0000 4.4800} {19.0400 4.4800} {19.0400 0.0000}
SDFFRHDLLX4, 21.8400, 4.4800, {0.0000 -0.4000} {21.8400 4.8800}, {0.0000 0.0000} {0.0000 4.4800} {21.8400 4.4800} {21.8400 0.0000}
SDFFRQHDLLX0, 16.8000, 4.4800, {0.0000 -0.4000} {16.8000 4.8800}, {0.0000 0.0000} {0.0000 4.4800} {16.8000 4.4800} {16.8000 0.0000}
SDFFRQHDLLX1, 16.8000, 4.4800, {0.0000 -0.4000} {16.8000 4.8800}, {0.0000 0.0000} {0.0000 4.4800} {16.8000 4.4800} {16.8000 0.0000}
SDFFRQHDLLX2, 17.9200, 4.4800, {0.0000 -0.4000} {17.9200 4.8800}, {0.0000 0.0000} {0.0000 4.4800} {17.9200 4.4800} {17.9200 0.0000}
SDFFRQHDLLX4, 19.0400, 4.4800, {0.0000 -0.4000} {19.0400 4.8800}, {0.0000 0.0000} {0.0000 4.4800} {19.0400 4.4800} {19.0400 0.0000}
SDFFRSHDLLX0, 18.4800, 4.4800, {0.0000 -0.4000} {18.4800 4.8800}, {0.0000 0.0000} {0.0000 4.4800} {18.4800 4.4800} {18.4800 0.0000}
SDFFRSHDLLX1, 18.4800, 4.4800, {0.0000 -0.4000} {18.4800 4.8800}, {0.0000 0.0000} {0.0000 4.4800} {18.4800 4.4800} {18.4800 0.0000}
SDFFRSHDLLX2, 19.6000, 4.4800, {0.0000 -0.4000} {19.6000 4.8800}, {0.0000 0.0000} {0.0000 4.4800} {19.6000 4.4800} {19.6000 0.0000}
SDFFRSHDLLX4, 22.4000, 4.4800, {0.0000 -0.4000} {22.4000 4.8800}, {0.0000 0.0000} {0.0000 4.4800} {22.4000 4.4800} {22.4000 0.0000}
SDFFRSQHDLLX0, 17.3600, 4.4800, {0.0000 -0.4000} {17.3600 4.8800}, {0.0000 0.0000} {0.0000 4.4800} {17.3600 4.4800} {17.3600 0.0000}
SDFFRSQHDLLX1, 17.3600, 4.4800, {0.0000 -0.4000} {17.3600 4.8800}, {0.0000 0.0000} {0.0000 4.4800} {17.3600 4.4800} {17.3600 0.0000}
SDFFRSQHDLLX2, 18.4800, 4.4800, {0.0000 -0.4000} {18.4800 4.8800}, {0.0000 0.0000} {0.0000 4.4800} {18.4800 4.4800} {18.4800 0.0000}
SDFFRSQHDLLX4, 19.6000, 4.4800, {0.0000 -0.4000} {19.6000 4.8800}, {0.0000 0.0000} {0.0000 4.4800} {19.6000 4.4800} {19.6000 0.0000}
SDFFSHDLLX0, 16.8000, 4.4800, {0.0000 -0.4000} {16.8000 4.8800}, {0.0000 0.0000} {0.0000 4.4800} {16.8000 4.4800} {16.8000 0.0000}
SDFFSHDLLX1, 16.8000, 4.4800, {0.0000 -0.4000} {16.8000 4.8800}, {0.0000 0.0000} {0.0000 4.4800} {16.8000 4.4800} {16.8000 0.0000}
SDFFSHDLLX2, 17.9200, 4.4800, {0.0000 -0.4000} {17.9200 4.8800}, {0.0000 0.0000} {0.0000 4.4800} {17.9200 4.4800} {17.9200 0.0000}
SDFFSHDLLX4, 21.2800, 4.4800, {0.0000 -0.4000} {21.2800 4.8800}, {0.0000 0.0000} {0.0000 4.4800} {21.2800 4.4800} {21.2800 0.0000}
SDFFSQHDLLX0, 15.6800, 4.4800, {0.0000 -0.4000} {15.6800 4.8800}, {0.0000 0.0000} {0.0000 4.4800} {15.6800 4.4800} {15.6800 0.0000}
SDFFSQHDLLX1, 15.6800, 4.4800, {0.0000 -0.4000} {15.6800 4.8800}, {0.0000 0.0000} {0.0000 4.4800} {15.6800 4.4800} {15.6800 0.0000}
SDFFSQHDLLX2, 16.2400, 4.4800, {0.0000 -0.4000} {16.2400 4.8800}, {0.0000 0.0000} {0.0000 4.4800} {16.2400 4.4800} {16.2400 0.0000}
SDFFSQHDLLX4, 17.9200, 4.4800, {0.0000 -0.4000} {17.9200 4.8800}, {0.0000 0.0000} {0.0000 4.4800} {17.9200 4.4800} {17.9200 0.0000}
SDFRHDLLX0, 15.6800, 4.4800, {0.0000 -0.4000} {15.6800 4.8800}, {0.0000 0.0000} {0.0000 4.4800} {15.6800 4.4800} {15.6800 0.0000}
SDFRHDLLX1, 15.6800, 4.4800, {0.0000 -0.4000} {15.6800 4.8800}, {0.0000 0.0000} {0.0000 4.4800} {15.6800 4.4800} {15.6800 0.0000}
SDFRHDLLX2, 17.3600, 4.4800, {0.0000 -0.4000} {17.3600 4.8800}, {0.0000 0.0000} {0.0000 4.4800} {17.3600 4.4800} {17.3600 0.0000}
SDFRHDLLX4, 20.1600, 4.4800, {0.0000 -0.4000} {20.1600 4.8800}, {0.0000 0.0000} {0.0000 4.4800} {20.1600 4.4800} {20.1600 0.0000}
SDFRQHDLLX0, 14.5600, 4.4800, {0.0000 -0.4000} {14.5600 4.8800}, {0.0000 0.0000} {0.0000 4.4800} {14.5600 4.4800} {14.5600 0.0000}
SDFRQHDLLX1, 15.1200, 4.4800, {0.0000 -0.4000} {15.1200 4.8800}, {0.0000 0.0000} {0.0000 4.4800} {15.1200 4.4800} {15.1200 0.0000}
SDFRQHDLLX2, 15.6800, 4.4800, {0.0000 -0.4000} {15.6800 4.8800}, {0.0000 0.0000} {0.0000 4.4800} {15.6800 4.4800} {15.6800 0.0000}
SDFRQHDLLX4, 17.3600, 4.4800, {0.0000 -0.4000} {17.3600 4.8800}, {0.0000 0.0000} {0.0000 4.4800} {17.3600 4.4800} {17.3600 0.0000}
SDFRRHDLLX0, 17.9200, 4.4800, {0.0000 -0.4000} {17.9200 4.8800}, {0.0000 0.0000} {0.0000 4.4800} {17.9200 4.4800} {17.9200 0.0000}
SDFRRHDLLX1, 17.9200, 4.4800, {0.0000 -0.4000} {17.9200 4.8800}, {0.0000 0.0000} {0.0000 4.4800} {17.9200 4.4800} {17.9200 0.0000}
SDFRRHDLLX2, 19.0400, 4.4800, {0.0000 -0.4000} {19.0400 4.8800}, {0.0000 0.0000} {0.0000 4.4800} {19.0400 4.4800} {19.0400 0.0000}
SDFRRHDLLX4, 21.8400, 4.4800, {0.0000 -0.4000} {21.8400 4.8800}, {0.0000 0.0000} {0.0000 4.4800} {21.8400 4.4800} {21.8400 0.0000}
SDFRRQHDLLX0, 16.8000, 4.4800, {0.0000 -0.4000} {16.8000 4.8800}, {0.0000 0.0000} {0.0000 4.4800} {16.8000 4.4800} {16.8000 0.0000}
SDFRRQHDLLX1, 16.8000, 4.4800, {0.0000 -0.4000} {16.8000 4.8800}, {0.0000 0.0000} {0.0000 4.4800} {16.8000 4.4800} {16.8000 0.0000}
SDFRRQHDLLX2, 17.3600, 4.4800, {0.0000 -0.4000} {17.3600 4.8800}, {0.0000 0.0000} {0.0000 4.4800} {17.3600 4.4800} {17.3600 0.0000}
SDFRRQHDLLX4, 19.0400, 4.4800, {0.0000 -0.4000} {19.0400 4.8800}, {0.0000 0.0000} {0.0000 4.4800} {19.0400 4.4800} {19.0400 0.0000}
SDFRRSHDLLX0, 18.4800, 4.4800, {0.0000 -0.4000} {18.4800 4.8800}, {0.0000 0.0000} {0.0000 4.4800} {18.4800 4.4800} {18.4800 0.0000}
SDFRRSHDLLX1, 18.4800, 4.4800, {0.0000 -0.4000} {18.4800 4.8800}, {0.0000 0.0000} {0.0000 4.4800} {18.4800 4.4800} {18.4800 0.0000}
SDFRRSHDLLX2, 19.6000, 4.4800, {0.0000 -0.4000} {19.6000 4.8800}, {0.0000 0.0000} {0.0000 4.4800} {19.6000 4.4800} {19.6000 0.0000}
SDFRRSHDLLX4, 22.9600, 4.4800, {0.0000 -0.4000} {22.9600 4.8800}, {0.0000 0.0000} {0.0000 4.4800} {22.9600 4.4800} {22.9600 0.0000}
SDFRRSQHDLLX0, 17.3600, 4.4800, {0.0000 -0.4000} {17.3600 4.8800}, {0.0000 0.0000} {0.0000 4.4800} {17.3600 4.4800} {17.3600 0.0000}
SDFRRSQHDLLX1, 17.3600, 4.4800, {0.0000 -0.4000} {17.3600 4.8800}, {0.0000 0.0000} {0.0000 4.4800} {17.3600 4.4800} {17.3600 0.0000}
SDFRRSQHDLLX2, 18.4800, 4.4800, {0.0000 -0.4000} {18.4800 4.8800}, {0.0000 0.0000} {0.0000 4.4800} {18.4800 4.4800} {18.4800 0.0000}
SDFRRSQHDLLX4, 19.6000, 4.4800, {0.0000 -0.4000} {19.6000 4.8800}, {0.0000 0.0000} {0.0000 4.4800} {19.6000 4.4800} {19.6000 0.0000}
SDFRSHDLLX0, 16.8000, 4.4800, {0.0000 -0.4000} {16.8000 4.8800}, {0.0000 0.0000} {0.0000 4.4800} {16.8000 4.4800} {16.8000 0.0000}
SDFRSHDLLX1, 16.8000, 4.4800, {0.0000 -0.4000} {16.8000 4.8800}, {0.0000 0.0000} {0.0000 4.4800} {16.8000 4.4800} {16.8000 0.0000}
SDFRSHDLLX2, 17.9200, 4.4800, {0.0000 -0.4000} {17.9200 4.8800}, {0.0000 0.0000} {0.0000 4.4800} {17.9200 4.4800} {17.9200 0.0000}
SDFRSHDLLX4, 21.2800, 4.4800, {0.0000 -0.4000} {21.2800 4.8800}, {0.0000 0.0000} {0.0000 4.4800} {21.2800 4.4800} {21.2800 0.0000}
SDFRSQHDLLX0, 16.2400, 4.4800, {0.0000 -0.4000} {16.2400 4.8800}, {0.0000 0.0000} {0.0000 4.4800} {16.2400 4.4800} {16.2400 0.0000}
SDFRSQHDLLX1, 16.2400, 4.4800, {0.0000 -0.4000} {16.2400 4.8800}, {0.0000 0.0000} {0.0000 4.4800} {16.2400 4.4800} {16.2400 0.0000}
SDFRSQHDLLX2, 16.2400, 4.4800, {0.0000 -0.4000} {16.2400 4.8800}, {0.0000 0.0000} {0.0000 4.4800} {16.2400 4.4800} {16.2400 0.0000}
SDFRSQHDLLX4, 17.9200, 4.4800, {0.0000 -0.4000} {17.9200 4.8800}, {0.0000 0.0000} {0.0000 4.4800} {17.9200 4.4800} {17.9200 0.0000}
SIGNALHOLDHDLL, 3.3600, 4.4800, {0.0000 -0.4000} {3.3600 4.8800}, {0.0000 0.0000} {0.0000 4.4800} {3.3600 4.4800} {3.3600 0.0000}
STEHDLLX0, 8.4000, 4.4800, {0.0000 -0.4000} {8.4000 4.8800}, {0.0000 0.0000} {0.0000 4.4800} {8.4000 4.4800} {8.4000 0.0000}
STEHDLLX1, 8.4000, 4.4800, {0.0000 -0.4000} {8.4000 4.8800}, {0.0000 0.0000} {0.0000 4.4800} {8.4000 4.4800} {8.4000 0.0000}
STEHDLLX2, 8.9600, 4.4800, {0.0000 -0.4000} {8.9600 4.8800}, {0.0000 0.0000} {0.0000 4.4800} {8.9600 4.4800} {8.9600 0.0000}
STEHDLLX4, 10.6400, 4.4800, {0.0000 -0.4000} {10.6400 4.8800}, {0.0000 0.0000} {0.0000 4.4800} {10.6400 4.4800} {10.6400 0.0000}
