/* ICV_Nettran: RHEL64 O-2018.12-SP2-2.4752006 2019/04/09 */
/* Created:  3/10/2022  18:23   */

                                  ICV_Nettran 

         Version O-2018.12-SP2-2 for linux64 - Apr 09, 2019 cl#4752006

                    Copyright (c) 1996 - 2019 Synopsys, Inc.
   This software and the associated documentation are proprietary to Synopsys,
 Inc. This software may only be used in accordance with the terms and conditions
 of a written license agreement with Synopsys, Inc. All other use, reproduction,
            or distribution of this software is strictly prohibited.

Options: -verilog ../../pnr/work/netlist_lvs.v -outType spice -outName netlist_lvs.sp -sp /usr/pdks/xfab180/PDK/XFAB_snps_CustomDesigner_kit_v2_2_2/xh018/diglibs/D_CELLS_HD/v3_0/gds_cdl/v3_0_0/cdl/xh018_D_CELLS_HD.cdl -sp /usr/pdks/xfab180/PDK/XFAB_snps_CustomDesigner_kit_v2_2_2/xh018/diglibs/D_CELLS_HDLL/v2_1/gds_cdl/v2_1_0/cdl/xh018_D_CELLS_HDLL.cdl 

Reading "../../pnr/work/netlist_lvs.v" netlist ...
Loading cell "SNPS_CLOCK_GATE_HIGH_radiation_sensor_digital_top_44" ...
Loading cell "SNPS_CLOCK_GATE_HIGH_radiation_sensor_digital_top_43" ...
Loading cell "SNPS_CLOCK_GATE_HIGH_radiation_sensor_digital_top_42" ...
Loading cell "SNPS_CLOCK_GATE_HIGH_radiation_sensor_digital_top_41" ...
Loading cell "SNPS_CLOCK_GATE_HIGH_radiation_sensor_digital_top_38" ...
Loading cell "SNPS_CLOCK_GATE_HIGH_radiation_sensor_digital_top_37" ...
Loading cell "SNPS_CLOCK_GATE_HIGH_radiation_sensor_digital_top_36" ...
Loading cell "SNPS_CLOCK_GATE_HIGH_radiation_sensor_digital_top_35" ...
Loading cell "SNPS_CLOCK_GATE_HIGH_radiation_sensor_digital_top_34" ...
Loading cell "SNPS_CLOCK_GATE_HIGH_radiation_sensor_digital_top_33" ...
Loading cell "SNPS_CLOCK_GATE_HIGH_radiation_sensor_digital_top_32" ...
Loading cell "SNPS_CLOCK_GATE_HIGH_radiation_sensor_digital_top_31" ...
Loading cell "SNPS_CLOCK_GATE_HIGH_radiation_sensor_digital_top_30" ...
Loading cell "SNPS_CLOCK_GATE_HIGH_radiation_sensor_digital_top_29" ...
Loading cell "SNPS_CLOCK_GATE_HIGH_radiation_sensor_digital_top_28" ...
Loading cell "SNPS_CLOCK_GATE_HIGH_radiation_sensor_digital_top_27" ...
Loading cell "SNPS_CLOCK_GATE_HIGH_radiation_sensor_digital_top_26" ...
Loading cell "SNPS_CLOCK_GATE_HIGH_radiation_sensor_digital_top_25" ...
Loading cell "SNPS_CLOCK_GATE_HIGH_radiation_sensor_digital_top_24" ...
Loading cell "SNPS_CLOCK_GATE_HIGH_radiation_sensor_digital_top_23" ...
Loading cell "SNPS_CLOCK_GATE_HIGH_radiation_sensor_digital_top_22" ...
Loading cell "SNPS_CLOCK_GATE_HIGH_radiation_sensor_digital_top_21" ...
Loading cell "SNPS_CLOCK_GATE_HIGH_radiation_sensor_digital_top_20" ...
Loading cell "SNPS_CLOCK_GATE_HIGH_radiation_sensor_digital_top_19" ...
Loading cell "SNPS_CLOCK_GATE_HIGH_radiation_sensor_digital_top_18" ...
Loading cell "SNPS_CLOCK_GATE_HIGH_radiation_sensor_digital_top_17" ...
Loading cell "SNPS_CLOCK_GATE_HIGH_radiation_sensor_digital_top_16" ...
Loading cell "SNPS_CLOCK_GATE_HIGH_radiation_sensor_digital_top_15" ...
Loading cell "SNPS_CLOCK_GATE_HIGH_radiation_sensor_digital_top_14" ...
Loading cell "SNPS_CLOCK_GATE_HIGH_radiation_sensor_digital_top_13" ...
Loading cell "SNPS_CLOCK_GATE_HIGH_radiation_sensor_digital_top_12" ...
Loading cell "SNPS_CLOCK_GATE_HIGH_radiation_sensor_digital_top_11" ...
Loading cell "SNPS_CLOCK_GATE_HIGH_radiation_sensor_digital_top_10" ...
Loading cell "SNPS_CLOCK_GATE_HIGH_radiation_sensor_digital_top_9" ...
Loading cell "SNPS_CLOCK_GATE_HIGH_radiation_sensor_digital_top_8" ...
Loading cell "SNPS_CLOCK_GATE_HIGH_radiation_sensor_digital_top_7" ...
Loading cell "SNPS_CLOCK_GATE_HIGH_radiation_sensor_digital_top_6" ...
Loading cell "SNPS_CLOCK_GATE_HIGH_radiation_sensor_digital_top_5" ...
Loading cell "SNPS_CLOCK_GATE_HIGH_radiation_sensor_digital_top_4" ...
Loading cell "SNPS_CLOCK_GATE_HIGH_radiation_sensor_digital_top_3" ...
Loading cell "SNPS_CLOCK_GATE_HIGH_radiation_sensor_digital_top_2" ...
Loading cell "SNPS_CLOCK_GATE_HIGH_radiation_sensor_digital_top_1" ...
Loading cell "SNPS_CLOCK_GATE_HIGH_radiation_sensor_digital_top_0" ...
Loading cell "radiation_sensor_digital_top" ...
Reading "/usr/pdks/xfab180/PDK/XFAB_snps_CustomDesigner_kit_v2_2_2/xh018/diglibs/D_CELLS_HDLL/v2_1/gds_cdl/v2_1_0/cdl/xh018_D_CELLS_HDLL.cdl" netlist ...
Loading cell "a2no3_0" ...
Loading cell "AN211HDLLX0" ...
Loading cell "AN211HDLLX1" ...
Loading cell "invr" ...
Loading cell "AN211HDLLX2" ...
Loading cell "a2no3" ...
Loading cell "AN211HDLLX4" ...
Loading cell "a2no2_0" ...
Loading cell "AN21HDLLX0" ...
Loading cell "a2no2" ...
Loading cell "AN21HDLLX1" ...
Loading cell "AN21HDLLX2" ...
Loading cell "AN21HDLLX4" ...
Loading cell "a22no3_0" ...
Loading cell "AN221HDLLX0" ...
Loading cell "a22no3" ...
Loading cell "AN221HDLLX1" ...
Loading cell "AN221HDLLX2" ...
Loading cell "AN221HDLLX4" ...
Loading cell "a222no3" ...
Loading cell "AN222HDLLX0" ...
Loading cell "AN222HDLLX1" ...
Loading cell "AN222HDLLX2" ...
Loading cell "AN222HDLLX4" ...
Loading cell "a22no2" ...
Loading cell "AN22HDLLX0" ...
Loading cell "AN22HDLLX1" ...
Loading cell "AN22HDLLX2" ...
Loading cell "AN22HDLLX4" ...
Loading cell "a3no3_0" ...
Loading cell "AN311HDLLX0" ...
Loading cell "a3no3" ...
Loading cell "AN311HDLLX1" ...
Loading cell "AN311HDLLX2" ...
Loading cell "AN311HDLLX4" ...
Loading cell "a3no2_0" ...
Loading cell "AN31HDLLX0" ...
Loading cell "a3no2" ...
Loading cell "AN31HDLLX1" ...
Loading cell "AN31HDLLX2" ...
Loading cell "AN31HDLLX4" ...
Loading cell "a32no3_0" ...
Loading cell "AN321HDLLX0" ...
Loading cell "a32no3" ...
Loading cell "AN321HDLLX1" ...
Loading cell "AN321HDLLX2" ...
Loading cell "AN321HDLLX4" ...
Loading cell "a32no2_0" ...
Loading cell "AN32HDLLX0" ...
Loading cell "a32no2" ...
Loading cell "AN32HDLLX1" ...
Loading cell "AN32HDLLX2" ...
Loading cell "AN32HDLLX4" ...
Loading cell "a33no2" ...
Loading cell "AN33HDLLX0" ...
Loading cell "AN33HDLLX1" ...
Loading cell "AN33HDLLX2" ...
Loading cell "AN33HDLLX4" ...
Loading cell "nand2" ...
Loading cell "AND2HDLLX0" ...
Loading cell "AND2HDLLX1" ...
Loading cell "AND2HDLLX2" ...
Loading cell "AND2HDLLX4" ...
Loading cell "nand3" ...
Loading cell "AND3HDLLX0" ...
Loading cell "AND3HDLLX1" ...
Loading cell "AND3HDLLX2" ...
Loading cell "AND3HDLLX4" ...
Loading cell "nand4" ...
Loading cell "AND4HDLLX0" ...
Loading cell "AND4HDLLX1" ...
Loading cell "AND4HDLLX2" ...
Loading cell "AND4HDLLX4" ...
Loading cell "nor2" ...
Loading cell "AND5HDLLX0" ...
Loading cell "AND5HDLLX1" ...
Loading cell "AND5HDLLX2" ...
Loading cell "AND5HDLLX4" ...
Loading cell "AND6HDLLX0" ...
Loading cell "AND6HDLLX1" ...
Loading cell "AND6HDLLX2" ...
Loading cell "AND6HDLLX4" ...
Loading cell "ANTENNACELLN2HDLL" ...
Loading cell "ANTENNACELLNP2HDLL" ...
Loading cell "ANTENNACELLP2HDLL" ...
Loading cell "AO211HDLLX0" ...
Loading cell "AO211HDLLX1" ...
Loading cell "AO211HDLLX2" ...
Loading cell "AO211HDLLX4" ...
Loading cell "AO21HDLLX0" ...
Loading cell "AO21HDLLX1" ...
Loading cell "AO21HDLLX2" ...
Loading cell "AO21HDLLX4" ...
Loading cell "AO221HDLLX0" ...
Loading cell "AO221HDLLX1" ...
Loading cell "AO221HDLLX2" ...
Loading cell "AO221HDLLX4" ...
Loading cell "AO222HDLLX0" ...
Loading cell "AO222HDLLX1" ...
Loading cell "AO222HDLLX2" ...
Loading cell "AO222HDLLX4" ...
Loading cell "AO22HDLLX0" ...
Loading cell "AO22HDLLX1" ...
Loading cell "AO22HDLLX2" ...
Loading cell "AO22HDLLX4" ...
Loading cell "AO311HDLLX0" ...
Loading cell "AO311HDLLX1" ...
Loading cell "AO311HDLLX2" ...
Loading cell "AO311HDLLX4" ...
Loading cell "AO31HDLLX0" ...
Loading cell "AO31HDLLX1" ...
Loading cell "AO31HDLLX2" ...
Loading cell "AO31HDLLX4" ...
Loading cell "AO321HDLLX0" ...
Loading cell "AO321HDLLX1" ...
Loading cell "AO321HDLLX2" ...
Loading cell "AO321HDLLX4" ...
Loading cell "AO32HDLLX0" ...
Loading cell "AO32HDLLX1" ...
Loading cell "AO32HDLLX2" ...
Loading cell "AO32HDLLX4" ...
Loading cell "AO33HDLLX0" ...
Loading cell "AO33HDLLX1" ...
Loading cell "AO33HDLLX2" ...
Loading cell "AO33HDLLX4" ...
Loading cell "tgate" ...
Loading cell "BTHHDLLX1" ...
Loading cell "BTHHDLLX12" ...
Loading cell "BTHHDLLX2" ...
Loading cell "BTHHDLLX3" ...
Loading cell "BTHHDLLX4" ...
Loading cell "BTHHDLLX6" ...
Loading cell "BTHHDLLX8" ...
Loading cell "BTLHDLLX1" ...
Loading cell "BTLHDLLX12" ...
Loading cell "BTLHDLLX2" ...
Loading cell "BTLHDLLX3" ...
Loading cell "BTLHDLLX4" ...
Loading cell "BTLHDLLX6" ...
Loading cell "BTLHDLLX8" ...
Loading cell "BUHDLLX0" ...
Loading cell "BUHDLLX1" ...
Loading cell "BUHDLLX12" ...
Loading cell "BUHDLLX2" ...
Loading cell "BUHDLLX3" ...
Loading cell "BUHDLLX4" ...
Loading cell "BUHDLLX6" ...
Loading cell "BUHDLLX8" ...
Loading cell "CAGHDLLX0" ...
Loading cell "CAGHDLLX1" ...
Loading cell "CAGHDLLX2" ...
Loading cell "CAGHDLLX4" ...
Loading cell "DECAP10HDLL" ...
Loading cell "DECAP15HDLL" ...
Loading cell "DECAP25HDLL" ...
Loading cell "DECAP3HDLL" ...
Loading cell "DECAP5HDLL" ...
Loading cell "DECAP7HDLL" ...
Loading cell "DFFHDLLX0" ...
Loading cell "DFFHDLLX1" ...
Loading cell "DFFHDLLX2" ...
Loading cell "DFFHDLLX4" ...
Loading cell "DFFQHDLLX0" ...
Loading cell "DFFQHDLLX1" ...
Loading cell "DFFQHDLLX2" ...
Loading cell "DFFQHDLLX4" ...
Loading cell "DFFRHDLLX0" ...
Loading cell "DFFRHDLLX1" ...
Loading cell "DFFRHDLLX2" ...
Loading cell "DFFRHDLLX4" ...
Loading cell "DFFRQHDLLX0" ...
Loading cell "DFFRQHDLLX1" ...
Loading cell "DFFRQHDLLX2" ...
Loading cell "DFFRQHDLLX4" ...
Loading cell "DFFRSHDLLX0" ...
Loading cell "DFFRSHDLLX1" ...
Loading cell "DFFRSHDLLX2" ...
Loading cell "DFFRSHDLLX4" ...
Loading cell "DFFRSQHDLLX0" ...
Loading cell "DFFRSQHDLLX1" ...
Loading cell "DFFRSQHDLLX2" ...
Loading cell "DFFRSQHDLLX4" ...
Loading cell "DFFSHDLLX0" ...
Loading cell "DFFSHDLLX1" ...
Loading cell "DFFSHDLLX2" ...
Loading cell "DFFSHDLLX4" ...
Loading cell "DFFSQHDLLX0" ...
Loading cell "DFFSQHDLLX1" ...
Loading cell "DFFSQHDLLX2" ...
Loading cell "DFFSQHDLLX4" ...
Loading cell "DFRHDLLX0" ...
Loading cell "DFRHDLLX1" ...
Loading cell "DFRHDLLX2" ...
Loading cell "DFRHDLLX4" ...
Loading cell "DFRQHDLLX0" ...
Loading cell "DFRQHDLLX1" ...
Loading cell "DFRQHDLLX2" ...
Loading cell "DFRQHDLLX4" ...
Loading cell "DFRRHDLLX0" ...
Loading cell "DFRRHDLLX1" ...
Loading cell "DFRRHDLLX2" ...
Loading cell "DFRRHDLLX4" ...
Loading cell "DFRRQHDLLX0" ...
Loading cell "DFRRQHDLLX1" ...
Loading cell "DFRRQHDLLX2" ...
Loading cell "DFRRQHDLLX4" ...
Loading cell "DFRRSHDLLX0" ...
Loading cell "DFRRSHDLLX1" ...
Loading cell "DFRRSHDLLX2" ...
Loading cell "DFRRSHDLLX4" ...
Loading cell "DFRRSQHDLLX0" ...
Loading cell "DFRRSQHDLLX1" ...
Loading cell "DFRRSQHDLLX2" ...
Loading cell "DFRRSQHDLLX4" ...
Loading cell "DFRSHDLLX0" ...
Loading cell "DFRSHDLLX1" ...
Loading cell "DFRSHDLLX2" ...
Loading cell "DFRSHDLLX4" ...
Loading cell "DFRSQHDLLX0" ...
Loading cell "DFRSQHDLLX1" ...
Loading cell "DFRSQHDLLX2" ...
Loading cell "DFRSQHDLLX4" ...
Loading cell "DLHHDLLX0" ...
Loading cell "DLHHDLLX1" ...
Loading cell "DLHHDLLX2" ...
Loading cell "DLHHDLLX4" ...
Loading cell "DLHQHDLLX0" ...
Loading cell "DLHQHDLLX1" ...
Loading cell "DLHQHDLLX2" ...
Loading cell "DLHQHDLLX4" ...
Loading cell "DLHRHDLLX0" ...
Loading cell "DLHRHDLLX1" ...
Loading cell "DLHRHDLLX2" ...
Loading cell "DLHRHDLLX4" ...
Loading cell "DLHRQHDLLX0" ...
Loading cell "DLHRQHDLLX1" ...
Loading cell "DLHRQHDLLX2" ...
Loading cell "DLHRQHDLLX4" ...
Loading cell "DLHRSHDLLX0" ...
Loading cell "DLHRSHDLLX1" ...
Loading cell "DLHRSHDLLX2" ...
Loading cell "DLHRSHDLLX4" ...
Loading cell "DLHRSQHDLLX0" ...
Loading cell "DLHRSQHDLLX1" ...
Loading cell "DLHRSQHDLLX2" ...
Loading cell "DLHRSQHDLLX4" ...
Loading cell "DLHRTHDLLX1" ...
Loading cell "DLHSHDLLX0" ...
Loading cell "DLHSHDLLX1" ...
Loading cell "DLHSHDLLX2" ...
Loading cell "DLHSHDLLX4" ...
Loading cell "DLHSQHDLLX0" ...
Loading cell "DLHSQHDLLX1" ...
Loading cell "DLHSQHDLLX2" ...
Loading cell "DLHSQHDLLX4" ...
Loading cell "DLHSTHDLLX1" ...
Loading cell "DLHTHDLLX1" ...
Loading cell "DLLHDLLX0" ...
Loading cell "DLLHDLLX1" ...
Loading cell "DLLHDLLX2" ...
Loading cell "DLLHDLLX4" ...
Loading cell "DLLQHDLLX0" ...
Loading cell "DLLQHDLLX1" ...
Loading cell "DLLQHDLLX2" ...
Loading cell "DLLQHDLLX4" ...
Loading cell "DLLRHDLLX0" ...
Loading cell "DLLRHDLLX1" ...
Loading cell "DLLRHDLLX2" ...
Loading cell "DLLRHDLLX4" ...
Loading cell "DLLRQHDLLX0" ...
Loading cell "DLLRQHDLLX1" ...
Loading cell "DLLRQHDLLX2" ...
Loading cell "DLLRQHDLLX4" ...
Loading cell "DLLRSHDLLX0" ...
Loading cell "DLLRSHDLLX1" ...
Loading cell "DLLRSHDLLX2" ...
Loading cell "DLLRSHDLLX4" ...
Loading cell "DLLRSQHDLLX0" ...
Loading cell "DLLRSQHDLLX1" ...
Loading cell "DLLRSQHDLLX2" ...
Loading cell "DLLRSQHDLLX4" ...
Loading cell "DLLRTHDLLX1" ...
Loading cell "DLLSHDLLX0" ...
Loading cell "DLLSHDLLX1" ...
Loading cell "DLLSHDLLX2" ...
Loading cell "DLLSHDLLX4" ...
Loading cell "DLLSQHDLLX0" ...
Loading cell "DLLSQHDLLX1" ...
Loading cell "DLLSQHDLLX2" ...
Loading cell "DLLSQHDLLX4" ...
Loading cell "DLLSTHDLLX1" ...
Loading cell "DLLTHDLLX1" ...
Loading cell "DLY1HDLLX0" ...
Loading cell "DLY1HDLLX1" ...
Loading cell "DLY2HDLLX0" ...
Loading cell "DLY2HDLLX1" ...
Loading cell "DLY4HDLLX0" ...
Loading cell "DLY4HDLLX1" ...
Loading cell "DLY8HDLLX0" ...
Loading cell "DLY8HDLLX1" ...
Loading cell "o2na2_0" ...
Loading cell "EN2HDLLX0" ...
Loading cell "EN2HDLLX1" ...
Loading cell "EN2HDLLX2" ...
Loading cell "EN2HDLLX4" ...
Loading cell "EN3HDLLX0" ...
Loading cell "EN3HDLLX1" ...
Loading cell "EN3HDLLX2" ...
Loading cell "EN3HDLLX4" ...
Loading cell "EO2HDLLX0" ...
Loading cell "EO2HDLLX1" ...
Loading cell "EO2HDLLX2" ...
Loading cell "EO2HDLLX4" ...
Loading cell "EO3HDLLX0" ...
Loading cell "EO3HDLLX1" ...
Loading cell "EO3HDLLX2" ...
Loading cell "EO3HDLLX4" ...
Loading cell "FAHDLLX0" ...
Loading cell "FAHDLLX1" ...
Loading cell "FAHDLLX2" ...
Loading cell "FAHDLLX4" ...
Loading cell "FCNE10HDLL" ...
Loading cell "FCNE11HDLL" ...
Loading cell "FCNE12HDLL" ...
Loading cell "FCNE13HDLL" ...
Loading cell "FCNE14HDLL" ...
Loading cell "FCNE15HDLL" ...
Loading cell "FCNE16HDLL" ...
Loading cell "FCNE17HDLL" ...
Loading cell "FCNE18HDLL" ...
Loading cell "FCNE19HDLL" ...
Loading cell "FCNE20HDLL" ...
Loading cell "FCNE21HDLL" ...
Loading cell "FCNE22HDLL" ...
Loading cell "FCNE23HDLL" ...
Loading cell "FCNE24HDLL" ...
Loading cell "FCNE25HDLL" ...
Loading cell "FCNE26HDLL" ...
Loading cell "FCNE27HDLL" ...
Loading cell "FCNE28HDLL" ...
Loading cell "FCNE29HDLL" ...
Loading cell "FCNE2HDLL" ...
Loading cell "FCNE30HDLL" ...
Loading cell "FCNE31HDLL" ...
Loading cell "FCNE32HDLL" ...
Loading cell "FCNE3HDLL" ...
Loading cell "FCNE4HDLL" ...
Loading cell "FCNE5HDLL" ...
Loading cell "FCNE6HDLL" ...
Loading cell "FCNE7HDLL" ...
Loading cell "FCNE8HDLL" ...
Loading cell "FCNE9HDLL" ...
Loading cell "FCNED10HDLL" ...
Loading cell "FCNED11HDLL" ...
Loading cell "FCNED12HDLL" ...
Loading cell "FCNED13HDLL" ...
Loading cell "FCNED14HDLL" ...
Loading cell "FCNED15HDLL" ...
Loading cell "FCNED16HDLL" ...
Loading cell "FCNED17HDLL" ...
Loading cell "FCNED18HDLL" ...
Loading cell "FCNED19HDLL" ...
Loading cell "FCNED20HDLL" ...
Loading cell "FCNED21HDLL" ...
Loading cell "FCNED22HDLL" ...
Loading cell "FCNED23HDLL" ...
Loading cell "FCNED24HDLL" ...
Loading cell "FCNED25HDLL" ...
Loading cell "FCNED26HDLL" ...
Loading cell "FCNED27HDLL" ...
Loading cell "FCNED28HDLL" ...
Loading cell "FCNED29HDLL" ...
Loading cell "FCNED30HDLL" ...
Loading cell "FCNED31HDLL" ...
Loading cell "FCNED32HDLL" ...
Loading cell "FCNED5HDLL" ...
Loading cell "FCNED6HDLL" ...
Loading cell "FCNED7HDLL" ...
Loading cell "FCNED8HDLL" ...
Loading cell "FCNED9HDLL" ...
Loading cell "FEED10HDLL" ...
Loading cell "FEED15HDLL" ...
Loading cell "FEED1HDLL" ...
Loading cell "FEED25HDLL" ...
Loading cell "FEED2HDLL" ...
Loading cell "FEED3HDLL" ...
Loading cell "FEED5HDLL" ...
Loading cell "FEED7HDLL" ...
Loading cell "HAHDLLX0" ...
Loading cell "HAHDLLX1" ...
Loading cell "HAHDLLX2" ...
Loading cell "HAHDLLX4" ...
Loading cell "INHDLLX0" ...
Loading cell "INHDLLX1" ...
Loading cell "INHDLLX12" ...
Loading cell "INHDLLX2" ...
Loading cell "INHDLLX3" ...
Loading cell "INHDLLX4" ...
Loading cell "INHDLLX6" ...
Loading cell "INHDLLX8" ...
Loading cell "ITHHDLLX1" ...
Loading cell "ITHHDLLX12" ...
Loading cell "ITHHDLLX2" ...
Loading cell "ITHHDLLX3" ...
Loading cell "ITHHDLLX4" ...
Loading cell "ITHHDLLX6" ...
Loading cell "ITHHDLLX8" ...
Loading cell "ITLHDLLX1" ...
Loading cell "ITLHDLLX12" ...
Loading cell "ITLHDLLX2" ...
Loading cell "ITLHDLLX3" ...
Loading cell "ITLHDLLX4" ...
Loading cell "ITLHDLLX6" ...
Loading cell "ITLHDLLX8" ...
Loading cell "clinvr" ...
Loading cell "LGCNHDLLX0" ...
Loading cell "LGCNHDLLX1" ...
Loading cell "LGCNHDLLX2" ...
Loading cell "LGCNHDLLX4" ...
Loading cell "LGCPHDLLX0" ...
Loading cell "LGCPHDLLX1" ...
Loading cell "LGCPHDLLX2" ...
Loading cell "LGCPHDLLX4" ...
Loading cell "LOGIC0HDLL" ...
Loading cell "LOGIC1HDLL" ...
Loading cell "LSGCNHDLLX0" ...
Loading cell "LSGCNHDLLX1" ...
Loading cell "LSGCNHDLLX2" ...
Loading cell "LSGCNHDLLX4" ...
Loading cell "LSGCPHDLLX0" ...
Loading cell "LSGCPHDLLX1" ...
Loading cell "LSGCPHDLLX2" ...
Loading cell "LSGCPHDLLX4" ...
Loading cell "LSOGCNHDLLX0" ...
Loading cell "LSOGCNHDLLX1" ...
Loading cell "LSOGCNHDLLX2" ...
Loading cell "LSOGCNHDLLX4" ...
Loading cell "LSOGCPHDLLX0" ...
Loading cell "LSOGCPHDLLX1" ...
Loading cell "LSOGCPHDLLX2" ...
Loading cell "LSOGCPHDLLX4" ...
Loading cell "MPROBEBUHDLLX8" ...
Loading cell "MPROBEHDLL" ...
Loading cell "MU2HDLLX0" ...
Loading cell "MU2HDLLX1" ...
Loading cell "MU2HDLLX2" ...
Loading cell "MU2HDLLX4" ...
Loading cell "MU2IHDLLX0" ...
Loading cell "MU2IHDLLX1" ...
Loading cell "MU2IHDLLX2" ...
Loading cell "MU2IHDLLX4" ...
Loading cell "MU4HDLLX0" ...
Loading cell "MU4HDLLX1" ...
Loading cell "MU4HDLLX2" ...
Loading cell "MU4HDLLX4" ...
Loading cell "MU4IHDLLX0" ...
Loading cell "MU4IHDLLX1" ...
Loading cell "MU4IHDLLX2" ...
Loading cell "MU4IHDLLX4" ...
Loading cell "NA22HDLLX0" ...
Loading cell "NA22HDLLX1" ...
Loading cell "NA22HDLLX2" ...
Loading cell "NA22HDLLX4" ...
Loading cell "NA2HDLLX0" ...
Loading cell "NA2HDLLX1" ...
Loading cell "NA2HDLLX2" ...
Loading cell "NA2HDLLX4" ...
Loading cell "NA2I1HDLLX0" ...
Loading cell "NA2I1HDLLX1" ...
Loading cell "NA2I1HDLLX2" ...
Loading cell "NA2I1HDLLX4" ...
Loading cell "NA3HDLLX0" ...
Loading cell "NA3HDLLX1" ...
Loading cell "NA3HDLLX2" ...
Loading cell "NA3HDLLX4" ...
Loading cell "NA3I1HDLLX0" ...
Loading cell "NA3I1HDLLX1" ...
Loading cell "NA3I1HDLLX2" ...
Loading cell "NA3I1HDLLX4" ...
Loading cell "NA3I2HDLLX0" ...
Loading cell "NA3I2HDLLX1" ...
Loading cell "NA3I2HDLLX2" ...
Loading cell "NA3I2HDLLX4" ...
Loading cell "NA4HDLLX0" ...
Loading cell "NA4HDLLX1" ...
Loading cell "NA4HDLLX2" ...
Loading cell "NA4HDLLX4" ...
Loading cell "NA4I1HDLLX0" ...
Loading cell "NA4I1HDLLX1" ...
Loading cell "NA4I1HDLLX2" ...
Loading cell "NA4I1HDLLX4" ...
Loading cell "NA4I2HDLLX0" ...
Loading cell "NA4I2HDLLX1" ...
Loading cell "NA4I2HDLLX2" ...
Loading cell "NA4I2HDLLX4" ...
Loading cell "nor3" ...
Loading cell "NA4I3HDLLX0" ...
Loading cell "NA4I3HDLLX1" ...
Loading cell "NA4I3HDLLX2" ...
Loading cell "NA4I3HDLLX4" ...
Loading cell "NA5HDLLX0" ...
Loading cell "NA5HDLLX1" ...
Loading cell "NA5HDLLX2" ...
Loading cell "NA5HDLLX4" ...
Loading cell "NA5I1HDLLX0" ...
Loading cell "NA5I1HDLLX1" ...
Loading cell "NA5I1HDLLX2" ...
Loading cell "NA5I1HDLLX4" ...
Loading cell "NA5I2HDLLX0" ...
Loading cell "NA5I2HDLLX1" ...
Loading cell "NA5I2HDLLX2" ...
Loading cell "NA5I2HDLLX4" ...
Loading cell "NA5I3HDLLX0" ...
Loading cell "NA5I3HDLLX1" ...
Loading cell "NA5I3HDLLX2" ...
Loading cell "NA5I3HDLLX4" ...
Loading cell "NA5I4HDLLX0" ...
Loading cell "NA5I4HDLLX1" ...
Loading cell "NA5I4HDLLX2" ...
Loading cell "NA5I4HDLLX4" ...
Loading cell "NA6HDLLX0" ...
Loading cell "NA6HDLLX1" ...
Loading cell "NA6HDLLX2" ...
Loading cell "NA6HDLLX4" ...
Loading cell "NA6I1HDLLX0" ...
Loading cell "NA6I1HDLLX1" ...
Loading cell "NA6I1HDLLX2" ...
Loading cell "NA6I1HDLLX4" ...
Loading cell "NA6I2HDLLX0" ...
Loading cell "NA6I2HDLLX1" ...
Loading cell "NA6I2HDLLX2" ...
Loading cell "NA6I2HDLLX4" ...
Loading cell "NA6I3HDLLX0" ...
Loading cell "NA6I3HDLLX1" ...
Loading cell "NA6I3HDLLX2" ...
Loading cell "NA6I3HDLLX4" ...
Loading cell "NA6I4HDLLX0" ...
Loading cell "NA6I4HDLLX1" ...
Loading cell "NA6I4HDLLX2" ...
Loading cell "NA6I4HDLLX4" ...
Loading cell "NA6I5HDLLX0" ...
Loading cell "NA6I5HDLLX1" ...
Loading cell "NA6I5HDLLX2" ...
Loading cell "NA6I5HDLLX4" ...
Loading cell "NO22HDLLX0" ...
Loading cell "NO22HDLLX1" ...
Loading cell "NO22HDLLX2" ...
Loading cell "NO22HDLLX4" ...
Loading cell "NO2HDLLX0" ...
Loading cell "NO2HDLLX1" ...
Loading cell "NO2HDLLX2" ...
Loading cell "NO2HDLLX4" ...
Loading cell "NO2I1HDLLX0" ...
Loading cell "NO2I1HDLLX1" ...
Loading cell "NO2I1HDLLX2" ...
Loading cell "NO2I1HDLLX4" ...
Loading cell "NO3HDLLX0" ...
Loading cell "NO3HDLLX1" ...
Loading cell "NO3HDLLX2" ...
Loading cell "NO3HDLLX4" ...
Loading cell "NO3I1HDLLX0" ...
Loading cell "NO3I1HDLLX1" ...
Loading cell "NO3I1HDLLX2" ...
Loading cell "NO3I1HDLLX4" ...
Loading cell "NO3I2HDLLX0" ...
Loading cell "NO3I2HDLLX1" ...
Loading cell "NO3I2HDLLX2" ...
Loading cell "NO3I2HDLLX4" ...
Loading cell "NO4HDLLX0" ...
Loading cell "NO4HDLLX1" ...
Loading cell "NO4HDLLX2" ...
Loading cell "NO4HDLLX4" ...
Loading cell "NO4I1HDLLX0" ...
Loading cell "NO4I1HDLLX1" ...
Loading cell "NO4I1HDLLX2" ...
Loading cell "NO4I1HDLLX4" ...
Loading cell "NO4I2HDLLX0" ...
Loading cell "NO4I2HDLLX1" ...
Loading cell "NO4I2HDLLX2" ...
Loading cell "NO4I2HDLLX4" ...
Loading cell "NO4I3HDLLX0" ...
Loading cell "NO4I3HDLLX1" ...
Loading cell "NO4I3HDLLX2" ...
Loading cell "NO4I3HDLLX4" ...
Loading cell "NO5HDLLX0" ...
Loading cell "NO5HDLLX1" ...
Loading cell "NO5HDLLX2" ...
Loading cell "NO5HDLLX4" ...
Loading cell "NO5I1HDLLX0" ...
Loading cell "NO5I1HDLLX1" ...
Loading cell "NO5I1HDLLX2" ...
Loading cell "NO5I1HDLLX4" ...
Loading cell "NO5I2HDLLX0" ...
Loading cell "NO5I2HDLLX1" ...
Loading cell "NO5I2HDLLX2" ...
Loading cell "NO5I2HDLLX4" ...
Loading cell "NO5I3HDLLX0" ...
Loading cell "NO5I3HDLLX1" ...
Loading cell "NO5I3HDLLX2" ...
Loading cell "NO5I3HDLLX4" ...
Loading cell "NO5I4HDLLX0" ...
Loading cell "NO5I4HDLLX1" ...
Loading cell "NO5I4HDLLX2" ...
Loading cell "NO5I4HDLLX4" ...
Loading cell "NO6HDLLX0" ...
Loading cell "NO6HDLLX1" ...
Loading cell "NO6HDLLX2" ...
Loading cell "NO6HDLLX4" ...
Loading cell "NO6I1HDLLX0" ...
Loading cell "NO6I1HDLLX1" ...
Loading cell "NO6I1HDLLX2" ...
Loading cell "NO6I1HDLLX4" ...
Loading cell "NO6I2HDLLX0" ...
Loading cell "NO6I2HDLLX1" ...
Loading cell "NO6I2HDLLX2" ...
Loading cell "NO6I2HDLLX4" ...
Loading cell "NO6I3HDLLX0" ...
Loading cell "NO6I3HDLLX1" ...
Loading cell "NO6I3HDLLX2" ...
Loading cell "NO6I3HDLLX4" ...
Loading cell "NO6I4HDLLX0" ...
Loading cell "NO6I4HDLLX1" ...
Loading cell "NO6I4HDLLX2" ...
Loading cell "NO6I4HDLLX4" ...
Loading cell "NO6I5HDLLX0" ...
Loading cell "NO6I5HDLLX1" ...
Loading cell "NO6I5HDLLX2" ...
Loading cell "NO6I5HDLLX4" ...
Loading cell "o2na3_0" ...
Loading cell "OA211HDLLX0" ...
Loading cell "OA211HDLLX1" ...
Loading cell "OA211HDLLX2" ...
Loading cell "OA211HDLLX4" ...
Loading cell "o2na2" ...
Loading cell "OA21HDLLX0" ...
Loading cell "OA21HDLLX1" ...
Loading cell "OA21HDLLX2" ...
Loading cell "OA21HDLLX4" ...
Loading cell "o22na3_0" ...
Loading cell "OA221HDLLX0" ...
Loading cell "OA221HDLLX1" ...
Loading cell "OA221HDLLX2" ...
Loading cell "OA221HDLLX4" ...
Loading cell "o222na3" ...
Loading cell "OA222HDLLX0" ...
Loading cell "OA222HDLLX1" ...
Loading cell "OA222HDLLX2" ...
Loading cell "OA222HDLLX4" ...
Loading cell "o22na2" ...
Loading cell "OA22HDLLX0" ...
Loading cell "OA22HDLLX1" ...
Loading cell "OA22HDLLX2" ...
Loading cell "OA22HDLLX4" ...
Loading cell "o3na3_0" ...
Loading cell "OA311HDLLX0" ...
Loading cell "OA311HDLLX1" ...
Loading cell "OA311HDLLX2" ...
Loading cell "OA311HDLLX4" ...
Loading cell "o3na2" ...
Loading cell "OA31HDLLX0" ...
Loading cell "o3na2_0" ...
Loading cell "OA31HDLLX1" ...
Loading cell "OA31HDLLX2" ...
Loading cell "OA31HDLLX4" ...
Loading cell "o32na3_0" ...
Loading cell "OA321HDLLX0" ...
Loading cell "OA321HDLLX1" ...
Loading cell "OA321HDLLX2" ...
Loading cell "OA321HDLLX4" ...
Loading cell "o32na2" ...
Loading cell "OA32HDLLX0" ...
Loading cell "o32na2_0" ...
Loading cell "OA32HDLLX1" ...
Loading cell "OA32HDLLX2" ...
Loading cell "OA32HDLLX4" ...
Loading cell "o33na2" ...
Loading cell "OA33HDLLX0" ...
Loading cell "OA33HDLLX1" ...
Loading cell "OA33HDLLX2" ...
Loading cell "OA33HDLLX4" ...
Loading cell "o2na3" ...
Loading cell "ON211HDLLX0" ...
Loading cell "ON211HDLLX1" ...
Loading cell "ON211HDLLX2" ...
Loading cell "ON211HDLLX4" ...
Loading cell "ON21HDLLX0" ...
Loading cell "ON21HDLLX1" ...
Loading cell "ON21HDLLX2" ...
Loading cell "ON21HDLLX4" ...
Loading cell "o22na3" ...
Loading cell "ON221HDLLX0" ...
Loading cell "ON221HDLLX1" ...
Loading cell "ON221HDLLX2" ...
Loading cell "ON221HDLLX4" ...
Loading cell "ON222HDLLX0" ...
Loading cell "ON222HDLLX1" ...
Loading cell "ON222HDLLX2" ...
Loading cell "ON222HDLLX4" ...
Loading cell "ON22HDLLX0" ...
Loading cell "ON22HDLLX1" ...
Loading cell "ON22HDLLX2" ...
Loading cell "ON22HDLLX4" ...
Loading cell "o3na3" ...
Loading cell "ON311HDLLX0" ...
Loading cell "ON311HDLLX1" ...
Loading cell "ON311HDLLX2" ...
Loading cell "ON311HDLLX4" ...
Loading cell "ON31HDLLX0" ...
Loading cell "ON31HDLLX1" ...
Loading cell "ON31HDLLX2" ...
Loading cell "ON31HDLLX4" ...
Loading cell "o32na3" ...
Loading cell "ON321HDLLX0" ...
Loading cell "ON321HDLLX1" ...
Loading cell "ON321HDLLX2" ...
Loading cell "ON321HDLLX4" ...
Loading cell "ON32HDLLX0" ...
Loading cell "ON32HDLLX1" ...
Loading cell "ON32HDLLX2" ...
Loading cell "ON32HDLLX4" ...
Loading cell "ON33HDLLX0" ...
Loading cell "ON33HDLLX1" ...
Loading cell "ON33HDLLX2" ...
Loading cell "ON33HDLLX4" ...
Loading cell "OR2HDLLX0" ...
Loading cell "OR2HDLLX1" ...
Loading cell "OR2HDLLX2" ...
Loading cell "OR2HDLLX4" ...
Loading cell "OR3HDLLX0" ...
Loading cell "OR3HDLLX1" ...
Loading cell "OR3HDLLX2" ...
Loading cell "OR3HDLLX4" ...
Loading cell "OR4HDLLX0" ...
Loading cell "OR4HDLLX1" ...
Loading cell "OR4HDLLX2" ...
Loading cell "OR4HDLLX4" ...
Loading cell "OR5HDLLX0" ...
Loading cell "OR5HDLLX1" ...
Loading cell "OR5HDLLX2" ...
Loading cell "OR5HDLLX4" ...
Loading cell "OR6HDLLX0" ...
Loading cell "OR6HDLLX1" ...
Loading cell "OR6HDLLX2" ...
Loading cell "OR6HDLLX4" ...
Loading cell "SDFFHDLLX0" ...
Loading cell "SDFFHDLLX1" ...
Loading cell "SDFFHDLLX2" ...
Loading cell "SDFFHDLLX4" ...
Loading cell "SDFFQHDLLX0" ...
Loading cell "SDFFQHDLLX1" ...
Loading cell "SDFFQHDLLX2" ...
Loading cell "SDFFQHDLLX4" ...
Loading cell "SDFFRHDLLX0" ...
Loading cell "SDFFRHDLLX1" ...
Loading cell "SDFFRHDLLX2" ...
Loading cell "SDFFRHDLLX4" ...
Loading cell "SDFFRQHDLLX0" ...
Loading cell "SDFFRQHDLLX1" ...
Loading cell "SDFFRQHDLLX2" ...
Loading cell "SDFFRQHDLLX4" ...
Loading cell "SDFFRSHDLLX0" ...
Loading cell "SDFFRSHDLLX1" ...
Loading cell "SDFFRSHDLLX2" ...
Loading cell "SDFFRSHDLLX4" ...
Loading cell "SDFFRSQHDLLX0" ...
Loading cell "SDFFRSQHDLLX1" ...
Loading cell "SDFFRSQHDLLX2" ...
Loading cell "SDFFRSQHDLLX4" ...
Loading cell "SDFFSHDLLX0" ...
Loading cell "SDFFSHDLLX1" ...
Loading cell "SDFFSHDLLX2" ...
Loading cell "SDFFSHDLLX4" ...
Loading cell "SDFFSQHDLLX0" ...
Loading cell "SDFFSQHDLLX1" ...
Loading cell "SDFFSQHDLLX2" ...
Loading cell "SDFFSQHDLLX4" ...
Loading cell "SDFRHDLLX0" ...
Loading cell "SDFRHDLLX1" ...
Loading cell "SDFRHDLLX2" ...
Loading cell "SDFRHDLLX4" ...
Loading cell "SDFRQHDLLX0" ...
Loading cell "SDFRQHDLLX1" ...
Loading cell "SDFRQHDLLX2" ...
Loading cell "SDFRQHDLLX4" ...
Loading cell "SDFRRHDLLX0" ...
Loading cell "SDFRRHDLLX1" ...
Loading cell "SDFRRHDLLX2" ...
Loading cell "SDFRRHDLLX4" ...
Loading cell "SDFRRQHDLLX0" ...
Loading cell "SDFRRQHDLLX1" ...
Loading cell "SDFRRQHDLLX2" ...
Loading cell "SDFRRQHDLLX4" ...
Loading cell "SDFRRSHDLLX0" ...
Loading cell "SDFRRSHDLLX1" ...
Loading cell "SDFRRSHDLLX2" ...
Loading cell "SDFRRSHDLLX4" ...
Loading cell "SDFRRSQHDLLX0" ...
Loading cell "SDFRRSQHDLLX1" ...
Loading cell "SDFRRSQHDLLX2" ...
Loading cell "SDFRRSQHDLLX4" ...
Loading cell "SDFRSHDLLX0" ...
Loading cell "SDFRSHDLLX1" ...
Loading cell "SDFRSHDLLX2" ...
Loading cell "SDFRSHDLLX4" ...
Loading cell "SDFRSQHDLLX0" ...
Loading cell "SDFRSQHDLLX1" ...
Loading cell "SDFRSQHDLLX2" ...
Loading cell "SDFRSQHDLLX4" ...
Loading cell "SIGNALHOLDHDLL" ...
Loading cell "STEHDLLX0" ...
Loading cell "STEHDLLX1" ...
Loading cell "STEHDLLX2" ...
Loading cell "STEHDLLX4" ...
Reading "/usr/pdks/xfab180/PDK/XFAB_snps_CustomDesigner_kit_v2_2_2/xh018/diglibs/D_CELLS_HD/v3_0/gds_cdl/v3_0_0/cdl/xh018_D_CELLS_HD.cdl" netlist ...
Loading cell "a2no3_0" ...
Duplicate cell "a2no3_0", changing cell name to "a2no3_0_NETTRAN_1" ...
Loading cell "AN211HDX0" ...
Loading cell "a2no3" ...
Duplicate cell "a2no3", changing cell name to "a2no3_NETTRAN_2" ...
Loading cell "AN211HDX1" ...
Loading cell "invr" ...
Duplicate cell "invr", changing cell name to "invr_NETTRAN_3" ...
Loading cell "AN211HDX2" ...
Loading cell "AN211HDX4" ...
Loading cell "a2no2_0" ...
Duplicate cell "a2no2_0", changing cell name to "a2no2_0_NETTRAN_4" ...
Loading cell "AN21HDX0" ...
Loading cell "a2no2" ...
Duplicate cell "a2no2", changing cell name to "a2no2_NETTRAN_5" ...
Loading cell "AN21HDX1" ...
Loading cell "AN21HDX2" ...
Loading cell "AN21HDX4" ...
Loading cell "a22no3_0" ...
Duplicate cell "a22no3_0", changing cell name to "a22no3_0_NETTRAN_6" ...
Loading cell "AN221HDX0" ...
Loading cell "a22no3" ...
Duplicate cell "a22no3", changing cell name to "a22no3_NETTRAN_7" ...
Loading cell "AN221HDX1" ...
Loading cell "AN221HDX2" ...
Loading cell "AN221HDX4" ...
Loading cell "a222no3" ...
Duplicate cell "a222no3", changing cell name to "a222no3_NETTRAN_8" ...
Loading cell "AN222HDX0" ...
Loading cell "AN222HDX1" ...
Loading cell "AN222HDX2" ...
Loading cell "AN222HDX4" ...
Loading cell "a22no2" ...
Duplicate cell "a22no2", changing cell name to "a22no2_NETTRAN_9" ...
Loading cell "AN22HDX0" ...
Loading cell "AN22HDX1" ...
Loading cell "AN22HDX2" ...
Loading cell "AN22HDX4" ...
Loading cell "a3no3_0" ...
Duplicate cell "a3no3_0", changing cell name to "a3no3_0_NETTRAN_10" ...
Loading cell "AN311HDX0" ...
Loading cell "a3no3" ...
Duplicate cell "a3no3", changing cell name to "a3no3_NETTRAN_11" ...
Loading cell "AN311HDX1" ...
Loading cell "AN311HDX2" ...
Loading cell "AN311HDX4" ...
Loading cell "a3no2_0" ...
Duplicate cell "a3no2_0", changing cell name to "a3no2_0_NETTRAN_12" ...
Loading cell "AN31HDX0" ...
Loading cell "a3no2" ...
Duplicate cell "a3no2", changing cell name to "a3no2_NETTRAN_13" ...
Loading cell "AN31HDX1" ...
Loading cell "AN31HDX2" ...
Loading cell "AN31HDX4" ...
Loading cell "a32no3_0" ...
Duplicate cell "a32no3_0", changing cell name to "a32no3_0_NETTRAN_14" ...
Loading cell "AN321HDX0" ...
Loading cell "a32no3" ...
Duplicate cell "a32no3", changing cell name to "a32no3_NETTRAN_15" ...
Loading cell "AN321HDX1" ...
Loading cell "AN321HDX2" ...
Loading cell "AN321HDX4" ...
Loading cell "a32no2_0" ...
Duplicate cell "a32no2_0", changing cell name to "a32no2_0_NETTRAN_16" ...
Loading cell "AN32HDX0" ...
Loading cell "a32no2" ...
Duplicate cell "a32no2", changing cell name to "a32no2_NETTRAN_17" ...
Loading cell "AN32HDX1" ...
Loading cell "AN32HDX2" ...
Loading cell "AN32HDX4" ...
Loading cell "a33no2" ...
Duplicate cell "a33no2", changing cell name to "a33no2_NETTRAN_18" ...
Loading cell "AN33HDX0" ...
Loading cell "AN33HDX1" ...
Loading cell "AN33HDX2" ...
Loading cell "AN33HDX4" ...
Loading cell "nand2" ...
Duplicate cell "nand2", changing cell name to "nand2_NETTRAN_19" ...
Loading cell "AND2HDX0" ...
Loading cell "AND2HDX1" ...
Loading cell "AND2HDX2" ...
Loading cell "AND2HDX4" ...
Loading cell "nand3" ...
Duplicate cell "nand3", changing cell name to "nand3_NETTRAN_20" ...
Loading cell "AND3HDX0" ...
Loading cell "AND3HDX1" ...
Loading cell "AND3HDX2" ...
Loading cell "AND3HDX4" ...
Loading cell "nand4" ...
Duplicate cell "nand4", changing cell name to "nand4_NETTRAN_21" ...
Loading cell "AND4HDX0" ...
Loading cell "AND4HDX1" ...
Loading cell "AND4HDX2" ...
Loading cell "AND4HDX4" ...
Loading cell "nor2" ...
Duplicate cell "nor2", changing cell name to "nor2_NETTRAN_22" ...
Loading cell "AND5HDX0" ...
Loading cell "AND5HDX1" ...
Loading cell "AND5HDX2" ...
Loading cell "AND5HDX4" ...
Loading cell "AND6HDX0" ...
Loading cell "AND6HDX1" ...
Loading cell "AND6HDX2" ...
Loading cell "AND6HDX4" ...
Loading cell "ANTENNACELLN2HD" ...
Loading cell "ANTENNACELLNP2HD" ...
Loading cell "ANTENNACELLP2HD" ...
Loading cell "AO211HDX0" ...
Loading cell "AO211HDX1" ...
Loading cell "AO211HDX2" ...
Loading cell "AO211HDX4" ...
Loading cell "AO21HDX0" ...
Loading cell "AO21HDX1" ...
Loading cell "AO21HDX2" ...
Loading cell "AO21HDX4" ...
Loading cell "AO221HDX0" ...
Loading cell "AO221HDX1" ...
Loading cell "AO221HDX2" ...
Loading cell "AO221HDX4" ...
Loading cell "AO222HDX0" ...
Loading cell "AO222HDX1" ...
Loading cell "AO222HDX2" ...
Loading cell "AO222HDX4" ...
Loading cell "AO22HDX0" ...
Loading cell "AO22HDX1" ...
Loading cell "AO22HDX2" ...
Loading cell "AO22HDX4" ...
Loading cell "AO311HDX0" ...
Loading cell "AO311HDX1" ...
Loading cell "AO311HDX2" ...
Loading cell "AO311HDX4" ...
Loading cell "AO31HDX0" ...
Loading cell "AO31HDX1" ...
Loading cell "AO31HDX2" ...
Loading cell "AO31HDX4" ...
Loading cell "AO321HDX0" ...
Loading cell "AO321HDX1" ...
Loading cell "AO321HDX2" ...
Loading cell "AO321HDX4" ...
Loading cell "AO32HDX0" ...
Loading cell "AO32HDX1" ...
Loading cell "AO32HDX2" ...
Loading cell "AO32HDX4" ...
Loading cell "AO33HDX0" ...
Loading cell "AO33HDX1" ...
Loading cell "AO33HDX2" ...
Loading cell "AO33HDX4" ...
Loading cell "tgate" ...
Duplicate cell "tgate", changing cell name to "tgate_NETTRAN_23" ...
Loading cell "BTHHDX1" ...
Loading cell "BTHHDX12" ...
Loading cell "BTHHDX2" ...
Loading cell "BTHHDX3" ...
Loading cell "BTHHDX4" ...
Loading cell "BTHHDX6" ...
Loading cell "BTHHDX8" ...
Loading cell "BTLHDX1" ...
Loading cell "BTLHDX12" ...
Loading cell "BTLHDX2" ...
Loading cell "BTLHDX3" ...
Loading cell "BTLHDX4" ...
Loading cell "BTLHDX6" ...
Loading cell "BTLHDX8" ...
Loading cell "BUHDX0" ...
Loading cell "BUHDX1" ...
Loading cell "BUHDX12" ...
Loading cell "BUHDX2" ...
Loading cell "BUHDX3" ...
Loading cell "BUHDX4" ...
Loading cell "BUHDX6" ...
Loading cell "BUHDX8" ...
Loading cell "CAGHDX0" ...
Loading cell "CAGHDX1" ...
Loading cell "CAGHDX2" ...
Loading cell "CAGHDX4" ...
Loading cell "DECAP10HD" ...
Loading cell "DECAP15HD" ...
Loading cell "DECAP25HD" ...
Loading cell "DECAP3HD" ...
Loading cell "DECAP5HD" ...
Loading cell "DECAP7HD" ...
Loading cell "DFFHDX0" ...
Loading cell "DFFHDX1" ...
Loading cell "DFFHDX2" ...
Loading cell "DFFHDX4" ...
Loading cell "DFFQHDX0" ...
Loading cell "DFFQHDX1" ...
Loading cell "DFFQHDX2" ...
Loading cell "DFFQHDX4" ...
Loading cell "DFFRHDX0" ...
Loading cell "DFFRHDX1" ...
Loading cell "DFFRHDX2" ...
Loading cell "DFFRHDX4" ...
Loading cell "DFFRQHDX0" ...
Loading cell "DFFRQHDX1" ...
Loading cell "DFFRQHDX2" ...
Loading cell "DFFRQHDX4" ...
Loading cell "DFFRSHDX0" ...
Loading cell "DFFRSHDX1" ...
Loading cell "DFFRSHDX2" ...
Loading cell "DFFRSHDX4" ...
Loading cell "DFFRSQHDX0" ...
Loading cell "DFFRSQHDX1" ...
Loading cell "DFFRSQHDX2" ...
Loading cell "DFFRSQHDX4" ...
Loading cell "DFFSHDX0" ...
Loading cell "DFFSHDX1" ...
Loading cell "DFFSHDX2" ...
Loading cell "DFFSHDX4" ...
Loading cell "DFFSQHDX0" ...
Loading cell "DFFSQHDX1" ...
Loading cell "DFFSQHDX2" ...
Loading cell "DFFSQHDX4" ...
Loading cell "DFRHDX0" ...
Loading cell "DFRHDX1" ...
Loading cell "DFRHDX2" ...
Loading cell "DFRHDX4" ...
Loading cell "DFRQHDX0" ...
Loading cell "DFRQHDX1" ...
Loading cell "DFRQHDX2" ...
Loading cell "DFRQHDX4" ...
Loading cell "DFRRHDX0" ...
Loading cell "DFRRHDX1" ...
Loading cell "DFRRHDX2" ...
Loading cell "DFRRHDX4" ...
Loading cell "DFRRQHDX0" ...
Loading cell "DFRRQHDX1" ...
Loading cell "DFRRQHDX2" ...
Loading cell "DFRRQHDX4" ...
Loading cell "DFRRSHDX0" ...
Loading cell "DFRRSHDX1" ...
Loading cell "DFRRSHDX2" ...
Loading cell "DFRRSHDX4" ...
Loading cell "DFRRSQHDX0" ...
Loading cell "DFRRSQHDX1" ...
Loading cell "DFRRSQHDX2" ...
Loading cell "DFRRSQHDX4" ...
Loading cell "DFRSHDX0" ...
Loading cell "DFRSHDX1" ...
Loading cell "DFRSHDX2" ...
Loading cell "DFRSHDX4" ...
Loading cell "DFRSQHDX0" ...
Loading cell "DFRSQHDX1" ...
Loading cell "DFRSQHDX2" ...
Loading cell "DFRSQHDX4" ...
Loading cell "DLHHDX0" ...
Loading cell "DLHHDX1" ...
Loading cell "DLHHDX2" ...
Loading cell "DLHHDX4" ...
Loading cell "DLHQHDX0" ...
Loading cell "DLHQHDX1" ...
Loading cell "DLHQHDX2" ...
Loading cell "DLHQHDX4" ...
Loading cell "DLHRHDX0" ...
Loading cell "DLHRHDX1" ...
Loading cell "DLHRHDX2" ...
Loading cell "DLHRHDX4" ...
Loading cell "DLHRQHDX0" ...
Loading cell "DLHRQHDX1" ...
Loading cell "DLHRQHDX2" ...
Loading cell "DLHRQHDX4" ...
Loading cell "DLHRSHDX0" ...
Loading cell "DLHRSHDX1" ...
Loading cell "DLHRSHDX2" ...
Loading cell "DLHRSHDX4" ...
Loading cell "DLHRSQHDX0" ...
Loading cell "DLHRSQHDX1" ...
Loading cell "DLHRSQHDX2" ...
Loading cell "DLHRSQHDX4" ...
Loading cell "DLHRTHDX1" ...
Loading cell "DLHSHDX0" ...
Loading cell "DLHSHDX1" ...
Loading cell "DLHSHDX2" ...
Loading cell "DLHSHDX4" ...
Loading cell "DLHSQHDX0" ...
Loading cell "DLHSQHDX1" ...
Loading cell "DLHSQHDX2" ...
Loading cell "DLHSQHDX4" ...
Loading cell "DLHSTHDX1" ...
Loading cell "DLHTHDX1" ...
Loading cell "DLLHDX0" ...
Loading cell "DLLHDX1" ...
Loading cell "DLLHDX2" ...
Loading cell "DLLHDX4" ...
Loading cell "DLLQHDX0" ...
Loading cell "DLLQHDX1" ...
Loading cell "DLLQHDX2" ...
Loading cell "DLLQHDX4" ...
Loading cell "DLLRHDX0" ...
Loading cell "DLLRHDX1" ...
Loading cell "DLLRHDX2" ...
Loading cell "DLLRHDX4" ...
Loading cell "DLLRQHDX0" ...
Loading cell "DLLRQHDX1" ...
Loading cell "DLLRQHDX2" ...
Loading cell "DLLRQHDX4" ...
Loading cell "DLLRSHDX0" ...
Loading cell "DLLRSHDX1" ...
Loading cell "DLLRSHDX2" ...
Loading cell "DLLRSHDX4" ...
Loading cell "DLLRSQHDX0" ...
Loading cell "DLLRSQHDX1" ...
Loading cell "DLLRSQHDX2" ...
Loading cell "DLLRSQHDX4" ...
Loading cell "DLLRTHDX1" ...
Loading cell "DLLSHDX0" ...
Loading cell "DLLSHDX1" ...
Loading cell "DLLSHDX2" ...
Loading cell "DLLSHDX4" ...
Loading cell "DLLSQHDX0" ...
Loading cell "DLLSQHDX1" ...
Loading cell "DLLSQHDX2" ...
Loading cell "DLLSQHDX4" ...
Loading cell "DLLSTHDX1" ...
Loading cell "DLLTHDX1" ...
Loading cell "DLY1HDX0" ...
Loading cell "DLY1HDX1" ...
Loading cell "DLY2HDX0" ...
Loading cell "DLY2HDX1" ...
Loading cell "DLY4HDX0" ...
Loading cell "DLY4HDX1" ...
Loading cell "DLY8HDX0" ...
Loading cell "DLY8HDX1" ...
Loading cell "o2na2_0" ...
Duplicate cell "o2na2_0", changing cell name to "o2na2_0_NETTRAN_24" ...
Loading cell "EN2HDX0" ...
Loading cell "EN2HDX1" ...
Loading cell "EN2HDX2" ...
Loading cell "EN2HDX4" ...
Loading cell "o2na2" ...
Duplicate cell "o2na2", changing cell name to "o2na2_NETTRAN_25" ...
Loading cell "EN3HDX0" ...
Loading cell "EN3HDX1" ...
Loading cell "EN3HDX2" ...
Loading cell "EN3HDX4" ...
Loading cell "EO2HDX0" ...
Loading cell "EO2HDX1" ...
Loading cell "EO2HDX2" ...
Loading cell "EO2HDX4" ...
Loading cell "EO3HDX0" ...
Loading cell "EO3HDX1" ...
Loading cell "EO3HDX2" ...
Loading cell "EO3HDX4" ...
Loading cell "FAHDX0" ...
Loading cell "FAHDX1" ...
Loading cell "FAHDX2" ...
Loading cell "FAHDX4" ...
Loading cell "FCNE10HD" ...
Loading cell "FCNE11HD" ...
Loading cell "FCNE12HD" ...
Loading cell "FCNE13HD" ...
Loading cell "FCNE14HD" ...
Loading cell "FCNE15HD" ...
Loading cell "FCNE16HD" ...
Loading cell "FCNE17HD" ...
Loading cell "FCNE18HD" ...
Loading cell "FCNE19HD" ...
Loading cell "FCNE20HD" ...
Loading cell "FCNE21HD" ...
Loading cell "FCNE22HD" ...
Loading cell "FCNE23HD" ...
Loading cell "FCNE24HD" ...
Loading cell "FCNE25HD" ...
Loading cell "FCNE26HD" ...
Loading cell "FCNE27HD" ...
Loading cell "FCNE28HD" ...
Loading cell "FCNE29HD" ...
Loading cell "FCNE2HD" ...
Loading cell "FCNE30HD" ...
Loading cell "FCNE31HD" ...
Loading cell "FCNE32HD" ...
Loading cell "FCNE3HD" ...
Loading cell "FCNE4HD" ...
Loading cell "FCNE5HD" ...
Loading cell "FCNE6HD" ...
Loading cell "FCNE7HD" ...
Loading cell "FCNE8HD" ...
Loading cell "FCNE9HD" ...
Loading cell "FCNED10HD" ...
Loading cell "FCNED11HD" ...
Loading cell "FCNED12HD" ...
Loading cell "FCNED13HD" ...
Loading cell "FCNED14HD" ...
Loading cell "FCNED15HD" ...
Loading cell "FCNED16HD" ...
Loading cell "FCNED17HD" ...
Loading cell "FCNED18HD" ...
Loading cell "FCNED19HD" ...
Loading cell "FCNED20HD" ...
Loading cell "FCNED21HD" ...
Loading cell "FCNED22HD" ...
Loading cell "FCNED23HD" ...
Loading cell "FCNED24HD" ...
Loading cell "FCNED25HD" ...
Loading cell "FCNED26HD" ...
Loading cell "FCNED27HD" ...
Loading cell "FCNED28HD" ...
Loading cell "FCNED29HD" ...
Loading cell "FCNED30HD" ...
Loading cell "FCNED31HD" ...
Loading cell "FCNED32HD" ...
Loading cell "FCNED5HD" ...
Loading cell "FCNED6HD" ...
Loading cell "FCNED7HD" ...
Loading cell "FCNED8HD" ...
Loading cell "FCNED9HD" ...
Loading cell "FEED10HD" ...
Loading cell "FEED15HD" ...
Loading cell "FEED1HD" ...
Loading cell "FEED25HD" ...
Loading cell "FEED2HD" ...
Loading cell "FEED3HD" ...
Loading cell "FEED5HD" ...
Loading cell "FEED7HD" ...
Loading cell "HAHDX0" ...
Loading cell "HAHDX1" ...
Loading cell "HAHDX2" ...
Loading cell "HAHDX4" ...
Loading cell "INHDX0" ...
Loading cell "INHDX1" ...
Loading cell "INHDX12" ...
Loading cell "INHDX2" ...
Loading cell "INHDX3" ...
Loading cell "INHDX4" ...
Loading cell "INHDX6" ...
Loading cell "INHDX8" ...
Loading cell "ITHHDX1" ...
Loading cell "ITHHDX12" ...
Loading cell "ITHHDX2" ...
Loading cell "ITHHDX3" ...
Loading cell "ITHHDX4" ...
Loading cell "ITHHDX6" ...
Loading cell "ITHHDX8" ...
Loading cell "ITLHDX1" ...
Loading cell "ITLHDX12" ...
Loading cell "ITLHDX2" ...
Loading cell "ITLHDX3" ...
Loading cell "ITLHDX4" ...
Loading cell "ITLHDX6" ...
Loading cell "ITLHDX8" ...
Loading cell "clinvr" ...
Duplicate cell "clinvr", changing cell name to "clinvr_NETTRAN_26" ...
Loading cell "LGCNHDX0" ...
Loading cell "LGCNHDX1" ...
Loading cell "LGCNHDX2" ...
Loading cell "LGCNHDX4" ...
Loading cell "LGCPHDX0" ...
Loading cell "LGCPHDX1" ...
Loading cell "LGCPHDX2" ...
Loading cell "LGCPHDX4" ...
Loading cell "LOGIC0HD" ...
Loading cell "LOGIC1HD" ...
Loading cell "LSGCNHDX0" ...
Loading cell "LSGCNHDX1" ...
Loading cell "LSGCNHDX2" ...
Loading cell "LSGCNHDX4" ...
Loading cell "LSGCPHDX0" ...
Loading cell "LSGCPHDX1" ...
Loading cell "LSGCPHDX2" ...
Loading cell "LSGCPHDX4" ...
Loading cell "LSOGCNHDX0" ...
Loading cell "LSOGCNHDX1" ...
Loading cell "LSOGCNHDX2" ...
Loading cell "LSOGCNHDX4" ...
Loading cell "LSOGCPHDX0" ...
Loading cell "LSOGCPHDX1" ...
Loading cell "LSOGCPHDX2" ...
Loading cell "LSOGCPHDX4" ...
Loading cell "MPROBEBUHDX8" ...
Loading cell "MPROBEHD" ...
Loading cell "MU2HDX0" ...
Loading cell "MU2HDX1" ...
Loading cell "MU2HDX2" ...
Loading cell "MU2HDX4" ...
Loading cell "MU2IHDX0" ...
Loading cell "MU2IHDX1" ...
Loading cell "MU2IHDX2" ...
Loading cell "MU2IHDX4" ...
Loading cell "MU4HDX0" ...
Loading cell "MU4HDX1" ...
Loading cell "MU4HDX2" ...
Loading cell "MU4HDX4" ...
Loading cell "MU4IHDX0" ...
Loading cell "MU4IHDX1" ...
Loading cell "MU4IHDX2" ...
Loading cell "MU4IHDX4" ...
Loading cell "NA22HDX0" ...
Loading cell "NA22HDX1" ...
Loading cell "NA22HDX2" ...
Loading cell "NA22HDX4" ...
Loading cell "NA2HDX0" ...
Loading cell "NA2HDX1" ...
Loading cell "NA2HDX2" ...
Loading cell "NA2HDX4" ...
Loading cell "NA2I1HDX0" ...
Loading cell "NA2I1HDX1" ...
Loading cell "NA2I1HDX2" ...
Loading cell "NA2I1HDX4" ...
Loading cell "NA3HDX0" ...
Loading cell "NA3HDX1" ...
Loading cell "NA3HDX2" ...
Loading cell "NA3HDX4" ...
Loading cell "NA3I1HDX0" ...
Loading cell "NA3I1HDX1" ...
Loading cell "NA3I1HDX2" ...
Loading cell "NA3I1HDX4" ...
Loading cell "NA3I2HDX0" ...
Loading cell "NA3I2HDX1" ...
Loading cell "NA3I2HDX2" ...
Loading cell "NA3I2HDX4" ...
Loading cell "NA4HDX0" ...
Loading cell "NA4HDX1" ...
Loading cell "NA4HDX2" ...
Loading cell "NA4HDX4" ...
Loading cell "NA4I1HDX0" ...
Loading cell "NA4I1HDX1" ...
Loading cell "NA4I1HDX2" ...
Loading cell "NA4I1HDX4" ...
Loading cell "NA4I2HDX0" ...
Loading cell "NA4I2HDX1" ...
Loading cell "NA4I2HDX2" ...
Loading cell "NA4I2HDX4" ...
Loading cell "nor3" ...
Duplicate cell "nor3", changing cell name to "nor3_NETTRAN_27" ...
Loading cell "NA4I3HDX0" ...
Loading cell "NA4I3HDX1" ...
Loading cell "NA4I3HDX2" ...
Loading cell "NA4I3HDX4" ...
Loading cell "NA5HDX0" ...
Loading cell "NA5HDX1" ...
Loading cell "NA5HDX2" ...
Loading cell "NA5HDX4" ...
Loading cell "NA5I1HDX0" ...
Loading cell "NA5I1HDX1" ...
Loading cell "NA5I1HDX2" ...
Loading cell "NA5I1HDX4" ...
Loading cell "NA5I2HDX0" ...
Loading cell "NA5I2HDX1" ...
Loading cell "NA5I2HDX2" ...
Loading cell "NA5I2HDX4" ...
Loading cell "NA5I3HDX0" ...
Loading cell "NA5I3HDX1" ...
Loading cell "NA5I3HDX2" ...
Loading cell "NA5I3HDX4" ...
Loading cell "NA5I4HDX0" ...
Loading cell "NA5I4HDX1" ...
Loading cell "NA5I4HDX2" ...
Loading cell "NA5I4HDX4" ...
Loading cell "NA6HDX0" ...
Loading cell "NA6HDX1" ...
Loading cell "NA6HDX2" ...
Loading cell "NA6HDX4" ...
Loading cell "NA6I1HDX0" ...
Loading cell "NA6I1HDX1" ...
Loading cell "NA6I1HDX2" ...
Loading cell "NA6I1HDX4" ...
Loading cell "NA6I2HDX0" ...
Loading cell "NA6I2HDX1" ...
Loading cell "NA6I2HDX2" ...
Loading cell "NA6I2HDX4" ...
Loading cell "NA6I3HDX0" ...
Loading cell "NA6I3HDX1" ...
Loading cell "NA6I3HDX2" ...
Loading cell "NA6I3HDX4" ...
Loading cell "NA6I4HDX0" ...
Loading cell "NA6I4HDX1" ...
Loading cell "NA6I4HDX2" ...
Loading cell "NA6I4HDX4" ...
Loading cell "NA6I5HDX0" ...
Loading cell "NA6I5HDX1" ...
Loading cell "NA6I5HDX2" ...
Loading cell "NA6I5HDX4" ...
Loading cell "NO22HDX0" ...
Loading cell "NO22HDX1" ...
Loading cell "NO22HDX2" ...
Loading cell "NO22HDX4" ...
Loading cell "NO2HDX0" ...
Loading cell "NO2HDX1" ...
Loading cell "NO2HDX2" ...
Loading cell "NO2HDX4" ...
Loading cell "NO2I1HDX0" ...
Loading cell "NO2I1HDX1" ...
Loading cell "NO2I1HDX2" ...
Loading cell "NO2I1HDX4" ...
Loading cell "NO3HDX0" ...
Loading cell "NO3HDX1" ...
Loading cell "NO3HDX2" ...
Loading cell "NO3HDX4" ...
Loading cell "NO3I1HDX0" ...
Loading cell "NO3I1HDX1" ...
Loading cell "NO3I1HDX2" ...
Loading cell "NO3I1HDX4" ...
Loading cell "NO3I2HDX0" ...
Loading cell "NO3I2HDX1" ...
Loading cell "NO3I2HDX2" ...
Loading cell "NO3I2HDX4" ...
Loading cell "NO4HDX0" ...
Loading cell "NO4HDX1" ...
Loading cell "NO4HDX2" ...
Loading cell "NO4HDX4" ...
Loading cell "NO4I1HDX0" ...
Loading cell "NO4I1HDX1" ...
Loading cell "NO4I1HDX2" ...
Loading cell "NO4I1HDX4" ...
Loading cell "NO4I2HDX0" ...
Loading cell "NO4I2HDX1" ...
Loading cell "NO4I2HDX2" ...
Loading cell "NO4I2HDX4" ...
Loading cell "NO4I3HDX0" ...
Loading cell "NO4I3HDX1" ...
Loading cell "NO4I3HDX2" ...
Loading cell "NO4I3HDX4" ...
Loading cell "NO5HDX0" ...
Loading cell "NO5HDX1" ...
Loading cell "NO5HDX2" ...
Loading cell "NO5HDX4" ...
Loading cell "NO5I1HDX0" ...
Loading cell "NO5I1HDX1" ...
Loading cell "NO5I1HDX2" ...
Loading cell "NO5I1HDX4" ...
Loading cell "NO5I2HDX0" ...
Loading cell "NO5I2HDX1" ...
Loading cell "NO5I2HDX2" ...
Loading cell "NO5I2HDX4" ...
Loading cell "NO5I3HDX0" ...
Loading cell "NO5I3HDX1" ...
Loading cell "NO5I3HDX2" ...
Loading cell "NO5I3HDX4" ...
Loading cell "NO5I4HDX0" ...
Loading cell "NO5I4HDX1" ...
Loading cell "NO5I4HDX2" ...
Loading cell "NO5I4HDX4" ...
Loading cell "NO6HDX0" ...
Loading cell "NO6HDX1" ...
Loading cell "NO6HDX2" ...
Loading cell "NO6HDX4" ...
Loading cell "NO6I1HDX0" ...
Loading cell "NO6I1HDX1" ...
Loading cell "NO6I1HDX2" ...
Loading cell "NO6I1HDX4" ...
Loading cell "NO6I2HDX0" ...
Loading cell "NO6I2HDX1" ...
Loading cell "NO6I2HDX2" ...
Loading cell "NO6I2HDX4" ...
Loading cell "NO6I3HDX0" ...
Loading cell "NO6I3HDX1" ...
Loading cell "NO6I3HDX2" ...
Loading cell "NO6I3HDX4" ...
Loading cell "NO6I4HDX0" ...
Loading cell "NO6I4HDX1" ...
Loading cell "NO6I4HDX2" ...
Loading cell "NO6I4HDX4" ...
Loading cell "NO6I5HDX0" ...
Loading cell "NO6I5HDX1" ...
Loading cell "NO6I5HDX2" ...
Loading cell "NO6I5HDX4" ...
Loading cell "o2na3" ...
Duplicate cell "o2na3", changing cell name to "o2na3_NETTRAN_28" ...
Loading cell "OA211HDX0" ...
Loading cell "o2na3_0" ...
Duplicate cell "o2na3_0", changing cell name to "o2na3_0_NETTRAN_29" ...
Loading cell "OA211HDX1" ...
Loading cell "OA211HDX2" ...
Loading cell "OA211HDX4" ...
Loading cell "OA21HDX0" ...
Loading cell "OA21HDX1" ...
Loading cell "OA21HDX2" ...
Loading cell "OA21HDX4" ...
Loading cell "o22na3" ...
Duplicate cell "o22na3", changing cell name to "o22na3_NETTRAN_30" ...
Loading cell "OA221HDX0" ...
Loading cell "o22na3_0" ...
Duplicate cell "o22na3_0", changing cell name to "o22na3_0_NETTRAN_31" ...
Loading cell "OA221HDX1" ...
Loading cell "OA221HDX2" ...
Loading cell "OA221HDX4" ...
Loading cell "o222na3" ...
Duplicate cell "o222na3", changing cell name to "o222na3_NETTRAN_32" ...
Loading cell "OA222HDX0" ...
Loading cell "OA222HDX1" ...
Loading cell "OA222HDX2" ...
Loading cell "OA222HDX4" ...
Loading cell "o22na2" ...
Duplicate cell "o22na2", changing cell name to "o22na2_NETTRAN_33" ...
Loading cell "OA22HDX0" ...
Loading cell "OA22HDX1" ...
Loading cell "OA22HDX2" ...
Loading cell "OA22HDX4" ...
Loading cell "o3na3" ...
Duplicate cell "o3na3", changing cell name to "o3na3_NETTRAN_34" ...
Loading cell "OA311HDX0" ...
Loading cell "o3na3_0" ...
Duplicate cell "o3na3_0", changing cell name to "o3na3_0_NETTRAN_35" ...
Loading cell "OA311HDX1" ...
Loading cell "OA311HDX2" ...
Loading cell "OA311HDX4" ...
Loading cell "o3na2" ...
Duplicate cell "o3na2", changing cell name to "o3na2_NETTRAN_36" ...
Loading cell "OA31HDX0" ...
Loading cell "o3na2_0" ...
Duplicate cell "o3na2_0", changing cell name to "o3na2_0_NETTRAN_37" ...
Loading cell "OA31HDX1" ...
Loading cell "OA31HDX2" ...
Loading cell "OA31HDX4" ...
Loading cell "o32na3" ...
Duplicate cell "o32na3", changing cell name to "o32na3_NETTRAN_38" ...
Loading cell "OA321HDX0" ...
Loading cell "o32na3_0" ...
Duplicate cell "o32na3_0", changing cell name to "o32na3_0_NETTRAN_39" ...
Loading cell "OA321HDX1" ...
Loading cell "OA321HDX2" ...
Loading cell "OA321HDX4" ...
Loading cell "o32na2" ...
Duplicate cell "o32na2", changing cell name to "o32na2_NETTRAN_40" ...
Loading cell "OA32HDX0" ...
Loading cell "o32na2_0" ...
Duplicate cell "o32na2_0", changing cell name to "o32na2_0_NETTRAN_41" ...
Loading cell "OA32HDX1" ...
Loading cell "OA32HDX2" ...
Loading cell "OA32HDX4" ...
Loading cell "o33na2" ...
Duplicate cell "o33na2", changing cell name to "o33na2_NETTRAN_42" ...
Loading cell "OA33HDX0" ...
Loading cell "OA33HDX1" ...
Loading cell "OA33HDX2" ...
Loading cell "OA33HDX4" ...
Loading cell "ON211HDX0" ...
Loading cell "ON211HDX1" ...
Loading cell "ON211HDX2" ...
Loading cell "ON211HDX4" ...
Loading cell "ON21HDX0" ...
Loading cell "ON21HDX1" ...
Loading cell "ON21HDX2" ...
Loading cell "ON21HDX4" ...
Loading cell "ON221HDX0" ...
Loading cell "ON221HDX1" ...
Loading cell "ON221HDX2" ...
Loading cell "ON221HDX4" ...
Loading cell "ON222HDX0" ...
Loading cell "ON222HDX1" ...
Loading cell "ON222HDX2" ...
Loading cell "ON222HDX4" ...
Loading cell "ON22HDX0" ...
Loading cell "ON22HDX1" ...
Loading cell "ON22HDX2" ...
Loading cell "ON22HDX4" ...
Loading cell "ON311HDX0" ...
Loading cell "ON311HDX1" ...
Loading cell "ON311HDX2" ...
Loading cell "ON311HDX4" ...
Loading cell "ON31HDX0" ...
Loading cell "ON31HDX1" ...
Loading cell "ON31HDX2" ...
Loading cell "ON31HDX4" ...
Loading cell "ON321HDX0" ...
Loading cell "ON321HDX1" ...
Loading cell "ON321HDX2" ...
Loading cell "ON321HDX4" ...
Loading cell "ON32HDX0" ...
Loading cell "ON32HDX1" ...
Loading cell "ON32HDX2" ...
Loading cell "ON32HDX4" ...
Loading cell "ON33HDX0" ...
Loading cell "ON33HDX1" ...
Loading cell "ON33HDX2" ...
Loading cell "ON33HDX4" ...
Loading cell "OR2HDX0" ...
Loading cell "OR2HDX1" ...
Loading cell "OR2HDX2" ...
Loading cell "OR2HDX4" ...
Loading cell "OR3HDX0" ...
Loading cell "OR3HDX1" ...
Loading cell "OR3HDX2" ...
Loading cell "OR3HDX4" ...
Loading cell "OR4HDX0" ...
Loading cell "OR4HDX1" ...
Loading cell "OR4HDX2" ...
Loading cell "OR4HDX4" ...
Loading cell "OR5HDX0" ...
Loading cell "OR5HDX1" ...
Loading cell "OR5HDX2" ...
Loading cell "OR5HDX4" ...
Loading cell "OR6HDX0" ...
Loading cell "OR6HDX1" ...
Loading cell "OR6HDX2" ...
Loading cell "OR6HDX4" ...
Loading cell "SDFFHDX0" ...
Loading cell "SDFFHDX1" ...
Loading cell "SDFFHDX2" ...
Loading cell "SDFFHDX4" ...
Loading cell "SDFFQHDX0" ...
Loading cell "SDFFQHDX1" ...
Loading cell "SDFFQHDX2" ...
Loading cell "SDFFQHDX4" ...
Loading cell "SDFFRHDX0" ...
Loading cell "SDFFRHDX1" ...
Loading cell "SDFFRHDX2" ...
Loading cell "SDFFRHDX4" ...
Loading cell "SDFFRQHDX0" ...
Loading cell "SDFFRQHDX1" ...
Loading cell "SDFFRQHDX2" ...
Loading cell "SDFFRQHDX4" ...
Loading cell "SDFFRSHDX0" ...
Loading cell "SDFFRSHDX1" ...
Loading cell "SDFFRSHDX2" ...
Loading cell "SDFFRSHDX4" ...
Loading cell "SDFFRSQHDX0" ...
Loading cell "SDFFRSQHDX1" ...
Loading cell "SDFFRSQHDX2" ...
Loading cell "SDFFRSQHDX4" ...
Loading cell "SDFFSHDX0" ...
Loading cell "SDFFSHDX1" ...
Loading cell "SDFFSHDX2" ...
Loading cell "SDFFSHDX4" ...
Loading cell "SDFFSQHDX0" ...
Loading cell "SDFFSQHDX1" ...
Loading cell "SDFFSQHDX2" ...
Loading cell "SDFFSQHDX4" ...
Loading cell "SDFRHDX0" ...
Loading cell "SDFRHDX1" ...
Loading cell "SDFRHDX2" ...
Loading cell "SDFRHDX4" ...
Loading cell "SDFRQHDX0" ...
Loading cell "SDFRQHDX1" ...
Loading cell "SDFRQHDX2" ...
Loading cell "SDFRQHDX4" ...
Loading cell "SDFRRHDX0" ...
Loading cell "SDFRRHDX1" ...
Loading cell "SDFRRHDX2" ...
Loading cell "SDFRRHDX4" ...
Loading cell "SDFRRQHDX0" ...
Loading cell "SDFRRQHDX1" ...
Loading cell "SDFRRQHDX2" ...
Loading cell "SDFRRQHDX4" ...
Loading cell "SDFRRSHDX0" ...
Loading cell "SDFRRSHDX1" ...
Loading cell "SDFRRSHDX2" ...
Loading cell "SDFRRSHDX4" ...
Loading cell "SDFRRSQHDX0" ...
Loading cell "SDFRRSQHDX1" ...
Loading cell "SDFRRSQHDX2" ...
Loading cell "SDFRRSQHDX4" ...
Loading cell "SDFRSHDX0" ...
Loading cell "SDFRSHDX1" ...
Loading cell "SDFRSHDX2" ...
Loading cell "SDFRSHDX4" ...
Loading cell "SDFRSQHDX0" ...
Loading cell "SDFRSQHDX1" ...
Loading cell "SDFRSQHDX2" ...
Loading cell "SDFRSQHDX4" ...
Loading cell "SIGNALHOLDHD" ...
Loading cell "STEHDX0" ...
Loading cell "STEHDX1" ...
Loading cell "STEHDX2" ...
Loading cell "STEHDX4" ...
[Nettran Report] Reading Netlist(s): Check Time=0:00:00  User=0.15 Sys=0.00 Mem=21.156
WARNING: Following cell definitions having the same name exist.
    o32na3 o3na3 o22na3 o2na3 o33na2 o32na2_0 o32na2 o32na3_0 o3na2_0 o3na2 o3na3_0 o22na2 
    o222na3 o22na3_0 o2na2 o2na3_0 nor3 clinvr o2na2_0 tgate nor2 nand4 nand3 nand2 a33no2 
    a32no2 a32no2_0 a32no3 a32no3_0 a3no2 a3no2_0 a3no3 a3no3_0 a22no2 a222no3 a22no3 
    a22no3_0 a2no2 a2no2_0 a2no3 invr a2no3_0 

Processing Duplicate Cells
WARNING: Multiple cells with the same name are found in input netlist, see file "dupCell.log" for the details.
Processing Hierarchy ...
[Nettran Report] Post Process: Check Time=0:00:00  User=0.03 Sys=0.00 Mem=22.531
Writing Spice netlist ...
[Nettran Report] Output Netlist: Check Time=0:00:00  User=0.05 Sys=0.01 Mem=20.875
Translation completed.
[Nettran Report] Nettran Total Runtime: Check Time=0:00:00  User=0.24 Sys=0.02 Mem=22.531
