

                                 IC Validator 

         Version O-2018.12-SP2-2 for linux64 - Apr 09, 2019 cl#4752006

                    Copyright (c) 1996 - 2019 Synopsys, Inc.
   This software and the associated documentation are proprietary to Synopsys,
 Inc. This software may only be used in accordance with the terms and conditions
 of a written license agreement with Synopsys, Inc. All other use, reproduction,
            or distribution of this software is strictly prohibited.

Called as: icv -c radiation_sensor_digital_top -f GDSII -i ../../pnr/work/design_xfab_layers.gds -I /usr/pdks/xfab180/PDK/XFAB_snps_CustomDesigner_kit_v2_2_2/xh018/synopsys/v8_0/ICValidator/v8_0_2 -D DENSITY_LAY /usr/pdks/xfab180/PDK/XFAB_snps_CustomDesigner_kit_v2_2_2/xh018/synopsys/v8_0/ICValidator/v8_0_2/xh018_1143_DRC_MET4_METMID_METTHK.rs







Parsing runset "/usr/pdks/xfab180/PDK/XFAB_snps_CustomDesigner_kit_v2_2_2/xh018/synopsys/v8_0/ICValidator/v8_0_2/xh018_1143_DRC_MET4_METMID_METTHK.rs"

/usr/pdks/xfab180/PDK/XFAB_snps_CustomDesigner_kit_v2_2_2/xh018/synopsys/v8_0/ICValidator/v8_0_2/xh018_1143_DRC_MET4_METMID_METTHK.rs:19: warning: "METAL5" wasn't defined
      #undef METAL5
xh018.rs:422: warning: "THINTOPMETAL" wasn't defined
         #undef THINTOPMETAL
    from /usr/pdks/xfab180/PDK/XFAB_snps_CustomDesigner_kit_v2_2_2/xh018/synopsys/v8_0/ICValidator/v8_0_2/xh018_1143_DRC_MET4_METMID_METTHK.rs: 25:     #include <xh018.rs>

Loaded runset from cache: /home/aparlane/.icvrscache/992cd706920aa9c4713603fe7d688186-452BCAB0-3331-4C7C-87DF-D33F521B5E7C-micro0.fi.uba.ar-25897.rscache
Cached Runset Compile Time=0:00:04 User=3.81 Sys=0.04 Mem=446.160



                                  ICV_Master 

         Version O-2018.12-SP2-2 for linux64 - Apr 09, 2019 cl#4752006

                    Copyright (c) 1996 - 2019 Synopsys, Inc.
   This software and the associated documentation are proprietary to Synopsys,
 Inc. This software may only be used in accordance with the terms and conditions
 of a written license agreement with Synopsys, Inc. All other use, reproduction,
            or distribution of this software is strictly prohibited.


Called as: icv -c radiation_sensor_digital_top -f GDSII -i ../../pnr/work/design_xfab_layers.gds -I /usr/pdks/xfab180/PDK/XFAB_snps_CustomDesigner_kit_v2_2_2/xh018/synopsys/v8_0/ICValidator/v8_0_2 -D DENSITY_LAY /usr/pdks/xfab180/PDK/XFAB_snps_CustomDesigner_kit_v2_2_2/xh018/synopsys/v8_0/ICValidator/v8_0_2/xh018_1143_DRC_MET4_METMID_METTHK.rs
 
Virtual Machine Init Time=0:00:00 User=0.01 Sys=0.01 Mem=446.160


Checked out necessary DP licenses.
Host startup done: 2 successes, 0 failures.
	micro0.fi.uba.ar: 2 total cores, maximum 2 commands in parallel.
Selecting "micro0.fi.uba.ar" as Primary host

System Startup Time=0:00:00 User=0.00 Sys=0.02 Mem=446.160


Command execution begins.  Details recorded in the summary and log files:
    /home/aparlane/fiuba_thesis/hdl/synth_pnr/drc_lvs/drc_work/run_details/radiation_sensor_digital_top.sum
    /home/aparlane/fiuba_thesis/hdl/synth_pnr/drc_lvs/drc_work/run_details/xh018_1143_DRC_MET4_METMID_METTHK.dp.log

Running ...
  ICV_Engine run is   1% complete.    Elapsed Time=0:00:01
  ICV_Engine run is   2% complete.    Elapsed Time=0:00:01
  ICV_Engine run is   3% complete.    Elapsed Time=0:00:02
  ICV_Engine run is   4% complete.    Elapsed Time=0:00:02
  ICV_Engine run is   5% complete.    Elapsed Time=0:00:02
  ICV_Engine run is  10% complete.    Elapsed Time=0:00:03
  ICV_Engine run is  15% complete.    Elapsed Time=0:00:04
  ICV_Engine run is  20% complete.    Elapsed Time=0:00:05
  ICV_Engine run is  25% complete.    Elapsed Time=0:00:06
  ICV_Engine run is  30% complete.    Elapsed Time=0:00:06
  ICV_Engine run is  35% complete.    Elapsed Time=0:00:06
  ICV_Engine run is  40% complete.    Elapsed Time=0:00:06
  ICV_Engine run is  45% complete.    Elapsed Time=0:00:06
  ICV_Engine run is  50% complete.    Elapsed Time=0:00:06
  ICV_Engine run is  55% complete.    Elapsed Time=0:00:06
  ICV_Engine run is  60% complete.    Elapsed Time=0:00:06
  ICV_Engine run is  65% complete.    Elapsed Time=0:00:07
  ICV_Engine run is  70% complete.    Elapsed Time=0:00:07
  ICV_Engine run is  75% complete.    Elapsed Time=0:00:07
  ICV_Engine run is  80% complete.    Elapsed Time=0:00:07
  ICV_Engine run is  85% complete.    Elapsed Time=0:00:07
  ICV_Engine run is  90% complete.    Elapsed Time=0:00:08
  ICV_Engine run is  95% complete.    Elapsed Time=0:00:08
  ICV_Engine run is 100% complete.    Elapsed Time=0:00:09

Completing error storage...
  Overall error storage time: User=0.15 Sys=0.21 Mem=17.423

Generating radiation_sensor_digital_top.TOP_LAYOUT_ERRORS...
  Generation Time=0:00:00  User=0.01 Sys=0.00 Mem=3.846

   Check Time=0:00:00  User=0.00 Sys=0.00 Mem=4.469

-------------

IC Validator Run: Time=0:00:13

IC Validator Machine Memory Report
micro0.fi.uba.ar : Average = 3.34(Mb), Peak = 121(Mb)

Overall Disk Usage Disk=13.074
Overall engine Time=0:00:13 Highest command Mem=74.271 

Overall Master Mem=446.176
IC Validator is done.
